<?xml version="1.0" encoding="UTF-8"?>
<!-- Generated by org.testng.reporters.JUnitReportReporter -->
<testsuite hostname="Admins-MacBook-Air-4.local" failures="0" tests="4" name="test.KFChannelAPISmokeTest" time="41.856" errors="0" timestamp="2020-04-06T12:07:28 IST" skipped="0">
  <testcase classname="test.KFChannelAPISmokeTest" name="completeChannelTest" time="35.029"/>
  <testcase classname="test.KFChannelAPISmokeTest" name="AddComment" time="5.544"/>
  <testcase classname="test.KFChannelAPISmokeTest" name="archiveChannel" time="0.643"/>
  <testcase classname="test.KFChannelAPISmokeTest" name="DelChannel" time="0.640"/>
</testsuite> <!-- test.KFChannelAPISmokeTest -->
