<?xml version="1.0" encoding="UTF-8"?>
<!-- Generated by org.testng.reporters.JUnitReportReporter -->
<testsuite hostname="Admins-MacBook-Air-4.local" failures="10" tests="21" name="test.KFProcessAPISmokeTest" time="189.299" errors="1" timestamp="2020-04-06T12:07:28 IST" skipped="0">
  <testcase classname="test.KFProcessAPISmokeTest" name="completeProcessTest" time="146.840">
    <error message="no such element: Unable to locate element: {&quot;method&quot;:&quot;xpath&quot;,&quot;selector&quot;:&quot;//div[text() =&#039;Request for SmokeProcess&#039;]&quot;}
  (Session info: chrome=80.0.3987.149)
For documentation on this error, please visit: http://seleniumhq.org/exceptions/no_such_element.html
Build info: version: &#039;3.14.0&#039;, revision: &#039;aacccce0&#039;, time: &#039;2018-08-02T20:19:58.91Z&#039;
System info: host: &#039;Admins-MacBook-Air-4.local&#039;, ip: &#039;fe80:0:0:0:1c58:7519:f3f1:93bf%en0&#039;, os.name: &#039;Mac OS X&#039;, os.arch: &#039;x86_64&#039;, os.version: &#039;10.15.3&#039;, java.version: &#039;11.0.5&#039;
Driver info: org.openqa.selenium.chrome.ChromeDriver
Capabilities {acceptInsecureCerts: false, browserName: chrome, browserVersion: 80.0.3987.149, chrome: {chromedriverVersion: 79.0.3945.36 (3582db32b3389..., userDataDir: /var/folders/4l/ct0ys2kj2h7...}, goog:chromeOptions: {debuggerAddress: localhost:49368}, javascriptEnabled: true, networkConnectionEnabled: false, pageLoadStrategy: normal, platform: MAC, platformName: MAC, proxy: Proxy(), setWindowRect: true, strictFileInteractability: false, timeouts: {implicit: 0, pageLoad: 300000, script: 30000}, unhandledPromptBehavior: dismiss and notify}
Session ID: 3f040bfe80d1be76b05c72a7b7f32aa6
*** Element info: {Using=xpath, value=//div[text() =&#039;Request for SmokeProcess&#039;]}" type="org.openqa.selenium.NoSuchElementException">
      <![CDATA[org.openqa.selenium.NoSuchElementException: no such element: Unable to locate element: {"method":"xpath","selector":"//div[text() ='Request for SmokeProcess']"}
  (Session info: chrome=80.0.3987.149)
For documentation on this error, please visit: http://seleniumhq.org/exceptions/no_such_element.html
Build info: version: '3.14.0', revision: 'aacccce0', time: '2018-08-02T20:19:58.91Z'
System info: host: 'Admins-MacBook-Air-4.local', ip: 'fe80:0:0:0:1c58:7519:f3f1:93bf%en0', os.name: 'Mac OS X', os.arch: 'x86_64', os.version: '10.15.3', java.version: '11.0.5'
Driver info: org.openqa.selenium.chrome.ChromeDriver
Capabilities {acceptInsecureCerts: false, browserName: chrome, browserVersion: 80.0.3987.149, chrome: {chromedriverVersion: 79.0.3945.36 (3582db32b3389..., userDataDir: /var/folders/4l/ct0ys2kj2h7...}, goog:chromeOptions: {debuggerAddress: localhost:49368}, javascriptEnabled: true, networkConnectionEnabled: false, pageLoadStrategy: normal, platform: MAC, platformName: MAC, proxy: Proxy(), setWindowRect: true, strictFileInteractability: false, timeouts: {implicit: 0, pageLoad: 300000, script: 30000}, unhandledPromptBehavior: dismiss and notify}
Session ID: 3f040bfe80d1be76b05c72a7b7f32aa6
*** Element info: {Using=xpath, value=//div[text() ='Request for SmokeProcess']}
at java.base/jdk.internal.reflect.NativeConstructorAccessorImpl.newInstance0(Native Method)
at java.base/jdk.internal.reflect.NativeConstructorAccessorImpl.newInstance(NativeConstructorAccessorImpl.java:62)
at java.base/jdk.internal.reflect.DelegatingConstructorAccessorImpl.newInstance(DelegatingConstructorAccessorImpl.java:45)
at java.base/java.lang.reflect.Constructor.newInstance(Constructor.java:490)
at org.openqa.selenium.remote.http.W3CHttpResponseCodec.createException(W3CHttpResponseCodec.java:187)
at org.openqa.selenium.remote.http.W3CHttpResponseCodec.decode(W3CHttpResponseCodec.java:122)
at org.openqa.selenium.remote.http.W3CHttpResponseCodec.decode(W3CHttpResponseCodec.java:49)
at org.openqa.selenium.remote.HttpCommandExecutor.execute(HttpCommandExecutor.java:158)
at org.openqa.selenium.remote.service.DriverCommandExecutor.execute(DriverCommandExecutor.java:83)
at org.openqa.selenium.remote.RemoteWebDriver.execute(RemoteWebDriver.java:548)
at org.openqa.selenium.remote.RemoteWebDriver.findElement(RemoteWebDriver.java:322)
at org.openqa.selenium.remote.RemoteWebDriver.findElementByXPath(RemoteWebDriver.java:424)
at org.openqa.selenium.By$ByXPath.findElement(By.java:353)
at org.openqa.selenium.remote.RemoteWebDriver.findElement(RemoteWebDriver.java:314)
at jdk.internal.reflect.GeneratedMethodAccessor1.invoke(Unknown Source)
at java.base/jdk.internal.reflect.DelegatingMethodAccessorImpl.invoke(DelegatingMethodAccessorImpl.java:43)
at java.base/java.lang.reflect.Method.invoke(Method.java:566)
at org.openqa.selenium.support.events.EventFiringWebDriver.lambda$new$1(EventFiringWebDriver.java:105)
at com.sun.proxy.$Proxy18.findElement(Unknown Source)
at org.openqa.selenium.support.events.EventFiringWebDriver.findElement(EventFiringWebDriver.java:194)
at org.kissflow.qa.process.ProcessHomePage.openMyItemProcess(ProcessHomePage.java:96)
at test.KFProcessAPISmokeTest.completeProcessTest(KFProcessAPISmokeTest.java:326)
at java.base/jdk.internal.reflect.NativeMethodAccessorImpl.invoke0(Native Method)
at java.base/jdk.internal.reflect.NativeMethodAccessorImpl.invoke(NativeMethodAccessorImpl.java:62)
at java.base/jdk.internal.reflect.DelegatingMethodAccessorImpl.invoke(DelegatingMethodAccessorImpl.java:43)
at java.base/java.lang.reflect.Method.invoke(Method.java:566)
at org.testng.internal.MethodInvocationHelper.invokeMethod(MethodInvocationHelper.java:133)
at org.testng.internal.TestInvoker.invokeMethod(TestInvoker.java:584)
at org.testng.internal.TestInvoker.invokeTestMethod(TestInvoker.java:172)
at org.testng.internal.MethodRunner.runInSequence(MethodRunner.java:46)
at org.testng.internal.TestInvoker$MethodInvocationAgent.invoke(TestInvoker.java:804)
at org.testng.internal.TestInvoker.invokeTestMethods(TestInvoker.java:145)
at org.testng.internal.TestMethodWorker.invokeTestMethods(TestMethodWorker.java:146)
at org.testng.internal.TestMethodWorker.run(TestMethodWorker.java:128)
at java.base/java.util.ArrayList.forEach(ArrayList.java:1540)
at org.testng.TestRunner.privateRun(TestRunner.java:770)
at org.testng.TestRunner.run(TestRunner.java:591)
at org.testng.SuiteRunner.runTest(SuiteRunner.java:402)
at org.testng.SuiteRunner.runSequentially(SuiteRunner.java:396)
at org.testng.SuiteRunner.privateRun(SuiteRunner.java:355)
at org.testng.SuiteRunner.run(SuiteRunner.java:304)
at org.testng.SuiteRunnerWorker.runSuite(SuiteRunnerWorker.java:53)
at org.testng.SuiteRunnerWorker.run(SuiteRunnerWorker.java:96)
at org.testng.TestNG.runSuitesSequentially(TestNG.java:1180)
at org.testng.TestNG.runSuitesLocally(TestNG.java:1102)
at org.testng.TestNG.runSuites(TestNG.java:1032)
at org.testng.TestNG.run(TestNG.java:1000)
at org.testng.remote.AbstractRemoteTestNG.run(AbstractRemoteTestNG.java:115)
at org.testng.remote.RemoteTestNG.initAndRun(RemoteTestNG.java:251)
at org.testng.remote.RemoteTestNG.main(RemoteTestNG.java:77)
]]>
    </error>
  </testcase> <!-- completeProcessTest -->
  <testcase classname="test.KFProcessAPISmokeTest" name="getProcessItemList" time="9.861">
    <failure message="1 expectation failed.
Response body doesn&#039;t match expectation.
Expected: The content to match the given JSON schema.
warning: the following keywords are unknown and will be ignored: [$id]
    level: &quot;warning&quot;
    schema: {&quot;loadingURI&quot;:&quot;file:/Users/anuradharaman/eclipse-workspace/Anu/KFAPITestAutomation/target/test-classes/getProcessItemList.json#&quot;,&quot;pointer&quot;:&quot;&quot;}
    domain: &quot;syntax&quot;
    ignored: [&quot;$id&quot;]
warning: the following keywords are unknown and will be ignored: [$id]
    level: &quot;warning&quot;
    schema: {&quot;loadingURI&quot;:&quot;file:/Users/anuradharaman/eclipse-workspace/Anu/KFAPITestAutomation/target/test-classes/getProcessItemList.json#&quot;,&quot;pointer&quot;:&quot;/properties/Aggregation&quot;}
    domain: &quot;syntax&quot;
    ignored: [&quot;$id&quot;]
warning: the following keywords are unknown and will be ignored: [$id]
    level: &quot;warning&quot;
    schema: {&quot;loadingURI&quot;:&quot;file:/Users/anuradharaman/eclipse-workspace/Anu/KFAPITestAutomation/target/test-classes/getProcessItemList.json#&quot;,&quot;pointer&quot;:&quot;/properties/Aggregation/properties/Name&quot;}
    domain: &quot;syntax&quot;
    ignored: [&quot;$id&quot;]
warning: the following keywords are unknown and will be ignored: [$id, examples]
    level: &quot;warning&quot;
    schema: {&quot;loadingURI&quot;:&quot;file:/Users/anuradharaman/eclipse-workspace/Anu/KFAPITestAutomation/target/test-classes/getProcessItemList.json#&quot;,&quot;pointer&quot;:&quot;/properties/Aggregation/properties/Name/properties/Blank&quot;}
    domain: &quot;syntax&quot;
    ignored: [&quot;$id&quot;,&quot;examples&quot;]
warning: the following keywords are unknown and will be ignored: [$id, examples]
    level: &quot;warning&quot;
    schema: {&quot;loadingURI&quot;:&quot;file:/Users/anuradharaman/eclipse-workspace/Anu/KFAPITestAutomation/target/test-classes/getProcessItemList.json#&quot;,&quot;pointer&quot;:&quot;/properties/Aggregation/properties/Name/properties/Count&quot;}
    domain: &quot;syntax&quot;
    ignored: [&quot;$id&quot;,&quot;examples&quot;]
warning: the following keywords are unknown and will be ignored: [$id, examples]
    level: &quot;warning&quot;
    schema: {&quot;loadingURI&quot;:&quot;file:/Users/anuradharaman/eclipse-workspace/Anu/KFAPITestAutomation/target/test-classes/getProcessItemList.json#&quot;,&quot;pointer&quot;:&quot;/properties/Aggregation/properties/Name/properties/NonBlank&quot;}
    domain: &quot;syntax&quot;
    ignored: [&quot;$id&quot;,&quot;examples&quot;]
warning: the following keywords are unknown and will be ignored: [$id]
    level: &quot;warning&quot;
    schema: {&quot;loadingURI&quot;:&quot;file:/Users/anuradharaman/eclipse-workspace/Anu/KFAPITestAutomation/target/test-classes/getProcessItemList.json#&quot;,&quot;pointer&quot;:&quot;/properties/Aggregation/properties/ThisIsAttach&quot;}
    domain: &quot;syntax&quot;
    ignored: [&quot;$id&quot;]
warning: the following keywords are unknown and will be ignored: [$id, examples]
    level: &quot;warning&quot;
    schema: {&quot;loadingURI&quot;:&quot;file:/Users/anuradharaman/eclipse-workspace/Anu/KFAPITestAutomation/target/test-classes/getProcessItemList.json#&quot;,&quot;pointer&quot;:&quot;/properties/Aggregation/properties/ThisIsAttach/properties/Blank&quot;}
    domain: &quot;syntax&quot;
    ignored: [&quot;$id&quot;,&quot;examples&quot;]
warning: the following keywords are unknown and will be ignored: [$id, examples]
    level: &quot;warning&quot;
    schema: {&quot;loadingURI&quot;:&quot;file:/Users/anuradharaman/eclipse-workspace/Anu/KFAPITestAutomation/target/test-classes/getProcessItemList.json#&quot;,&quot;pointer&quot;:&quot;/properties/Aggregation/properties/ThisIsAttach/properties/Count&quot;}
    domain: &quot;syntax&quot;
    ignored: [&quot;$id&quot;,&quot;examples&quot;]
warning: the following keywords are unknown and will be ignored: [$id, examples]
    level: &quot;warning&quot;
    schema: {&quot;loadingURI&quot;:&quot;file:/Users/anuradharaman/eclipse-workspace/Anu/KFAPITestAutomation/target/test-classes/getProcessItemList.json#&quot;,&quot;pointer&quot;:&quot;/properties/Aggregation/properties/ThisIsAttach/properties/NonBlank&quot;}
    domain: &quot;syntax&quot;
    ignored: [&quot;$id&quot;,&quot;examples&quot;]
warning: the following keywords are unknown and will be ignored: [$id]
    level: &quot;warning&quot;
    schema: {&quot;loadingURI&quot;:&quot;file:/Users/anuradharaman/eclipse-workspace/Anu/KFAPITestAutomation/target/test-classes/getProcessItemList.json#&quot;,&quot;pointer&quot;:&quot;/properties/Aggregation/properties/ThisIsCheckList&quot;}
    domain: &quot;syntax&quot;
    ignored: [&quot;$id&quot;]
warning: the following keywords are unknown and will be ignored: [$id, examples]
    level: &quot;warning&quot;
    schema: {&quot;loadingURI&quot;:&quot;file:/Users/anuradharaman/eclipse-workspace/Anu/KFAPITestAutomation/target/test-classes/getProcessItemList.json#&quot;,&quot;pointer&quot;:&quot;/properties/Aggregation/properties/ThisIsCheckList/properties/Blank&quot;}
    domain: &quot;syntax&quot;
    ignored: [&quot;$id&quot;,&quot;examples&quot;]
warning: the following keywords are unknown and will be ignored: [$id, examples]
    level: &quot;warning&quot;
    schema: {&quot;loadingURI&quot;:&quot;file:/Users/anuradharaman/eclipse-workspace/Anu/KFAPITestAutomation/target/test-classes/getProcessItemList.json#&quot;,&quot;pointer&quot;:&quot;/properties/Aggregation/properties/ThisIsCheckList/properties/Count&quot;}
    domain: &quot;syntax&quot;
    ignored: [&quot;$id&quot;,&quot;examples&quot;]
warning: the following keywords are unknown and will be ignored: [$id, examples]
    level: &quot;warning&quot;
    schema: {&quot;loadingURI&quot;:&quot;file:/Users/anuradharaman/eclipse-workspace/Anu/KFAPITestAutomation/target/test-classes/getProcessItemList.json#&quot;,&quot;pointer&quot;:&quot;/properties/Aggregation/properties/ThisIsCheckList/properties/NonBlank&quot;}
    domain: &quot;syntax&quot;
    ignored: [&quot;$id&quot;,&quot;examples&quot;]
warning: the following keywords are unknown and will be ignored: [$id]
    level: &quot;warning&quot;
    schema: {&quot;loadingURI&quot;:&quot;file:/Users/anuradharaman/eclipse-workspace/Anu/KFAPITestAutomation/target/test-classes/getProcessItemList.json#&quot;,&quot;pointer&quot;:&quot;/properties/Aggregation/properties/ThisIsCurrency&quot;}
    domain: &quot;syntax&quot;
    ignored: [&quot;$id&quot;]
warning: the following keywords are unknown and will be ignored: [$id, examples]
    level: &quot;warning&quot;
    schema: {&quot;loadingURI&quot;:&quot;file:/Users/anuradharaman/eclipse-workspace/Anu/KFAPITestAutomation/target/test-classes/getProcessItemList.json#&quot;,&quot;pointer&quot;:&quot;/properties/Aggregation/properties/ThisIsCurrency/properties/Average&quot;}
    domain: &quot;syntax&quot;
    ignored: [&quot;$id&quot;,&quot;examples&quot;]
warning: the following keywords are unknown and will be ignored: [$id, examples]
    level: &quot;warning&quot;
    schema: {&quot;loadingURI&quot;:&quot;file:/Users/anuradharaman/eclipse-workspace/Anu/KFAPITestAutomation/target/test-classes/getProcessItemList.json#&quot;,&quot;pointer&quot;:&quot;/properties/Aggregation/properties/ThisIsCurrency/properties/Blank&quot;}
    domain: &quot;syntax&quot;
    ignored: [&quot;$id&quot;,&quot;examples&quot;]
warning: the following keywords are unknown and will be ignored: [$id, examples]
    level: &quot;warning&quot;
    schema: {&quot;loadingURI&quot;:&quot;file:/Users/anuradharaman/eclipse-workspace/Anu/KFAPITestAutomation/target/test-classes/getProcessItemList.json#&quot;,&quot;pointer&quot;:&quot;/properties/Aggregation/properties/ThisIsCurrency/properties/Count&quot;}
    domain: &quot;syntax&quot;
    ignored: [&quot;$id&quot;,&quot;examples&quot;]
warning: the following keywords are unknown and will be ignored: [$id, examples]
    level: &quot;warning&quot;
    schema: {&quot;loadingURI&quot;:&quot;file:/Users/anuradharaman/eclipse-workspace/Anu/KFAPITestAutomation/target/test-classes/getProcessItemList.json#&quot;,&quot;pointer&quot;:&quot;/properties/Aggregation/properties/ThisIsCurrency/properties/Max&quot;}
    domain: &quot;syntax&quot;
    ignored: [&quot;$id&quot;,&quot;examples&quot;]
warning: the following keywords are unknown and will be ignored: [$id, examples]
    level: &quot;warning&quot;
    schema: {&quot;loadingURI&quot;:&quot;file:/Users/anuradharaman/eclipse-workspace/Anu/KFAPITestAutomation/target/test-classes/getProcessItemList.json#&quot;,&quot;pointer&quot;:&quot;/properties/Aggregation/properties/ThisIsCurrency/properties/Min&quot;}
    domain: &quot;syntax&quot;
    ignored: [&quot;$id&quot;,&quot;examples&quot;]
warning: the following keywords are unknown and will be ignored: [$id, examples]
    level: &quot;warning&quot;
    schema: {&quot;loadingURI&quot;:&quot;file:/Users/anuradharaman/eclipse-workspace/Anu/KFAPITestAutomation/target/test-classes/getProcessItemList.json#&quot;,&quot;pointer&quot;:&quot;/properties/Aggregation/properties/ThisIsCurrency/properties/NonBlank&quot;}
    domain: &quot;syntax&quot;
    ignored: [&quot;$id&quot;,&quot;examples&quot;]
warning: the following keywords are unknown and will be ignored: [$id, examples]
    level: &quot;warning&quot;
    schema: {&quot;loadingURI&quot;:&quot;file:/Users/anuradharaman/eclipse-workspace/Anu/KFAPITestAutomation/target/test-classes/getProcessItemList.json#&quot;,&quot;pointer&quot;:&quot;/properties/Aggregation/properties/ThisIsCurrency/properties/Sum&quot;}
    domain: &quot;syntax&quot;
    ignored: [&quot;$id&quot;,&quot;examples&quot;]
warning: the following keywords are unknown and will be ignored: [$id]
    level: &quot;warning&quot;
    schema: {&quot;loadingURI&quot;:&quot;file:/Users/anuradharaman/eclipse-workspace/Anu/KFAPITestAutomation/target/test-classes/getProcessItemList.json#&quot;,&quot;pointer&quot;:&quot;/properties/Aggregation/properties/ThisIsDate&quot;}
    domain: &quot;syntax&quot;
    ignored: [&quot;$id&quot;]
warning: the following keywords are unknown and will be ignored: [$id, examples]
    level: &quot;warning&quot;
    schema: {&quot;loadingURI&quot;:&quot;file:/Users/anuradharaman/eclipse-workspace/Anu/KFAPITestAutomation/target/test-classes/getProcessItemList.json#&quot;,&quot;pointer&quot;:&quot;/properties/Aggregation/properties/ThisIsDate/properties/Blank&quot;}
    domain: &quot;syntax&quot;
    ignored: [&quot;$id&quot;,&quot;examples&quot;]
warning: the following keywords are unknown and will be ignored: [$id, examples]
    level: &quot;warning&quot;
    schema: {&quot;loadingURI&quot;:&quot;file:/Users/anuradharaman/eclipse-workspace/Anu/KFAPITestAutomation/target/test-classes/getProcessItemList.json#&quot;,&quot;pointer&quot;:&quot;/properties/Aggregation/properties/ThisIsDate/properties/Count&quot;}
    domain: &quot;syntax&quot;
    ignored: [&quot;$id&quot;,&quot;examples&quot;]
warning: the following keywords are unknown and will be ignored: [$id, examples]
    level: &quot;warning&quot;
    schema: {&quot;loadingURI&quot;:&quot;file:/Users/anuradharaman/eclipse-workspace/Anu/KFAPITestAutomation/target/test-classes/getProcessItemList.json#&quot;,&quot;pointer&quot;:&quot;/properties/Aggregation/properties/ThisIsDate/properties/Max&quot;}
    domain: &quot;syntax&quot;
    ignored: [&quot;$id&quot;,&quot;examples&quot;]
warning: the following keywords are unknown and will be ignored: [$id, examples]
    level: &quot;warning&quot;
    schema: {&quot;loadingURI&quot;:&quot;file:/Users/anuradharaman/eclipse-workspace/Anu/KFAPITestAutomation/target/test-classes/getProcessItemList.json#&quot;,&quot;pointer&quot;:&quot;/properties/Aggregation/properties/ThisIsDate/properties/Min&quot;}
    domain: &quot;syntax&quot;
    ignored: [&quot;$id&quot;,&quot;examples&quot;]
warning: the following keywords are unknown and will be ignored: [$id, examples]
    level: &quot;warning&quot;
    schema: {&quot;loadingURI&quot;:&quot;file:/Users/anuradharaman/eclipse-workspace/Anu/KFAPITestAutomation/target/test-classes/getProcessItemList.json#&quot;,&quot;pointer&quot;:&quot;/properties/Aggregation/properties/ThisIsDate/properties/NonBlank&quot;}
    domain: &quot;syntax&quot;
    ignored: [&quot;$id&quot;,&quot;examples&quot;]
warning: the following keywords are unknown and will be ignored: [$id]
    level: &quot;warning&quot;
    schema: {&quot;loadingURI&quot;:&quot;file:/Users/anuradharaman/eclipse-workspace/Anu/KFAPITestAutomation/target/test-classes/getProcessItemList.json#&quot;,&quot;pointer&quot;:&quot;/properties/Aggregation/properties/ThisIsDateAndTime&quot;}
    domain: &quot;syntax&quot;
    ignored: [&quot;$id&quot;]
warning: the following keywords are unknown and will be ignored: [$id, examples]
    level: &quot;warning&quot;
    schema: {&quot;loadingURI&quot;:&quot;file:/Users/anuradharaman/eclipse-workspace/Anu/KFAPITestAutomation/target/test-classes/getProcessItemList.json#&quot;,&quot;pointer&quot;:&quot;/properties/Aggregation/properties/ThisIsDateAndTime/properties/Blank&quot;}
    domain: &quot;syntax&quot;
    ignored: [&quot;$id&quot;,&quot;examples&quot;]
warning: the following keywords are unknown and will be ignored: [$id, examples]
    level: &quot;warning&quot;
    schema: {&quot;loadingURI&quot;:&quot;file:/Users/anuradharaman/eclipse-workspace/Anu/KFAPITestAutomation/target/test-classes/getProcessItemList.json#&quot;,&quot;pointer&quot;:&quot;/properties/Aggregation/properties/ThisIsDateAndTime/properties/Count&quot;}
    domain: &quot;syntax&quot;
    ignored: [&quot;$id&quot;,&quot;examples&quot;]
warning: the following keywords are unknown and will be ignored: [$id, examples]
    level: &quot;warning&quot;
    schema: {&quot;loadingURI&quot;:&quot;file:/Users/anuradharaman/eclipse-workspace/Anu/KFAPITestAutomation/target/test-classes/getProcessItemList.json#&quot;,&quot;pointer&quot;:&quot;/properties/Aggregation/properties/ThisIsDateAndTime/properties/Max&quot;}
    domain: &quot;syntax&quot;
    ignored: [&quot;$id&quot;,&quot;examples&quot;]
warning: the following keywords are unknown and will be ignored: [$id, examples]
    level: &quot;warning&quot;
    schema: {&quot;loadingURI&quot;:&quot;file:/Users/anuradharaman/eclipse-workspace/Anu/KFAPITestAutomation/target/test-classes/getProcessItemList.json#&quot;,&quot;pointer&quot;:&quot;/properties/Aggregation/properties/ThisIsDateAndTime/properties/Min&quot;}
    domain: &quot;syntax&quot;
    ignored: [&quot;$id&quot;,&quot;examples&quot;]
warning: the following keywords are unknown and will be ignored: [$id, examples]
    level: &quot;warning&quot;
    schema: {&quot;loadingURI&quot;:&quot;file:/Users/anuradharaman/eclipse-workspace/Anu/KFAPITestAutomation/target/test-classes/getProcessItemList.json#&quot;,&quot;pointer&quot;:&quot;/properties/Aggregation/properties/ThisIsDateAndTime/properties/NonBlank&quot;}
    domain: &quot;syntax&quot;
    ignored: [&quot;$id&quot;,&quot;examples&quot;]
warning: the following keywords are unknown and will be ignored: [$id]
    level: &quot;warning&quot;
    schema: {&quot;loadingURI&quot;:&quot;file:/Users/anuradharaman/eclipse-workspace/Anu/KFAPITestAutomation/target/test-classes/getProcessItemList.json#&quot;,&quot;pointer&quot;:&quot;/properties/Aggregation/properties/ThisIsDropdown&quot;}
    domain: &quot;syntax&quot;
    ignored: [&quot;$id&quot;]
warning: the following keywords are unknown and will be ignored: [$id, examples]
    level: &quot;warning&quot;
    schema: {&quot;loadingURI&quot;:&quot;file:/Users/anuradharaman/eclipse-workspace/Anu/KFAPITestAutomation/target/test-classes/getProcessItemList.json#&quot;,&quot;pointer&quot;:&quot;/properties/Aggregation/properties/ThisIsDropdown/properties/Blank&quot;}
    domain: &quot;syntax&quot;
    ignored: [&quot;$id&quot;,&quot;examples&quot;]
warning: the following keywords are unknown and will be ignored: [$id, examples]
    level: &quot;warning&quot;
    schema: {&quot;loadingURI&quot;:&quot;file:/Users/anuradharaman/eclipse-workspace/Anu/KFAPITestAutomation/target/test-classes/getProcessItemList.json#&quot;,&quot;pointer&quot;:&quot;/properties/Aggregation/properties/ThisIsDropdown/properties/Count&quot;}
    domain: &quot;syntax&quot;
    ignored: [&quot;$id&quot;,&quot;examples&quot;]
warning: the following keywords are unknown and will be ignored: [$id, examples]
    level: &quot;warning&quot;
    schema: {&quot;loadingURI&quot;:&quot;file:/Users/anuradharaman/eclipse-workspace/Anu/KFAPITestAutomation/target/test-classes/getProcessItemList.json#&quot;,&quot;pointer&quot;:&quot;/properties/Aggregation/properties/ThisIsDropdown/properties/NonBlank&quot;}
    domain: &quot;syntax&quot;
    ignored: [&quot;$id&quot;,&quot;examples&quot;]
warning: the following keywords are unknown and will be ignored: [$id]
    level: &quot;warning&quot;
    schema: {&quot;loadingURI&quot;:&quot;file:/Users/anuradharaman/eclipse-workspace/Anu/KFAPITestAutomation/target/test-classes/getProcessItemList.json#&quot;,&quot;pointer&quot;:&quot;/properties/Aggregation/properties/ThisIsImage&quot;}
    domain: &quot;syntax&quot;
    ignored: [&quot;$id&quot;]
warning: the following keywords are unknown and will be ignored: [$id, examples]
    level: &quot;warning&quot;
    schema: {&quot;loadingURI&quot;:&quot;file:/Users/anuradharaman/eclipse-workspace/Anu/KFAPITestAutomation/target/test-classes/getProcessItemList.json#&quot;,&quot;pointer&quot;:&quot;/properties/Aggregation/properties/ThisIsImage/properties/Blank&quot;}
    domain: &quot;syntax&quot;
    ignored: [&quot;$id&quot;,&quot;examples&quot;]
warning: the following keywords are unknown and will be ignored: [$id, examples]
    level: &quot;warning&quot;
    schema: {&quot;loadingURI&quot;:&quot;file:/Users/anuradharaman/eclipse-workspace/Anu/KFAPITestAutomation/target/test-classes/getProcessItemList.json#&quot;,&quot;pointer&quot;:&quot;/properties/Aggregation/properties/ThisIsImage/properties/Count&quot;}
    domain: &quot;syntax&quot;
    ignored: [&quot;$id&quot;,&quot;examples&quot;]
warning: the following keywords are unknown and will be ignored: [$id, examples]
    level: &quot;warning&quot;
    schema: {&quot;loadingURI&quot;:&quot;file:/Users/anuradharaman/eclipse-workspace/Anu/KFAPITestAutomation/target/test-classes/getProcessItemList.json#&quot;,&quot;pointer&quot;:&quot;/properties/Aggregation/properties/ThisIsImage/properties/NonBlank&quot;}
    domain: &quot;syntax&quot;
    ignored: [&quot;$id&quot;,&quot;examples&quot;]
warning: the following keywords are unknown and will be ignored: [$id]
    level: &quot;warning&quot;
    schema: {&quot;loadingURI&quot;:&quot;file:/Users/anuradharaman/eclipse-workspace/Anu/KFAPITestAutomation/target/test-classes/getProcessItemList.json#&quot;,&quot;pointer&quot;:&quot;/properties/Aggregation/properties/ThisIsLookup&quot;}
    domain: &quot;syntax&quot;
    ignored: [&quot;$id&quot;]
warning: the following keywords are unknown and will be ignored: [$id, examples]
    level: &quot;warning&quot;
    schema: {&quot;loadingURI&quot;:&quot;file:/Users/anuradharaman/eclipse-workspace/Anu/KFAPITestAutomation/target/test-classes/getProcessItemList.json#&quot;,&quot;pointer&quot;:&quot;/properties/Aggregation/properties/ThisIsLookup/properties/Blank&quot;}
    domain: &quot;syntax&quot;
    ignored: [&quot;$id&quot;,&quot;examples&quot;]
warning: the following keywords are unknown and will be ignored: [$id, examples]
    level: &quot;warning&quot;
    schema: {&quot;loadingURI&quot;:&quot;file:/Users/anuradharaman/eclipse-workspace/Anu/KFAPITestAutomation/target/test-classes/getProcessItemList.json#&quot;,&quot;pointer&quot;:&quot;/properties/Aggregation/properties/ThisIsLookup/properties/Count&quot;}
    domain: &quot;syntax&quot;
    ignored: [&quot;$id&quot;,&quot;examples&quot;]
warning: the following keywords are unknown and will be ignored: [$id, examples]
    level: &quot;warning&quot;
    schema: {&quot;loadingURI&quot;:&quot;file:/Users/anuradharaman/eclipse-workspace/Anu/KFAPITestAutomation/target/test-classes/getProcessItemList.json#&quot;,&quot;pointer&quot;:&quot;/properties/Aggregation/properties/ThisIsLookup/properties/NonBlank&quot;}
    domain: &quot;syntax&quot;
    ignored: [&quot;$id&quot;,&quot;examples&quot;]
warning: the following keywords are unknown and will be ignored: [$id]
    level: &quot;warning&quot;
    schema: {&quot;loadingURI&quot;:&quot;file:/Users/anuradharaman/eclipse-workspace/Anu/KFAPITestAutomation/target/test-classes/getProcessItemList.json#&quot;,&quot;pointer&quot;:&quot;/properties/Aggregation/properties/ThisIsNum&quot;}
    domain: &quot;syntax&quot;
    ignored: [&quot;$id&quot;]
warning: the following keywords are unknown and will be ignored: [$id, examples]
    level: &quot;warning&quot;
    schema: {&quot;loadingURI&quot;:&quot;file:/Users/anuradharaman/eclipse-workspace/Anu/KFAPITestAutomation/target/test-classes/getProcessItemList.json#&quot;,&quot;pointer&quot;:&quot;/properties/Aggregation/properties/ThisIsNum/properties/Average&quot;}
    domain: &quot;syntax&quot;
    ignored: [&quot;$id&quot;,&quot;examples&quot;]
warning: the following keywords are unknown and will be ignored: [$id, examples]
    level: &quot;warning&quot;
    schema: {&quot;loadingURI&quot;:&quot;file:/Users/anuradharaman/eclipse-workspace/Anu/KFAPITestAutomation/target/test-classes/getProcessItemList.json#&quot;,&quot;pointer&quot;:&quot;/properties/Aggregation/properties/ThisIsNum/properties/Blank&quot;}
    domain: &quot;syntax&quot;
    ignored: [&quot;$id&quot;,&quot;examples&quot;]
warning: the following keywords are unknown and will be ignored: [$id, examples]
    level: &quot;warning&quot;
    schema: {&quot;loadingURI&quot;:&quot;file:/Users/anuradharaman/eclipse-workspace/Anu/KFAPITestAutomation/target/test-classes/getProcessItemList.json#&quot;,&quot;pointer&quot;:&quot;/properties/Aggregation/properties/ThisIsNum/properties/Count&quot;}
    domain: &quot;syntax&quot;
    ignored: [&quot;$id&quot;,&quot;examples&quot;]
warning: the following keywords are unknown and will be ignored: [$id, examples]
    level: &quot;warning&quot;
    schema: {&quot;loadingURI&quot;:&quot;file:/Users/anuradharaman/eclipse-workspace/Anu/KFAPITestAutomation/target/test-classes/getProcessItemList.json#&quot;,&quot;pointer&quot;:&quot;/properties/Aggregation/properties/ThisIsNum/properties/Max&quot;}
    domain: &quot;syntax&quot;
    ignored: [&quot;$id&quot;,&quot;examples&quot;]
warning: the following keywords are unknown and will be ignored: [$id, examples]
    level: &quot;warning&quot;
    schema: {&quot;loadingURI&quot;:&quot;file:/Users/anuradharaman/eclipse-workspace/Anu/KFAPITestAutomation/target/test-classes/getProcessItemList.json#&quot;,&quot;pointer&quot;:&quot;/properties/Aggregation/properties/ThisIsNum/properties/Min&quot;}
    domain: &quot;syntax&quot;
    ignored: [&quot;$id&quot;,&quot;examples&quot;]
warning: the following keywords are unknown and will be ignored: [$id, examples]
    level: &quot;warning&quot;
    schema: {&quot;loadingURI&quot;:&quot;file:/Users/anuradharaman/eclipse-workspace/Anu/KFAPITestAutomation/target/test-classes/getProcessItemList.json#&quot;,&quot;pointer&quot;:&quot;/properties/Aggregation/properties/ThisIsNum/properties/NonBlank&quot;}
    domain: &quot;syntax&quot;
    ignored: [&quot;$id&quot;,&quot;examples&quot;]
warning: the following keywords are unknown and will be ignored: [$id, examples]
    level: &quot;warning&quot;
    schema: {&quot;loadingURI&quot;:&quot;file:/Users/anuradharaman/eclipse-workspace/Anu/KFAPITestAutomation/target/test-classes/getProcessItemList.json#&quot;,&quot;pointer&quot;:&quot;/properties/Aggregation/properties/ThisIsNum/properties/Sum&quot;}
    domain: &quot;syntax&quot;
    ignored: [&quot;$id&quot;,&quot;examples&quot;]
warning: the following keywords are unknown and will be ignored: [$id]
    level: &quot;warning&quot;
    schema: {&quot;loadingURI&quot;:&quot;file:/Users/anuradharaman/eclipse-workspace/Anu/KFAPITestAutomation/target/test-classes/getProcessItemList.json#&quot;,&quot;pointer&quot;:&quot;/properties/Aggregation/properties/ThisIsRating&quot;}
    domain: &quot;syntax&quot;
    ignored: [&quot;$id&quot;]
warning: the following keywords are unknown and will be ignored: [$id, examples]
    level: &quot;warning&quot;
    schema: {&quot;loadingURI&quot;:&quot;file:/Users/anuradharaman/eclipse-workspace/Anu/KFAPITestAutomation/target/test-classes/getProcessItemList.json#&quot;,&quot;pointer&quot;:&quot;/properties/Aggregation/properties/ThisIsRating/properties/Average&quot;}
    domain: &quot;syntax&quot;
    ignored: [&quot;$id&quot;,&quot;examples&quot;]
warning: the following keywords are unknown and will be ignored: [$id, examples]
    level: &quot;warning&quot;
    schema: {&quot;loadingURI&quot;:&quot;file:/Users/anuradharaman/eclipse-workspace/Anu/KFAPITestAutomation/target/test-classes/getProcessItemList.json#&quot;,&quot;pointer&quot;:&quot;/properties/Aggregation/properties/ThisIsRating/properties/Blank&quot;}
    domain: &quot;syntax&quot;
    ignored: [&quot;$id&quot;,&quot;examples&quot;]
warning: the following keywords are unknown and will be ignored: [$id, examples]
    level: &quot;warning&quot;
    schema: {&quot;loadingURI&quot;:&quot;file:/Users/anuradharaman/eclipse-workspace/Anu/KFAPITestAutomation/target/test-classes/getProcessItemList.json#&quot;,&quot;pointer&quot;:&quot;/properties/Aggregation/properties/ThisIsRating/properties/Count&quot;}
    domain: &quot;syntax&quot;
    ignored: [&quot;$id&quot;,&quot;examples&quot;]
warning: the following keywords are unknown and will be ignored: [$id, examples]
    level: &quot;warning&quot;
    schema: {&quot;loadingURI&quot;:&quot;file:/Users/anuradharaman/eclipse-workspace/Anu/KFAPITestAutomation/target/test-classes/getProcessItemList.json#&quot;,&quot;pointer&quot;:&quot;/properties/Aggregation/properties/ThisIsRating/properties/Max&quot;}
    domain: &quot;syntax&quot;
    ignored: [&quot;$id&quot;,&quot;examples&quot;]
warning: the following keywords are unknown and will be ignored: [$id, examples]
    level: &quot;warning&quot;
    schema: {&quot;loadingURI&quot;:&quot;file:/Users/anuradharaman/eclipse-workspace/Anu/KFAPITestAutomation/target/test-classes/getProcessItemList.json#&quot;,&quot;pointer&quot;:&quot;/properties/Aggregation/properties/ThisIsRating/properties/Min&quot;}
    domain: &quot;syntax&quot;
    ignored: [&quot;$id&quot;,&quot;examples&quot;]
warning: the following keywords are unknown and will be ignored: [$id, examples]
    level: &quot;warning&quot;
    schema: {&quot;loadingURI&quot;:&quot;file:/Users/anuradharaman/eclipse-workspace/Anu/KFAPITestAutomation/target/test-classes/getProcessItemList.json#&quot;,&quot;pointer&quot;:&quot;/properties/Aggregation/properties/ThisIsRating/properties/NonBlank&quot;}
    domain: &quot;syntax&quot;
    ignored: [&quot;$id&quot;,&quot;examples&quot;]
warning: the following keywords are unknown and will be ignored: [$id, examples]
    level: &quot;warning&quot;
    schema: {&quot;loadingURI&quot;:&quot;file:/Users/anuradharaman/eclipse-workspace/Anu/KFAPITestAutomation/target/test-classes/getProcessItemList.json#&quot;,&quot;pointer&quot;:&quot;/properties/Aggregation/properties/ThisIsRating/properties/Sum&quot;}
    domain: &quot;syntax&quot;
    ignored: [&quot;$id&quot;,&quot;examples&quot;]
warning: the following keywords are unknown and will be ignored: [$id]
    level: &quot;warning&quot;
    schema: {&quot;loadingURI&quot;:&quot;file:/Users/anuradharaman/eclipse-workspace/Anu/KFAPITestAutomation/target/test-classes/getProcessItemList.json#&quot;,&quot;pointer&quot;:&quot;/properties/Aggregation/properties/ThisIsRemoteLookup&quot;}
    domain: &quot;syntax&quot;
    ignored: [&quot;$id&quot;]
warning: the following keywords are unknown and will be ignored: [$id, examples]
    level: &quot;warning&quot;
    schema: {&quot;loadingURI&quot;:&quot;file:/Users/anuradharaman/eclipse-workspace/Anu/KFAPITestAutomation/target/test-classes/getProcessItemList.json#&quot;,&quot;pointer&quot;:&quot;/properties/Aggregation/properties/ThisIsRemoteLookup/properties/Blank&quot;}
    domain: &quot;syntax&quot;
    ignored: [&quot;$id&quot;,&quot;examples&quot;]
warning: the following keywords are unknown and will be ignored: [$id, examples]
    level: &quot;warning&quot;
    schema: {&quot;loadingURI&quot;:&quot;file:/Users/anuradharaman/eclipse-workspace/Anu/KFAPITestAutomation/target/test-classes/getProcessItemList.json#&quot;,&quot;pointer&quot;:&quot;/properties/Aggregation/properties/ThisIsRemoteLookup/properties/Count&quot;}
    domain: &quot;syntax&quot;
    ignored: [&quot;$id&quot;,&quot;examples&quot;]
warning: the following keywords are unknown and will be ignored: [$id, examples]
    level: &quot;warning&quot;
    schema: {&quot;loadingURI&quot;:&quot;file:/Users/anuradharaman/eclipse-workspace/Anu/KFAPITestAutomation/target/test-classes/getProcessItemList.json#&quot;,&quot;pointer&quot;:&quot;/properties/Aggregation/properties/ThisIsRemoteLookup/properties/NonBlank&quot;}
    domain: &quot;syntax&quot;
    ignored: [&quot;$id&quot;,&quot;examples&quot;]
warning: the following keywords are unknown and will be ignored: [$id]
    level: &quot;warning&quot;
    schema: {&quot;loadingURI&quot;:&quot;file:/Users/anuradharaman/eclipse-workspace/Anu/KFAPITestAutomation/target/test-classes/getProcessItemList.json#&quot;,&quot;pointer&quot;:&quot;/properties/Aggregation/properties/ThisIsSign&quot;}
    domain: &quot;syntax&quot;
    ignored: [&quot;$id&quot;]
warning: the following keywords are unknown and will be ignored: [$id, examples]
    level: &quot;warning&quot;
    schema: {&quot;loadingURI&quot;:&quot;file:/Users/anuradharaman/eclipse-workspace/Anu/KFAPITestAutomation/target/test-classes/getProcessItemList.json#&quot;,&quot;pointer&quot;:&quot;/properties/Aggregation/properties/ThisIsSign/properties/Blank&quot;}
    domain: &quot;syntax&quot;
    ignored: [&quot;$id&quot;,&quot;examples&quot;]
warning: the following keywords are unknown and will be ignored: [$id, examples]
    level: &quot;warning&quot;
    schema: {&quot;loadingURI&quot;:&quot;file:/Users/anuradharaman/eclipse-workspace/Anu/KFAPITestAutomation/target/test-classes/getProcessItemList.json#&quot;,&quot;pointer&quot;:&quot;/properties/Aggregation/properties/ThisIsSign/properties/Count&quot;}
    domain: &quot;syntax&quot;
    ignored: [&quot;$id&quot;,&quot;examples&quot;]
warning: the following keywords are unknown and will be ignored: [$id, examples]
    level: &quot;warning&quot;
    schema: {&quot;loadingURI&quot;:&quot;file:/Users/anuradharaman/eclipse-workspace/Anu/KFAPITestAutomation/target/test-classes/getProcessItemList.json#&quot;,&quot;pointer&quot;:&quot;/properties/Aggregation/properties/ThisIsSign/properties/NonBlank&quot;}
    domain: &quot;syntax&quot;
    ignored: [&quot;$id&quot;,&quot;examples&quot;]
warning: the following keywords are unknown and will be ignored: [$id]
    level: &quot;warning&quot;
    schema: {&quot;loadingURI&quot;:&quot;file:/Users/anuradharaman/eclipse-workspace/Anu/KFAPITestAutomation/target/test-classes/getProcessItemList.json#&quot;,&quot;pointer&quot;:&quot;/properties/Aggregation/properties/ThisIsSlider&quot;}
    domain: &quot;syntax&quot;
    ignored: [&quot;$id&quot;]
warning: the following keywords are unknown and will be ignored: [$id, examples]
    level: &quot;warning&quot;
    schema: {&quot;loadingURI&quot;:&quot;file:/Users/anuradharaman/eclipse-workspace/Anu/KFAPITestAutomation/target/test-classes/getProcessItemList.json#&quot;,&quot;pointer&quot;:&quot;/properties/Aggregation/properties/ThisIsSlider/properties/Average&quot;}
    domain: &quot;syntax&quot;
    ignored: [&quot;$id&quot;,&quot;examples&quot;]
warning: the following keywords are unknown and will be ignored: [$id, examples]
    level: &quot;warning&quot;
    schema: {&quot;loadingURI&quot;:&quot;file:/Users/anuradharaman/eclipse-workspace/Anu/KFAPITestAutomation/target/test-classes/getProcessItemList.json#&quot;,&quot;pointer&quot;:&quot;/properties/Aggregation/properties/ThisIsSlider/properties/Blank&quot;}
    domain: &quot;syntax&quot;
    ignored: [&quot;$id&quot;,&quot;examples&quot;]
warning: the following keywords are unknown and will be ignored: [$id, examples]
    level: &quot;warning&quot;
    schema: {&quot;loadingURI&quot;:&quot;file:/Users/anuradharaman/eclipse-workspace/Anu/KFAPITestAutomation/target/test-classes/getProcessItemList.json#&quot;,&quot;pointer&quot;:&quot;/properties/Aggregation/properties/ThisIsSlider/properties/Count&quot;}
    domain: &quot;syntax&quot;
    ignored: [&quot;$id&quot;,&quot;examples&quot;]
warning: the following keywords are unknown and will be ignored: [$id, examples]
    level: &quot;warning&quot;
    schema: {&quot;loadingURI&quot;:&quot;file:/Users/anuradharaman/eclipse-workspace/Anu/KFAPITestAutomation/target/test-classes/getProcessItemList.json#&quot;,&quot;pointer&quot;:&quot;/properties/Aggregation/properties/ThisIsSlider/properties/Max&quot;}
    domain: &quot;syntax&quot;
    ignored: [&quot;$id&quot;,&quot;examples&quot;]
warning: the following keywords are unknown and will be ignored: [$id, examples]
    level: &quot;warning&quot;
    schema: {&quot;loadingURI&quot;:&quot;file:/Users/anuradharaman/eclipse-workspace/Anu/KFAPITestAutomation/target/test-classes/getProcessItemList.json#&quot;,&quot;pointer&quot;:&quot;/properties/Aggregation/properties/ThisIsSlider/properties/Min&quot;}
    domain: &quot;syntax&quot;
    ignored: [&quot;$id&quot;,&quot;examples&quot;]
warning: the following keywords are unknown and will be ignored: [$id, examples]
    level: &quot;warning&quot;
    schema: {&quot;loadingURI&quot;:&quot;file:/Users/anuradharaman/eclipse-workspace/Anu/KFAPITestAutomation/target/test-classes/getProcessItemList.json#&quot;,&quot;pointer&quot;:&quot;/properties/Aggregation/properties/ThisIsSlider/properties/NonBlank&quot;}
    domain: &quot;syntax&quot;
    ignored: [&quot;$id&quot;,&quot;examples&quot;]
warning: the following keywords are unknown and will be ignored: [$id, examples]
    level: &quot;warning&quot;
    schema: {&quot;loadingURI&quot;:&quot;file:/Users/anuradharaman/eclipse-workspace/Anu/KFAPITestAutomation/target/test-classes/getProcessItemList.json#&quot;,&quot;pointer&quot;:&quot;/properties/Aggregation/properties/ThisIsSlider/properties/Sum&quot;}
    domain: &quot;syntax&quot;
    ignored: [&quot;$id&quot;,&quot;examples&quot;]
warning: the following keywords are unknown and will be ignored: [$id]
    level: &quot;warning&quot;
    schema: {&quot;loadingURI&quot;:&quot;file:/Users/anuradharaman/eclipse-workspace/Anu/KFAPITestAutomation/target/test-classes/getProcessItemList.json#&quot;,&quot;pointer&quot;:&quot;/properties/Aggregation/properties/ThisIsText&quot;}
    domain: &quot;syntax&quot;
    ignored: [&quot;$id&quot;]
warning: the following keywords are unknown and will be ignored: [$id, examples]
    level: &quot;warning&quot;
    schema: {&quot;loadingURI&quot;:&quot;file:/Users/anuradharaman/eclipse-workspace/Anu/KFAPITestAutomation/target/test-classes/getProcessItemList.json#&quot;,&quot;pointer&quot;:&quot;/properties/Aggregation/properties/ThisIsText/properties/Blank&quot;}
    domain: &quot;syntax&quot;
    ignored: [&quot;$id&quot;,&quot;examples&quot;]
warning: the following keywords are unknown and will be ignored: [$id, examples]
    level: &quot;warning&quot;
    schema: {&quot;loadingURI&quot;:&quot;file:/Users/anuradharaman/eclipse-workspace/Anu/KFAPITestAutomation/target/test-classes/getProcessItemList.json#&quot;,&quot;pointer&quot;:&quot;/properties/Aggregation/properties/ThisIsText/properties/Count&quot;}
    domain: &quot;syntax&quot;
    ignored: [&quot;$id&quot;,&quot;examples&quot;]
warning: the following keywords are unknown and will be ignored: [$id, examples]
    level: &quot;warning&quot;
    schema: {&quot;loadingURI&quot;:&quot;file:/Users/anuradharaman/eclipse-workspace/Anu/KFAPITestAutomation/target/test-classes/getProcessItemList.json#&quot;,&quot;pointer&quot;:&quot;/properties/Aggregation/properties/ThisIsText/properties/NonBlank&quot;}
    domain: &quot;syntax&quot;
    ignored: [&quot;$id&quot;,&quot;examples&quot;]
warning: the following keywords are unknown and will be ignored: [$id]
    level: &quot;warning&quot;
    schema: {&quot;loadingURI&quot;:&quot;file:/Users/anuradharaman/eclipse-workspace/Anu/KFAPITestAutomation/target/test-classes/getProcessItemList.json#&quot;,&quot;pointer&quot;:&quot;/properties/Aggregation/properties/ThisIsTextArea&quot;}
    domain: &quot;syntax&quot;
    ignored: [&quot;$id&quot;]
warning: the following keywords are unknown and will be ignored: [$id, examples]
    level: &quot;warning&quot;
    schema: {&quot;loadingURI&quot;:&quot;file:/Users/anuradharaman/eclipse-workspace/Anu/KFAPITestAutomation/target/test-classes/getProcessItemList.json#&quot;,&quot;pointer&quot;:&quot;/properties/Aggregation/properties/ThisIsTextArea/properties/Blank&quot;}
    domain: &quot;syntax&quot;
    ignored: [&quot;$id&quot;,&quot;examples&quot;]
warning: the following keywords are unknown and will be ignored: [$id, examples]
    level: &quot;warning&quot;
    schema: {&quot;loadingURI&quot;:&quot;file:/Users/anuradharaman/eclipse-workspace/Anu/KFAPITestAutomation/target/test-classes/getProcessItemList.json#&quot;,&quot;pointer&quot;:&quot;/properties/Aggregation/properties/ThisIsTextArea/properties/Count&quot;}
    domain: &quot;syntax&quot;
    ignored: [&quot;$id&quot;,&quot;examples&quot;]
warning: the following keywords are unknown and will be ignored: [$id, examples]
    level: &quot;warning&quot;
    schema: {&quot;loadingURI&quot;:&quot;file:/Users/anuradharaman/eclipse-workspace/Anu/KFAPITestAutomation/target/test-classes/getProcessItemList.json#&quot;,&quot;pointer&quot;:&quot;/properties/Aggregation/properties/ThisIsTextArea/properties/NonBlank&quot;}
    domain: &quot;syntax&quot;
    ignored: [&quot;$id&quot;,&quot;examples&quot;]
warning: the following keywords are unknown and will be ignored: [$id]
    level: &quot;warning&quot;
    schema: {&quot;loadingURI&quot;:&quot;file:/Users/anuradharaman/eclipse-workspace/Anu/KFAPITestAutomation/target/test-classes/getProcessItemList.json#&quot;,&quot;pointer&quot;:&quot;/properties/Aggregation/properties/ThisIsUser&quot;}
    domain: &quot;syntax&quot;
    ignored: [&quot;$id&quot;]
warning: the following keywords are unknown and will be ignored: [$id, examples]
    level: &quot;warning&quot;
    schema: {&quot;loadingURI&quot;:&quot;file:/Users/anuradharaman/eclipse-workspace/Anu/KFAPITestAutomation/target/test-classes/getProcessItemList.json#&quot;,&quot;pointer&quot;:&quot;/properties/Aggregation/properties/ThisIsUser/properties/Blank&quot;}
    domain: &quot;syntax&quot;
    ignored: [&quot;$id&quot;,&quot;examples&quot;]
warning: the following keywords are unknown and will be ignored: [$id, examples]
    level: &quot;warning&quot;
    schema: {&quot;loadingURI&quot;:&quot;file:/Users/anuradharaman/eclipse-workspace/Anu/KFAPITestAutomation/target/test-classes/getProcessItemList.json#&quot;,&quot;pointer&quot;:&quot;/properties/Aggregation/properties/ThisIsUser/properties/Count&quot;}
    domain: &quot;syntax&quot;
    ignored: [&quot;$id&quot;,&quot;examples&quot;]
warning: the following keywords are unknown and will be ignored: [$id, examples]
    level: &quot;warning&quot;
    schema: {&quot;loadingURI&quot;:&quot;file:/Users/anuradharaman/eclipse-workspace/Anu/KFAPITestAutomation/target/test-classes/getProcessItemList.json#&quot;,&quot;pointer&quot;:&quot;/properties/Aggregation/properties/ThisIsUser/properties/NonBlank&quot;}
    domain: &quot;syntax&quot;
    ignored: [&quot;$id&quot;,&quot;examples&quot;]
warning: the following keywords are unknown and will be ignored: [$id]
    level: &quot;warning&quot;
    schema: {&quot;loadingURI&quot;:&quot;file:/Users/anuradharaman/eclipse-workspace/Anu/KFAPITestAutomation/target/test-classes/getProcessItemList.json#&quot;,&quot;pointer&quot;:&quot;/properties/Aggregation/properties/ThisIsYesNo&quot;}
    domain: &quot;syntax&quot;
    ignored: [&quot;$id&quot;]
warning: the following keywords are unknown and will be ignored: [$id, examples]
    level: &quot;warning&quot;
    schema: {&quot;loadingURI&quot;:&quot;file:/Users/anuradharaman/eclipse-workspace/Anu/KFAPITestAutomation/target/test-classes/getProcessItemList.json#&quot;,&quot;pointer&quot;:&quot;/properties/Aggregation/properties/ThisIsYesNo/properties/Blank&quot;}
    domain: &quot;syntax&quot;
    ignored: [&quot;$id&quot;,&quot;examples&quot;]
warning: the following keywords are unknown and will be ignored: [$id, examples]
    level: &quot;warning&quot;
    schema: {&quot;loadingURI&quot;:&quot;file:/Users/anuradharaman/eclipse-workspace/Anu/KFAPITestAutomation/target/test-classes/getProcessItemList.json#&quot;,&quot;pointer&quot;:&quot;/properties/Aggregation/properties/ThisIsYesNo/properties/Count&quot;}
    domain: &quot;syntax&quot;
    ignored: [&quot;$id&quot;,&quot;examples&quot;]
warning: the following keywords are unknown and will be ignored: [$id, examples]
    level: &quot;warning&quot;
    schema: {&quot;loadingURI&quot;:&quot;file:/Users/anuradharaman/eclipse-workspace/Anu/KFAPITestAutomation/target/test-classes/getProcessItemList.json#&quot;,&quot;pointer&quot;:&quot;/properties/Aggregation/properties/ThisIsYesNo/properties/NonBlank&quot;}
    domain: &quot;syntax&quot;
    ignored: [&quot;$id&quot;,&quot;examples&quot;]
warning: the following keywords are unknown and will be ignored: [$id]
    level: &quot;warning&quot;
    schema: {&quot;loadingURI&quot;:&quot;file:/Users/anuradharaman/eclipse-workspace/Anu/KFAPITestAutomation/target/test-classes/getProcessItemList.json#&quot;,&quot;pointer&quot;:&quot;/properties/Aggregation/properties/Untitled_FieldThisIsCheckbox&quot;}
    domain: &quot;syntax&quot;
    ignored: [&quot;$id&quot;]
warning: the following keywords are unknown and will be ignored: [$id, examples]
    level: &quot;warning&quot;
    schema: {&quot;loadingURI&quot;:&quot;file:/Users/anuradharaman/eclipse-workspace/Anu/KFAPITestAutomation/target/test-classes/getProcessItemList.json#&quot;,&quot;pointer&quot;:&quot;/properties/Aggregation/properties/Untitled_FieldThisIsCheckbox/properties/Blank&quot;}
    domain: &quot;syntax&quot;
    ignored: [&quot;$id&quot;,&quot;examples&quot;]
warning: the following keywords are unknown and will be ignored: [$id, examples]
    level: &quot;warning&quot;
    schema: {&quot;loadingURI&quot;:&quot;file:/Users/anuradharaman/eclipse-workspace/Anu/KFAPITestAutomation/target/test-classes/getProcessItemList.json#&quot;,&quot;pointer&quot;:&quot;/properties/Aggregation/properties/Untitled_FieldThisIsCheckbox/properties/Count&quot;}
    domain: &quot;syntax&quot;
    ignored: [&quot;$id&quot;,&quot;examples&quot;]
warning: the following keywords are unknown and will be ignored: [$id, examples]
    level: &quot;warning&quot;
    schema: {&quot;loadingURI&quot;:&quot;file:/Users/anuradharaman/eclipse-workspace/Anu/KFAPITestAutomation/target/test-classes/getProcessItemList.json#&quot;,&quot;pointer&quot;:&quot;/properties/Aggregation/properties/Untitled_FieldThisIsCheckbox/properties/NonBlank&quot;}
    domain: &quot;syntax&quot;
    ignored: [&quot;$id&quot;,&quot;examples&quot;]
warning: the following keywords are unknown and will be ignored: [$id]
    level: &quot;warning&quot;
    schema: {&quot;loadingURI&quot;:&quot;file:/Users/anuradharaman/eclipse-workspace/Anu/KFAPITestAutomation/target/test-classes/getProcessItemList.json#&quot;,&quot;pointer&quot;:&quot;/properties/Aggregation/properties/_created_at&quot;}
    domain: &quot;syntax&quot;
    ignored: [&quot;$id&quot;]
warning: the following keywords are unknown and will be ignored: [$id, examples]
    level: &quot;warning&quot;
    schema: {&quot;loadingURI&quot;:&quot;file:/Users/anuradharaman/eclipse-workspace/Anu/KFAPITestAutomation/target/test-classes/getProcessItemList.json#&quot;,&quot;pointer&quot;:&quot;/properties/Aggregation/properties/_created_at/properties/Blank&quot;}
    domain: &quot;syntax&quot;
    ignored: [&quot;$id&quot;,&quot;examples&quot;]
warning: the following keywords are unknown and will be ignored: [$id, examples]
    level: &quot;warning&quot;
    schema: {&quot;loadingURI&quot;:&quot;file:/Users/anuradharaman/eclipse-workspace/Anu/KFAPITestAutomation/target/test-classes/getProcessItemList.json#&quot;,&quot;pointer&quot;:&quot;/properties/Aggregation/properties/_created_at/properties/Count&quot;}
    domain: &quot;syntax&quot;
    ignored: [&quot;$id&quot;,&quot;examples&quot;]
warning: the following keywords are unknown and will be ignored: [$id, examples]
    level: &quot;warning&quot;
    schema: {&quot;loadingURI&quot;:&quot;file:/Users/anuradharaman/eclipse-workspace/Anu/KFAPITestAutomation/target/test-classes/getProcessItemList.json#&quot;,&quot;pointer&quot;:&quot;/properties/Aggregation/properties/_created_at/properties/Max&quot;}
    domain: &quot;syntax&quot;
    ignored: [&quot;$id&quot;,&quot;examples&quot;]
warning: the following keywords are unknown and will be ignored: [$id, examples]
    level: &quot;warning&quot;
    schema: {&quot;loadingURI&quot;:&quot;file:/Users/anuradharaman/eclipse-workspace/Anu/KFAPITestAutomation/target/test-classes/getProcessItemList.json#&quot;,&quot;pointer&quot;:&quot;/properties/Aggregation/properties/_created_at/properties/Min&quot;}
    domain: &quot;syntax&quot;
    ignored: [&quot;$id&quot;,&quot;examples&quot;]
warning: the following keywords are unknown and will be ignored: [$id, examples]
    level: &quot;warning&quot;
    schema: {&quot;loadingURI&quot;:&quot;file:/Users/anuradharaman/eclipse-workspace/Anu/KFAPITestAutomation/target/test-classes/getProcessItemList.json#&quot;,&quot;pointer&quot;:&quot;/properties/Aggregation/properties/_created_at/properties/NonBlank&quot;}
    domain: &quot;syntax&quot;
    ignored: [&quot;$id&quot;,&quot;examples&quot;]
warning: the following keywords are unknown and will be ignored: [$id]
    level: &quot;warning&quot;
    schema: {&quot;loadingURI&quot;:&quot;file:/Users/anuradharaman/eclipse-workspace/Anu/KFAPITestAutomation/target/test-classes/getProcessItemList.json#&quot;,&quot;pointer&quot;:&quot;/properties/Aggregation/properties/_created_by&quot;}
    domain: &quot;syntax&quot;
    ignored: [&quot;$id&quot;]
warning: the following keywords are unknown and will be ignored: [$id, examples]
    level: &quot;warning&quot;
    schema: {&quot;loadingURI&quot;:&quot;file:/Users/anuradharaman/eclipse-workspace/Anu/KFAPITestAutomation/target/test-classes/getProcessItemList.json#&quot;,&quot;pointer&quot;:&quot;/properties/Aggregation/properties/_created_by/properties/Blank&quot;}
    domain: &quot;syntax&quot;
    ignored: [&quot;$id&quot;,&quot;examples&quot;]
warning: the following keywords are unknown and will be ignored: [$id, examples]
    level: &quot;warning&quot;
    schema: {&quot;loadingURI&quot;:&quot;file:/Users/anuradharaman/eclipse-workspace/Anu/KFAPITestAutomation/target/test-classes/getProcessItemList.json#&quot;,&quot;pointer&quot;:&quot;/properties/Aggregation/properties/_created_by/properties/Count&quot;}
    domain: &quot;syntax&quot;
    ignored: [&quot;$id&quot;,&quot;examples&quot;]
warning: the following keywords are unknown and will be ignored: [$id, examples]
    level: &quot;warning&quot;
    schema: {&quot;loadingURI&quot;:&quot;file:/Users/anuradharaman/eclipse-workspace/Anu/KFAPITestAutomation/target/test-classes/getProcessItemList.json#&quot;,&quot;pointer&quot;:&quot;/properties/Aggregation/properties/_created_by/properties/NonBlank&quot;}
    domain: &quot;syntax&quot;
    ignored: [&quot;$id&quot;,&quot;examples&quot;]
warning: the following keywords are unknown and will be ignored: [$id]
    level: &quot;warning&quot;
    schema: {&quot;loadingURI&quot;:&quot;file:/Users/anuradharaman/eclipse-workspace/Anu/KFAPITestAutomation/target/test-classes/getProcessItemList.json#&quot;,&quot;pointer&quot;:&quot;/properties/Aggregation/properties/_status&quot;}
    domain: &quot;syntax&quot;
    ignored: [&quot;$id&quot;]
warning: the following keywords are unknown and will be ignored: [$id, examples]
    level: &quot;warning&quot;
    schema: {&quot;loadingURI&quot;:&quot;file:/Users/anuradharaman/eclipse-workspace/Anu/KFAPITestAutomation/target/test-classes/getProcessItemList.json#&quot;,&quot;pointer&quot;:&quot;/properties/Aggregation/properties/_status/properties/Blank&quot;}
    domain: &quot;syntax&quot;
    ignored: [&quot;$id&quot;,&quot;examples&quot;]
warning: the following keywords are unknown and will be ignored: [$id, examples]
    level: &quot;warning&quot;
    schema: {&quot;loadingURI&quot;:&quot;file:/Users/anuradharaman/eclipse-workspace/Anu/KFAPITestAutomation/target/test-classes/getProcessItemList.json#&quot;,&quot;pointer&quot;:&quot;/properties/Aggregation/properties/_status/properties/Count&quot;}
    domain: &quot;syntax&quot;
    ignored: [&quot;$id&quot;,&quot;examples&quot;]
warning: the following keywords are unknown and will be ignored: [$id, examples]
    level: &quot;warning&quot;
    schema: {&quot;loadingURI&quot;:&quot;file:/Users/anuradharaman/eclipse-workspace/Anu/KFAPITestAutomation/target/test-classes/getProcessItemList.json#&quot;,&quot;pointer&quot;:&quot;/properties/Aggregation/properties/_status/properties/NonBlank&quot;}
    domain: &quot;syntax&quot;
    ignored: [&quot;$id&quot;,&quot;examples&quot;]
warning: the following keywords are unknown and will be ignored: [$id]
    level: &quot;warning&quot;
    schema: {&quot;loadingURI&quot;:&quot;file:/Users/anuradharaman/eclipse-workspace/Anu/KFAPITestAutomation/target/test-classes/getProcessItemList.json#&quot;,&quot;pointer&quot;:&quot;/properties/Columns&quot;}
    domain: &quot;syntax&quot;
    ignored: [&quot;$id&quot;]
warning: the following keywords are unknown and will be ignored: [$id]
    level: &quot;warning&quot;
    schema: {&quot;loadingURI&quot;:&quot;file:/Users/anuradharaman/eclipse-workspace/Anu/KFAPITestAutomation/target/test-classes/getProcessItemList.json#&quot;,&quot;pointer&quot;:&quot;/properties/Columns/items&quot;}
    domain: &quot;syntax&quot;
    ignored: [&quot;$id&quot;]
warning: the following keywords are unknown and will be ignored: [$id, examples]
    level: &quot;warning&quot;
    schema: {&quot;loadingURI&quot;:&quot;file:/Users/anuradharaman/eclipse-workspace/Anu/KFAPITestAutomation/target/test-classes/getProcessItemList.json#&quot;,&quot;pointer&quot;:&quot;/properties/Columns/items/properties/Id&quot;}
    domain: &quot;syntax&quot;
    ignored: [&quot;$id&quot;,&quot;examples&quot;]
warning: the following keywords are unknown and will be ignored: [$id, examples]
    level: &quot;warning&quot;
    schema: {&quot;loadingURI&quot;:&quot;file:/Users/anuradharaman/eclipse-workspace/Anu/KFAPITestAutomation/target/test-classes/getProcessItemList.json#&quot;,&quot;pointer&quot;:&quot;/properties/Columns/items/properties/IsSystemField&quot;}
    domain: &quot;syntax&quot;
    ignored: [&quot;$id&quot;,&quot;examples&quot;]
warning: the following keywords are unknown and will be ignored: [$id, examples]
    level: &quot;warning&quot;
    schema: {&quot;loadingURI&quot;:&quot;file:/Users/anuradharaman/eclipse-workspace/Anu/KFAPITestAutomation/target/test-classes/getProcessItemList.json#&quot;,&quot;pointer&quot;:&quot;/properties/Columns/items/properties/Model&quot;}
    domain: &quot;syntax&quot;
    ignored: [&quot;$id&quot;,&quot;examples&quot;]
warning: the following keywords are unknown and will be ignored: [$id, examples]
    level: &quot;warning&quot;
    schema: {&quot;loadingURI&quot;:&quot;file:/Users/anuradharaman/eclipse-workspace/Anu/KFAPITestAutomation/target/test-classes/getProcessItemList.json#&quot;,&quot;pointer&quot;:&quot;/properties/Columns/items/properties/Name&quot;}
    domain: &quot;syntax&quot;
    ignored: [&quot;$id&quot;,&quot;examples&quot;]
warning: the following keywords are unknown and will be ignored: [$id, examples]
    level: &quot;warning&quot;
    schema: {&quot;loadingURI&quot;:&quot;file:/Users/anuradharaman/eclipse-workspace/Anu/KFAPITestAutomation/target/test-classes/getProcessItemList.json#&quot;,&quot;pointer&quot;:&quot;/properties/Columns/items/properties/ReadOnly&quot;}
    domain: &quot;syntax&quot;
    ignored: [&quot;$id&quot;,&quot;examples&quot;]
warning: the following keywords are unknown and will be ignored: [$id, examples]
    level: &quot;warning&quot;
    schema: {&quot;loadingURI&quot;:&quot;file:/Users/anuradharaman/eclipse-workspace/Anu/KFAPITestAutomation/target/test-classes/getProcessItemList.json#&quot;,&quot;pointer&quot;:&quot;/properties/Columns/items/properties/Type&quot;}
    domain: &quot;syntax&quot;
    ignored: [&quot;$id&quot;,&quot;examples&quot;]
warning: the following keywords are unknown and will be ignored: [$id, examples]
    level: &quot;warning&quot;
    schema: {&quot;loadingURI&quot;:&quot;file:/Users/anuradharaman/eclipse-workspace/Anu/KFAPITestAutomation/target/test-classes/getProcessItemList.json#&quot;,&quot;pointer&quot;:&quot;/properties/Columns/items/properties/Widget&quot;}
    domain: &quot;syntax&quot;
    ignored: [&quot;$id&quot;,&quot;examples&quot;]
warning: the following keywords are unknown and will be ignored: [$id]
    level: &quot;warning&quot;
    schema: {&quot;loadingURI&quot;:&quot;file:/Users/anuradharaman/eclipse-workspace/Anu/KFAPITestAutomation/target/test-classes/getProcessItemList.json#&quot;,&quot;pointer&quot;:&quot;/properties/Data&quot;}
    domain: &quot;syntax&quot;
    ignored: [&quot;$id&quot;]
warning: the following keywords are unknown and will be ignored: [$id]
    level: &quot;warning&quot;
    schema: {&quot;loadingURI&quot;:&quot;file:/Users/anuradharaman/eclipse-workspace/Anu/KFAPITestAutomation/target/test-classes/getProcessItemList.json#&quot;,&quot;pointer&quot;:&quot;/properties/Data/items&quot;}
    domain: &quot;syntax&quot;
    ignored: [&quot;$id&quot;]
warning: the following keywords are unknown and will be ignored: [$id, examples]
    level: &quot;warning&quot;
    schema: {&quot;loadingURI&quot;:&quot;file:/Users/anuradharaman/eclipse-workspace/Anu/KFAPITestAutomation/target/test-classes/getProcessItemList.json#&quot;,&quot;pointer&quot;:&quot;/properties/Data/items/properties/Name&quot;}
    domain: &quot;syntax&quot;
    ignored: [&quot;$id&quot;,&quot;examples&quot;]
warning: the following keywords are unknown and will be ignored: [$id]
    level: &quot;warning&quot;
    schema: {&quot;loadingURI&quot;:&quot;file:/Users/anuradharaman/eclipse-workspace/Anu/KFAPITestAutomation/target/test-classes/getProcessItemList.json#&quot;,&quot;pointer&quot;:&quot;/properties/Data/items/properties/ThisIsAttach&quot;}
    domain: &quot;syntax&quot;
    ignored: [&quot;$id&quot;]
warning: the following keywords are unknown and will be ignored: [$id]
    level: &quot;warning&quot;
    schema: {&quot;loadingURI&quot;:&quot;file:/Users/anuradharaman/eclipse-workspace/Anu/KFAPITestAutomation/target/test-classes/getProcessItemList.json#&quot;,&quot;pointer&quot;:&quot;/properties/Data/items/properties/ThisIsAttach/items&quot;}
    domain: &quot;syntax&quot;
    ignored: [&quot;$id&quot;]
warning: the following keywords are unknown and will be ignored: [$id, examples]
    level: &quot;warning&quot;
    schema: {&quot;loadingURI&quot;:&quot;file:/Users/anuradharaman/eclipse-workspace/Anu/KFAPITestAutomation/target/test-classes/getProcessItemList.json#&quot;,&quot;pointer&quot;:&quot;/properties/Data/items/properties/ThisIsAttach/items/properties/fileExtension&quot;}
    domain: &quot;syntax&quot;
    ignored: [&quot;$id&quot;,&quot;examples&quot;]
warning: the following keywords are unknown and will be ignored: [$id, examples]
    level: &quot;warning&quot;
    schema: {&quot;loadingURI&quot;:&quot;file:/Users/anuradharaman/eclipse-workspace/Anu/KFAPITestAutomation/target/test-classes/getProcessItemList.json#&quot;,&quot;pointer&quot;:&quot;/properties/Data/items/properties/ThisIsAttach/items/properties/id&quot;}
    domain: &quot;syntax&quot;
    ignored: [&quot;$id&quot;,&quot;examples&quot;]
warning: the following keywords are unknown and will be ignored: [$id, examples]
    level: &quot;warning&quot;
    schema: {&quot;loadingURI&quot;:&quot;file:/Users/anuradharaman/eclipse-workspace/Anu/KFAPITestAutomation/target/test-classes/getProcessItemList.json#&quot;,&quot;pointer&quot;:&quot;/properties/Data/items/properties/ThisIsAttach/items/properties/key&quot;}
    domain: &quot;syntax&quot;
    ignored: [&quot;$id&quot;,&quot;examples&quot;]
warning: the following keywords are unknown and will be ignored: [$id, examples]
    level: &quot;warning&quot;
    schema: {&quot;loadingURI&quot;:&quot;file:/Users/anuradharaman/eclipse-workspace/Anu/KFAPITestAutomation/target/test-classes/getProcessItemList.json#&quot;,&quot;pointer&quot;:&quot;/properties/Data/items/properties/ThisIsAttach/items/properties/name&quot;}
    domain: &quot;syntax&quot;
    ignored: [&quot;$id&quot;,&quot;examples&quot;]
warning: the following keywords are unknown and will be ignored: [$id, examples]
    level: &quot;warning&quot;
    schema: {&quot;loadingURI&quot;:&quot;file:/Users/anuradharaman/eclipse-workspace/Anu/KFAPITestAutomation/target/test-classes/getProcessItemList.json#&quot;,&quot;pointer&quot;:&quot;/properties/Data/items/properties/ThisIsAttach/items/properties/size&quot;}
    domain: &quot;syntax&quot;
    ignored: [&quot;$id&quot;,&quot;examples&quot;]
warning: the following keywords are unknown and will be ignored: [$id, examples]
    level: &quot;warning&quot;
    schema: {&quot;loadingURI&quot;:&quot;file:/Users/anuradharaman/eclipse-workspace/Anu/KFAPITestAutomation/target/test-classes/getProcessItemList.json#&quot;,&quot;pointer&quot;:&quot;/properties/Data/items/properties/ThisIsAttach/items/properties/uploaded&quot;}
    domain: &quot;syntax&quot;
    ignored: [&quot;$id&quot;,&quot;examples&quot;]
warning: the following keywords are unknown and will be ignored: [$id]
    level: &quot;warning&quot;
    schema: {&quot;loadingURI&quot;:&quot;file:/Users/anuradharaman/eclipse-workspace/Anu/KFAPITestAutomation/target/test-classes/getProcessItemList.json#&quot;,&quot;pointer&quot;:&quot;/properties/Data/items/properties/ThisIsCheckList&quot;}
    domain: &quot;syntax&quot;
    ignored: [&quot;$id&quot;]
warning: the following keywords are unknown and will be ignored: [$id]
    level: &quot;warning&quot;
    schema: {&quot;loadingURI&quot;:&quot;file:/Users/anuradharaman/eclipse-workspace/Anu/KFAPITestAutomation/target/test-classes/getProcessItemList.json#&quot;,&quot;pointer&quot;:&quot;/properties/Data/items/properties/ThisIsCheckList/items&quot;}
    domain: &quot;syntax&quot;
    ignored: [&quot;$id&quot;]
warning: the following keywords are unknown and will be ignored: [$id, examples]
    level: &quot;warning&quot;
    schema: {&quot;loadingURI&quot;:&quot;file:/Users/anuradharaman/eclipse-workspace/Anu/KFAPITestAutomation/target/test-classes/getProcessItemList.json#&quot;,&quot;pointer&quot;:&quot;/properties/Data/items/properties/ThisIsCheckList/items/properties/selected&quot;}
    domain: &quot;syntax&quot;
    ignored: [&quot;$id&quot;,&quot;examples&quot;]
warning: the following keywords are unknown and will be ignored: [$id, examples]
    level: &quot;warning&quot;
    schema: {&quot;loadingURI&quot;:&quot;file:/Users/anuradharaman/eclipse-workspace/Anu/KFAPITestAutomation/target/test-classes/getProcessItemList.json#&quot;,&quot;pointer&quot;:&quot;/properties/Data/items/properties/ThisIsCheckList/items/properties/value&quot;}
    domain: &quot;syntax&quot;
    ignored: [&quot;$id&quot;,&quot;examples&quot;]
warning: the following keywords are unknown and will be ignored: [$id, examples]
    level: &quot;warning&quot;
    schema: {&quot;loadingURI&quot;:&quot;file:/Users/anuradharaman/eclipse-workspace/Anu/KFAPITestAutomation/target/test-classes/getProcessItemList.json#&quot;,&quot;pointer&quot;:&quot;/properties/Data/items/properties/ThisIsCurrency&quot;}
    domain: &quot;syntax&quot;
    ignored: [&quot;$id&quot;,&quot;examples&quot;]
warning: the following keywords are unknown and will be ignored: [$id, examples]
    level: &quot;warning&quot;
    schema: {&quot;loadingURI&quot;:&quot;file:/Users/anuradharaman/eclipse-workspace/Anu/KFAPITestAutomation/target/test-classes/getProcessItemList.json#&quot;,&quot;pointer&quot;:&quot;/properties/Data/items/properties/ThisIsDate&quot;}
    domain: &quot;syntax&quot;
    ignored: [&quot;$id&quot;,&quot;examples&quot;]
warning: the following keywords are unknown and will be ignored: [$id, examples]
    level: &quot;warning&quot;
    schema: {&quot;loadingURI&quot;:&quot;file:/Users/anuradharaman/eclipse-workspace/Anu/KFAPITestAutomation/target/test-classes/getProcessItemList.json#&quot;,&quot;pointer&quot;:&quot;/properties/Data/items/properties/ThisIsDateAndTime&quot;}
    domain: &quot;syntax&quot;
    ignored: [&quot;$id&quot;,&quot;examples&quot;]
warning: the following keywords are unknown and will be ignored: [$id, examples]
    level: &quot;warning&quot;
    schema: {&quot;loadingURI&quot;:&quot;file:/Users/anuradharaman/eclipse-workspace/Anu/KFAPITestAutomation/target/test-classes/getProcessItemList.json#&quot;,&quot;pointer&quot;:&quot;/properties/Data/items/properties/ThisIsDropdown&quot;}
    domain: &quot;syntax&quot;
    ignored: [&quot;$id&quot;,&quot;examples&quot;]
warning: the following keywords are unknown and will be ignored: [$id]
    level: &quot;warning&quot;
    schema: {&quot;loadingURI&quot;:&quot;file:/Users/anuradharaman/eclipse-workspace/Anu/KFAPITestAutomation/target/test-classes/getProcessItemList.json#&quot;,&quot;pointer&quot;:&quot;/properties/Data/items/properties/ThisIsImage&quot;}
    domain: &quot;syntax&quot;
    ignored: [&quot;$id&quot;]
warning: the following keywords are unknown and will be ignored: [$id, examples]
    level: &quot;warning&quot;
    schema: {&quot;loadingURI&quot;:&quot;file:/Users/anuradharaman/eclipse-workspace/Anu/KFAPITestAutomation/target/test-classes/getProcessItemList.json#&quot;,&quot;pointer&quot;:&quot;/properties/Data/items/properties/ThisIsImage/properties/fileExtension&quot;}
    domain: &quot;syntax&quot;
    ignored: [&quot;$id&quot;,&quot;examples&quot;]
warning: the following keywords are unknown and will be ignored: [$id, examples]
    level: &quot;warning&quot;
    schema: {&quot;loadingURI&quot;:&quot;file:/Users/anuradharaman/eclipse-workspace/Anu/KFAPITestAutomation/target/test-classes/getProcessItemList.json#&quot;,&quot;pointer&quot;:&quot;/properties/Data/items/properties/ThisIsImage/properties/id&quot;}
    domain: &quot;syntax&quot;
    ignored: [&quot;$id&quot;,&quot;examples&quot;]
warning: the following keywords are unknown and will be ignored: [$id, examples]
    level: &quot;warning&quot;
    schema: {&quot;loadingURI&quot;:&quot;file:/Users/anuradharaman/eclipse-workspace/Anu/KFAPITestAutomation/target/test-classes/getProcessItemList.json#&quot;,&quot;pointer&quot;:&quot;/properties/Data/items/properties/ThisIsImage/properties/key&quot;}
    domain: &quot;syntax&quot;
    ignored: [&quot;$id&quot;,&quot;examples&quot;]
warning: the following keywords are unknown and will be ignored: [$id, examples]
    level: &quot;warning&quot;
    schema: {&quot;loadingURI&quot;:&quot;file:/Users/anuradharaman/eclipse-workspace/Anu/KFAPITestAutomation/target/test-classes/getProcessItemList.json#&quot;,&quot;pointer&quot;:&quot;/properties/Data/items/properties/ThisIsImage/properties/name&quot;}
    domain: &quot;syntax&quot;
    ignored: [&quot;$id&quot;,&quot;examples&quot;]
warning: the following keywords are unknown and will be ignored: [$id]
    level: &quot;warning&quot;
    schema: {&quot;loadingURI&quot;:&quot;file:/Users/anuradharaman/eclipse-workspace/Anu/KFAPITestAutomation/target/test-classes/getProcessItemList.json#&quot;,&quot;pointer&quot;:&quot;/properties/Data/items/properties/ThisIsImage/properties/photos&quot;}
    domain: &quot;syntax&quot;
    ignored: [&quot;$id&quot;]
warning: the following keywords are unknown and will be ignored: [$id]
    level: &quot;warning&quot;
    schema: {&quot;loadingURI&quot;:&quot;file:/Users/anuradharaman/eclipse-workspace/Anu/KFAPITestAutomation/target/test-classes/getProcessItemList.json#&quot;,&quot;pointer&quot;:&quot;/properties/Data/items/properties/ThisIsImage/properties/photos/items&quot;}
    domain: &quot;syntax&quot;
    ignored: [&quot;$id&quot;]
warning: the following keywords are unknown and will be ignored: [$id, examples]
    level: &quot;warning&quot;
    schema: {&quot;loadingURI&quot;:&quot;file:/Users/anuradharaman/eclipse-workspace/Anu/KFAPITestAutomation/target/test-classes/getProcessItemList.json#&quot;,&quot;pointer&quot;:&quot;/properties/Data/items/properties/ThisIsImage/properties/photos/items/properties/fileExtension&quot;}
    domain: &quot;syntax&quot;
    ignored: [&quot;$id&quot;,&quot;examples&quot;]
warning: the following keywords are unknown and will be ignored: [$id, examples]
    level: &quot;warning&quot;
    schema: {&quot;loadingURI&quot;:&quot;file:/Users/anuradharaman/eclipse-workspace/Anu/KFAPITestAutomation/target/test-classes/getProcessItemList.json#&quot;,&quot;pointer&quot;:&quot;/properties/Data/items/properties/ThisIsImage/properties/photos/items/properties/height&quot;}
    domain: &quot;syntax&quot;
    ignored: [&quot;$id&quot;,&quot;examples&quot;]
warning: the following keywords are unknown and will be ignored: [$id, examples]
    level: &quot;warning&quot;
    schema: {&quot;loadingURI&quot;:&quot;file:/Users/anuradharaman/eclipse-workspace/Anu/KFAPITestAutomation/target/test-classes/getProcessItemList.json#&quot;,&quot;pointer&quot;:&quot;/properties/Data/items/properties/ThisIsImage/properties/photos/items/properties/key&quot;}
    domain: &quot;syntax&quot;
    ignored: [&quot;$id&quot;,&quot;examples&quot;]
warning: the following keywords are unknown and will be ignored: [$id, examples]
    level: &quot;warning&quot;
    schema: {&quot;loadingURI&quot;:&quot;file:/Users/anuradharaman/eclipse-workspace/Anu/KFAPITestAutomation/target/test-classes/getProcessItemList.json#&quot;,&quot;pointer&quot;:&quot;/properties/Data/items/properties/ThisIsImage/properties/photos/items/properties/name&quot;}
    domain: &quot;syntax&quot;
    ignored: [&quot;$id&quot;,&quot;examples&quot;]
warning: the following keywords are unknown and will be ignored: [$id, examples]
    level: &quot;warning&quot;
    schema: {&quot;loadingURI&quot;:&quot;file:/Users/anuradharaman/eclipse-workspace/Anu/KFAPITestAutomation/target/test-classes/getProcessItemList.json#&quot;,&quot;pointer&quot;:&quot;/properties/Data/items/properties/ThisIsImage/properties/photos/items/properties/size&quot;}
    domain: &quot;syntax&quot;
    ignored: [&quot;$id&quot;,&quot;examples&quot;]
warning: the following keywords are unknown and will be ignored: [$id, examples]
    level: &quot;warning&quot;
    schema: {&quot;loadingURI&quot;:&quot;file:/Users/anuradharaman/eclipse-workspace/Anu/KFAPITestAutomation/target/test-classes/getProcessItemList.json#&quot;,&quot;pointer&quot;:&quot;/properties/Data/items/properties/ThisIsImage/properties/photos/items/properties/width&quot;}
    domain: &quot;syntax&quot;
    ignored: [&quot;$id&quot;,&quot;examples&quot;]
warning: the following keywords are unknown and will be ignored: [$id, examples]
    level: &quot;warning&quot;
    schema: {&quot;loadingURI&quot;:&quot;file:/Users/anuradharaman/eclipse-workspace/Anu/KFAPITestAutomation/target/test-classes/getProcessItemList.json#&quot;,&quot;pointer&quot;:&quot;/properties/Data/items/properties/ThisIsImage/properties/size&quot;}
    domain: &quot;syntax&quot;
    ignored: [&quot;$id&quot;,&quot;examples&quot;]
warning: the following keywords are unknown and will be ignored: [$id, examples]
    level: &quot;warning&quot;
    schema: {&quot;loadingURI&quot;:&quot;file:/Users/anuradharaman/eclipse-workspace/Anu/KFAPITestAutomation/target/test-classes/getProcessItemList.json#&quot;,&quot;pointer&quot;:&quot;/properties/Data/items/properties/ThisIsImage/properties/uploaded&quot;}
    domain: &quot;syntax&quot;
    ignored: [&quot;$id&quot;,&quot;examples&quot;]
warning: the following keywords are unknown and will be ignored: [$id]
    level: &quot;warning&quot;
    schema: {&quot;loadingURI&quot;:&quot;file:/Users/anuradharaman/eclipse-workspace/Anu/KFAPITestAutomation/target/test-classes/getProcessItemList.json#&quot;,&quot;pointer&quot;:&quot;/properties/Data/items/properties/ThisIsLookup&quot;}
    domain: &quot;syntax&quot;
    ignored: [&quot;$id&quot;]
warning: the following keywords are unknown and will be ignored: [$id, examples]
    level: &quot;warning&quot;
    schema: {&quot;loadingURI&quot;:&quot;file:/Users/anuradharaman/eclipse-workspace/Anu/KFAPITestAutomation/target/test-classes/getProcessItemList.json#&quot;,&quot;pointer&quot;:&quot;/properties/Data/items/properties/ThisIsLookup/properties/Name&quot;}
    domain: &quot;syntax&quot;
    ignored: [&quot;$id&quot;,&quot;examples&quot;]
warning: the following keywords are unknown and will be ignored: [$id]
    level: &quot;warning&quot;
    schema: {&quot;loadingURI&quot;:&quot;file:/Users/anuradharaman/eclipse-workspace/Anu/KFAPITestAutomation/target/test-classes/getProcessItemList.json#&quot;,&quot;pointer&quot;:&quot;/properties/Data/items/properties/ThisIsLookup/properties/_created_by&quot;}
    domain: &quot;syntax&quot;
    ignored: [&quot;$id&quot;]
warning: the following keywords are unknown and will be ignored: [$id, examples]
    level: &quot;warning&quot;
    schema: {&quot;loadingURI&quot;:&quot;file:/Users/anuradharaman/eclipse-workspace/Anu/KFAPITestAutomation/target/test-classes/getProcessItemList.json#&quot;,&quot;pointer&quot;:&quot;/properties/Data/items/properties/ThisIsLookup/properties/_created_by/properties/Kind&quot;}
    domain: &quot;syntax&quot;
    ignored: [&quot;$id&quot;,&quot;examples&quot;]
warning: the following keywords are unknown and will be ignored: [$id, examples]
    level: &quot;warning&quot;
    schema: {&quot;loadingURI&quot;:&quot;file:/Users/anuradharaman/eclipse-workspace/Anu/KFAPITestAutomation/target/test-classes/getProcessItemList.json#&quot;,&quot;pointer&quot;:&quot;/properties/Data/items/properties/ThisIsLookup/properties/_created_by/properties/Name&quot;}
    domain: &quot;syntax&quot;
    ignored: [&quot;$id&quot;,&quot;examples&quot;]
warning: the following keywords are unknown and will be ignored: [$id, examples]
    level: &quot;warning&quot;
    schema: {&quot;loadingURI&quot;:&quot;file:/Users/anuradharaman/eclipse-workspace/Anu/KFAPITestAutomation/target/test-classes/getProcessItemList.json#&quot;,&quot;pointer&quot;:&quot;/properties/Data/items/properties/ThisIsLookup/properties/_created_by/properties/_id&quot;}
    domain: &quot;syntax&quot;
    ignored: [&quot;$id&quot;,&quot;examples&quot;]
warning: the following keywords are unknown and will be ignored: [$id, examples]
    level: &quot;warning&quot;
    schema: {&quot;loadingURI&quot;:&quot;file:/Users/anuradharaman/eclipse-workspace/Anu/KFAPITestAutomation/target/test-classes/getProcessItemList.json#&quot;,&quot;pointer&quot;:&quot;/properties/Data/items/properties/ThisIsNum&quot;}
    domain: &quot;syntax&quot;
    ignored: [&quot;$id&quot;,&quot;examples&quot;]
warning: the following keywords are unknown and will be ignored: [$id, examples]
    level: &quot;warning&quot;
    schema: {&quot;loadingURI&quot;:&quot;file:/Users/anuradharaman/eclipse-workspace/Anu/KFAPITestAutomation/target/test-classes/getProcessItemList.json#&quot;,&quot;pointer&quot;:&quot;/properties/Data/items/properties/ThisIsRating&quot;}
    domain: &quot;syntax&quot;
    ignored: [&quot;$id&quot;,&quot;examples&quot;]
warning: the following keywords are unknown and will be ignored: [$id, examples]
    level: &quot;warning&quot;
    schema: {&quot;loadingURI&quot;:&quot;file:/Users/anuradharaman/eclipse-workspace/Anu/KFAPITestAutomation/target/test-classes/getProcessItemList.json#&quot;,&quot;pointer&quot;:&quot;/properties/Data/items/properties/ThisIsRemoteLookup&quot;}
    domain: &quot;syntax&quot;
    ignored: [&quot;$id&quot;,&quot;examples&quot;]
warning: the following keywords are unknown and will be ignored: [$id]
    level: &quot;warning&quot;
    schema: {&quot;loadingURI&quot;:&quot;file:/Users/anuradharaman/eclipse-workspace/Anu/KFAPITestAutomation/target/test-classes/getProcessItemList.json#&quot;,&quot;pointer&quot;:&quot;/properties/Data/items/properties/ThisIsSign&quot;}
    domain: &quot;syntax&quot;
    ignored: [&quot;$id&quot;]
warning: the following keywords are unknown and will be ignored: [$id, examples]
    level: &quot;warning&quot;
    schema: {&quot;loadingURI&quot;:&quot;file:/Users/anuradharaman/eclipse-workspace/Anu/KFAPITestAutomation/target/test-classes/getProcessItemList.json#&quot;,&quot;pointer&quot;:&quot;/properties/Data/items/properties/ThisIsSign/properties/key&quot;}
    domain: &quot;syntax&quot;
    ignored: [&quot;$id&quot;,&quot;examples&quot;]
warning: the following keywords are unknown and will be ignored: [$id, examples]
    level: &quot;warning&quot;
    schema: {&quot;loadingURI&quot;:&quot;file:/Users/anuradharaman/eclipse-workspace/Anu/KFAPITestAutomation/target/test-classes/getProcessItemList.json#&quot;,&quot;pointer&quot;:&quot;/properties/Data/items/properties/ThisIsSign/properties/name&quot;}
    domain: &quot;syntax&quot;
    ignored: [&quot;$id&quot;,&quot;examples&quot;]
warning: the following keywords are unknown and will be ignored: [$id, examples]
    level: &quot;warning&quot;
    schema: {&quot;loadingURI&quot;:&quot;file:/Users/anuradharaman/eclipse-workspace/Anu/KFAPITestAutomation/target/test-classes/getProcessItemList.json#&quot;,&quot;pointer&quot;:&quot;/properties/Data/items/properties/ThisIsSlider&quot;}
    domain: &quot;syntax&quot;
    ignored: [&quot;$id&quot;,&quot;examples&quot;]
warning: the following keywords are unknown and will be ignored: [$id, examples]
    level: &quot;warning&quot;
    schema: {&quot;loadingURI&quot;:&quot;file:/Users/anuradharaman/eclipse-workspace/Anu/KFAPITestAutomation/target/test-classes/getProcessItemList.json#&quot;,&quot;pointer&quot;:&quot;/properties/Data/items/properties/ThisIsText&quot;}
    domain: &quot;syntax&quot;
    ignored: [&quot;$id&quot;,&quot;examples&quot;]
warning: the following keywords are unknown and will be ignored: [$id, examples]
    level: &quot;warning&quot;
    schema: {&quot;loadingURI&quot;:&quot;file:/Users/anuradharaman/eclipse-workspace/Anu/KFAPITestAutomation/target/test-classes/getProcessItemList.json#&quot;,&quot;pointer&quot;:&quot;/properties/Data/items/properties/ThisIsTextArea&quot;}
    domain: &quot;syntax&quot;
    ignored: [&quot;$id&quot;,&quot;examples&quot;]
warning: the following keywords are unknown and will be ignored: [$id]
    level: &quot;warning&quot;
    schema: {&quot;loadingURI&quot;:&quot;file:/Users/anuradharaman/eclipse-workspace/Anu/KFAPITestAutomation/target/test-classes/getProcessItemList.json#&quot;,&quot;pointer&quot;:&quot;/properties/Data/items/properties/ThisIsUser&quot;}
    domain: &quot;syntax&quot;
    ignored: [&quot;$id&quot;]
warning: the following keywords are unknown and will be ignored: [$id, examples]
    level: &quot;warning&quot;
    schema: {&quot;loadingURI&quot;:&quot;file:/Users/anuradharaman/eclipse-workspace/Anu/KFAPITestAutomation/target/test-classes/getProcessItemList.json#&quot;,&quot;pointer&quot;:&quot;/properties/Data/items/properties/ThisIsUser/properties/Kind&quot;}
    domain: &quot;syntax&quot;
    ignored: [&quot;$id&quot;,&quot;examples&quot;]
warning: the following keywords are unknown and will be ignored: [$id, examples]
    level: &quot;warning&quot;
    schema: {&quot;loadingURI&quot;:&quot;file:/Users/anuradharaman/eclipse-workspace/Anu/KFAPITestAutomation/target/test-classes/getProcessItemList.json#&quot;,&quot;pointer&quot;:&quot;/properties/Data/items/properties/ThisIsUser/properties/Name&quot;}
    domain: &quot;syntax&quot;
    ignored: [&quot;$id&quot;,&quot;examples&quot;]
warning: the following keywords are unknown and will be ignored: [$id, examples]
    level: &quot;warning&quot;
    schema: {&quot;loadingURI&quot;:&quot;file:/Users/anuradharaman/eclipse-workspace/Anu/KFAPITestAutomation/target/test-classes/getProcessItemList.json#&quot;,&quot;pointer&quot;:&quot;/properties/Data/items/properties/ThisIsUser/properties/_id&quot;}
    domain: &quot;syntax&quot;
    ignored: [&quot;$id&quot;,&quot;examples&quot;]
warning: the following keywords are unknown and will be ignored: [$id, examples]
    level: &quot;warning&quot;
    schema: {&quot;loadingURI&quot;:&quot;file:/Users/anuradharaman/eclipse-workspace/Anu/KFAPITestAutomation/target/test-classes/getProcessItemList.json#&quot;,&quot;pointer&quot;:&quot;/properties/Data/items/properties/ThisIsYesNo&quot;}
    domain: &quot;syntax&quot;
    ignored: [&quot;$id&quot;,&quot;examples&quot;]
warning: the following keywords are unknown and will be ignored: [$id]
    level: &quot;warning&quot;
    schema: {&quot;loadingURI&quot;:&quot;file:/Users/anuradharaman/eclipse-workspace/Anu/KFAPITestAutomation/target/test-classes/getProcessItemList.json#&quot;,&quot;pointer&quot;:&quot;/properties/Data/items/properties/Untitled_FieldThisIsCheckbox&quot;}
    domain: &quot;syntax&quot;
    ignored: [&quot;$id&quot;]
warning: the following keywords are unknown and will be ignored: [$id, examples]
    level: &quot;warning&quot;
    schema: {&quot;loadingURI&quot;:&quot;file:/Users/anuradharaman/eclipse-workspace/Anu/KFAPITestAutomation/target/test-classes/getProcessItemList.json#&quot;,&quot;pointer&quot;:&quot;/properties/Data/items/properties/Untitled_FieldThisIsCheckbox/items&quot;}
    domain: &quot;syntax&quot;
    ignored: [&quot;$id&quot;,&quot;examples&quot;]
warning: the following keywords are unknown and will be ignored: [$id]
    level: &quot;warning&quot;
    schema: {&quot;loadingURI&quot;:&quot;file:/Users/anuradharaman/eclipse-workspace/Anu/KFAPITestAutomation/target/test-classes/getProcessItemList.json#&quot;,&quot;pointer&quot;:&quot;/properties/Data/items/properties/_activity_instance_id&quot;}
    domain: &quot;syntax&quot;
    ignored: [&quot;$id&quot;]
warning: the following keywords are unknown and will be ignored: [$id, examples]
    level: &quot;warning&quot;
    schema: {&quot;loadingURI&quot;:&quot;file:/Users/anuradharaman/eclipse-workspace/Anu/KFAPITestAutomation/target/test-classes/getProcessItemList.json#&quot;,&quot;pointer&quot;:&quot;/properties/Data/items/properties/_activity_instance_id/items&quot;}
    domain: &quot;syntax&quot;
    ignored: [&quot;$id&quot;,&quot;examples&quot;]
warning: the following keywords are unknown and will be ignored: [$id, examples]
    level: &quot;warning&quot;
    schema: {&quot;loadingURI&quot;:&quot;file:/Users/anuradharaman/eclipse-workspace/Anu/KFAPITestAutomation/target/test-classes/getProcessItemList.json#&quot;,&quot;pointer&quot;:&quot;/properties/Data/items/properties/_created_at&quot;}
    domain: &quot;syntax&quot;
    ignored: [&quot;$id&quot;,&quot;examples&quot;]
warning: the following keywords are unknown and will be ignored: [$id]
    level: &quot;warning&quot;
    schema: {&quot;loadingURI&quot;:&quot;file:/Users/anuradharaman/eclipse-workspace/Anu/KFAPITestAutomation/target/test-classes/getProcessItemList.json#&quot;,&quot;pointer&quot;:&quot;/properties/Data/items/properties/_created_by&quot;}
    domain: &quot;syntax&quot;
    ignored: [&quot;$id&quot;]
warning: the following keywords are unknown and will be ignored: [$id, examples]
    level: &quot;warning&quot;
    schema: {&quot;loadingURI&quot;:&quot;file:/Users/anuradharaman/eclipse-workspace/Anu/KFAPITestAutomation/target/test-classes/getProcessItemList.json#&quot;,&quot;pointer&quot;:&quot;/properties/Data/items/properties/_created_by/properties/Kind&quot;}
    domain: &quot;syntax&quot;
    ignored: [&quot;$id&quot;,&quot;examples&quot;]
warning: the following keywords are unknown and will be ignored: [$id, examples]
    level: &quot;warning&quot;
    schema: {&quot;loadingURI&quot;:&quot;file:/Users/anuradharaman/eclipse-workspace/Anu/KFAPITestAutomation/target/test-classes/getProcessItemList.json#&quot;,&quot;pointer&quot;:&quot;/properties/Data/items/properties/_created_by/properties/Name&quot;}
    domain: &quot;syntax&quot;
    ignored: [&quot;$id&quot;,&quot;examples&quot;]
warning: the following keywords are unknown and will be ignored: [$id, examples]
    level: &quot;warning&quot;
    schema: {&quot;loadingURI&quot;:&quot;file:/Users/anuradharaman/eclipse-workspace/Anu/KFAPITestAutomation/target/test-classes/getProcessItemList.json#&quot;,&quot;pointer&quot;:&quot;/properties/Data/items/properties/_created_by/properties/_id&quot;}
    domain: &quot;syntax&quot;
    ignored: [&quot;$id&quot;,&quot;examples&quot;]
warning: the following keywords are unknown and will be ignored: [$id, examples]
    level: &quot;warning&quot;
    schema: {&quot;loadingURI&quot;:&quot;file:/Users/anuradharaman/eclipse-workspace/Anu/KFAPITestAutomation/target/test-classes/getProcessItemList.json#&quot;,&quot;pointer&quot;:&quot;/properties/Data/items/properties/_id&quot;}
    domain: &quot;syntax&quot;
    ignored: [&quot;$id&quot;,&quot;examples&quot;]
warning: the following keywords are unknown and will be ignored: [$id, examples]
    level: &quot;warning&quot;
    schema: {&quot;loadingURI&quot;:&quot;file:/Users/anuradharaman/eclipse-workspace/Anu/KFAPITestAutomation/target/test-classes/getProcessItemList.json#&quot;,&quot;pointer&quot;:&quot;/properties/Data/items/properties/_status&quot;}
    domain: &quot;syntax&quot;
    ignored: [&quot;$id&quot;,&quot;examples&quot;]
warning: the following keywords are unknown and will be ignored: [$id]
    level: &quot;warning&quot;
    schema: {&quot;loadingURI&quot;:&quot;file:/Users/anuradharaman/eclipse-workspace/Anu/KFAPITestAutomation/target/test-classes/getProcessItemList.json#&quot;,&quot;pointer&quot;:&quot;/properties/Filter&quot;}
    domain: &quot;syntax&quot;
    ignored: [&quot;$id&quot;]
warning: the following keywords are unknown and will be ignored: [$id]
    level: &quot;warning&quot;
    schema: {&quot;loadingURI&quot;:&quot;file:/Users/anuradharaman/eclipse-workspace/Anu/KFAPITestAutomation/target/test-classes/getProcessItemList.json#&quot;,&quot;pointer&quot;:&quot;/properties/Sort&quot;}
    domain: &quot;syntax&quot;
    ignored: [&quot;$id&quot;]
warning: the following keywords are unknown and will be ignored: [$id, examples]
    level: &quot;warning&quot;
    schema: {&quot;loadingURI&quot;:&quot;file:/Users/anuradharaman/eclipse-workspace/Anu/KFAPITestAutomation/target/test-classes/getProcessItemList.json#&quot;,&quot;pointer&quot;:&quot;/properties/_id&quot;}
    domain: &quot;syntax&quot;
    ignored: [&quot;$id&quot;,&quot;examples&quot;]
warning: the following keywords are unknown and will be ignored: [$id]
    level: &quot;warning&quot;
    schema: {&quot;loadingURI&quot;:&quot;file:/Users/anuradharaman/eclipse-workspace/Anu/KFAPITestAutomation/target/test-classes/getProcessItemList.json#&quot;,&quot;pointer&quot;:&quot;/properties/Aggregation&quot;}
    domain: &quot;syntax&quot;
    ignored: [&quot;$id&quot;]
warning: the following keywords are unknown and will be ignored: [$id]
    level: &quot;warning&quot;
    schema: {&quot;loadingURI&quot;:&quot;file:/Users/anuradharaman/eclipse-workspace/Anu/KFAPITestAutomation/target/test-classes/getProcessItemList.json#&quot;,&quot;pointer&quot;:&quot;/properties/Aggregation/properties/Name&quot;}
    domain: &quot;syntax&quot;
    ignored: [&quot;$id&quot;]
warning: the following keywords are unknown and will be ignored: [$id, examples]
    level: &quot;warning&quot;
    schema: {&quot;loadingURI&quot;:&quot;file:/Users/anuradharaman/eclipse-workspace/Anu/KFAPITestAutomation/target/test-classes/getProcessItemList.json#&quot;,&quot;pointer&quot;:&quot;/properties/Aggregation/properties/Name/properties/Blank&quot;}
    domain: &quot;syntax&quot;
    ignored: [&quot;$id&quot;,&quot;examples&quot;]
warning: the following keywords are unknown and will be ignored: [$id, examples]
    level: &quot;warning&quot;
    schema: {&quot;loadingURI&quot;:&quot;file:/Users/anuradharaman/eclipse-workspace/Anu/KFAPITestAutomation/target/test-classes/getProcessItemList.json#&quot;,&quot;pointer&quot;:&quot;/properties/Aggregation/properties/Name/properties/Count&quot;}
    domain: &quot;syntax&quot;
    ignored: [&quot;$id&quot;,&quot;examples&quot;]
warning: the following keywords are unknown and will be ignored: [$id, examples]
    level: &quot;warning&quot;
    schema: {&quot;loadingURI&quot;:&quot;file:/Users/anuradharaman/eclipse-workspace/Anu/KFAPITestAutomation/target/test-classes/getProcessItemList.json#&quot;,&quot;pointer&quot;:&quot;/properties/Aggregation/properties/Name/properties/NonBlank&quot;}
    domain: &quot;syntax&quot;
    ignored: [&quot;$id&quot;,&quot;examples&quot;]
warning: the following keywords are unknown and will be ignored: [$id]
    level: &quot;warning&quot;
    schema: {&quot;loadingURI&quot;:&quot;file:/Users/anuradharaman/eclipse-workspace/Anu/KFAPITestAutomation/target/test-classes/getProcessItemList.json#&quot;,&quot;pointer&quot;:&quot;/properties/Aggregation/properties/ThisIsAttach&quot;}
    domain: &quot;syntax&quot;
    ignored: [&quot;$id&quot;]
warning: the following keywords are unknown and will be ignored: [$id, examples]
    level: &quot;warning&quot;
    schema: {&quot;loadingURI&quot;:&quot;file:/Users/anuradharaman/eclipse-workspace/Anu/KFAPITestAutomation/target/test-classes/getProcessItemList.json#&quot;,&quot;pointer&quot;:&quot;/properties/Aggregation/properties/ThisIsAttach/properties/Blank&quot;}
    domain: &quot;syntax&quot;
    ignored: [&quot;$id&quot;,&quot;examples&quot;]
warning: the following keywords are unknown and will be ignored: [$id, examples]
    level: &quot;warning&quot;
    schema: {&quot;loadingURI&quot;:&quot;file:/Users/anuradharaman/eclipse-workspace/Anu/KFAPITestAutomation/target/test-classes/getProcessItemList.json#&quot;,&quot;pointer&quot;:&quot;/properties/Aggregation/properties/ThisIsAttach/properties/Count&quot;}
    domain: &quot;syntax&quot;
    ignored: [&quot;$id&quot;,&quot;examples&quot;]
warning: the following keywords are unknown and will be ignored: [$id, examples]
    level: &quot;warning&quot;
    schema: {&quot;loadingURI&quot;:&quot;file:/Users/anuradharaman/eclipse-workspace/Anu/KFAPITestAutomation/target/test-classes/getProcessItemList.json#&quot;,&quot;pointer&quot;:&quot;/properties/Aggregation/properties/ThisIsAttach/properties/NonBlank&quot;}
    domain: &quot;syntax&quot;
    ignored: [&quot;$id&quot;,&quot;examples&quot;]
warning: the following keywords are unknown and will be ignored: [$id]
    level: &quot;warning&quot;
    schema: {&quot;loadingURI&quot;:&quot;file:/Users/anuradharaman/eclipse-workspace/Anu/KFAPITestAutomation/target/test-classes/getProcessItemList.json#&quot;,&quot;pointer&quot;:&quot;/properties/Aggregation/properties/ThisIsCheckList&quot;}
    domain: &quot;syntax&quot;
    ignored: [&quot;$id&quot;]
warning: the following keywords are unknown and will be ignored: [$id, examples]
    level: &quot;warning&quot;
    schema: {&quot;loadingURI&quot;:&quot;file:/Users/anuradharaman/eclipse-workspace/Anu/KFAPITestAutomation/target/test-classes/getProcessItemList.json#&quot;,&quot;pointer&quot;:&quot;/properties/Aggregation/properties/ThisIsCheckList/properties/Blank&quot;}
    domain: &quot;syntax&quot;
    ignored: [&quot;$id&quot;,&quot;examples&quot;]
warning: the following keywords are unknown and will be ignored: [$id, examples]
    level: &quot;warning&quot;
    schema: {&quot;loadingURI&quot;:&quot;file:/Users/anuradharaman/eclipse-workspace/Anu/KFAPITestAutomation/target/test-classes/getProcessItemList.json#&quot;,&quot;pointer&quot;:&quot;/properties/Aggregation/properties/ThisIsCheckList/properties/Count&quot;}
    domain: &quot;syntax&quot;
    ignored: [&quot;$id&quot;,&quot;examples&quot;]
warning: the following keywords are unknown and will be ignored: [$id, examples]
    level: &quot;warning&quot;
    schema: {&quot;loadingURI&quot;:&quot;file:/Users/anuradharaman/eclipse-workspace/Anu/KFAPITestAutomation/target/test-classes/getProcessItemList.json#&quot;,&quot;pointer&quot;:&quot;/properties/Aggregation/properties/ThisIsCheckList/properties/NonBlank&quot;}
    domain: &quot;syntax&quot;
    ignored: [&quot;$id&quot;,&quot;examples&quot;]
warning: the following keywords are unknown and will be ignored: [$id]
    level: &quot;warning&quot;
    schema: {&quot;loadingURI&quot;:&quot;file:/Users/anuradharaman/eclipse-workspace/Anu/KFAPITestAutomation/target/test-classes/getProcessItemList.json#&quot;,&quot;pointer&quot;:&quot;/properties/Aggregation/properties/ThisIsCurrency&quot;}
    domain: &quot;syntax&quot;
    ignored: [&quot;$id&quot;]
warning: the following keywords are unknown and will be ignored: [$id, examples]
    level: &quot;warning&quot;
    schema: {&quot;loadingURI&quot;:&quot;file:/Users/anuradharaman/eclipse-workspace/Anu/KFAPITestAutomation/target/test-classes/getProcessItemList.json#&quot;,&quot;pointer&quot;:&quot;/properties/Aggregation/properties/ThisIsCurrency/properties/Average&quot;}
    domain: &quot;syntax&quot;
    ignored: [&quot;$id&quot;,&quot;examples&quot;]
warning: the following keywords are unknown and will be ignored: [$id, examples]
    level: &quot;warning&quot;
    schema: {&quot;loadingURI&quot;:&quot;file:/Users/anuradharaman/eclipse-workspace/Anu/KFAPITestAutomation/target/test-classes/getProcessItemList.json#&quot;,&quot;pointer&quot;:&quot;/properties/Aggregation/properties/ThisIsCurrency/properties/Blank&quot;}
    domain: &quot;syntax&quot;
    ignored: [&quot;$id&quot;,&quot;examples&quot;]
warning: the following keywords are unknown and will be ignored: [$id, examples]
    level: &quot;warning&quot;
    schema: {&quot;loadingURI&quot;:&quot;file:/Users/anuradharaman/eclipse-workspace/Anu/KFAPITestAutomation/target/test-classes/getProcessItemList.json#&quot;,&quot;pointer&quot;:&quot;/properties/Aggregation/properties/ThisIsCurrency/properties/Count&quot;}
    domain: &quot;syntax&quot;
    ignored: [&quot;$id&quot;,&quot;examples&quot;]
warning: the following keywords are unknown and will be ignored: [$id, examples]
    level: &quot;warning&quot;
    schema: {&quot;loadingURI&quot;:&quot;file:/Users/anuradharaman/eclipse-workspace/Anu/KFAPITestAutomation/target/test-classes/getProcessItemList.json#&quot;,&quot;pointer&quot;:&quot;/properties/Aggregation/properties/ThisIsCurrency/properties/Max&quot;}
    domain: &quot;syntax&quot;
    ignored: [&quot;$id&quot;,&quot;examples&quot;]
warning: the following keywords are unknown and will be ignored: [$id, examples]
    level: &quot;warning&quot;
    schema: {&quot;loadingURI&quot;:&quot;file:/Users/anuradharaman/eclipse-workspace/Anu/KFAPITestAutomation/target/test-classes/getProcessItemList.json#&quot;,&quot;pointer&quot;:&quot;/properties/Aggregation/properties/ThisIsCurrency/properties/Min&quot;}
    domain: &quot;syntax&quot;
    ignored: [&quot;$id&quot;,&quot;examples&quot;]
warning: the following keywords are unknown and will be ignored: [$id, examples]
    level: &quot;warning&quot;
    schema: {&quot;loadingURI&quot;:&quot;file:/Users/anuradharaman/eclipse-workspace/Anu/KFAPITestAutomation/target/test-classes/getProcessItemList.json#&quot;,&quot;pointer&quot;:&quot;/properties/Aggregation/properties/ThisIsCurrency/properties/NonBlank&quot;}
    domain: &quot;syntax&quot;
    ignored: [&quot;$id&quot;,&quot;examples&quot;]
warning: the following keywords are unknown and will be ignored: [$id, examples]
    level: &quot;warning&quot;
    schema: {&quot;loadingURI&quot;:&quot;file:/Users/anuradharaman/eclipse-workspace/Anu/KFAPITestAutomation/target/test-classes/getProcessItemList.json#&quot;,&quot;pointer&quot;:&quot;/properties/Aggregation/properties/ThisIsCurrency/properties/Sum&quot;}
    domain: &quot;syntax&quot;
    ignored: [&quot;$id&quot;,&quot;examples&quot;]
warning: the following keywords are unknown and will be ignored: [$id]
    level: &quot;warning&quot;
    schema: {&quot;loadingURI&quot;:&quot;file:/Users/anuradharaman/eclipse-workspace/Anu/KFAPITestAutomation/target/test-classes/getProcessItemList.json#&quot;,&quot;pointer&quot;:&quot;/properties/Aggregation/properties/ThisIsDate&quot;}
    domain: &quot;syntax&quot;
    ignored: [&quot;$id&quot;]
warning: the following keywords are unknown and will be ignored: [$id, examples]
    level: &quot;warning&quot;
    schema: {&quot;loadingURI&quot;:&quot;file:/Users/anuradharaman/eclipse-workspace/Anu/KFAPITestAutomation/target/test-classes/getProcessItemList.json#&quot;,&quot;pointer&quot;:&quot;/properties/Aggregation/properties/ThisIsDate/properties/Blank&quot;}
    domain: &quot;syntax&quot;
    ignored: [&quot;$id&quot;,&quot;examples&quot;]
warning: the following keywords are unknown and will be ignored: [$id, examples]
    level: &quot;warning&quot;
    schema: {&quot;loadingURI&quot;:&quot;file:/Users/anuradharaman/eclipse-workspace/Anu/KFAPITestAutomation/target/test-classes/getProcessItemList.json#&quot;,&quot;pointer&quot;:&quot;/properties/Aggregation/properties/ThisIsDate/properties/Count&quot;}
    domain: &quot;syntax&quot;
    ignored: [&quot;$id&quot;,&quot;examples&quot;]
warning: the following keywords are unknown and will be ignored: [$id, examples]
    level: &quot;warning&quot;
    schema: {&quot;loadingURI&quot;:&quot;file:/Users/anuradharaman/eclipse-workspace/Anu/KFAPITestAutomation/target/test-classes/getProcessItemList.json#&quot;,&quot;pointer&quot;:&quot;/properties/Aggregation/properties/ThisIsDate/properties/Max&quot;}
    domain: &quot;syntax&quot;
    ignored: [&quot;$id&quot;,&quot;examples&quot;]
warning: the following keywords are unknown and will be ignored: [$id, examples]
    level: &quot;warning&quot;
    schema: {&quot;loadingURI&quot;:&quot;file:/Users/anuradharaman/eclipse-workspace/Anu/KFAPITestAutomation/target/test-classes/getProcessItemList.json#&quot;,&quot;pointer&quot;:&quot;/properties/Aggregation/properties/ThisIsDate/properties/Min&quot;}
    domain: &quot;syntax&quot;
    ignored: [&quot;$id&quot;,&quot;examples&quot;]
warning: the following keywords are unknown and will be ignored: [$id, examples]
    level: &quot;warning&quot;
    schema: {&quot;loadingURI&quot;:&quot;file:/Users/anuradharaman/eclipse-workspace/Anu/KFAPITestAutomation/target/test-classes/getProcessItemList.json#&quot;,&quot;pointer&quot;:&quot;/properties/Aggregation/properties/ThisIsDate/properties/NonBlank&quot;}
    domain: &quot;syntax&quot;
    ignored: [&quot;$id&quot;,&quot;examples&quot;]
warning: the following keywords are unknown and will be ignored: [$id]
    level: &quot;warning&quot;
    schema: {&quot;loadingURI&quot;:&quot;file:/Users/anuradharaman/eclipse-workspace/Anu/KFAPITestAutomation/target/test-classes/getProcessItemList.json#&quot;,&quot;pointer&quot;:&quot;/properties/Aggregation/properties/ThisIsDateAndTime&quot;}
    domain: &quot;syntax&quot;
    ignored: [&quot;$id&quot;]
warning: the following keywords are unknown and will be ignored: [$id, examples]
    level: &quot;warning&quot;
    schema: {&quot;loadingURI&quot;:&quot;file:/Users/anuradharaman/eclipse-workspace/Anu/KFAPITestAutomation/target/test-classes/getProcessItemList.json#&quot;,&quot;pointer&quot;:&quot;/properties/Aggregation/properties/ThisIsDateAndTime/properties/Blank&quot;}
    domain: &quot;syntax&quot;
    ignored: [&quot;$id&quot;,&quot;examples&quot;]
warning: the following keywords are unknown and will be ignored: [$id, examples]
    level: &quot;warning&quot;
    schema: {&quot;loadingURI&quot;:&quot;file:/Users/anuradharaman/eclipse-workspace/Anu/KFAPITestAutomation/target/test-classes/getProcessItemList.json#&quot;,&quot;pointer&quot;:&quot;/properties/Aggregation/properties/ThisIsDateAndTime/properties/Count&quot;}
    domain: &quot;syntax&quot;
    ignored: [&quot;$id&quot;,&quot;examples&quot;]
warning: the following keywords are unknown and will be ignored: [$id, examples]
    level: &quot;warning&quot;
    schema: {&quot;loadingURI&quot;:&quot;file:/Users/anuradharaman/eclipse-workspace/Anu/KFAPITestAutomation/target/test-classes/getProcessItemList.json#&quot;,&quot;pointer&quot;:&quot;/properties/Aggregation/properties/ThisIsDateAndTime/properties/Max&quot;}
    domain: &quot;syntax&quot;
    ignored: [&quot;$id&quot;,&quot;examples&quot;]
warning: the following keywords are unknown and will be ignored: [$id, examples]
    level: &quot;warning&quot;
    schema: {&quot;loadingURI&quot;:&quot;file:/Users/anuradharaman/eclipse-workspace/Anu/KFAPITestAutomation/target/test-classes/getProcessItemList.json#&quot;,&quot;pointer&quot;:&quot;/properties/Aggregation/properties/ThisIsDateAndTime/properties/Min&quot;}
    domain: &quot;syntax&quot;
    ignored: [&quot;$id&quot;,&quot;examples&quot;]
warning: the following keywords are unknown and will be ignored: [$id, examples]
    level: &quot;warning&quot;
    schema: {&quot;loadingURI&quot;:&quot;file:/Users/anuradharaman/eclipse-workspace/Anu/KFAPITestAutomation/target/test-classes/getProcessItemList.json#&quot;,&quot;pointer&quot;:&quot;/properties/Aggregation/properties/ThisIsDateAndTime/properties/NonBlank&quot;}
    domain: &quot;syntax&quot;
    ignored: [&quot;$id&quot;,&quot;examples&quot;]
warning: the following keywords are unknown and will be ignored: [$id]
    level: &quot;warning&quot;
    schema: {&quot;loadingURI&quot;:&quot;file:/Users/anuradharaman/eclipse-workspace/Anu/KFAPITestAutomation/target/test-classes/getProcessItemList.json#&quot;,&quot;pointer&quot;:&quot;/properties/Aggregation/properties/ThisIsDropdown&quot;}
    domain: &quot;syntax&quot;
    ignored: [&quot;$id&quot;]
warning: the following keywords are unknown and will be ignored: [$id, examples]
    level: &quot;warning&quot;
    schema: {&quot;loadingURI&quot;:&quot;file:/Users/anuradharaman/eclipse-workspace/Anu/KFAPITestAutomation/target/test-classes/getProcessItemList.json#&quot;,&quot;pointer&quot;:&quot;/properties/Aggregation/properties/ThisIsDropdown/properties/Blank&quot;}
    domain: &quot;syntax&quot;
    ignored: [&quot;$id&quot;,&quot;examples&quot;]
warning: the following keywords are unknown and will be ignored: [$id, examples]
    level: &quot;warning&quot;
    schema: {&quot;loadingURI&quot;:&quot;file:/Users/anuradharaman/eclipse-workspace/Anu/KFAPITestAutomation/target/test-classes/getProcessItemList.json#&quot;,&quot;pointer&quot;:&quot;/properties/Aggregation/properties/ThisIsDropdown/properties/Count&quot;}
    domain: &quot;syntax&quot;
    ignored: [&quot;$id&quot;,&quot;examples&quot;]
warning: the following keywords are unknown and will be ignored: [$id, examples]
    level: &quot;warning&quot;
    schema: {&quot;loadingURI&quot;:&quot;file:/Users/anuradharaman/eclipse-workspace/Anu/KFAPITestAutomation/target/test-classes/getProcessItemList.json#&quot;,&quot;pointer&quot;:&quot;/properties/Aggregation/properties/ThisIsDropdown/properties/NonBlank&quot;}
    domain: &quot;syntax&quot;
    ignored: [&quot;$id&quot;,&quot;examples&quot;]
warning: the following keywords are unknown and will be ignored: [$id]
    level: &quot;warning&quot;
    schema: {&quot;loadingURI&quot;:&quot;file:/Users/anuradharaman/eclipse-workspace/Anu/KFAPITestAutomation/target/test-classes/getProcessItemList.json#&quot;,&quot;pointer&quot;:&quot;/properties/Aggregation/properties/ThisIsImage&quot;}
    domain: &quot;syntax&quot;
    ignored: [&quot;$id&quot;]
warning: the following keywords are unknown and will be ignored: [$id, examples]
    level: &quot;warning&quot;
    schema: {&quot;loadingURI&quot;:&quot;file:/Users/anuradharaman/eclipse-workspace/Anu/KFAPITestAutomation/target/test-classes/getProcessItemList.json#&quot;,&quot;pointer&quot;:&quot;/properties/Aggregation/properties/ThisIsImage/properties/Blank&quot;}
    domain: &quot;syntax&quot;
    ignored: [&quot;$id&quot;,&quot;examples&quot;]
warning: the following keywords are unknown and will be ignored: [$id, examples]
    level: &quot;warning&quot;
    schema: {&quot;loadingURI&quot;:&quot;file:/Users/anuradharaman/eclipse-workspace/Anu/KFAPITestAutomation/target/test-classes/getProcessItemList.json#&quot;,&quot;pointer&quot;:&quot;/properties/Aggregation/properties/ThisIsImage/properties/Count&quot;}
    domain: &quot;syntax&quot;
    ignored: [&quot;$id&quot;,&quot;examples&quot;]
warning: the following keywords are unknown and will be ignored: [$id, examples]
    level: &quot;warning&quot;
    schema: {&quot;loadingURI&quot;:&quot;file:/Users/anuradharaman/eclipse-workspace/Anu/KFAPITestAutomation/target/test-classes/getProcessItemList.json#&quot;,&quot;pointer&quot;:&quot;/properties/Aggregation/properties/ThisIsImage/properties/NonBlank&quot;}
    domain: &quot;syntax&quot;
    ignored: [&quot;$id&quot;,&quot;examples&quot;]
warning: the following keywords are unknown and will be ignored: [$id]
    level: &quot;warning&quot;
    schema: {&quot;loadingURI&quot;:&quot;file:/Users/anuradharaman/eclipse-workspace/Anu/KFAPITestAutomation/target/test-classes/getProcessItemList.json#&quot;,&quot;pointer&quot;:&quot;/properties/Aggregation/properties/ThisIsLookup&quot;}
    domain: &quot;syntax&quot;
    ignored: [&quot;$id&quot;]
warning: the following keywords are unknown and will be ignored: [$id, examples]
    level: &quot;warning&quot;
    schema: {&quot;loadingURI&quot;:&quot;file:/Users/anuradharaman/eclipse-workspace/Anu/KFAPITestAutomation/target/test-classes/getProcessItemList.json#&quot;,&quot;pointer&quot;:&quot;/properties/Aggregation/properties/ThisIsLookup/properties/Blank&quot;}
    domain: &quot;syntax&quot;
    ignored: [&quot;$id&quot;,&quot;examples&quot;]
warning: the following keywords are unknown and will be ignored: [$id, examples]
    level: &quot;warning&quot;
    schema: {&quot;loadingURI&quot;:&quot;file:/Users/anuradharaman/eclipse-workspace/Anu/KFAPITestAutomation/target/test-classes/getProcessItemList.json#&quot;,&quot;pointer&quot;:&quot;/properties/Aggregation/properties/ThisIsLookup/properties/Count&quot;}
    domain: &quot;syntax&quot;
    ignored: [&quot;$id&quot;,&quot;examples&quot;]
warning: the following keywords are unknown and will be ignored: [$id, examples]
    level: &quot;warning&quot;
    schema: {&quot;loadingURI&quot;:&quot;file:/Users/anuradharaman/eclipse-workspace/Anu/KFAPITestAutomation/target/test-classes/getProcessItemList.json#&quot;,&quot;pointer&quot;:&quot;/properties/Aggregation/properties/ThisIsLookup/properties/NonBlank&quot;}
    domain: &quot;syntax&quot;
    ignored: [&quot;$id&quot;,&quot;examples&quot;]
warning: the following keywords are unknown and will be ignored: [$id]
    level: &quot;warning&quot;
    schema: {&quot;loadingURI&quot;:&quot;file:/Users/anuradharaman/eclipse-workspace/Anu/KFAPITestAutomation/target/test-classes/getProcessItemList.json#&quot;,&quot;pointer&quot;:&quot;/properties/Aggregation/properties/ThisIsNum&quot;}
    domain: &quot;syntax&quot;
    ignored: [&quot;$id&quot;]
warning: the following keywords are unknown and will be ignored: [$id, examples]
    level: &quot;warning&quot;
    schema: {&quot;loadingURI&quot;:&quot;file:/Users/anuradharaman/eclipse-workspace/Anu/KFAPITestAutomation/target/test-classes/getProcessItemList.json#&quot;,&quot;pointer&quot;:&quot;/properties/Aggregation/properties/ThisIsNum/properties/Average&quot;}
    domain: &quot;syntax&quot;
    ignored: [&quot;$id&quot;,&quot;examples&quot;]
warning: the following keywords are unknown and will be ignored: [$id, examples]
    level: &quot;warning&quot;
    schema: {&quot;loadingURI&quot;:&quot;file:/Users/anuradharaman/eclipse-workspace/Anu/KFAPITestAutomation/target/test-classes/getProcessItemList.json#&quot;,&quot;pointer&quot;:&quot;/properties/Aggregation/properties/ThisIsNum/properties/Blank&quot;}
    domain: &quot;syntax&quot;
    ignored: [&quot;$id&quot;,&quot;examples&quot;]
warning: the following keywords are unknown and will be ignored: [$id, examples]
    level: &quot;warning&quot;
    schema: {&quot;loadingURI&quot;:&quot;file:/Users/anuradharaman/eclipse-workspace/Anu/KFAPITestAutomation/target/test-classes/getProcessItemList.json#&quot;,&quot;pointer&quot;:&quot;/properties/Aggregation/properties/ThisIsNum/properties/Count&quot;}
    domain: &quot;syntax&quot;
    ignored: [&quot;$id&quot;,&quot;examples&quot;]
warning: the following keywords are unknown and will be ignored: [$id, examples]
    level: &quot;warning&quot;
    schema: {&quot;loadingURI&quot;:&quot;file:/Users/anuradharaman/eclipse-workspace/Anu/KFAPITestAutomation/target/test-classes/getProcessItemList.json#&quot;,&quot;pointer&quot;:&quot;/properties/Aggregation/properties/ThisIsNum/properties/Max&quot;}
    domain: &quot;syntax&quot;
    ignored: [&quot;$id&quot;,&quot;examples&quot;]
warning: the following keywords are unknown and will be ignored: [$id, examples]
    level: &quot;warning&quot;
    schema: {&quot;loadingURI&quot;:&quot;file:/Users/anuradharaman/eclipse-workspace/Anu/KFAPITestAutomation/target/test-classes/getProcessItemList.json#&quot;,&quot;pointer&quot;:&quot;/properties/Aggregation/properties/ThisIsNum/properties/Min&quot;}
    domain: &quot;syntax&quot;
    ignored: [&quot;$id&quot;,&quot;examples&quot;]
warning: the following keywords are unknown and will be ignored: [$id, examples]
    level: &quot;warning&quot;
    schema: {&quot;loadingURI&quot;:&quot;file:/Users/anuradharaman/eclipse-workspace/Anu/KFAPITestAutomation/target/test-classes/getProcessItemList.json#&quot;,&quot;pointer&quot;:&quot;/properties/Aggregation/properties/ThisIsNum/properties/NonBlank&quot;}
    domain: &quot;syntax&quot;
    ignored: [&quot;$id&quot;,&quot;examples&quot;]
warning: the following keywords are unknown and will be ignored: [$id, examples]
    level: &quot;warning&quot;
    schema: {&quot;loadingURI&quot;:&quot;file:/Users/anuradharaman/eclipse-workspace/Anu/KFAPITestAutomation/target/test-classes/getProcessItemList.json#&quot;,&quot;pointer&quot;:&quot;/properties/Aggregation/properties/ThisIsNum/properties/Sum&quot;}
    domain: &quot;syntax&quot;
    ignored: [&quot;$id&quot;,&quot;examples&quot;]
warning: the following keywords are unknown and will be ignored: [$id]
    level: &quot;warning&quot;
    schema: {&quot;loadingURI&quot;:&quot;file:/Users/anuradharaman/eclipse-workspace/Anu/KFAPITestAutomation/target/test-classes/getProcessItemList.json#&quot;,&quot;pointer&quot;:&quot;/properties/Aggregation/properties/ThisIsRating&quot;}
    domain: &quot;syntax&quot;
    ignored: [&quot;$id&quot;]
warning: the following keywords are unknown and will be ignored: [$id, examples]
    level: &quot;warning&quot;
    schema: {&quot;loadingURI&quot;:&quot;file:/Users/anuradharaman/eclipse-workspace/Anu/KFAPITestAutomation/target/test-classes/getProcessItemList.json#&quot;,&quot;pointer&quot;:&quot;/properties/Aggregation/properties/ThisIsRating/properties/Average&quot;}
    domain: &quot;syntax&quot;
    ignored: [&quot;$id&quot;,&quot;examples&quot;]
warning: the following keywords are unknown and will be ignored: [$id, examples]
    level: &quot;warning&quot;
    schema: {&quot;loadingURI&quot;:&quot;file:/Users/anuradharaman/eclipse-workspace/Anu/KFAPITestAutomation/target/test-classes/getProcessItemList.json#&quot;,&quot;pointer&quot;:&quot;/properties/Aggregation/properties/ThisIsRating/properties/Blank&quot;}
    domain: &quot;syntax&quot;
    ignored: [&quot;$id&quot;,&quot;examples&quot;]
warning: the following keywords are unknown and will be ignored: [$id, examples]
    level: &quot;warning&quot;
    schema: {&quot;loadingURI&quot;:&quot;file:/Users/anuradharaman/eclipse-workspace/Anu/KFAPITestAutomation/target/test-classes/getProcessItemList.json#&quot;,&quot;pointer&quot;:&quot;/properties/Aggregation/properties/ThisIsRating/properties/Count&quot;}
    domain: &quot;syntax&quot;
    ignored: [&quot;$id&quot;,&quot;examples&quot;]
warning: the following keywords are unknown and will be ignored: [$id, examples]
    level: &quot;warning&quot;
    schema: {&quot;loadingURI&quot;:&quot;file:/Users/anuradharaman/eclipse-workspace/Anu/KFAPITestAutomation/target/test-classes/getProcessItemList.json#&quot;,&quot;pointer&quot;:&quot;/properties/Aggregation/properties/ThisIsRating/properties/Max&quot;}
    domain: &quot;syntax&quot;
    ignored: [&quot;$id&quot;,&quot;examples&quot;]
warning: the following keywords are unknown and will be ignored: [$id, examples]
    level: &quot;warning&quot;
    schema: {&quot;loadingURI&quot;:&quot;file:/Users/anuradharaman/eclipse-workspace/Anu/KFAPITestAutomation/target/test-classes/getProcessItemList.json#&quot;,&quot;pointer&quot;:&quot;/properties/Aggregation/properties/ThisIsRating/properties/Min&quot;}
    domain: &quot;syntax&quot;
    ignored: [&quot;$id&quot;,&quot;examples&quot;]
warning: the following keywords are unknown and will be ignored: [$id, examples]
    level: &quot;warning&quot;
    schema: {&quot;loadingURI&quot;:&quot;file:/Users/anuradharaman/eclipse-workspace/Anu/KFAPITestAutomation/target/test-classes/getProcessItemList.json#&quot;,&quot;pointer&quot;:&quot;/properties/Aggregation/properties/ThisIsRating/properties/NonBlank&quot;}
    domain: &quot;syntax&quot;
    ignored: [&quot;$id&quot;,&quot;examples&quot;]
warning: the following keywords are unknown and will be ignored: [$id, examples]
    level: &quot;warning&quot;
    schema: {&quot;loadingURI&quot;:&quot;file:/Users/anuradharaman/eclipse-workspace/Anu/KFAPITestAutomation/target/test-classes/getProcessItemList.json#&quot;,&quot;pointer&quot;:&quot;/properties/Aggregation/properties/ThisIsRating/properties/Sum&quot;}
    domain: &quot;syntax&quot;
    ignored: [&quot;$id&quot;,&quot;examples&quot;]
warning: the following keywords are unknown and will be ignored: [$id]
    level: &quot;warning&quot;
    schema: {&quot;loadingURI&quot;:&quot;file:/Users/anuradharaman/eclipse-workspace/Anu/KFAPITestAutomation/target/test-classes/getProcessItemList.json#&quot;,&quot;pointer&quot;:&quot;/properties/Aggregation/properties/ThisIsRemoteLookup&quot;}
    domain: &quot;syntax&quot;
    ignored: [&quot;$id&quot;]
warning: the following keywords are unknown and will be ignored: [$id, examples]
    level: &quot;warning&quot;
    schema: {&quot;loadingURI&quot;:&quot;file:/Users/anuradharaman/eclipse-workspace/Anu/KFAPITestAutomation/target/test-classes/getProcessItemList.json#&quot;,&quot;pointer&quot;:&quot;/properties/Aggregation/properties/ThisIsRemoteLookup/properties/Blank&quot;}
    domain: &quot;syntax&quot;
    ignored: [&quot;$id&quot;,&quot;examples&quot;]
warning: the following keywords are unknown and will be ignored: [$id, examples]
    level: &quot;warning&quot;
    schema: {&quot;loadingURI&quot;:&quot;file:/Users/anuradharaman/eclipse-workspace/Anu/KFAPITestAutomation/target/test-classes/getProcessItemList.json#&quot;,&quot;pointer&quot;:&quot;/properties/Aggregation/properties/ThisIsRemoteLookup/properties/Count&quot;}
    domain: &quot;syntax&quot;
    ignored: [&quot;$id&quot;,&quot;examples&quot;]
warning: the following keywords are unknown and will be ignored: [$id, examples]
    level: &quot;warning&quot;
    schema: {&quot;loadingURI&quot;:&quot;file:/Users/anuradharaman/eclipse-workspace/Anu/KFAPITestAutomation/target/test-classes/getProcessItemList.json#&quot;,&quot;pointer&quot;:&quot;/properties/Aggregation/properties/ThisIsRemoteLookup/properties/NonBlank&quot;}
    domain: &quot;syntax&quot;
    ignored: [&quot;$id&quot;,&quot;examples&quot;]
warning: the following keywords are unknown and will be ignored: [$id]
    level: &quot;warning&quot;
    schema: {&quot;loadingURI&quot;:&quot;file:/Users/anuradharaman/eclipse-workspace/Anu/KFAPITestAutomation/target/test-classes/getProcessItemList.json#&quot;,&quot;pointer&quot;:&quot;/properties/Aggregation/properties/ThisIsSign&quot;}
    domain: &quot;syntax&quot;
    ignored: [&quot;$id&quot;]
warning: the following keywords are unknown and will be ignored: [$id, examples]
    level: &quot;warning&quot;
    schema: {&quot;loadingURI&quot;:&quot;file:/Users/anuradharaman/eclipse-workspace/Anu/KFAPITestAutomation/target/test-classes/getProcessItemList.json#&quot;,&quot;pointer&quot;:&quot;/properties/Aggregation/properties/ThisIsSign/properties/Blank&quot;}
    domain: &quot;syntax&quot;
    ignored: [&quot;$id&quot;,&quot;examples&quot;]
warning: the following keywords are unknown and will be ignored: [$id, examples]
    level: &quot;warning&quot;
    schema: {&quot;loadingURI&quot;:&quot;file:/Users/anuradharaman/eclipse-workspace/Anu/KFAPITestAutomation/target/test-classes/getProcessItemList.json#&quot;,&quot;pointer&quot;:&quot;/properties/Aggregation/properties/ThisIsSign/properties/Count&quot;}
    domain: &quot;syntax&quot;
    ignored: [&quot;$id&quot;,&quot;examples&quot;]
warning: the following keywords are unknown and will be ignored: [$id, examples]
    level: &quot;warning&quot;
    schema: {&quot;loadingURI&quot;:&quot;file:/Users/anuradharaman/eclipse-workspace/Anu/KFAPITestAutomation/target/test-classes/getProcessItemList.json#&quot;,&quot;pointer&quot;:&quot;/properties/Aggregation/properties/ThisIsSign/properties/NonBlank&quot;}
    domain: &quot;syntax&quot;
    ignored: [&quot;$id&quot;,&quot;examples&quot;]
warning: the following keywords are unknown and will be ignored: [$id]
    level: &quot;warning&quot;
    schema: {&quot;loadingURI&quot;:&quot;file:/Users/anuradharaman/eclipse-workspace/Anu/KFAPITestAutomation/target/test-classes/getProcessItemList.json#&quot;,&quot;pointer&quot;:&quot;/properties/Aggregation/properties/ThisIsSlider&quot;}
    domain: &quot;syntax&quot;
    ignored: [&quot;$id&quot;]
warning: the following keywords are unknown and will be ignored: [$id, examples]
    level: &quot;warning&quot;
    schema: {&quot;loadingURI&quot;:&quot;file:/Users/anuradharaman/eclipse-workspace/Anu/KFAPITestAutomation/target/test-classes/getProcessItemList.json#&quot;,&quot;pointer&quot;:&quot;/properties/Aggregation/properties/ThisIsSlider/properties/Average&quot;}
    domain: &quot;syntax&quot;
    ignored: [&quot;$id&quot;,&quot;examples&quot;]
warning: the following keywords are unknown and will be ignored: [$id, examples]
    level: &quot;warning&quot;
    schema: {&quot;loadingURI&quot;:&quot;file:/Users/anuradharaman/eclipse-workspace/Anu/KFAPITestAutomation/target/test-classes/getProcessItemList.json#&quot;,&quot;pointer&quot;:&quot;/properties/Aggregation/properties/ThisIsSlider/properties/Blank&quot;}
    domain: &quot;syntax&quot;
    ignored: [&quot;$id&quot;,&quot;examples&quot;]
warning: the following keywords are unknown and will be ignored: [$id, examples]
    level: &quot;warning&quot;
    schema: {&quot;loadingURI&quot;:&quot;file:/Users/anuradharaman/eclipse-workspace/Anu/KFAPITestAutomation/target/test-classes/getProcessItemList.json#&quot;,&quot;pointer&quot;:&quot;/properties/Aggregation/properties/ThisIsSlider/properties/Count&quot;}
    domain: &quot;syntax&quot;
    ignored: [&quot;$id&quot;,&quot;examples&quot;]
warning: the following keywords are unknown and will be ignored: [$id, examples]
    level: &quot;warning&quot;
    schema: {&quot;loadingURI&quot;:&quot;file:/Users/anuradharaman/eclipse-workspace/Anu/KFAPITestAutomation/target/test-classes/getProcessItemList.json#&quot;,&quot;pointer&quot;:&quot;/properties/Aggregation/properties/ThisIsSlider/properties/Max&quot;}
    domain: &quot;syntax&quot;
    ignored: [&quot;$id&quot;,&quot;examples&quot;]
warning: the following keywords are unknown and will be ignored: [$id, examples]
    level: &quot;warning&quot;
    schema: {&quot;loadingURI&quot;:&quot;file:/Users/anuradharaman/eclipse-workspace/Anu/KFAPITestAutomation/target/test-classes/getProcessItemList.json#&quot;,&quot;pointer&quot;:&quot;/properties/Aggregation/properties/ThisIsSlider/properties/Min&quot;}
    domain: &quot;syntax&quot;
    ignored: [&quot;$id&quot;,&quot;examples&quot;]
warning: the following keywords are unknown and will be ignored: [$id, examples]
    level: &quot;warning&quot;
    schema: {&quot;loadingURI&quot;:&quot;file:/Users/anuradharaman/eclipse-workspace/Anu/KFAPITestAutomation/target/test-classes/getProcessItemList.json#&quot;,&quot;pointer&quot;:&quot;/properties/Aggregation/properties/ThisIsSlider/properties/NonBlank&quot;}
    domain: &quot;syntax&quot;
    ignored: [&quot;$id&quot;,&quot;examples&quot;]
warning: the following keywords are unknown and will be ignored: [$id, examples]
    level: &quot;warning&quot;
    schema: {&quot;loadingURI&quot;:&quot;file:/Users/anuradharaman/eclipse-workspace/Anu/KFAPITestAutomation/target/test-classes/getProcessItemList.json#&quot;,&quot;pointer&quot;:&quot;/properties/Aggregation/properties/ThisIsSlider/properties/Sum&quot;}
    domain: &quot;syntax&quot;
    ignored: [&quot;$id&quot;,&quot;examples&quot;]
warning: the following keywords are unknown and will be ignored: [$id]
    level: &quot;warning&quot;
    schema: {&quot;loadingURI&quot;:&quot;file:/Users/anuradharaman/eclipse-workspace/Anu/KFAPITestAutomation/target/test-classes/getProcessItemList.json#&quot;,&quot;pointer&quot;:&quot;/properties/Aggregation/properties/ThisIsText&quot;}
    domain: &quot;syntax&quot;
    ignored: [&quot;$id&quot;]
warning: the following keywords are unknown and will be ignored: [$id, examples]
    level: &quot;warning&quot;
    schema: {&quot;loadingURI&quot;:&quot;file:/Users/anuradharaman/eclipse-workspace/Anu/KFAPITestAutomation/target/test-classes/getProcessItemList.json#&quot;,&quot;pointer&quot;:&quot;/properties/Aggregation/properties/ThisIsText/properties/Blank&quot;}
    domain: &quot;syntax&quot;
    ignored: [&quot;$id&quot;,&quot;examples&quot;]
warning: the following keywords are unknown and will be ignored: [$id, examples]
    level: &quot;warning&quot;
    schema: {&quot;loadingURI&quot;:&quot;file:/Users/anuradharaman/eclipse-workspace/Anu/KFAPITestAutomation/target/test-classes/getProcessItemList.json#&quot;,&quot;pointer&quot;:&quot;/properties/Aggregation/properties/ThisIsText/properties/Count&quot;}
    domain: &quot;syntax&quot;
    ignored: [&quot;$id&quot;,&quot;examples&quot;]
warning: the following keywords are unknown and will be ignored: [$id, examples]
    level: &quot;warning&quot;
    schema: {&quot;loadingURI&quot;:&quot;file:/Users/anuradharaman/eclipse-workspace/Anu/KFAPITestAutomation/target/test-classes/getProcessItemList.json#&quot;,&quot;pointer&quot;:&quot;/properties/Aggregation/properties/ThisIsText/properties/NonBlank&quot;}
    domain: &quot;syntax&quot;
    ignored: [&quot;$id&quot;,&quot;examples&quot;]
warning: the following keywords are unknown and will be ignored: [$id]
    level: &quot;warning&quot;
    schema: {&quot;loadingURI&quot;:&quot;file:/Users/anuradharaman/eclipse-workspace/Anu/KFAPITestAutomation/target/test-classes/getProcessItemList.json#&quot;,&quot;pointer&quot;:&quot;/properties/Aggregation/properties/ThisIsTextArea&quot;}
    domain: &quot;syntax&quot;
    ignored: [&quot;$id&quot;]
warning: the following keywords are unknown and will be ignored: [$id, examples]
    level: &quot;warning&quot;
    schema: {&quot;loadingURI&quot;:&quot;file:/Users/anuradharaman/eclipse-workspace/Anu/KFAPITestAutomation/target/test-classes/getProcessItemList.json#&quot;,&quot;pointer&quot;:&quot;/properties/Aggregation/properties/ThisIsTextArea/properties/Blank&quot;}
    domain: &quot;syntax&quot;
    ignored: [&quot;$id&quot;,&quot;examples&quot;]
warning: the following keywords are unknown and will be ignored: [$id, examples]
    level: &quot;warning&quot;
    schema: {&quot;loadingURI&quot;:&quot;file:/Users/anuradharaman/eclipse-workspace/Anu/KFAPITestAutomation/target/test-classes/getProcessItemList.json#&quot;,&quot;pointer&quot;:&quot;/properties/Aggregation/properties/ThisIsTextArea/properties/Count&quot;}
    domain: &quot;syntax&quot;
    ignored: [&quot;$id&quot;,&quot;examples&quot;]
warning: the following keywords are unknown and will be ignored: [$id, examples]
    level: &quot;warning&quot;
    schema: {&quot;loadingURI&quot;:&quot;file:/Users/anuradharaman/eclipse-workspace/Anu/KFAPITestAutomation/target/test-classes/getProcessItemList.json#&quot;,&quot;pointer&quot;:&quot;/properties/Aggregation/properties/ThisIsTextArea/properties/NonBlank&quot;}
    domain: &quot;syntax&quot;
    ignored: [&quot;$id&quot;,&quot;examples&quot;]
warning: the following keywords are unknown and will be ignored: [$id]
    level: &quot;warning&quot;
    schema: {&quot;loadingURI&quot;:&quot;file:/Users/anuradharaman/eclipse-workspace/Anu/KFAPITestAutomation/target/test-classes/getProcessItemList.json#&quot;,&quot;pointer&quot;:&quot;/properties/Aggregation/properties/ThisIsUser&quot;}
    domain: &quot;syntax&quot;
    ignored: [&quot;$id&quot;]
warning: the following keywords are unknown and will be ignored: [$id, examples]
    level: &quot;warning&quot;
    schema: {&quot;loadingURI&quot;:&quot;file:/Users/anuradharaman/eclipse-workspace/Anu/KFAPITestAutomation/target/test-classes/getProcessItemList.json#&quot;,&quot;pointer&quot;:&quot;/properties/Aggregation/properties/ThisIsUser/properties/Blank&quot;}
    domain: &quot;syntax&quot;
    ignored: [&quot;$id&quot;,&quot;examples&quot;]
warning: the following keywords are unknown and will be ignored: [$id, examples]
    level: &quot;warning&quot;
    schema: {&quot;loadingURI&quot;:&quot;file:/Users/anuradharaman/eclipse-workspace/Anu/KFAPITestAutomation/target/test-classes/getProcessItemList.json#&quot;,&quot;pointer&quot;:&quot;/properties/Aggregation/properties/ThisIsUser/properties/Count&quot;}
    domain: &quot;syntax&quot;
    ignored: [&quot;$id&quot;,&quot;examples&quot;]
warning: the following keywords are unknown and will be ignored: [$id, examples]
    level: &quot;warning&quot;
    schema: {&quot;loadingURI&quot;:&quot;file:/Users/anuradharaman/eclipse-workspace/Anu/KFAPITestAutomation/target/test-classes/getProcessItemList.json#&quot;,&quot;pointer&quot;:&quot;/properties/Aggregation/properties/ThisIsUser/properties/NonBlank&quot;}
    domain: &quot;syntax&quot;
    ignored: [&quot;$id&quot;,&quot;examples&quot;]
warning: the following keywords are unknown and will be ignored: [$id]
    level: &quot;warning&quot;
    schema: {&quot;loadingURI&quot;:&quot;file:/Users/anuradharaman/eclipse-workspace/Anu/KFAPITestAutomation/target/test-classes/getProcessItemList.json#&quot;,&quot;pointer&quot;:&quot;/properties/Aggregation/properties/ThisIsYesNo&quot;}
    domain: &quot;syntax&quot;
    ignored: [&quot;$id&quot;]
warning: the following keywords are unknown and will be ignored: [$id, examples]
    level: &quot;warning&quot;
    schema: {&quot;loadingURI&quot;:&quot;file:/Users/anuradharaman/eclipse-workspace/Anu/KFAPITestAutomation/target/test-classes/getProcessItemList.json#&quot;,&quot;pointer&quot;:&quot;/properties/Aggregation/properties/ThisIsYesNo/properties/Blank&quot;}
    domain: &quot;syntax&quot;
    ignored: [&quot;$id&quot;,&quot;examples&quot;]
warning: the following keywords are unknown and will be ignored: [$id, examples]
    level: &quot;warning&quot;
    schema: {&quot;loadingURI&quot;:&quot;file:/Users/anuradharaman/eclipse-workspace/Anu/KFAPITestAutomation/target/test-classes/getProcessItemList.json#&quot;,&quot;pointer&quot;:&quot;/properties/Aggregation/properties/ThisIsYesNo/properties/Count&quot;}
    domain: &quot;syntax&quot;
    ignored: [&quot;$id&quot;,&quot;examples&quot;]
warning: the following keywords are unknown and will be ignored: [$id, examples]
    level: &quot;warning&quot;
    schema: {&quot;loadingURI&quot;:&quot;file:/Users/anuradharaman/eclipse-workspace/Anu/KFAPITestAutomation/target/test-classes/getProcessItemList.json#&quot;,&quot;pointer&quot;:&quot;/properties/Aggregation/properties/ThisIsYesNo/properties/NonBlank&quot;}
    domain: &quot;syntax&quot;
    ignored: [&quot;$id&quot;,&quot;examples&quot;]
warning: the following keywords are unknown and will be ignored: [$id]
    level: &quot;warning&quot;
    schema: {&quot;loadingURI&quot;:&quot;file:/Users/anuradharaman/eclipse-workspace/Anu/KFAPITestAutomation/target/test-classes/getProcessItemList.json#&quot;,&quot;pointer&quot;:&quot;/properties/Aggregation/properties/Untitled_FieldThisIsCheckbox&quot;}
    domain: &quot;syntax&quot;
    ignored: [&quot;$id&quot;]
warning: the following keywords are unknown and will be ignored: [$id, examples]
    level: &quot;warning&quot;
    schema: {&quot;loadingURI&quot;:&quot;file:/Users/anuradharaman/eclipse-workspace/Anu/KFAPITestAutomation/target/test-classes/getProcessItemList.json#&quot;,&quot;pointer&quot;:&quot;/properties/Aggregation/properties/Untitled_FieldThisIsCheckbox/properties/Blank&quot;}
    domain: &quot;syntax&quot;
    ignored: [&quot;$id&quot;,&quot;examples&quot;]
warning: the following keywords are unknown and will be ignored: [$id, examples]
    level: &quot;warning&quot;
    schema: {&quot;loadingURI&quot;:&quot;file:/Users/anuradharaman/eclipse-workspace/Anu/KFAPITestAutomation/target/test-classes/getProcessItemList.json#&quot;,&quot;pointer&quot;:&quot;/properties/Aggregation/properties/Untitled_FieldThisIsCheckbox/properties/Count&quot;}
    domain: &quot;syntax&quot;
    ignored: [&quot;$id&quot;,&quot;examples&quot;]
warning: the following keywords are unknown and will be ignored: [$id, examples]
    level: &quot;warning&quot;
    schema: {&quot;loadingURI&quot;:&quot;file:/Users/anuradharaman/eclipse-workspace/Anu/KFAPITestAutomation/target/test-classes/getProcessItemList.json#&quot;,&quot;pointer&quot;:&quot;/properties/Aggregation/properties/Untitled_FieldThisIsCheckbox/properties/NonBlank&quot;}
    domain: &quot;syntax&quot;
    ignored: [&quot;$id&quot;,&quot;examples&quot;]
warning: the following keywords are unknown and will be ignored: [$id]
    level: &quot;warning&quot;
    schema: {&quot;loadingURI&quot;:&quot;file:/Users/anuradharaman/eclipse-workspace/Anu/KFAPITestAutomation/target/test-classes/getProcessItemList.json#&quot;,&quot;pointer&quot;:&quot;/properties/Aggregation/properties/_created_at&quot;}
    domain: &quot;syntax&quot;
    ignored: [&quot;$id&quot;]
warning: the following keywords are unknown and will be ignored: [$id, examples]
    level: &quot;warning&quot;
    schema: {&quot;loadingURI&quot;:&quot;file:/Users/anuradharaman/eclipse-workspace/Anu/KFAPITestAutomation/target/test-classes/getProcessItemList.json#&quot;,&quot;pointer&quot;:&quot;/properties/Aggregation/properties/_created_at/properties/Blank&quot;}
    domain: &quot;syntax&quot;
    ignored: [&quot;$id&quot;,&quot;examples&quot;]
warning: the following keywords are unknown and will be ignored: [$id, examples]
    level: &quot;warning&quot;
    schema: {&quot;loadingURI&quot;:&quot;file:/Users/anuradharaman/eclipse-workspace/Anu/KFAPITestAutomation/target/test-classes/getProcessItemList.json#&quot;,&quot;pointer&quot;:&quot;/properties/Aggregation/properties/_created_at/properties/Count&quot;}
    domain: &quot;syntax&quot;
    ignored: [&quot;$id&quot;,&quot;examples&quot;]
warning: the following keywords are unknown and will be ignored: [$id, examples]
    level: &quot;warning&quot;
    schema: {&quot;loadingURI&quot;:&quot;file:/Users/anuradharaman/eclipse-workspace/Anu/KFAPITestAutomation/target/test-classes/getProcessItemList.json#&quot;,&quot;pointer&quot;:&quot;/properties/Aggregation/properties/_created_at/properties/Max&quot;}
    domain: &quot;syntax&quot;
    ignored: [&quot;$id&quot;,&quot;examples&quot;]
warning: the following keywords are unknown and will be ignored: [$id, examples]
    level: &quot;warning&quot;
    schema: {&quot;loadingURI&quot;:&quot;file:/Users/anuradharaman/eclipse-workspace/Anu/KFAPITestAutomation/target/test-classes/getProcessItemList.json#&quot;,&quot;pointer&quot;:&quot;/properties/Aggregation/properties/_created_at/properties/Min&quot;}
    domain: &quot;syntax&quot;
    ignored: [&quot;$id&quot;,&quot;examples&quot;]
warning: the following keywords are unknown and will be ignored: [$id, examples]
    level: &quot;warning&quot;
    schema: {&quot;loadingURI&quot;:&quot;file:/Users/anuradharaman/eclipse-workspace/Anu/KFAPITestAutomation/target/test-classes/getProcessItemList.json#&quot;,&quot;pointer&quot;:&quot;/properties/Aggregation/properties/_created_at/properties/NonBlank&quot;}
    domain: &quot;syntax&quot;
    ignored: [&quot;$id&quot;,&quot;examples&quot;]
warning: the following keywords are unknown and will be ignored: [$id]
    level: &quot;warning&quot;
    schema: {&quot;loadingURI&quot;:&quot;file:/Users/anuradharaman/eclipse-workspace/Anu/KFAPITestAutomation/target/test-classes/getProcessItemList.json#&quot;,&quot;pointer&quot;:&quot;/properties/Aggregation/properties/_created_by&quot;}
    domain: &quot;syntax&quot;
    ignored: [&quot;$id&quot;]
warning: the following keywords are unknown and will be ignored: [$id, examples]
    level: &quot;warning&quot;
    schema: {&quot;loadingURI&quot;:&quot;file:/Users/anuradharaman/eclipse-workspace/Anu/KFAPITestAutomation/target/test-classes/getProcessItemList.json#&quot;,&quot;pointer&quot;:&quot;/properties/Aggregation/properties/_created_by/properties/Blank&quot;}
    domain: &quot;syntax&quot;
    ignored: [&quot;$id&quot;,&quot;examples&quot;]
warning: the following keywords are unknown and will be ignored: [$id, examples]
    level: &quot;warning&quot;
    schema: {&quot;loadingURI&quot;:&quot;file:/Users/anuradharaman/eclipse-workspace/Anu/KFAPITestAutomation/target/test-classes/getProcessItemList.json#&quot;,&quot;pointer&quot;:&quot;/properties/Aggregation/properties/_created_by/properties/Count&quot;}
    domain: &quot;syntax&quot;
    ignored: [&quot;$id&quot;,&quot;examples&quot;]
warning: the following keywords are unknown and will be ignored: [$id, examples]
    level: &quot;warning&quot;
    schema: {&quot;loadingURI&quot;:&quot;file:/Users/anuradharaman/eclipse-workspace/Anu/KFAPITestAutomation/target/test-classes/getProcessItemList.json#&quot;,&quot;pointer&quot;:&quot;/properties/Aggregation/properties/_created_by/properties/NonBlank&quot;}
    domain: &quot;syntax&quot;
    ignored: [&quot;$id&quot;,&quot;examples&quot;]
warning: the following keywords are unknown and will be ignored: [$id]
    level: &quot;warning&quot;
    schema: {&quot;loadingURI&quot;:&quot;file:/Users/anuradharaman/eclipse-workspace/Anu/KFAPITestAutomation/target/test-classes/getProcessItemList.json#&quot;,&quot;pointer&quot;:&quot;/properties/Aggregation/properties/_status&quot;}
    domain: &quot;syntax&quot;
    ignored: [&quot;$id&quot;]
warning: the following keywords are unknown and will be ignored: [$id, examples]
    level: &quot;warning&quot;
    schema: {&quot;loadingURI&quot;:&quot;file:/Users/anuradharaman/eclipse-workspace/Anu/KFAPITestAutomation/target/test-classes/getProcessItemList.json#&quot;,&quot;pointer&quot;:&quot;/properties/Aggregation/properties/_status/properties/Blank&quot;}
    domain: &quot;syntax&quot;
    ignored: [&quot;$id&quot;,&quot;examples&quot;]
warning: the following keywords are unknown and will be ignored: [$id, examples]
    level: &quot;warning&quot;
    schema: {&quot;loadingURI&quot;:&quot;file:/Users/anuradharaman/eclipse-workspace/Anu/KFAPITestAutomation/target/test-classes/getProcessItemList.json#&quot;,&quot;pointer&quot;:&quot;/properties/Aggregation/properties/_status/properties/Count&quot;}
    domain: &quot;syntax&quot;
    ignored: [&quot;$id&quot;,&quot;examples&quot;]
warning: the following keywords are unknown and will be ignored: [$id, examples]
    level: &quot;warning&quot;
    schema: {&quot;loadingURI&quot;:&quot;file:/Users/anuradharaman/eclipse-workspace/Anu/KFAPITestAutomation/target/test-classes/getProcessItemList.json#&quot;,&quot;pointer&quot;:&quot;/properties/Aggregation/properties/_status/properties/NonBlank&quot;}
    domain: &quot;syntax&quot;
    ignored: [&quot;$id&quot;,&quot;examples&quot;]
error: object has missing required properties ([&quot;ThisIsCheckList&quot;,&quot;ThisIsCurrency&quot;,&quot;ThisIsDate&quot;,&quot;ThisIsDateAndTime&quot;,&quot;ThisIsDropdown&quot;,&quot;ThisIsLookup&quot;,&quot;ThisIsNum&quot;,&quot;ThisIsRating&quot;,&quot;ThisIsRemoteLookup&quot;,&quot;ThisIsSign&quot;,&quot;ThisIsSlider&quot;,&quot;ThisIsText&quot;,&quot;ThisIsUser&quot;,&quot;ThisIsYesNo&quot;,&quot;Untitled_FieldThisIsCheckbox&quot;])
    level: &quot;error&quot;
    schema: {&quot;loadingURI&quot;:&quot;file:/Users/anuradharaman/eclipse-workspace/Anu/KFAPITestAutomation/target/test-classes/getProcessItemList.json#&quot;,&quot;pointer&quot;:&quot;/properties/Aggregation&quot;}
    instance: {&quot;pointer&quot;:&quot;/Aggregation&quot;}
    domain: &quot;validation&quot;
    keyword: &quot;required&quot;
    required: [&quot;Name&quot;,&quot;ThisIsAttach&quot;,&quot;ThisIsCheckList&quot;,&quot;ThisIsCurrency&quot;,&quot;ThisIsDate&quot;,&quot;ThisIsDateAndTime&quot;,&quot;ThisIsDropdown&quot;,&quot;ThisIsImage&quot;,&quot;ThisIsLookup&quot;,&quot;ThisIsNum&quot;,&quot;ThisIsRating&quot;,&quot;ThisIsRemoteLookup&quot;,&quot;ThisIsSign&quot;,&quot;ThisIsSlider&quot;,&quot;ThisIsText&quot;,&quot;ThisIsTextArea&quot;,&quot;ThisIsUser&quot;,&quot;ThisIsYesNo&quot;,&quot;Untitled_FieldThisIsCheckbox&quot;,&quot;_created_at&quot;,&quot;_created_by&quot;,&quot;_status&quot;]
    missing: [&quot;ThisIsCheckList&quot;,&quot;ThisIsCurrency&quot;,&quot;ThisIsDate&quot;,&quot;ThisIsDateAndTime&quot;,&quot;ThisIsDropdown&quot;,&quot;ThisIsLookup&quot;,&quot;ThisIsNum&quot;,&quot;ThisIsRating&quot;,&quot;ThisIsRemoteLookup&quot;,&quot;ThisIsSign&quot;,&quot;ThisIsSlider&quot;,&quot;ThisIsText&quot;,&quot;ThisIsUser&quot;,&quot;ThisIsYesNo&quot;,&quot;Untitled_FieldThisIsCheckbox&quot;]
warning: the following keywords are unknown and will be ignored: [$id]
    level: &quot;warning&quot;
    schema: {&quot;loadingURI&quot;:&quot;file:/Users/anuradharaman/eclipse-workspace/Anu/KFAPITestAutomation/target/test-classes/getProcessItemList.json#&quot;,&quot;pointer&quot;:&quot;/properties/Columns&quot;}
    domain: &quot;syntax&quot;
    ignored: [&quot;$id&quot;]
warning: the following keywords are unknown and will be ignored: [$id]
    level: &quot;warning&quot;
    schema: {&quot;loadingURI&quot;:&quot;file:/Users/anuradharaman/eclipse-workspace/Anu/KFAPITestAutomation/target/test-classes/getProcessItemList.json#&quot;,&quot;pointer&quot;:&quot;/properties/Columns/items&quot;}
    domain: &quot;syntax&quot;
    ignored: [&quot;$id&quot;]
warning: the following keywords are unknown and will be ignored: [$id, examples]
    level: &quot;warning&quot;
    schema: {&quot;loadingURI&quot;:&quot;file:/Users/anuradharaman/eclipse-workspace/Anu/KFAPITestAutomation/target/test-classes/getProcessItemList.json#&quot;,&quot;pointer&quot;:&quot;/properties/Columns/items/properties/Id&quot;}
    domain: &quot;syntax&quot;
    ignored: [&quot;$id&quot;,&quot;examples&quot;]
warning: the following keywords are unknown and will be ignored: [$id, examples]
    level: &quot;warning&quot;
    schema: {&quot;loadingURI&quot;:&quot;file:/Users/anuradharaman/eclipse-workspace/Anu/KFAPITestAutomation/target/test-classes/getProcessItemList.json#&quot;,&quot;pointer&quot;:&quot;/properties/Columns/items/properties/IsSystemField&quot;}
    domain: &quot;syntax&quot;
    ignored: [&quot;$id&quot;,&quot;examples&quot;]
warning: the following keywords are unknown and will be ignored: [$id, examples]
    level: &quot;warning&quot;
    schema: {&quot;loadingURI&quot;:&quot;file:/Users/anuradharaman/eclipse-workspace/Anu/KFAPITestAutomation/target/test-classes/getProcessItemList.json#&quot;,&quot;pointer&quot;:&quot;/properties/Columns/items/properties/Model&quot;}
    domain: &quot;syntax&quot;
    ignored: [&quot;$id&quot;,&quot;examples&quot;]
warning: the following keywords are unknown and will be ignored: [$id, examples]
    level: &quot;warning&quot;
    schema: {&quot;loadingURI&quot;:&quot;file:/Users/anuradharaman/eclipse-workspace/Anu/KFAPITestAutomation/target/test-classes/getProcessItemList.json#&quot;,&quot;pointer&quot;:&quot;/properties/Columns/items/properties/Name&quot;}
    domain: &quot;syntax&quot;
    ignored: [&quot;$id&quot;,&quot;examples&quot;]
warning: the following keywords are unknown and will be ignored: [$id, examples]
    level: &quot;warning&quot;
    schema: {&quot;loadingURI&quot;:&quot;file:/Users/anuradharaman/eclipse-workspace/Anu/KFAPITestAutomation/target/test-classes/getProcessItemList.json#&quot;,&quot;pointer&quot;:&quot;/properties/Columns/items/properties/ReadOnly&quot;}
    domain: &quot;syntax&quot;
    ignored: [&quot;$id&quot;,&quot;examples&quot;]
warning: the following keywords are unknown and will be ignored: [$id, examples]
    level: &quot;warning&quot;
    schema: {&quot;loadingURI&quot;:&quot;file:/Users/anuradharaman/eclipse-workspace/Anu/KFAPITestAutomation/target/test-classes/getProcessItemList.json#&quot;,&quot;pointer&quot;:&quot;/properties/Columns/items/properties/Type&quot;}
    domain: &quot;syntax&quot;
    ignored: [&quot;$id&quot;,&quot;examples&quot;]
warning: the following keywords are unknown and will be ignored: [$id, examples]
    level: &quot;warning&quot;
    schema: {&quot;loadingURI&quot;:&quot;file:/Users/anuradharaman/eclipse-workspace/Anu/KFAPITestAutomation/target/test-classes/getProcessItemList.json#&quot;,&quot;pointer&quot;:&quot;/properties/Columns/items/properties/Widget&quot;}
    domain: &quot;syntax&quot;
    ignored: [&quot;$id&quot;,&quot;examples&quot;]
warning: the following keywords are unknown and will be ignored: [$id]
    level: &quot;warning&quot;
    schema: {&quot;loadingURI&quot;:&quot;file:/Users/anuradharaman/eclipse-workspace/Anu/KFAPITestAutomation/target/test-classes/getProcessItemList.json#&quot;,&quot;pointer&quot;:&quot;/properties/Data&quot;}
    domain: &quot;syntax&quot;
    ignored: [&quot;$id&quot;]
warning: the following keywords are unknown and will be ignored: [$id]
    level: &quot;warning&quot;
    schema: {&quot;loadingURI&quot;:&quot;file:/Users/anuradharaman/eclipse-workspace/Anu/KFAPITestAutomation/target/test-classes/getProcessItemList.json#&quot;,&quot;pointer&quot;:&quot;/properties/Data/items&quot;}
    domain: &quot;syntax&quot;
    ignored: [&quot;$id&quot;]
warning: the following keywords are unknown and will be ignored: [$id, examples]
    level: &quot;warning&quot;
    schema: {&quot;loadingURI&quot;:&quot;file:/Users/anuradharaman/eclipse-workspace/Anu/KFAPITestAutomation/target/test-classes/getProcessItemList.json#&quot;,&quot;pointer&quot;:&quot;/properties/Data/items/properties/Name&quot;}
    domain: &quot;syntax&quot;
    ignored: [&quot;$id&quot;,&quot;examples&quot;]
warning: the following keywords are unknown and will be ignored: [$id]
    level: &quot;warning&quot;
    schema: {&quot;loadingURI&quot;:&quot;file:/Users/anuradharaman/eclipse-workspace/Anu/KFAPITestAutomation/target/test-classes/getProcessItemList.json#&quot;,&quot;pointer&quot;:&quot;/properties/Data/items/properties/ThisIsAttach&quot;}
    domain: &quot;syntax&quot;
    ignored: [&quot;$id&quot;]
warning: the following keywords are unknown and will be ignored: [$id]
    level: &quot;warning&quot;
    schema: {&quot;loadingURI&quot;:&quot;file:/Users/anuradharaman/eclipse-workspace/Anu/KFAPITestAutomation/target/test-classes/getProcessItemList.json#&quot;,&quot;pointer&quot;:&quot;/properties/Data/items/properties/ThisIsAttach/items&quot;}
    domain: &quot;syntax&quot;
    ignored: [&quot;$id&quot;]
warning: the following keywords are unknown and will be ignored: [$id, examples]
    level: &quot;warning&quot;
    schema: {&quot;loadingURI&quot;:&quot;file:/Users/anuradharaman/eclipse-workspace/Anu/KFAPITestAutomation/target/test-classes/getProcessItemList.json#&quot;,&quot;pointer&quot;:&quot;/properties/Data/items/properties/ThisIsAttach/items/properties/fileExtension&quot;}
    domain: &quot;syntax&quot;
    ignored: [&quot;$id&quot;,&quot;examples&quot;]
warning: the following keywords are unknown and will be ignored: [$id, examples]
    level: &quot;warning&quot;
    schema: {&quot;loadingURI&quot;:&quot;file:/Users/anuradharaman/eclipse-workspace/Anu/KFAPITestAutomation/target/test-classes/getProcessItemList.json#&quot;,&quot;pointer&quot;:&quot;/properties/Data/items/properties/ThisIsAttach/items/properties/id&quot;}
    domain: &quot;syntax&quot;
    ignored: [&quot;$id&quot;,&quot;examples&quot;]
warning: the following keywords are unknown and will be ignored: [$id, examples]
    level: &quot;warning&quot;
    schema: {&quot;loadingURI&quot;:&quot;file:/Users/anuradharaman/eclipse-workspace/Anu/KFAPITestAutomation/target/test-classes/getProcessItemList.json#&quot;,&quot;pointer&quot;:&quot;/properties/Data/items/properties/ThisIsAttach/items/properties/key&quot;}
    domain: &quot;syntax&quot;
    ignored: [&quot;$id&quot;,&quot;examples&quot;]
warning: the following keywords are unknown and will be ignored: [$id, examples]
    level: &quot;warning&quot;
    schema: {&quot;loadingURI&quot;:&quot;file:/Users/anuradharaman/eclipse-workspace/Anu/KFAPITestAutomation/target/test-classes/getProcessItemList.json#&quot;,&quot;pointer&quot;:&quot;/properties/Data/items/properties/ThisIsAttach/items/properties/name&quot;}
    domain: &quot;syntax&quot;
    ignored: [&quot;$id&quot;,&quot;examples&quot;]
warning: the following keywords are unknown and will be ignored: [$id, examples]
    level: &quot;warning&quot;
    schema: {&quot;loadingURI&quot;:&quot;file:/Users/anuradharaman/eclipse-workspace/Anu/KFAPITestAutomation/target/test-classes/getProcessItemList.json#&quot;,&quot;pointer&quot;:&quot;/properties/Data/items/properties/ThisIsAttach/items/properties/size&quot;}
    domain: &quot;syntax&quot;
    ignored: [&quot;$id&quot;,&quot;examples&quot;]
warning: the following keywords are unknown and will be ignored: [$id, examples]
    level: &quot;warning&quot;
    schema: {&quot;loadingURI&quot;:&quot;file:/Users/anuradharaman/eclipse-workspace/Anu/KFAPITestAutomation/target/test-classes/getProcessItemList.json#&quot;,&quot;pointer&quot;:&quot;/properties/Data/items/properties/ThisIsAttach/items/properties/uploaded&quot;}
    domain: &quot;syntax&quot;
    ignored: [&quot;$id&quot;,&quot;examples&quot;]
warning: the following keywords are unknown and will be ignored: [$id]
    level: &quot;warning&quot;
    schema: {&quot;loadingURI&quot;:&quot;file:/Users/anuradharaman/eclipse-workspace/Anu/KFAPITestAutomation/target/test-classes/getProcessItemList.json#&quot;,&quot;pointer&quot;:&quot;/properties/Data/items/properties/ThisIsCheckList&quot;}
    domain: &quot;syntax&quot;
    ignored: [&quot;$id&quot;]
warning: the following keywords are unknown and will be ignored: [$id]
    level: &quot;warning&quot;
    schema: {&quot;loadingURI&quot;:&quot;file:/Users/anuradharaman/eclipse-workspace/Anu/KFAPITestAutomation/target/test-classes/getProcessItemList.json#&quot;,&quot;pointer&quot;:&quot;/properties/Data/items/properties/ThisIsCheckList/items&quot;}
    domain: &quot;syntax&quot;
    ignored: [&quot;$id&quot;]
warning: the following keywords are unknown and will be ignored: [$id, examples]
    level: &quot;warning&quot;
    schema: {&quot;loadingURI&quot;:&quot;file:/Users/anuradharaman/eclipse-workspace/Anu/KFAPITestAutomation/target/test-classes/getProcessItemList.json#&quot;,&quot;pointer&quot;:&quot;/properties/Data/items/properties/ThisIsCheckList/items/properties/selected&quot;}
    domain: &quot;syntax&quot;
    ignored: [&quot;$id&quot;,&quot;examples&quot;]
warning: the following keywords are unknown and will be ignored: [$id, examples]
    level: &quot;warning&quot;
    schema: {&quot;loadingURI&quot;:&quot;file:/Users/anuradharaman/eclipse-workspace/Anu/KFAPITestAutomation/target/test-classes/getProcessItemList.json#&quot;,&quot;pointer&quot;:&quot;/properties/Data/items/properties/ThisIsCheckList/items/properties/value&quot;}
    domain: &quot;syntax&quot;
    ignored: [&quot;$id&quot;,&quot;examples&quot;]
warning: the following keywords are unknown and will be ignored: [$id, examples]
    level: &quot;warning&quot;
    schema: {&quot;loadingURI&quot;:&quot;file:/Users/anuradharaman/eclipse-workspace/Anu/KFAPITestAutomation/target/test-classes/getProcessItemList.json#&quot;,&quot;pointer&quot;:&quot;/properties/Data/items/properties/ThisIsCurrency&quot;}
    domain: &quot;syntax&quot;
    ignored: [&quot;$id&quot;,&quot;examples&quot;]
warning: the following keywords are unknown and will be ignored: [$id, examples]
    level: &quot;warning&quot;
    schema: {&quot;loadingURI&quot;:&quot;file:/Users/anuradharaman/eclipse-workspace/Anu/KFAPITestAutomation/target/test-classes/getProcessItemList.json#&quot;,&quot;pointer&quot;:&quot;/properties/Data/items/properties/ThisIsDate&quot;}
    domain: &quot;syntax&quot;
    ignored: [&quot;$id&quot;,&quot;examples&quot;]
warning: the following keywords are unknown and will be ignored: [$id, examples]
    level: &quot;warning&quot;
    schema: {&quot;loadingURI&quot;:&quot;file:/Users/anuradharaman/eclipse-workspace/Anu/KFAPITestAutomation/target/test-classes/getProcessItemList.json#&quot;,&quot;pointer&quot;:&quot;/properties/Data/items/properties/ThisIsDateAndTime&quot;}
    domain: &quot;syntax&quot;
    ignored: [&quot;$id&quot;,&quot;examples&quot;]
warning: the following keywords are unknown and will be ignored: [$id, examples]
    level: &quot;warning&quot;
    schema: {&quot;loadingURI&quot;:&quot;file:/Users/anuradharaman/eclipse-workspace/Anu/KFAPITestAutomation/target/test-classes/getProcessItemList.json#&quot;,&quot;pointer&quot;:&quot;/properties/Data/items/properties/ThisIsDropdown&quot;}
    domain: &quot;syntax&quot;
    ignored: [&quot;$id&quot;,&quot;examples&quot;]
warning: the following keywords are unknown and will be ignored: [$id]
    level: &quot;warning&quot;
    schema: {&quot;loadingURI&quot;:&quot;file:/Users/anuradharaman/eclipse-workspace/Anu/KFAPITestAutomation/target/test-classes/getProcessItemList.json#&quot;,&quot;pointer&quot;:&quot;/properties/Data/items/properties/ThisIsImage&quot;}
    domain: &quot;syntax&quot;
    ignored: [&quot;$id&quot;]
warning: the following keywords are unknown and will be ignored: [$id, examples]
    level: &quot;warning&quot;
    schema: {&quot;loadingURI&quot;:&quot;file:/Users/anuradharaman/eclipse-workspace/Anu/KFAPITestAutomation/target/test-classes/getProcessItemList.json#&quot;,&quot;pointer&quot;:&quot;/properties/Data/items/properties/ThisIsImage/properties/fileExtension&quot;}
    domain: &quot;syntax&quot;
    ignored: [&quot;$id&quot;,&quot;examples&quot;]
warning: the following keywords are unknown and will be ignored: [$id, examples]
    level: &quot;warning&quot;
    schema: {&quot;loadingURI&quot;:&quot;file:/Users/anuradharaman/eclipse-workspace/Anu/KFAPITestAutomation/target/test-classes/getProcessItemList.json#&quot;,&quot;pointer&quot;:&quot;/properties/Data/items/properties/ThisIsImage/properties/id&quot;}
    domain: &quot;syntax&quot;
    ignored: [&quot;$id&quot;,&quot;examples&quot;]
warning: the following keywords are unknown and will be ignored: [$id, examples]
    level: &quot;warning&quot;
    schema: {&quot;loadingURI&quot;:&quot;file:/Users/anuradharaman/eclipse-workspace/Anu/KFAPITestAutomation/target/test-classes/getProcessItemList.json#&quot;,&quot;pointer&quot;:&quot;/properties/Data/items/properties/ThisIsImage/properties/key&quot;}
    domain: &quot;syntax&quot;
    ignored: [&quot;$id&quot;,&quot;examples&quot;]
warning: the following keywords are unknown and will be ignored: [$id, examples]
    level: &quot;warning&quot;
    schema: {&quot;loadingURI&quot;:&quot;file:/Users/anuradharaman/eclipse-workspace/Anu/KFAPITestAutomation/target/test-classes/getProcessItemList.json#&quot;,&quot;pointer&quot;:&quot;/properties/Data/items/properties/ThisIsImage/properties/name&quot;}
    domain: &quot;syntax&quot;
    ignored: [&quot;$id&quot;,&quot;examples&quot;]
warning: the following keywords are unknown and will be ignored: [$id]
    level: &quot;warning&quot;
    schema: {&quot;loadingURI&quot;:&quot;file:/Users/anuradharaman/eclipse-workspace/Anu/KFAPITestAutomation/target/test-classes/getProcessItemList.json#&quot;,&quot;pointer&quot;:&quot;/properties/Data/items/properties/ThisIsImage/properties/photos&quot;}
    domain: &quot;syntax&quot;
    ignored: [&quot;$id&quot;]
warning: the following keywords are unknown and will be ignored: [$id]
    level: &quot;warning&quot;
    schema: {&quot;loadingURI&quot;:&quot;file:/Users/anuradharaman/eclipse-workspace/Anu/KFAPITestAutomation/target/test-classes/getProcessItemList.json#&quot;,&quot;pointer&quot;:&quot;/properties/Data/items/properties/ThisIsImage/properties/photos/items&quot;}
    domain: &quot;syntax&quot;
    ignored: [&quot;$id&quot;]
warning: the following keywords are unknown and will be ignored: [$id, examples]
    level: &quot;warning&quot;
    schema: {&quot;loadingURI&quot;:&quot;file:/Users/anuradharaman/eclipse-workspace/Anu/KFAPITestAutomation/target/test-classes/getProcessItemList.json#&quot;,&quot;pointer&quot;:&quot;/properties/Data/items/properties/ThisIsImage/properties/photos/items/properties/fileExtension&quot;}
    domain: &quot;syntax&quot;
    ignored: [&quot;$id&quot;,&quot;examples&quot;]
warning: the following keywords are unknown and will be ignored: [$id, examples]
    level: &quot;warning&quot;
    schema: {&quot;loadingURI&quot;:&quot;file:/Users/anuradharaman/eclipse-workspace/Anu/KFAPITestAutomation/target/test-classes/getProcessItemList.json#&quot;,&quot;pointer&quot;:&quot;/properties/Data/items/properties/ThisIsImage/properties/photos/items/properties/height&quot;}
    domain: &quot;syntax&quot;
    ignored: [&quot;$id&quot;,&quot;examples&quot;]
warning: the following keywords are unknown and will be ignored: [$id, examples]
    level: &quot;warning&quot;
    schema: {&quot;loadingURI&quot;:&quot;file:/Users/anuradharaman/eclipse-workspace/Anu/KFAPITestAutomation/target/test-classes/getProcessItemList.json#&quot;,&quot;pointer&quot;:&quot;/properties/Data/items/properties/ThisIsImage/properties/photos/items/properties/key&quot;}
    domain: &quot;syntax&quot;
    ignored: [&quot;$id&quot;,&quot;examples&quot;]
warning: the following keywords are unknown and will be ignored: [$id, examples]
    level: &quot;warning&quot;
    schema: {&quot;loadingURI&quot;:&quot;file:/Users/anuradharaman/eclipse-workspace/Anu/KFAPITestAutomation/target/test-classes/getProcessItemList.json#&quot;,&quot;pointer&quot;:&quot;/properties/Data/items/properties/ThisIsImage/properties/photos/items/properties/name&quot;}
    domain: &quot;syntax&quot;
    ignored: [&quot;$id&quot;,&quot;examples&quot;]
warning: the following keywords are unknown and will be ignored: [$id, examples]
    level: &quot;warning&quot;
    schema: {&quot;loadingURI&quot;:&quot;file:/Users/anuradharaman/eclipse-workspace/Anu/KFAPITestAutomation/target/test-classes/getProcessItemList.json#&quot;,&quot;pointer&quot;:&quot;/properties/Data/items/properties/ThisIsImage/properties/photos/items/properties/size&quot;}
    domain: &quot;syntax&quot;
    ignored: [&quot;$id&quot;,&quot;examples&quot;]
warning: the following keywords are unknown and will be ignored: [$id, examples]
    level: &quot;warning&quot;
    schema: {&quot;loadingURI&quot;:&quot;file:/Users/anuradharaman/eclipse-workspace/Anu/KFAPITestAutomation/target/test-classes/getProcessItemList.json#&quot;,&quot;pointer&quot;:&quot;/properties/Data/items/properties/ThisIsImage/properties/photos/items/properties/width&quot;}
    domain: &quot;syntax&quot;
    ignored: [&quot;$id&quot;,&quot;examples&quot;]
warning: the following keywords are unknown and will be ignored: [$id, examples]
    level: &quot;warning&quot;
    schema: {&quot;loadingURI&quot;:&quot;file:/Users/anuradharaman/eclipse-workspace/Anu/KFAPITestAutomation/target/test-classes/getProcessItemList.json#&quot;,&quot;pointer&quot;:&quot;/properties/Data/items/properties/ThisIsImage/properties/size&quot;}
    domain: &quot;syntax&quot;
    ignored: [&quot;$id&quot;,&quot;examples&quot;]
warning: the following keywords are unknown and will be ignored: [$id, examples]
    level: &quot;warning&quot;
    schema: {&quot;loadingURI&quot;:&quot;file:/Users/anuradharaman/eclipse-workspace/Anu/KFAPITestAutomation/target/test-classes/getProcessItemList.json#&quot;,&quot;pointer&quot;:&quot;/properties/Data/items/properties/ThisIsImage/properties/uploaded&quot;}
    domain: &quot;syntax&quot;
    ignored: [&quot;$id&quot;,&quot;examples&quot;]
warning: the following keywords are unknown and will be ignored: [$id]
    level: &quot;warning&quot;
    schema: {&quot;loadingURI&quot;:&quot;file:/Users/anuradharaman/eclipse-workspace/Anu/KFAPITestAutomation/target/test-classes/getProcessItemList.json#&quot;,&quot;pointer&quot;:&quot;/properties/Data/items/properties/ThisIsLookup&quot;}
    domain: &quot;syntax&quot;
    ignored: [&quot;$id&quot;]
warning: the following keywords are unknown and will be ignored: [$id, examples]
    level: &quot;warning&quot;
    schema: {&quot;loadingURI&quot;:&quot;file:/Users/anuradharaman/eclipse-workspace/Anu/KFAPITestAutomation/target/test-classes/getProcessItemList.json#&quot;,&quot;pointer&quot;:&quot;/properties/Data/items/properties/ThisIsLookup/properties/Name&quot;}
    domain: &quot;syntax&quot;
    ignored: [&quot;$id&quot;,&quot;examples&quot;]
warning: the following keywords are unknown and will be ignored: [$id]
    level: &quot;warning&quot;
    schema: {&quot;loadingURI&quot;:&quot;file:/Users/anuradharaman/eclipse-workspace/Anu/KFAPITestAutomation/target/test-classes/getProcessItemList.json#&quot;,&quot;pointer&quot;:&quot;/properties/Data/items/properties/ThisIsLookup/properties/_created_by&quot;}
    domain: &quot;syntax&quot;
    ignored: [&quot;$id&quot;]
warning: the following keywords are unknown and will be ignored: [$id, examples]
    level: &quot;warning&quot;
    schema: {&quot;loadingURI&quot;:&quot;file:/Users/anuradharaman/eclipse-workspace/Anu/KFAPITestAutomation/target/test-classes/getProcessItemList.json#&quot;,&quot;pointer&quot;:&quot;/properties/Data/items/properties/ThisIsLookup/properties/_created_by/properties/Kind&quot;}
    domain: &quot;syntax&quot;
    ignored: [&quot;$id&quot;,&quot;examples&quot;]
warning: the following keywords are unknown and will be ignored: [$id, examples]
    level: &quot;warning&quot;
    schema: {&quot;loadingURI&quot;:&quot;file:/Users/anuradharaman/eclipse-workspace/Anu/KFAPITestAutomation/target/test-classes/getProcessItemList.json#&quot;,&quot;pointer&quot;:&quot;/properties/Data/items/properties/ThisIsLookup/properties/_created_by/properties/Name&quot;}
    domain: &quot;syntax&quot;
    ignored: [&quot;$id&quot;,&quot;examples&quot;]
warning: the following keywords are unknown and will be ignored: [$id, examples]
    level: &quot;warning&quot;
    schema: {&quot;loadingURI&quot;:&quot;file:/Users/anuradharaman/eclipse-workspace/Anu/KFAPITestAutomation/target/test-classes/getProcessItemList.json#&quot;,&quot;pointer&quot;:&quot;/properties/Data/items/properties/ThisIsLookup/properties/_created_by/properties/_id&quot;}
    domain: &quot;syntax&quot;
    ignored: [&quot;$id&quot;,&quot;examples&quot;]
warning: the following keywords are unknown and will be ignored: [$id, examples]
    level: &quot;warning&quot;
    schema: {&quot;loadingURI&quot;:&quot;file:/Users/anuradharaman/eclipse-workspace/Anu/KFAPITestAutomation/target/test-classes/getProcessItemList.json#&quot;,&quot;pointer&quot;:&quot;/properties/Data/items/properties/ThisIsNum&quot;}
    domain: &quot;syntax&quot;
    ignored: [&quot;$id&quot;,&quot;examples&quot;]
warning: the following keywords are unknown and will be ignored: [$id, examples]
    level: &quot;warning&quot;
    schema: {&quot;loadingURI&quot;:&quot;file:/Users/anuradharaman/eclipse-workspace/Anu/KFAPITestAutomation/target/test-classes/getProcessItemList.json#&quot;,&quot;pointer&quot;:&quot;/properties/Data/items/properties/ThisIsRating&quot;}
    domain: &quot;syntax&quot;
    ignored: [&quot;$id&quot;,&quot;examples&quot;]
warning: the following keywords are unknown and will be ignored: [$id, examples]
    level: &quot;warning&quot;
    schema: {&quot;loadingURI&quot;:&quot;file:/Users/anuradharaman/eclipse-workspace/Anu/KFAPITestAutomation/target/test-classes/getProcessItemList.json#&quot;,&quot;pointer&quot;:&quot;/properties/Data/items/properties/ThisIsRemoteLookup&quot;}
    domain: &quot;syntax&quot;
    ignored: [&quot;$id&quot;,&quot;examples&quot;]
warning: the following keywords are unknown and will be ignored: [$id]
    level: &quot;warning&quot;
    schema: {&quot;loadingURI&quot;:&quot;file:/Users/anuradharaman/eclipse-workspace/Anu/KFAPITestAutomation/target/test-classes/getProcessItemList.json#&quot;,&quot;pointer&quot;:&quot;/properties/Data/items/properties/ThisIsSign&quot;}
    domain: &quot;syntax&quot;
    ignored: [&quot;$id&quot;]
warning: the following keywords are unknown and will be ignored: [$id, examples]
    level: &quot;warning&quot;
    schema: {&quot;loadingURI&quot;:&quot;file:/Users/anuradharaman/eclipse-workspace/Anu/KFAPITestAutomation/target/test-classes/getProcessItemList.json#&quot;,&quot;pointer&quot;:&quot;/properties/Data/items/properties/ThisIsSign/properties/key&quot;}
    domain: &quot;syntax&quot;
    ignored: [&quot;$id&quot;,&quot;examples&quot;]
warning: the following keywords are unknown and will be ignored: [$id, examples]
    level: &quot;warning&quot;
    schema: {&quot;loadingURI&quot;:&quot;file:/Users/anuradharaman/eclipse-workspace/Anu/KFAPITestAutomation/target/test-classes/getProcessItemList.json#&quot;,&quot;pointer&quot;:&quot;/properties/Data/items/properties/ThisIsSign/properties/name&quot;}
    domain: &quot;syntax&quot;
    ignored: [&quot;$id&quot;,&quot;examples&quot;]
warning: the following keywords are unknown and will be ignored: [$id, examples]
    level: &quot;warning&quot;
    schema: {&quot;loadingURI&quot;:&quot;file:/Users/anuradharaman/eclipse-workspace/Anu/KFAPITestAutomation/target/test-classes/getProcessItemList.json#&quot;,&quot;pointer&quot;:&quot;/properties/Data/items/properties/ThisIsSlider&quot;}
    domain: &quot;syntax&quot;
    ignored: [&quot;$id&quot;,&quot;examples&quot;]
warning: the following keywords are unknown and will be ignored: [$id, examples]
    level: &quot;warning&quot;
    schema: {&quot;loadingURI&quot;:&quot;file:/Users/anuradharaman/eclipse-workspace/Anu/KFAPITestAutomation/target/test-classes/getProcessItemList.json#&quot;,&quot;pointer&quot;:&quot;/properties/Data/items/properties/ThisIsText&quot;}
    domain: &quot;syntax&quot;
    ignored: [&quot;$id&quot;,&quot;examples&quot;]
warning: the following keywords are unknown and will be ignored: [$id, examples]
    level: &quot;warning&quot;
    schema: {&quot;loadingURI&quot;:&quot;file:/Users/anuradharaman/eclipse-workspace/Anu/KFAPITestAutomation/target/test-classes/getProcessItemList.json#&quot;,&quot;pointer&quot;:&quot;/properties/Data/items/properties/ThisIsTextArea&quot;}
    domain: &quot;syntax&quot;
    ignored: [&quot;$id&quot;,&quot;examples&quot;]
warning: the following keywords are unknown and will be ignored: [$id]
    level: &quot;warning&quot;
    schema: {&quot;loadingURI&quot;:&quot;file:/Users/anuradharaman/eclipse-workspace/Anu/KFAPITestAutomation/target/test-classes/getProcessItemList.json#&quot;,&quot;pointer&quot;:&quot;/properties/Data/items/properties/ThisIsUser&quot;}
    domain: &quot;syntax&quot;
    ignored: [&quot;$id&quot;]
warning: the following keywords are unknown and will be ignored: [$id, examples]
    level: &quot;warning&quot;
    schema: {&quot;loadingURI&quot;:&quot;file:/Users/anuradharaman/eclipse-workspace/Anu/KFAPITestAutomation/target/test-classes/getProcessItemList.json#&quot;,&quot;pointer&quot;:&quot;/properties/Data/items/properties/ThisIsUser/properties/Kind&quot;}
    domain: &quot;syntax&quot;
    ignored: [&quot;$id&quot;,&quot;examples&quot;]
warning: the following keywords are unknown and will be ignored: [$id, examples]
    level: &quot;warning&quot;
    schema: {&quot;loadingURI&quot;:&quot;file:/Users/anuradharaman/eclipse-workspace/Anu/KFAPITestAutomation/target/test-classes/getProcessItemList.json#&quot;,&quot;pointer&quot;:&quot;/properties/Data/items/properties/ThisIsUser/properties/Name&quot;}
    domain: &quot;syntax&quot;
    ignored: [&quot;$id&quot;,&quot;examples&quot;]
warning: the following keywords are unknown and will be ignored: [$id, examples]
    level: &quot;warning&quot;
    schema: {&quot;loadingURI&quot;:&quot;file:/Users/anuradharaman/eclipse-workspace/Anu/KFAPITestAutomation/target/test-classes/getProcessItemList.json#&quot;,&quot;pointer&quot;:&quot;/properties/Data/items/properties/ThisIsUser/properties/_id&quot;}
    domain: &quot;syntax&quot;
    ignored: [&quot;$id&quot;,&quot;examples&quot;]
warning: the following keywords are unknown and will be ignored: [$id, examples]
    level: &quot;warning&quot;
    schema: {&quot;loadingURI&quot;:&quot;file:/Users/anuradharaman/eclipse-workspace/Anu/KFAPITestAutomation/target/test-classes/getProcessItemList.json#&quot;,&quot;pointer&quot;:&quot;/properties/Data/items/properties/ThisIsYesNo&quot;}
    domain: &quot;syntax&quot;
    ignored: [&quot;$id&quot;,&quot;examples&quot;]
warning: the following keywords are unknown and will be ignored: [$id]
    level: &quot;warning&quot;
    schema: {&quot;loadingURI&quot;:&quot;file:/Users/anuradharaman/eclipse-workspace/Anu/KFAPITestAutomation/target/test-classes/getProcessItemList.json#&quot;,&quot;pointer&quot;:&quot;/properties/Data/items/properties/Untitled_FieldThisIsCheckbox&quot;}
    domain: &quot;syntax&quot;
    ignored: [&quot;$id&quot;]
warning: the following keywords are unknown and will be ignored: [$id, examples]
    level: &quot;warning&quot;
    schema: {&quot;loadingURI&quot;:&quot;file:/Users/anuradharaman/eclipse-workspace/Anu/KFAPITestAutomation/target/test-classes/getProcessItemList.json#&quot;,&quot;pointer&quot;:&quot;/properties/Data/items/properties/Untitled_FieldThisIsCheckbox/items&quot;}
    domain: &quot;syntax&quot;
    ignored: [&quot;$id&quot;,&quot;examples&quot;]
warning: the following keywords are unknown and will be ignored: [$id]
    level: &quot;warning&quot;
    schema: {&quot;loadingURI&quot;:&quot;file:/Users/anuradharaman/eclipse-workspace/Anu/KFAPITestAutomation/target/test-classes/getProcessItemList.json#&quot;,&quot;pointer&quot;:&quot;/properties/Data/items/properties/_activity_instance_id&quot;}
    domain: &quot;syntax&quot;
    ignored: [&quot;$id&quot;]
warning: the following keywords are unknown and will be ignored: [$id, examples]
    level: &quot;warning&quot;
    schema: {&quot;loadingURI&quot;:&quot;file:/Users/anuradharaman/eclipse-workspace/Anu/KFAPITestAutomation/target/test-classes/getProcessItemList.json#&quot;,&quot;pointer&quot;:&quot;/properties/Data/items/properties/_activity_instance_id/items&quot;}
    domain: &quot;syntax&quot;
    ignored: [&quot;$id&quot;,&quot;examples&quot;]
warning: the following keywords are unknown and will be ignored: [$id, examples]
    level: &quot;warning&quot;
    schema: {&quot;loadingURI&quot;:&quot;file:/Users/anuradharaman/eclipse-workspace/Anu/KFAPITestAutomation/target/test-classes/getProcessItemList.json#&quot;,&quot;pointer&quot;:&quot;/properties/Data/items/properties/_created_at&quot;}
    domain: &quot;syntax&quot;
    ignored: [&quot;$id&quot;,&quot;examples&quot;]
warning: the following keywords are unknown and will be ignored: [$id]
    level: &quot;warning&quot;
    schema: {&quot;loadingURI&quot;:&quot;file:/Users/anuradharaman/eclipse-workspace/Anu/KFAPITestAutomation/target/test-classes/getProcessItemList.json#&quot;,&quot;pointer&quot;:&quot;/properties/Data/items/properties/_created_by&quot;}
    domain: &quot;syntax&quot;
    ignored: [&quot;$id&quot;]
warning: the following keywords are unknown and will be ignored: [$id, examples]
    level: &quot;warning&quot;
    schema: {&quot;loadingURI&quot;:&quot;file:/Users/anuradharaman/eclipse-workspace/Anu/KFAPITestAutomation/target/test-classes/getProcessItemList.json#&quot;,&quot;pointer&quot;:&quot;/properties/Data/items/properties/_created_by/properties/Kind&quot;}
    domain: &quot;syntax&quot;
    ignored: [&quot;$id&quot;,&quot;examples&quot;]
warning: the following keywords are unknown and will be ignored: [$id, examples]
    level: &quot;warning&quot;
    schema: {&quot;loadingURI&quot;:&quot;file:/Users/anuradharaman/eclipse-workspace/Anu/KFAPITestAutomation/target/test-classes/getProcessItemList.json#&quot;,&quot;pointer&quot;:&quot;/properties/Data/items/properties/_created_by/properties/Name&quot;}
    domain: &quot;syntax&quot;
    ignored: [&quot;$id&quot;,&quot;examples&quot;]
warning: the following keywords are unknown and will be ignored: [$id, examples]
    level: &quot;warning&quot;
    schema: {&quot;loadingURI&quot;:&quot;file:/Users/anuradharaman/eclipse-workspace/Anu/KFAPITestAutomation/target/test-classes/getProcessItemList.json#&quot;,&quot;pointer&quot;:&quot;/properties/Data/items/properties/_created_by/properties/_id&quot;}
    domain: &quot;syntax&quot;
    ignored: [&quot;$id&quot;,&quot;examples&quot;]
warning: the following keywords are unknown and will be ignored: [$id, examples]
    level: &quot;warning&quot;
    schema: {&quot;loadingURI&quot;:&quot;file:/Users/anuradharaman/eclipse-workspace/Anu/KFAPITestAutomation/target/test-classes/getProcessItemList.json#&quot;,&quot;pointer&quot;:&quot;/properties/Data/items/properties/_id&quot;}
    domain: &quot;syntax&quot;
    ignored: [&quot;$id&quot;,&quot;examples&quot;]
warning: the following keywords are unknown and will be ignored: [$id, examples]
    level: &quot;warning&quot;
    schema: {&quot;loadingURI&quot;:&quot;file:/Users/anuradharaman/eclipse-workspace/Anu/KFAPITestAutomation/target/test-classes/getProcessItemList.json#&quot;,&quot;pointer&quot;:&quot;/properties/Data/items/properties/_status&quot;}
    domain: &quot;syntax&quot;
    ignored: [&quot;$id&quot;,&quot;examples&quot;]
warning: the following keywords are unknown and will be ignored: [$id]
    level: &quot;warning&quot;
    schema: {&quot;loadingURI&quot;:&quot;file:/Users/anuradharaman/eclipse-workspace/Anu/KFAPITestAutomation/target/test-classes/getProcessItemList.json#&quot;,&quot;pointer&quot;:&quot;/properties/Filter&quot;}
    domain: &quot;syntax&quot;
    ignored: [&quot;$id&quot;]
warning: the following keywords are unknown and will be ignored: [$id]
    level: &quot;warning&quot;
    schema: {&quot;loadingURI&quot;:&quot;file:/Users/anuradharaman/eclipse-workspace/Anu/KFAPITestAutomation/target/test-classes/getProcessItemList.json#&quot;,&quot;pointer&quot;:&quot;/properties/Sort&quot;}
    domain: &quot;syntax&quot;
    ignored: [&quot;$id&quot;]
warning: the following keywords are unknown and will be ignored: [$id, examples]
    level: &quot;warning&quot;
    schema: {&quot;loadingURI&quot;:&quot;file:/Users/anuradharaman/eclipse-workspace/Anu/KFAPITestAutomation/target/test-classes/getProcessItemList.json#&quot;,&quot;pointer&quot;:&quot;/properties/_id&quot;}
    domain: &quot;syntax&quot;
    ignored: [&quot;$id&quot;,&quot;examples&quot;]

  Actual: {&quot;_id&quot;: &quot;SmokeProcess_157&quot;, &quot;Columns&quot;: [{&quot;Id&quot;: &quot;Name&quot;, &quot;ReadOnly&quot;: true, &quot;Name&quot;: &quot;Name&quot;, &quot;Type&quot;: &quot;Text&quot;, &quot;IsSystemField&quot;: true, &quot;Model&quot;: &quot;SmokeProcess_157&quot;, &quot;Widget&quot;: null}, {&quot;Id&quot;: &quot;_created_at&quot;, &quot;ReadOnly&quot;: true, &quot;Name&quot;: &quot;Created at&quot;, &quot;Type&quot;: &quot;DateTime&quot;, &quot;IsSystemField&quot;: true, &quot;Model&quot;: &quot;SmokeProcess_157&quot;, &quot;Widget&quot;: null}, {&quot;Id&quot;: &quot;_created_by&quot;, &quot;ReadOnly&quot;: true, &quot;Name&quot;: &quot;Created by&quot;, &quot;Type&quot;: &quot;User&quot;, &quot;IsSystemField&quot;: true, &quot;Model&quot;: &quot;SmokeProcess_157&quot;, &quot;Widget&quot;: null}, {&quot;Id&quot;: &quot;_status&quot;, &quot;ReadOnly&quot;: true, &quot;Name&quot;: &quot;Status&quot;, &quot;Type&quot;: &quot;Text&quot;, &quot;IsSystemField&quot;: true, &quot;Model&quot;: &quot;SmokeProcess_157&quot;, &quot;Widget&quot;: &quot;Status&quot;}, {&quot;Id&quot;: &quot;Untitled_Field_1&quot;, &quot;ReadOnly&quot;: &quot;False&quot;, &quot;Name&quot;: &quot;ThisIsText&quot;, &quot;Type&quot;: &quot;Text&quot;, &quot;IsSystemField&quot;: false, &quot;Model&quot;: &quot;SmokeProcess_157&quot;, &quot;Widget&quot;: null}, {&quot;Id&quot;: &quot;ThisIsTextArea&quot;, &quot;ReadOnly&quot;: &quot;False&quot;, &quot;Name&quot;: &quot;ThisIsTextArea&quot;, &quot;Type&quot;: &quot;Textarea&quot;, &quot;IsSystemField&quot;: false, &quot;Model&quot;: &quot;SmokeProcess_157&quot;, &quot;Widget&quot;: null}, {&quot;Id&quot;: &quot;Untitled_Field&quot;, &quot;ReadOnly&quot;: &quot;False&quot;, &quot;Name&quot;: &quot;ThisIsNum&quot;, &quot;Type&quot;: &quot;Number&quot;, &quot;IsSystemField&quot;: false, &quot;Model&quot;: &quot;SmokeProcess_157&quot;, &quot;Widget&quot;: null, &quot;Decimalpoint&quot;: null}, {&quot;Id&quot;: &quot;Untitled_Field_2&quot;, &quot;ReadOnly&quot;: &quot;False&quot;, &quot;Name&quot;: &quot;ThisIsCurrency&quot;, &quot;Type&quot;: &quot;Currency&quot;, &quot;IsSystemField&quot;: false, &quot;Model&quot;: &quot;SmokeProcess_157&quot;, &quot;Widget&quot;: null, &quot;Decimalpoint&quot;: null}, {&quot;Id&quot;: &quot;Untitled_Field_3&quot;, &quot;ReadOnly&quot;: &quot;False&quot;, &quot;Name&quot;: &quot;ThisIsDate&quot;, &quot;Type&quot;: &quot;Date&quot;, &quot;IsSystemField&quot;: false, &quot;Model&quot;: &quot;SmokeProcess_157&quot;, &quot;Widget&quot;: null}, {&quot;Id&quot;: &quot;Untitled_Field_4&quot;, &quot;ReadOnly&quot;: &quot;False&quot;, &quot;Name&quot;: &quot;ThisIsDateAndTime&quot;, &quot;Type&quot;: &quot;DateTime&quot;, &quot;IsSystemField&quot;: false, &quot;Model&quot;: &quot;SmokeProcess_157&quot;, &quot;Widget&quot;: null}, {&quot;Id&quot;: &quot;Untitled_Field_5&quot;, &quot;ReadOnly&quot;: &quot;False&quot;, &quot;Name&quot;: &quot;ThisIsYesNo&quot;, &quot;Type&quot;: &quot;Boolean&quot;, &quot;IsSystemField&quot;: false, &quot;Model&quot;: &quot;SmokeProcess_157&quot;, &quot;Widget&quot;: null}, {&quot;Id&quot;: &quot;ThisIsImage&quot;, &quot;ReadOnly&quot;: &quot;False&quot;, &quot;Name&quot;: &quot;ThisIsImage&quot;, &quot;Type&quot;: &quot;Image&quot;, &quot;IsSystemField&quot;: false, &quot;Model&quot;: &quot;SmokeProcess_157&quot;, &quot;Widget&quot;: null}, {&quot;Id&quot;: &quot;Untitled_Field_6&quot;, &quot;ReadOnly&quot;: &quot;False&quot;, &quot;Name&quot;: &quot;ThisIsRating&quot;, &quot;Type&quot;: &quot;StarRating&quot;, &quot;IsSystemField&quot;: false, &quot;Model&quot;: &quot;SmokeProcess_157&quot;, &quot;Widget&quot;: null}, {&quot;Id&quot;: &quot;Untitled_Field_7&quot;, &quot;ReadOnly&quot;: &quot;False&quot;, &quot;Name&quot;: &quot;ThisIsDropdown&quot;, &quot;Type&quot;: &quot;Select&quot;, &quot;IsSystemField&quot;: false, &quot;Model&quot;: &quot;SmokeProcess_157&quot;, &quot;Widget&quot;: null}, {&quot;Id&quot;: &quot;Untitled_Field_8&quot;, &quot;ReadOnly&quot;: &quot;False&quot;, &quot;Name&quot;: &quot;ThisIsCheckbox&quot;, &quot;Type&quot;: &quot;Multiselect&quot;, &quot;IsSystemField&quot;: false, &quot;Model&quot;: &quot;SmokeProcess_157&quot;, &quot;Widget&quot;: null}, {&quot;Id&quot;: &quot;Untitled_Field_9&quot;, &quot;ReadOnly&quot;: &quot;False&quot;, &quot;Name&quot;: &quot;ThisIsUser&quot;, &quot;Type&quot;: &quot;User&quot;, &quot;IsSystemField&quot;: false, &quot;Model&quot;: &quot;SmokeProcess_157&quot;, &quot;Widget&quot;: null}, {&quot;Id&quot;: &quot;Untitled_Field_10&quot;, &quot;ReadOnly&quot;: &quot;False&quot;, &quot;Name&quot;: &quot;ThisIsCheckList&quot;, &quot;Type&quot;: &quot;Checklist&quot;, &quot;IsSystemField&quot;: false, &quot;Model&quot;: &quot;SmokeProcess_157&quot;, &quot;Widget&quot;: null}, {&quot;Id&quot;: &quot;ThisIsAttach&quot;, &quot;ReadOnly&quot;: &quot;False&quot;, &quot;Name&quot;: &quot;ThisIsAttach&quot;, &quot;Type&quot;: &quot;Attachment&quot;, &quot;IsSystemField&quot;: false, &quot;Model&quot;: &quot;SmokeProcess_157&quot;, &quot;Widget&quot;: null}, {&quot;Id&quot;: &quot;Untitled_Field_11&quot;, &quot;ReadOnly&quot;: &quot;False&quot;, &quot;Name&quot;: &quot;ThisIsSign&quot;, &quot;Type&quot;: &quot;Signature&quot;, &quot;IsSystemField&quot;: false, &quot;Model&quot;: &quot;SmokeProcess_157&quot;, &quot;Widget&quot;: null}, {&quot;Id&quot;: &quot;Untitled_Field_12&quot;, &quot;ReadOnly&quot;: &quot;False&quot;, &quot;Name&quot;: &quot;ThisIsLookup&quot;, &quot;Type&quot;: &quot;Reference&quot;, &quot;IsSystemField&quot;: false, &quot;Model&quot;: &quot;SmokeProcess_157&quot;, &quot;Widget&quot;: null}, {&quot;Id&quot;: &quot;Untitled_Field_13&quot;, &quot;ReadOnly&quot;: &quot;False&quot;, &quot;Name&quot;: &quot;ThisIsRemoteLookup&quot;, &quot;Type&quot;: &quot;JSON&quot;, &quot;IsSystemField&quot;: false, &quot;Model&quot;: &quot;SmokeProcess_157&quot;, &quot;Widget&quot;: &quot;RemoteLookup&quot;}], &quot;Sort&quot;: [], &quot;Filter&quot;: {}, &quot;Data&quot;: [{&quot;_created_by&quot;: {&quot;_id&quot;: &quot;UsoeANVSzy2F&quot;, &quot;Name&quot;: &quot;KF QA&quot;, &quot;Kind&quot;: &quot;User&quot;}, &quot;Name&quot;: &quot;Request for SmokeProcess&quot;, &quot;_status&quot;: &quot;InProgress&quot;, &quot;Untitled_Field_12&quot;: {&quot;Name&quot;: &quot;Request for EndtoEnd&quot;, &quot;_created_by&quot;: {&quot;_id&quot;: &quot;UsoeANVSzy2F&quot;, &quot;Name&quot;: &quot;KF QA&quot;, &quot;Kind&quot;: &quot;User&quot;}}, &quot;_created_at&quot;: &quot;2020-04-06T06:33:04Z&quot;, &quot;Untitled_Field_1&quot;: &quot;This is default content&quot;, &quot;ThisIsTextArea&quot;: &quot;This run is for process smoke testing\n&quot;, &quot;Untitled_Field&quot;: 103, &quot;Untitled_Field_2&quot;: &quot;1000 USD&quot;, &quot;Untitled_Field_3&quot;: &quot;2020-04-02&quot;, &quot;Untitled_Field_4&quot;: &quot;2020-04-03T00:00:00+05:30 Asia/Calcutta&quot;, &quot;Untitled_Field_5&quot;: true, &quot;ThisIsImage&quot;: {&quot;uploaded&quot;: 100, &quot;name&quot;: &quot;SampleImage.png&quot;, &quot;id&quot;: &quot;Attach-l3Dn5eclRM&quot;, &quot;key&quot;: &quot;AcZAAN7lsPYw/SmokeProcess_157/Pk2SjNqp2taN/Attach-l3Dn5eclRM/SampleImage.png&quot;, &quot;size&quot;: 92147, &quot;fileExtension&quot;: &quot;png&quot;, &quot;photos&quot;: [{&quot;fileExtension&quot;: &quot;png&quot;, &quot;height&quot;: 628, &quot;key&quot;: &quot;AcZAAN7lsPYw/SmokeProcess_157/Pk2SjNqp2taN/Attach-l3Dn5eclRM/SampleImage.png&quot;, &quot;name&quot;: &quot;SampleImage.png&quot;, &quot;size&quot;: 2612480, &quot;width&quot;: 1040}, {&quot;fileExtension&quot;: &quot;png&quot;, &quot;height&quot;: 628, &quot;key&quot;: &quot;AcZAAN7lsPYw/SmokeProcess_157/Pk2SjNqp2taN/Attach-l3Dn5eclRM/photos/1200x800.png&quot;, &quot;name&quot;: &quot;1200x800.png&quot;, &quot;size&quot;: 80864, &quot;width&quot;: 1040}, {&quot;fileExtension&quot;: &quot;png&quot;, &quot;height&quot;: 181, &quot;key&quot;: &quot;AcZAAN7lsPYw/SmokeProcess_157/Pk2SjNqp2taN/Attach-l3Dn5eclRM/photos/300x300.png&quot;, &quot;name&quot;: &quot;300x300.png&quot;, &quot;size&quot;: 31025, &quot;width&quot;: 300}]}, &quot;Untitled_Field_6&quot;: 3, &quot;Untitled_Field_7&quot;: &quot;One&quot;, &quot;Untitled_Field_8&quot;: [&quot;Two&quot;], &quot;Untitled_Field_9&quot;: {&quot;_id&quot;: &quot;UszVYqHGQGRs&quot;, &quot;Name&quot;: &quot;QAOutlook User&quot;, &quot;Kind&quot;: &quot;User&quot;}, &quot;Untitled_Field_10&quot;: [{&quot;value&quot;: &quot;One&quot;, &quot;selected&quot;: false}, {&quot;value&quot;: &quot;Two&quot;, &quot;selected&quot;: false}, {&quot;value&quot;: &quot;Three&quot;, &quot;selected&quot;: true}, {&quot;value&quot;: &quot;Four&quot;, &quot;selected&quot;: false}, {&quot;value&quot;: &quot;Five&quot;, &quot;selected&quot;: false}], &quot;ThisIsAttach&quot;: [{&quot;uploaded&quot;: 100, &quot;name&quot;: &quot;SampleTextFile.rtf&quot;, &quot;id&quot;: &quot;Attach-jZXn5ecodm&quot;, &quot;key&quot;: &quot;AcZAAN7lsPYw/SmokeProcess_157/Pk2SjNqp2taN/Attach-jZXn5ecodm/SampleTextFile.rtf&quot;, &quot;size&quot;: 490, &quot;fileExtension&quot;: &quot;rtf&quot;}], &quot;Untitled_Field_11&quot;: {&quot;key&quot;: &quot;AcZAAN7lsPYw/SmokeProcess_157/Pk2SjNqp2taN/Untitled_Field_11.png&quot;, &quot;name&quot;: &quot;Untitled_Field_11&quot;}, &quot;Untitled_Field_13&quot;: &quot;2&quot;, &quot;_id&quot;: &quot;Pk2SjNqp2taN&quot;, &quot;_activity_instance_id&quot;: [&quot;PkCAYJ5eUpkC&quot;]}], &quot;Aggregation&quot;: {&quot;Name&quot;: {&quot;Count&quot;: 1, &quot;Blank&quot;: 0, &quot;NonBlank&quot;: 1}, &quot;_created_at&quot;: {&quot;Min&quot;: &quot;2020-04-06T06:33:04Z&quot;, &quot;Max&quot;: &quot;2020-04-06T06:33:04Z&quot;, &quot;Count&quot;: 1, &quot;Blank&quot;: 0, &quot;NonBlank&quot;: 1}, &quot;_created_by&quot;: {&quot;Count&quot;: 1, &quot;Blank&quot;: 0, &quot;NonBlank&quot;: 1}, &quot;_status&quot;: {&quot;Count&quot;: 1, &quot;Blank&quot;: 0, &quot;NonBlank&quot;: 1}, &quot;Untitled_Field_1&quot;: {&quot;Count&quot;: 1, &quot;Blank&quot;: 0, &quot;NonBlank&quot;: 1}, &quot;ThisIsTextArea&quot;: {&quot;Count&quot;: 1, &quot;Blank&quot;: 0, &quot;NonBlank&quot;: 1}, &quot;Untitled_Field&quot;: {&quot;Sum&quot;: 103, &quot;Min&quot;: 103, &quot;Max&quot;: 103, &quot;Average&quot;: 103.0, &quot;Count&quot;: 1, &quot;Blank&quot;: 0, &quot;NonBlank&quot;: 1}, &quot;Untitled_Field_2&quot;: {&quot;Sum&quot;: 1000.0, &quot;Min&quot;: 1000.0, &quot;Max&quot;: 1000.0, &quot;Average&quot;: 1000.0, &quot;Count&quot;: 1, &quot;Blank&quot;: 0, &quot;NonBlank&quot;: 1}, &quot;Untitled_Field_3&quot;: {&quot;Min&quot;: &quot;2020-04-02&quot;, &quot;Max&quot;: &quot;2020-04-02&quot;, &quot;Count&quot;: 1, &quot;Blank&quot;: 0, &quot;NonBlank&quot;: 1}, &quot;Untitled_Field_4&quot;: {&quot;Min&quot;: &quot;2020-04-02T18:30:00Z&quot;, &quot;Max&quot;: &quot;2020-04-02T18:30:00Z&quot;, &quot;Count&quot;: 1, &quot;Blank&quot;: 0, &quot;NonBlank&quot;: 1}, &quot;Untitled_Field_5&quot;: {&quot;Count&quot;: 1, &quot;Blank&quot;: 0, &quot;NonBlank&quot;: 1}, &quot;ThisIsImage&quot;: {&quot;Count&quot;: 1, &quot;Blank&quot;: 0, &quot;NonBlank&quot;: 1}, &quot;Untitled_Field_6&quot;: {&quot;Sum&quot;: 3, &quot;Min&quot;: 3, &quot;Max&quot;: 3, &quot;Average&quot;: 3.0, &quot;Count&quot;: 1, &quot;Blank&quot;: 0, &quot;NonBlank&quot;: 1}, &quot;Untitled_Field_7&quot;: {&quot;Count&quot;: 1, &quot;Blank&quot;: 0, &quot;NonBlank&quot;: 1}, &quot;Untitled_Field_8&quot;: {&quot;Count&quot;: 1, &quot;Blank&quot;: 0, &quot;NonBlank&quot;: 1}, &quot;Untitled_Field_9&quot;: {&quot;Count&quot;: 1, &quot;Blank&quot;: 0, &quot;NonBlank&quot;: 1}, &quot;Untitled_Field_10&quot;: {&quot;Count&quot;: 1, &quot;Blank&quot;: 0, &quot;NonBlank&quot;: 1}, &quot;ThisIsAttach&quot;: {&quot;Count&quot;: 1, &quot;Blank&quot;: 0, &quot;NonBlank&quot;: 1}, &quot;Untitled_Field_11&quot;: {&quot;Count&quot;: 1, &quot;Blank&quot;: 0, &quot;NonBlank&quot;: 1}, &quot;Untitled_Field_12&quot;: {&quot;Count&quot;: 1, &quot;Blank&quot;: 0, &quot;NonBlank&quot;: 1}, &quot;Untitled_Field_13&quot;: {&quot;Count&quot;: 1, &quot;Blank&quot;: 0, &quot;NonBlank&quot;: 1}}}
" type="java.lang.AssertionError">
      <![CDATA[java.lang.AssertionError: 1 expectation failed.
Response body doesn't match expectation.
Expected: The content to match the given JSON schema.
warning: the following keywords are unknown and will be ignored: [$id]
    level: "warning"
    schema: {"loadingURI":"file:/Users/anuradharaman/eclipse-workspace/Anu/KFAPITestAutomation/target/test-classes/getProcessItemList.json#","pointer":""}
    domain: "syntax"
    ignored: ["$id"]
warning: the following keywords are unknown and will be ignored: [$id]
    level: "warning"
    schema: {"loadingURI":"file:/Users/anuradharaman/eclipse-workspace/Anu/KFAPITestAutomation/target/test-classes/getProcessItemList.json#","pointer":"/properties/Aggregation"}
    domain: "syntax"
    ignored: ["$id"]
warning: the following keywords are unknown and will be ignored: [$id]
    level: "warning"
    schema: {"loadingURI":"file:/Users/anuradharaman/eclipse-workspace/Anu/KFAPITestAutomation/target/test-classes/getProcessItemList.json#","pointer":"/properties/Aggregation/properties/Name"}
    domain: "syntax"
    ignored: ["$id"]
warning: the following keywords are unknown and will be ignored: [$id, examples]
    level: "warning"
    schema: {"loadingURI":"file:/Users/anuradharaman/eclipse-workspace/Anu/KFAPITestAutomation/target/test-classes/getProcessItemList.json#","pointer":"/properties/Aggregation/properties/Name/properties/Blank"}
    domain: "syntax"
    ignored: ["$id","examples"]
warning: the following keywords are unknown and will be ignored: [$id, examples]
    level: "warning"
    schema: {"loadingURI":"file:/Users/anuradharaman/eclipse-workspace/Anu/KFAPITestAutomation/target/test-classes/getProcessItemList.json#","pointer":"/properties/Aggregation/properties/Name/properties/Count"}
    domain: "syntax"
    ignored: ["$id","examples"]
warning: the following keywords are unknown and will be ignored: [$id, examples]
    level: "warning"
    schema: {"loadingURI":"file:/Users/anuradharaman/eclipse-workspace/Anu/KFAPITestAutomation/target/test-classes/getProcessItemList.json#","pointer":"/properties/Aggregation/properties/Name/properties/NonBlank"}
    domain: "syntax"
    ignored: ["$id","examples"]
warning: the following keywords are unknown and will be ignored: [$id]
    level: "warning"
    schema: {"loadingURI":"file:/Users/anuradharaman/eclipse-workspace/Anu/KFAPITestAutomation/target/test-classes/getProcessItemList.json#","pointer":"/properties/Aggregation/properties/ThisIsAttach"}
    domain: "syntax"
    ignored: ["$id"]
warning: the following keywords are unknown and will be ignored: [$id, examples]
    level: "warning"
    schema: {"loadingURI":"file:/Users/anuradharaman/eclipse-workspace/Anu/KFAPITestAutomation/target/test-classes/getProcessItemList.json#","pointer":"/properties/Aggregation/properties/ThisIsAttach/properties/Blank"}
    domain: "syntax"
    ignored: ["$id","examples"]
warning: the following keywords are unknown and will be ignored: [$id, examples]
    level: "warning"
    schema: {"loadingURI":"file:/Users/anuradharaman/eclipse-workspace/Anu/KFAPITestAutomation/target/test-classes/getProcessItemList.json#","pointer":"/properties/Aggregation/properties/ThisIsAttach/properties/Count"}
    domain: "syntax"
    ignored: ["$id","examples"]
warning: the following keywords are unknown and will be ignored: [$id, examples]
    level: "warning"
    schema: {"loadingURI":"file:/Users/anuradharaman/eclipse-workspace/Anu/KFAPITestAutomation/target/test-classes/getProcessItemList.json#","pointer":"/properties/Aggregation/properties/ThisIsAttach/properties/NonBlank"}
    domain: "syntax"
    ignored: ["$id","examples"]
warning: the following keywords are unknown and will be ignored: [$id]
    level: "warning"
    schema: {"loadingURI":"file:/Users/anuradharaman/eclipse-workspace/Anu/KFAPITestAutomation/target/test-classes/getProcessItemList.json#","pointer":"/properties/Aggregation/properties/ThisIsCheckList"}
    domain: "syntax"
    ignored: ["$id"]
warning: the following keywords are unknown and will be ignored: [$id, examples]
    level: "warning"
    schema: {"loadingURI":"file:/Users/anuradharaman/eclipse-workspace/Anu/KFAPITestAutomation/target/test-classes/getProcessItemList.json#","pointer":"/properties/Aggregation/properties/ThisIsCheckList/properties/Blank"}
    domain: "syntax"
    ignored: ["$id","examples"]
warning: the following keywords are unknown and will be ignored: [$id, examples]
    level: "warning"
    schema: {"loadingURI":"file:/Users/anuradharaman/eclipse-workspace/Anu/KFAPITestAutomation/target/test-classes/getProcessItemList.json#","pointer":"/properties/Aggregation/properties/ThisIsCheckList/properties/Count"}
    domain: "syntax"
    ignored: ["$id","examples"]
warning: the following keywords are unknown and will be ignored: [$id, examples]
    level: "warning"
    schema: {"loadingURI":"file:/Users/anuradharaman/eclipse-workspace/Anu/KFAPITestAutomation/target/test-classes/getProcessItemList.json#","pointer":"/properties/Aggregation/properties/ThisIsCheckList/properties/NonBlank"}
    domain: "syntax"
    ignored: ["$id","examples"]
warning: the following keywords are unknown and will be ignored: [$id]
    level: "warning"
    schema: {"loadingURI":"file:/Users/anuradharaman/eclipse-workspace/Anu/KFAPITestAutomation/target/test-classes/getProcessItemList.json#","pointer":"/properties/Aggregation/properties/ThisIsCurrency"}
    domain: "syntax"
    ignored: ["$id"]
warning: the following keywords are unknown and will be ignored: [$id, examples]
    level: "warning"
    schema: {"loadingURI":"file:/Users/anuradharaman/eclipse-workspace/Anu/KFAPITestAutomation/target/test-classes/getProcessItemList.json#","pointer":"/properties/Aggregation/properties/ThisIsCurrency/properties/Average"}
    domain: "syntax"
    ignored: ["$id","examples"]
warning: the following keywords are unknown and will be ignored: [$id, examples]
    level: "warning"
    schema: {"loadingURI":"file:/Users/anuradharaman/eclipse-workspace/Anu/KFAPITestAutomation/target/test-classes/getProcessItemList.json#","pointer":"/properties/Aggregation/properties/ThisIsCurrency/properties/Blank"}
    domain: "syntax"
    ignored: ["$id","examples"]
warning: the following keywords are unknown and will be ignored: [$id, examples]
    level: "warning"
    schema: {"loadingURI":"file:/Users/anuradharaman/eclipse-workspace/Anu/KFAPITestAutomation/target/test-classes/getProcessItemList.json#","pointer":"/properties/Aggregation/properties/ThisIsCurrency/properties/Count"}
    domain: "syntax"
    ignored: ["$id","examples"]
warning: the following keywords are unknown and will be ignored: [$id, examples]
    level: "warning"
    schema: {"loadingURI":"file:/Users/anuradharaman/eclipse-workspace/Anu/KFAPITestAutomation/target/test-classes/getProcessItemList.json#","pointer":"/properties/Aggregation/properties/ThisIsCurrency/properties/Max"}
    domain: "syntax"
    ignored: ["$id","examples"]
warning: the following keywords are unknown and will be ignored: [$id, examples]
    level: "warning"
    schema: {"loadingURI":"file:/Users/anuradharaman/eclipse-workspace/Anu/KFAPITestAutomation/target/test-classes/getProcessItemList.json#","pointer":"/properties/Aggregation/properties/ThisIsCurrency/properties/Min"}
    domain: "syntax"
    ignored: ["$id","examples"]
warning: the following keywords are unknown and will be ignored: [$id, examples]
    level: "warning"
    schema: {"loadingURI":"file:/Users/anuradharaman/eclipse-workspace/Anu/KFAPITestAutomation/target/test-classes/getProcessItemList.json#","pointer":"/properties/Aggregation/properties/ThisIsCurrency/properties/NonBlank"}
    domain: "syntax"
    ignored: ["$id","examples"]
warning: the following keywords are unknown and will be ignored: [$id, examples]
    level: "warning"
    schema: {"loadingURI":"file:/Users/anuradharaman/eclipse-workspace/Anu/KFAPITestAutomation/target/test-classes/getProcessItemList.json#","pointer":"/properties/Aggregation/properties/ThisIsCurrency/properties/Sum"}
    domain: "syntax"
    ignored: ["$id","examples"]
warning: the following keywords are unknown and will be ignored: [$id]
    level: "warning"
    schema: {"loadingURI":"file:/Users/anuradharaman/eclipse-workspace/Anu/KFAPITestAutomation/target/test-classes/getProcessItemList.json#","pointer":"/properties/Aggregation/properties/ThisIsDate"}
    domain: "syntax"
    ignored: ["$id"]
warning: the following keywords are unknown and will be ignored: [$id, examples]
    level: "warning"
    schema: {"loadingURI":"file:/Users/anuradharaman/eclipse-workspace/Anu/KFAPITestAutomation/target/test-classes/getProcessItemList.json#","pointer":"/properties/Aggregation/properties/ThisIsDate/properties/Blank"}
    domain: "syntax"
    ignored: ["$id","examples"]
warning: the following keywords are unknown and will be ignored: [$id, examples]
    level: "warning"
    schema: {"loadingURI":"file:/Users/anuradharaman/eclipse-workspace/Anu/KFAPITestAutomation/target/test-classes/getProcessItemList.json#","pointer":"/properties/Aggregation/properties/ThisIsDate/properties/Count"}
    domain: "syntax"
    ignored: ["$id","examples"]
warning: the following keywords are unknown and will be ignored: [$id, examples]
    level: "warning"
    schema: {"loadingURI":"file:/Users/anuradharaman/eclipse-workspace/Anu/KFAPITestAutomation/target/test-classes/getProcessItemList.json#","pointer":"/properties/Aggregation/properties/ThisIsDate/properties/Max"}
    domain: "syntax"
    ignored: ["$id","examples"]
warning: the following keywords are unknown and will be ignored: [$id, examples]
    level: "warning"
    schema: {"loadingURI":"file:/Users/anuradharaman/eclipse-workspace/Anu/KFAPITestAutomation/target/test-classes/getProcessItemList.json#","pointer":"/properties/Aggregation/properties/ThisIsDate/properties/Min"}
    domain: "syntax"
    ignored: ["$id","examples"]
warning: the following keywords are unknown and will be ignored: [$id, examples]
    level: "warning"
    schema: {"loadingURI":"file:/Users/anuradharaman/eclipse-workspace/Anu/KFAPITestAutomation/target/test-classes/getProcessItemList.json#","pointer":"/properties/Aggregation/properties/ThisIsDate/properties/NonBlank"}
    domain: "syntax"
    ignored: ["$id","examples"]
warning: the following keywords are unknown and will be ignored: [$id]
    level: "warning"
    schema: {"loadingURI":"file:/Users/anuradharaman/eclipse-workspace/Anu/KFAPITestAutomation/target/test-classes/getProcessItemList.json#","pointer":"/properties/Aggregation/properties/ThisIsDateAndTime"}
    domain: "syntax"
    ignored: ["$id"]
warning: the following keywords are unknown and will be ignored: [$id, examples]
    level: "warning"
    schema: {"loadingURI":"file:/Users/anuradharaman/eclipse-workspace/Anu/KFAPITestAutomation/target/test-classes/getProcessItemList.json#","pointer":"/properties/Aggregation/properties/ThisIsDateAndTime/properties/Blank"}
    domain: "syntax"
    ignored: ["$id","examples"]
warning: the following keywords are unknown and will be ignored: [$id, examples]
    level: "warning"
    schema: {"loadingURI":"file:/Users/anuradharaman/eclipse-workspace/Anu/KFAPITestAutomation/target/test-classes/getProcessItemList.json#","pointer":"/properties/Aggregation/properties/ThisIsDateAndTime/properties/Count"}
    domain: "syntax"
    ignored: ["$id","examples"]
warning: the following keywords are unknown and will be ignored: [$id, examples]
    level: "warning"
    schema: {"loadingURI":"file:/Users/anuradharaman/eclipse-workspace/Anu/KFAPITestAutomation/target/test-classes/getProcessItemList.json#","pointer":"/properties/Aggregation/properties/ThisIsDateAndTime/properties/Max"}
    domain: "syntax"
    ignored: ["$id","examples"]
warning: the following keywords are unknown and will be ignored: [$id, examples]
    level: "warning"
    schema: {"loadingURI":"file:/Users/anuradharaman/eclipse-workspace/Anu/KFAPITestAutomation/target/test-classes/getProcessItemList.json#","pointer":"/properties/Aggregation/properties/ThisIsDateAndTime/properties/Min"}
    domain: "syntax"
    ignored: ["$id","examples"]
warning: the following keywords are unknown and will be ignored: [$id, examples]
    level: "warning"
    schema: {"loadingURI":"file:/Users/anuradharaman/eclipse-workspace/Anu/KFAPITestAutomation/target/test-classes/getProcessItemList.json#","pointer":"/properties/Aggregation/properties/ThisIsDateAndTime/properties/NonBlank"}
    domain: "syntax"
    ignored: ["$id","examples"]
warning: the following keywords are unknown and will be ignored: [$id]
    level: "warning"
    schema: {"loadingURI":"file:/Users/anuradharaman/eclipse-workspace/Anu/KFAPITestAutomation/target/test-classes/getProcessItemList.json#","pointer":"/properties/Aggregation/properties/ThisIsDropdown"}
    domain: "syntax"
    ignored: ["$id"]
warning: the following keywords are unknown and will be ignored: [$id, examples]
    level: "warning"
    schema: {"loadingURI":"file:/Users/anuradharaman/eclipse-workspace/Anu/KFAPITestAutomation/target/test-classes/getProcessItemList.json#","pointer":"/properties/Aggregation/properties/ThisIsDropdown/properties/Blank"}
    domain: "syntax"
    ignored: ["$id","examples"]
warning: the following keywords are unknown and will be ignored: [$id, examples]
    level: "warning"
    schema: {"loadingURI":"file:/Users/anuradharaman/eclipse-workspace/Anu/KFAPITestAutomation/target/test-classes/getProcessItemList.json#","pointer":"/properties/Aggregation/properties/ThisIsDropdown/properties/Count"}
    domain: "syntax"
    ignored: ["$id","examples"]
warning: the following keywords are unknown and will be ignored: [$id, examples]
    level: "warning"
    schema: {"loadingURI":"file:/Users/anuradharaman/eclipse-workspace/Anu/KFAPITestAutomation/target/test-classes/getProcessItemList.json#","pointer":"/properties/Aggregation/properties/ThisIsDropdown/properties/NonBlank"}
    domain: "syntax"
    ignored: ["$id","examples"]
warning: the following keywords are unknown and will be ignored: [$id]
    level: "warning"
    schema: {"loadingURI":"file:/Users/anuradharaman/eclipse-workspace/Anu/KFAPITestAutomation/target/test-classes/getProcessItemList.json#","pointer":"/properties/Aggregation/properties/ThisIsImage"}
    domain: "syntax"
    ignored: ["$id"]
warning: the following keywords are unknown and will be ignored: [$id, examples]
    level: "warning"
    schema: {"loadingURI":"file:/Users/anuradharaman/eclipse-workspace/Anu/KFAPITestAutomation/target/test-classes/getProcessItemList.json#","pointer":"/properties/Aggregation/properties/ThisIsImage/properties/Blank"}
    domain: "syntax"
    ignored: ["$id","examples"]
warning: the following keywords are unknown and will be ignored: [$id, examples]
    level: "warning"
    schema: {"loadingURI":"file:/Users/anuradharaman/eclipse-workspace/Anu/KFAPITestAutomation/target/test-classes/getProcessItemList.json#","pointer":"/properties/Aggregation/properties/ThisIsImage/properties/Count"}
    domain: "syntax"
    ignored: ["$id","examples"]
warning: the following keywords are unknown and will be ignored: [$id, examples]
    level: "warning"
    schema: {"loadingURI":"file:/Users/anuradharaman/eclipse-workspace/Anu/KFAPITestAutomation/target/test-classes/getProcessItemList.json#","pointer":"/properties/Aggregation/properties/ThisIsImage/properties/NonBlank"}
    domain: "syntax"
    ignored: ["$id","examples"]
warning: the following keywords are unknown and will be ignored: [$id]
    level: "warning"
    schema: {"loadingURI":"file:/Users/anuradharaman/eclipse-workspace/Anu/KFAPITestAutomation/target/test-classes/getProcessItemList.json#","pointer":"/properties/Aggregation/properties/ThisIsLookup"}
    domain: "syntax"
    ignored: ["$id"]
warning: the following keywords are unknown and will be ignored: [$id, examples]
    level: "warning"
    schema: {"loadingURI":"file:/Users/anuradharaman/eclipse-workspace/Anu/KFAPITestAutomation/target/test-classes/getProcessItemList.json#","pointer":"/properties/Aggregation/properties/ThisIsLookup/properties/Blank"}
    domain: "syntax"
    ignored: ["$id","examples"]
warning: the following keywords are unknown and will be ignored: [$id, examples]
    level: "warning"
    schema: {"loadingURI":"file:/Users/anuradharaman/eclipse-workspace/Anu/KFAPITestAutomation/target/test-classes/getProcessItemList.json#","pointer":"/properties/Aggregation/properties/ThisIsLookup/properties/Count"}
    domain: "syntax"
    ignored: ["$id","examples"]
warning: the following keywords are unknown and will be ignored: [$id, examples]
    level: "warning"
    schema: {"loadingURI":"file:/Users/anuradharaman/eclipse-workspace/Anu/KFAPITestAutomation/target/test-classes/getProcessItemList.json#","pointer":"/properties/Aggregation/properties/ThisIsLookup/properties/NonBlank"}
    domain: "syntax"
    ignored: ["$id","examples"]
warning: the following keywords are unknown and will be ignored: [$id]
    level: "warning"
    schema: {"loadingURI":"file:/Users/anuradharaman/eclipse-workspace/Anu/KFAPITestAutomation/target/test-classes/getProcessItemList.json#","pointer":"/properties/Aggregation/properties/ThisIsNum"}
    domain: "syntax"
    ignored: ["$id"]
warning: the following keywords are unknown and will be ignored: [$id, examples]
    level: "warning"
    schema: {"loadingURI":"file:/Users/anuradharaman/eclipse-workspace/Anu/KFAPITestAutomation/target/test-classes/getProcessItemList.json#","pointer":"/properties/Aggregation/properties/ThisIsNum/properties/Average"}
    domain: "syntax"
    ignored: ["$id","examples"]
warning: the following keywords are unknown and will be ignored: [$id, examples]
    level: "warning"
    schema: {"loadingURI":"file:/Users/anuradharaman/eclipse-workspace/Anu/KFAPITestAutomation/target/test-classes/getProcessItemList.json#","pointer":"/properties/Aggregation/properties/ThisIsNum/properties/Blank"}
    domain: "syntax"
    ignored: ["$id","examples"]
warning: the following keywords are unknown and will be ignored: [$id, examples]
    level: "warning"
    schema: {"loadingURI":"file:/Users/anuradharaman/eclipse-workspace/Anu/KFAPITestAutomation/target/test-classes/getProcessItemList.json#","pointer":"/properties/Aggregation/properties/ThisIsNum/properties/Count"}
    domain: "syntax"
    ignored: ["$id","examples"]
warning: the following keywords are unknown and will be ignored: [$id, examples]
    level: "warning"
    schema: {"loadingURI":"file:/Users/anuradharaman/eclipse-workspace/Anu/KFAPITestAutomation/target/test-classes/getProcessItemList.json#","pointer":"/properties/Aggregation/properties/ThisIsNum/properties/Max"}
    domain: "syntax"
    ignored: ["$id","examples"]
warning: the following keywords are unknown and will be ignored: [$id, examples]
    level: "warning"
    schema: {"loadingURI":"file:/Users/anuradharaman/eclipse-workspace/Anu/KFAPITestAutomation/target/test-classes/getProcessItemList.json#","pointer":"/properties/Aggregation/properties/ThisIsNum/properties/Min"}
    domain: "syntax"
    ignored: ["$id","examples"]
warning: the following keywords are unknown and will be ignored: [$id, examples]
    level: "warning"
    schema: {"loadingURI":"file:/Users/anuradharaman/eclipse-workspace/Anu/KFAPITestAutomation/target/test-classes/getProcessItemList.json#","pointer":"/properties/Aggregation/properties/ThisIsNum/properties/NonBlank"}
    domain: "syntax"
    ignored: ["$id","examples"]
warning: the following keywords are unknown and will be ignored: [$id, examples]
    level: "warning"
    schema: {"loadingURI":"file:/Users/anuradharaman/eclipse-workspace/Anu/KFAPITestAutomation/target/test-classes/getProcessItemList.json#","pointer":"/properties/Aggregation/properties/ThisIsNum/properties/Sum"}
    domain: "syntax"
    ignored: ["$id","examples"]
warning: the following keywords are unknown and will be ignored: [$id]
    level: "warning"
    schema: {"loadingURI":"file:/Users/anuradharaman/eclipse-workspace/Anu/KFAPITestAutomation/target/test-classes/getProcessItemList.json#","pointer":"/properties/Aggregation/properties/ThisIsRating"}
    domain: "syntax"
    ignored: ["$id"]
warning: the following keywords are unknown and will be ignored: [$id, examples]
    level: "warning"
    schema: {"loadingURI":"file:/Users/anuradharaman/eclipse-workspace/Anu/KFAPITestAutomation/target/test-classes/getProcessItemList.json#","pointer":"/properties/Aggregation/properties/ThisIsRating/properties/Average"}
    domain: "syntax"
    ignored: ["$id","examples"]
warning: the following keywords are unknown and will be ignored: [$id, examples]
    level: "warning"
    schema: {"loadingURI":"file:/Users/anuradharaman/eclipse-workspace/Anu/KFAPITestAutomation/target/test-classes/getProcessItemList.json#","pointer":"/properties/Aggregation/properties/ThisIsRating/properties/Blank"}
    domain: "syntax"
    ignored: ["$id","examples"]
warning: the following keywords are unknown and will be ignored: [$id, examples]
    level: "warning"
    schema: {"loadingURI":"file:/Users/anuradharaman/eclipse-workspace/Anu/KFAPITestAutomation/target/test-classes/getProcessItemList.json#","pointer":"/properties/Aggregation/properties/ThisIsRating/properties/Count"}
    domain: "syntax"
    ignored: ["$id","examples"]
warning: the following keywords are unknown and will be ignored: [$id, examples]
    level: "warning"
    schema: {"loadingURI":"file:/Users/anuradharaman/eclipse-workspace/Anu/KFAPITestAutomation/target/test-classes/getProcessItemList.json#","pointer":"/properties/Aggregation/properties/ThisIsRating/properties/Max"}
    domain: "syntax"
    ignored: ["$id","examples"]
warning: the following keywords are unknown and will be ignored: [$id, examples]
    level: "warning"
    schema: {"loadingURI":"file:/Users/anuradharaman/eclipse-workspace/Anu/KFAPITestAutomation/target/test-classes/getProcessItemList.json#","pointer":"/properties/Aggregation/properties/ThisIsRating/properties/Min"}
    domain: "syntax"
    ignored: ["$id","examples"]
warning: the following keywords are unknown and will be ignored: [$id, examples]
    level: "warning"
    schema: {"loadingURI":"file:/Users/anuradharaman/eclipse-workspace/Anu/KFAPITestAutomation/target/test-classes/getProcessItemList.json#","pointer":"/properties/Aggregation/properties/ThisIsRating/properties/NonBlank"}
    domain: "syntax"
    ignored: ["$id","examples"]
warning: the following keywords are unknown and will be ignored: [$id, examples]
    level: "warning"
    schema: {"loadingURI":"file:/Users/anuradharaman/eclipse-workspace/Anu/KFAPITestAutomation/target/test-classes/getProcessItemList.json#","pointer":"/properties/Aggregation/properties/ThisIsRating/properties/Sum"}
    domain: "syntax"
    ignored: ["$id","examples"]
warning: the following keywords are unknown and will be ignored: [$id]
    level: "warning"
    schema: {"loadingURI":"file:/Users/anuradharaman/eclipse-workspace/Anu/KFAPITestAutomation/target/test-classes/getProcessItemList.json#","pointer":"/properties/Aggregation/properties/ThisIsRemoteLookup"}
    domain: "syntax"
    ignored: ["$id"]
warning: the following keywords are unknown and will be ignored: [$id, examples]
    level: "warning"
    schema: {"loadingURI":"file:/Users/anuradharaman/eclipse-workspace/Anu/KFAPITestAutomation/target/test-classes/getProcessItemList.json#","pointer":"/properties/Aggregation/properties/ThisIsRemoteLookup/properties/Blank"}
    domain: "syntax"
    ignored: ["$id","examples"]
warning: the following keywords are unknown and will be ignored: [$id, examples]
    level: "warning"
    schema: {"loadingURI":"file:/Users/anuradharaman/eclipse-workspace/Anu/KFAPITestAutomation/target/test-classes/getProcessItemList.json#","pointer":"/properties/Aggregation/properties/ThisIsRemoteLookup/properties/Count"}
    domain: "syntax"
    ignored: ["$id","examples"]
warning: the following keywords are unknown and will be ignored: [$id, examples]
    level: "warning"
    schema: {"loadingURI":"file:/Users/anuradharaman/eclipse-workspace/Anu/KFAPITestAutomation/target/test-classes/getProcessItemList.json#","pointer":"/properties/Aggregation/properties/ThisIsRemoteLookup/properties/NonBlank"}
    domain: "syntax"
    ignored: ["$id","examples"]
warning: the following keywords are unknown and will be ignored: [$id]
    level: "warning"
    schema: {"loadingURI":"file:/Users/anuradharaman/eclipse-workspace/Anu/KFAPITestAutomation/target/test-classes/getProcessItemList.json#","pointer":"/properties/Aggregation/properties/ThisIsSign"}
    domain: "syntax"
    ignored: ["$id"]
warning: the following keywords are unknown and will be ignored: [$id, examples]
    level: "warning"
    schema: {"loadingURI":"file:/Users/anuradharaman/eclipse-workspace/Anu/KFAPITestAutomation/target/test-classes/getProcessItemList.json#","pointer":"/properties/Aggregation/properties/ThisIsSign/properties/Blank"}
    domain: "syntax"
    ignored: ["$id","examples"]
warning: the following keywords are unknown and will be ignored: [$id, examples]
    level: "warning"
    schema: {"loadingURI":"file:/Users/anuradharaman/eclipse-workspace/Anu/KFAPITestAutomation/target/test-classes/getProcessItemList.json#","pointer":"/properties/Aggregation/properties/ThisIsSign/properties/Count"}
    domain: "syntax"
    ignored: ["$id","examples"]
warning: the following keywords are unknown and will be ignored: [$id, examples]
    level: "warning"
    schema: {"loadingURI":"file:/Users/anuradharaman/eclipse-workspace/Anu/KFAPITestAutomation/target/test-classes/getProcessItemList.json#","pointer":"/properties/Aggregation/properties/ThisIsSign/properties/NonBlank"}
    domain: "syntax"
    ignored: ["$id","examples"]
warning: the following keywords are unknown and will be ignored: [$id]
    level: "warning"
    schema: {"loadingURI":"file:/Users/anuradharaman/eclipse-workspace/Anu/KFAPITestAutomation/target/test-classes/getProcessItemList.json#","pointer":"/properties/Aggregation/properties/ThisIsSlider"}
    domain: "syntax"
    ignored: ["$id"]
warning: the following keywords are unknown and will be ignored: [$id, examples]
    level: "warning"
    schema: {"loadingURI":"file:/Users/anuradharaman/eclipse-workspace/Anu/KFAPITestAutomation/target/test-classes/getProcessItemList.json#","pointer":"/properties/Aggregation/properties/ThisIsSlider/properties/Average"}
    domain: "syntax"
    ignored: ["$id","examples"]
warning: the following keywords are unknown and will be ignored: [$id, examples]
    level: "warning"
    schema: {"loadingURI":"file:/Users/anuradharaman/eclipse-workspace/Anu/KFAPITestAutomation/target/test-classes/getProcessItemList.json#","pointer":"/properties/Aggregation/properties/ThisIsSlider/properties/Blank"}
    domain: "syntax"
    ignored: ["$id","examples"]
warning: the following keywords are unknown and will be ignored: [$id, examples]
    level: "warning"
    schema: {"loadingURI":"file:/Users/anuradharaman/eclipse-workspace/Anu/KFAPITestAutomation/target/test-classes/getProcessItemList.json#","pointer":"/properties/Aggregation/properties/ThisIsSlider/properties/Count"}
    domain: "syntax"
    ignored: ["$id","examples"]
warning: the following keywords are unknown and will be ignored: [$id, examples]
    level: "warning"
    schema: {"loadingURI":"file:/Users/anuradharaman/eclipse-workspace/Anu/KFAPITestAutomation/target/test-classes/getProcessItemList.json#","pointer":"/properties/Aggregation/properties/ThisIsSlider/properties/Max"}
    domain: "syntax"
    ignored: ["$id","examples"]
warning: the following keywords are unknown and will be ignored: [$id, examples]
    level: "warning"
    schema: {"loadingURI":"file:/Users/anuradharaman/eclipse-workspace/Anu/KFAPITestAutomation/target/test-classes/getProcessItemList.json#","pointer":"/properties/Aggregation/properties/ThisIsSlider/properties/Min"}
    domain: "syntax"
    ignored: ["$id","examples"]
warning: the following keywords are unknown and will be ignored: [$id, examples]
    level: "warning"
    schema: {"loadingURI":"file:/Users/anuradharaman/eclipse-workspace/Anu/KFAPITestAutomation/target/test-classes/getProcessItemList.json#","pointer":"/properties/Aggregation/properties/ThisIsSlider/properties/NonBlank"}
    domain: "syntax"
    ignored: ["$id","examples"]
warning: the following keywords are unknown and will be ignored: [$id, examples]
    level: "warning"
    schema: {"loadingURI":"file:/Users/anuradharaman/eclipse-workspace/Anu/KFAPITestAutomation/target/test-classes/getProcessItemList.json#","pointer":"/properties/Aggregation/properties/ThisIsSlider/properties/Sum"}
    domain: "syntax"
    ignored: ["$id","examples"]
warning: the following keywords are unknown and will be ignored: [$id]
    level: "warning"
    schema: {"loadingURI":"file:/Users/anuradharaman/eclipse-workspace/Anu/KFAPITestAutomation/target/test-classes/getProcessItemList.json#","pointer":"/properties/Aggregation/properties/ThisIsText"}
    domain: "syntax"
    ignored: ["$id"]
warning: the following keywords are unknown and will be ignored: [$id, examples]
    level: "warning"
    schema: {"loadingURI":"file:/Users/anuradharaman/eclipse-workspace/Anu/KFAPITestAutomation/target/test-classes/getProcessItemList.json#","pointer":"/properties/Aggregation/properties/ThisIsText/properties/Blank"}
    domain: "syntax"
    ignored: ["$id","examples"]
warning: the following keywords are unknown and will be ignored: [$id, examples]
    level: "warning"
    schema: {"loadingURI":"file:/Users/anuradharaman/eclipse-workspace/Anu/KFAPITestAutomation/target/test-classes/getProcessItemList.json#","pointer":"/properties/Aggregation/properties/ThisIsText/properties/Count"}
    domain: "syntax"
    ignored: ["$id","examples"]
warning: the following keywords are unknown and will be ignored: [$id, examples]
    level: "warning"
    schema: {"loadingURI":"file:/Users/anuradharaman/eclipse-workspace/Anu/KFAPITestAutomation/target/test-classes/getProcessItemList.json#","pointer":"/properties/Aggregation/properties/ThisIsText/properties/NonBlank"}
    domain: "syntax"
    ignored: ["$id","examples"]
warning: the following keywords are unknown and will be ignored: [$id]
    level: "warning"
    schema: {"loadingURI":"file:/Users/anuradharaman/eclipse-workspace/Anu/KFAPITestAutomation/target/test-classes/getProcessItemList.json#","pointer":"/properties/Aggregation/properties/ThisIsTextArea"}
    domain: "syntax"
    ignored: ["$id"]
warning: the following keywords are unknown and will be ignored: [$id, examples]
    level: "warning"
    schema: {"loadingURI":"file:/Users/anuradharaman/eclipse-workspace/Anu/KFAPITestAutomation/target/test-classes/getProcessItemList.json#","pointer":"/properties/Aggregation/properties/ThisIsTextArea/properties/Blank"}
    domain: "syntax"
    ignored: ["$id","examples"]
warning: the following keywords are unknown and will be ignored: [$id, examples]
    level: "warning"
    schema: {"loadingURI":"file:/Users/anuradharaman/eclipse-workspace/Anu/KFAPITestAutomation/target/test-classes/getProcessItemList.json#","pointer":"/properties/Aggregation/properties/ThisIsTextArea/properties/Count"}
    domain: "syntax"
    ignored: ["$id","examples"]
warning: the following keywords are unknown and will be ignored: [$id, examples]
    level: "warning"
    schema: {"loadingURI":"file:/Users/anuradharaman/eclipse-workspace/Anu/KFAPITestAutomation/target/test-classes/getProcessItemList.json#","pointer":"/properties/Aggregation/properties/ThisIsTextArea/properties/NonBlank"}
    domain: "syntax"
    ignored: ["$id","examples"]
warning: the following keywords are unknown and will be ignored: [$id]
    level: "warning"
    schema: {"loadingURI":"file:/Users/anuradharaman/eclipse-workspace/Anu/KFAPITestAutomation/target/test-classes/getProcessItemList.json#","pointer":"/properties/Aggregation/properties/ThisIsUser"}
    domain: "syntax"
    ignored: ["$id"]
warning: the following keywords are unknown and will be ignored: [$id, examples]
    level: "warning"
    schema: {"loadingURI":"file:/Users/anuradharaman/eclipse-workspace/Anu/KFAPITestAutomation/target/test-classes/getProcessItemList.json#","pointer":"/properties/Aggregation/properties/ThisIsUser/properties/Blank"}
    domain: "syntax"
    ignored: ["$id","examples"]
warning: the following keywords are unknown and will be ignored: [$id, examples]
    level: "warning"
    schema: {"loadingURI":"file:/Users/anuradharaman/eclipse-workspace/Anu/KFAPITestAutomation/target/test-classes/getProcessItemList.json#","pointer":"/properties/Aggregation/properties/ThisIsUser/properties/Count"}
    domain: "syntax"
    ignored: ["$id","examples"]
warning: the following keywords are unknown and will be ignored: [$id, examples]
    level: "warning"
    schema: {"loadingURI":"file:/Users/anuradharaman/eclipse-workspace/Anu/KFAPITestAutomation/target/test-classes/getProcessItemList.json#","pointer":"/properties/Aggregation/properties/ThisIsUser/properties/NonBlank"}
    domain: "syntax"
    ignored: ["$id","examples"]
warning: the following keywords are unknown and will be ignored: [$id]
    level: "warning"
    schema: {"loadingURI":"file:/Users/anuradharaman/eclipse-workspace/Anu/KFAPITestAutomation/target/test-classes/getProcessItemList.json#","pointer":"/properties/Aggregation/properties/ThisIsYesNo"}
    domain: "syntax"
    ignored: ["$id"]
warning: the following keywords are unknown and will be ignored: [$id, examples]
    level: "warning"
    schema: {"loadingURI":"file:/Users/anuradharaman/eclipse-workspace/Anu/KFAPITestAutomation/target/test-classes/getProcessItemList.json#","pointer":"/properties/Aggregation/properties/ThisIsYesNo/properties/Blank"}
    domain: "syntax"
    ignored: ["$id","examples"]
warning: the following keywords are unknown and will be ignored: [$id, examples]
    level: "warning"
    schema: {"loadingURI":"file:/Users/anuradharaman/eclipse-workspace/Anu/KFAPITestAutomation/target/test-classes/getProcessItemList.json#","pointer":"/properties/Aggregation/properties/ThisIsYesNo/properties/Count"}
    domain: "syntax"
    ignored: ["$id","examples"]
warning: the following keywords are unknown and will be ignored: [$id, examples]
    level: "warning"
    schema: {"loadingURI":"file:/Users/anuradharaman/eclipse-workspace/Anu/KFAPITestAutomation/target/test-classes/getProcessItemList.json#","pointer":"/properties/Aggregation/properties/ThisIsYesNo/properties/NonBlank"}
    domain: "syntax"
    ignored: ["$id","examples"]
warning: the following keywords are unknown and will be ignored: [$id]
    level: "warning"
    schema: {"loadingURI":"file:/Users/anuradharaman/eclipse-workspace/Anu/KFAPITestAutomation/target/test-classes/getProcessItemList.json#","pointer":"/properties/Aggregation/properties/Untitled_FieldThisIsCheckbox"}
    domain: "syntax"
    ignored: ["$id"]
warning: the following keywords are unknown and will be ignored: [$id, examples]
    level: "warning"
    schema: {"loadingURI":"file:/Users/anuradharaman/eclipse-workspace/Anu/KFAPITestAutomation/target/test-classes/getProcessItemList.json#","pointer":"/properties/Aggregation/properties/Untitled_FieldThisIsCheckbox/properties/Blank"}
    domain: "syntax"
    ignored: ["$id","examples"]
warning: the following keywords are unknown and will be ignored: [$id, examples]
    level: "warning"
    schema: {"loadingURI":"file:/Users/anuradharaman/eclipse-workspace/Anu/KFAPITestAutomation/target/test-classes/getProcessItemList.json#","pointer":"/properties/Aggregation/properties/Untitled_FieldThisIsCheckbox/properties/Count"}
    domain: "syntax"
    ignored: ["$id","examples"]
warning: the following keywords are unknown and will be ignored: [$id, examples]
    level: "warning"
    schema: {"loadingURI":"file:/Users/anuradharaman/eclipse-workspace/Anu/KFAPITestAutomation/target/test-classes/getProcessItemList.json#","pointer":"/properties/Aggregation/properties/Untitled_FieldThisIsCheckbox/properties/NonBlank"}
    domain: "syntax"
    ignored: ["$id","examples"]
warning: the following keywords are unknown and will be ignored: [$id]
    level: "warning"
    schema: {"loadingURI":"file:/Users/anuradharaman/eclipse-workspace/Anu/KFAPITestAutomation/target/test-classes/getProcessItemList.json#","pointer":"/properties/Aggregation/properties/_created_at"}
    domain: "syntax"
    ignored: ["$id"]
warning: the following keywords are unknown and will be ignored: [$id, examples]
    level: "warning"
    schema: {"loadingURI":"file:/Users/anuradharaman/eclipse-workspace/Anu/KFAPITestAutomation/target/test-classes/getProcessItemList.json#","pointer":"/properties/Aggregation/properties/_created_at/properties/Blank"}
    domain: "syntax"
    ignored: ["$id","examples"]
warning: the following keywords are unknown and will be ignored: [$id, examples]
    level: "warning"
    schema: {"loadingURI":"file:/Users/anuradharaman/eclipse-workspace/Anu/KFAPITestAutomation/target/test-classes/getProcessItemList.json#","pointer":"/properties/Aggregation/properties/_created_at/properties/Count"}
    domain: "syntax"
    ignored: ["$id","examples"]
warning: the following keywords are unknown and will be ignored: [$id, examples]
    level: "warning"
    schema: {"loadingURI":"file:/Users/anuradharaman/eclipse-workspace/Anu/KFAPITestAutomation/target/test-classes/getProcessItemList.json#","pointer":"/properties/Aggregation/properties/_created_at/properties/Max"}
    domain: "syntax"
    ignored: ["$id","examples"]
warning: the following keywords are unknown and will be ignored: [$id, examples]
    level: "warning"
    schema: {"loadingURI":"file:/Users/anuradharaman/eclipse-workspace/Anu/KFAPITestAutomation/target/test-classes/getProcessItemList.json#","pointer":"/properties/Aggregation/properties/_created_at/properties/Min"}
    domain: "syntax"
    ignored: ["$id","examples"]
warning: the following keywords are unknown and will be ignored: [$id, examples]
    level: "warning"
    schema: {"loadingURI":"file:/Users/anuradharaman/eclipse-workspace/Anu/KFAPITestAutomation/target/test-classes/getProcessItemList.json#","pointer":"/properties/Aggregation/properties/_created_at/properties/NonBlank"}
    domain: "syntax"
    ignored: ["$id","examples"]
warning: the following keywords are unknown and will be ignored: [$id]
    level: "warning"
    schema: {"loadingURI":"file:/Users/anuradharaman/eclipse-workspace/Anu/KFAPITestAutomation/target/test-classes/getProcessItemList.json#","pointer":"/properties/Aggregation/properties/_created_by"}
    domain: "syntax"
    ignored: ["$id"]
warning: the following keywords are unknown and will be ignored: [$id, examples]
    level: "warning"
    schema: {"loadingURI":"file:/Users/anuradharaman/eclipse-workspace/Anu/KFAPITestAutomation/target/test-classes/getProcessItemList.json#","pointer":"/properties/Aggregation/properties/_created_by/properties/Blank"}
    domain: "syntax"
    ignored: ["$id","examples"]
warning: the following keywords are unknown and will be ignored: [$id, examples]
    level: "warning"
    schema: {"loadingURI":"file:/Users/anuradharaman/eclipse-workspace/Anu/KFAPITestAutomation/target/test-classes/getProcessItemList.json#","pointer":"/properties/Aggregation/properties/_created_by/properties/Count"}
    domain: "syntax"
    ignored: ["$id","examples"]
warning: the following keywords are unknown and will be ignored: [$id, examples]
    level: "warning"
    schema: {"loadingURI":"file:/Users/anuradharaman/eclipse-workspace/Anu/KFAPITestAutomation/target/test-classes/getProcessItemList.json#","pointer":"/properties/Aggregation/properties/_created_by/properties/NonBlank"}
    domain: "syntax"
    ignored: ["$id","examples"]
warning: the following keywords are unknown and will be ignored: [$id]
    level: "warning"
    schema: {"loadingURI":"file:/Users/anuradharaman/eclipse-workspace/Anu/KFAPITestAutomation/target/test-classes/getProcessItemList.json#","pointer":"/properties/Aggregation/properties/_status"}
    domain: "syntax"
    ignored: ["$id"]
warning: the following keywords are unknown and will be ignored: [$id, examples]
    level: "warning"
    schema: {"loadingURI":"file:/Users/anuradharaman/eclipse-workspace/Anu/KFAPITestAutomation/target/test-classes/getProcessItemList.json#","pointer":"/properties/Aggregation/properties/_status/properties/Blank"}
    domain: "syntax"
    ignored: ["$id","examples"]
warning: the following keywords are unknown and will be ignored: [$id, examples]
    level: "warning"
    schema: {"loadingURI":"file:/Users/anuradharaman/eclipse-workspace/Anu/KFAPITestAutomation/target/test-classes/getProcessItemList.json#","pointer":"/properties/Aggregation/properties/_status/properties/Count"}
    domain: "syntax"
    ignored: ["$id","examples"]
warning: the following keywords are unknown and will be ignored: [$id, examples]
    level: "warning"
    schema: {"loadingURI":"file:/Users/anuradharaman/eclipse-workspace/Anu/KFAPITestAutomation/target/test-classes/getProcessItemList.json#","pointer":"/properties/Aggregation/properties/_status/properties/NonBlank"}
    domain: "syntax"
    ignored: ["$id","examples"]
warning: the following keywords are unknown and will be ignored: [$id]
    level: "warning"
    schema: {"loadingURI":"file:/Users/anuradharaman/eclipse-workspace/Anu/KFAPITestAutomation/target/test-classes/getProcessItemList.json#","pointer":"/properties/Columns"}
    domain: "syntax"
    ignored: ["$id"]
warning: the following keywords are unknown and will be ignored: [$id]
    level: "warning"
    schema: {"loadingURI":"file:/Users/anuradharaman/eclipse-workspace/Anu/KFAPITestAutomation/target/test-classes/getProcessItemList.json#","pointer":"/properties/Columns/items"}
    domain: "syntax"
    ignored: ["$id"]
warning: the following keywords are unknown and will be ignored: [$id, examples]
    level: "warning"
    schema: {"loadingURI":"file:/Users/anuradharaman/eclipse-workspace/Anu/KFAPITestAutomation/target/test-classes/getProcessItemList.json#","pointer":"/properties/Columns/items/properties/Id"}
    domain: "syntax"
    ignored: ["$id","examples"]
warning: the following keywords are unknown and will be ignored: [$id, examples]
    level: "warning"
    schema: {"loadingURI":"file:/Users/anuradharaman/eclipse-workspace/Anu/KFAPITestAutomation/target/test-classes/getProcessItemList.json#","pointer":"/properties/Columns/items/properties/IsSystemField"}
    domain: "syntax"
    ignored: ["$id","examples"]
warning: the following keywords are unknown and will be ignored: [$id, examples]
    level: "warning"
    schema: {"loadingURI":"file:/Users/anuradharaman/eclipse-workspace/Anu/KFAPITestAutomation/target/test-classes/getProcessItemList.json#","pointer":"/properties/Columns/items/properties/Model"}
    domain: "syntax"
    ignored: ["$id","examples"]
warning: the following keywords are unknown and will be ignored: [$id, examples]
    level: "warning"
    schema: {"loadingURI":"file:/Users/anuradharaman/eclipse-workspace/Anu/KFAPITestAutomation/target/test-classes/getProcessItemList.json#","pointer":"/properties/Columns/items/properties/Name"}
    domain: "syntax"
    ignored: ["$id","examples"]
warning: the following keywords are unknown and will be ignored: [$id, examples]
    level: "warning"
    schema: {"loadingURI":"file:/Users/anuradharaman/eclipse-workspace/Anu/KFAPITestAutomation/target/test-classes/getProcessItemList.json#","pointer":"/properties/Columns/items/properties/ReadOnly"}
    domain: "syntax"
    ignored: ["$id","examples"]
warning: the following keywords are unknown and will be ignored: [$id, examples]
    level: "warning"
    schema: {"loadingURI":"file:/Users/anuradharaman/eclipse-workspace/Anu/KFAPITestAutomation/target/test-classes/getProcessItemList.json#","pointer":"/properties/Columns/items/properties/Type"}
    domain: "syntax"
    ignored: ["$id","examples"]
warning: the following keywords are unknown and will be ignored: [$id, examples]
    level: "warning"
    schema: {"loadingURI":"file:/Users/anuradharaman/eclipse-workspace/Anu/KFAPITestAutomation/target/test-classes/getProcessItemList.json#","pointer":"/properties/Columns/items/properties/Widget"}
    domain: "syntax"
    ignored: ["$id","examples"]
warning: the following keywords are unknown and will be ignored: [$id]
    level: "warning"
    schema: {"loadingURI":"file:/Users/anuradharaman/eclipse-workspace/Anu/KFAPITestAutomation/target/test-classes/getProcessItemList.json#","pointer":"/properties/Data"}
    domain: "syntax"
    ignored: ["$id"]
warning: the following keywords are unknown and will be ignored: [$id]
    level: "warning"
    schema: {"loadingURI":"file:/Users/anuradharaman/eclipse-workspace/Anu/KFAPITestAutomation/target/test-classes/getProcessItemList.json#","pointer":"/properties/Data/items"}
    domain: "syntax"
    ignored: ["$id"]
warning: the following keywords are unknown and will be ignored: [$id, examples]
    level: "warning"
    schema: {"loadingURI":"file:/Users/anuradharaman/eclipse-workspace/Anu/KFAPITestAutomation/target/test-classes/getProcessItemList.json#","pointer":"/properties/Data/items/properties/Name"}
    domain: "syntax"
    ignored: ["$id","examples"]
warning: the following keywords are unknown and will be ignored: [$id]
    level: "warning"
    schema: {"loadingURI":"file:/Users/anuradharaman/eclipse-workspace/Anu/KFAPITestAutomation/target/test-classes/getProcessItemList.json#","pointer":"/properties/Data/items/properties/ThisIsAttach"}
    domain: "syntax"
    ignored: ["$id"]
warning: the following keywords are unknown and will be ignored: [$id]
    level: "warning"
    schema: {"loadingURI":"file:/Users/anuradharaman/eclipse-workspace/Anu/KFAPITestAutomation/target/test-classes/getProcessItemList.json#","pointer":"/properties/Data/items/properties/ThisIsAttach/items"}
    domain: "syntax"
    ignored: ["$id"]
warning: the following keywords are unknown and will be ignored: [$id, examples]
    level: "warning"
    schema: {"loadingURI":"file:/Users/anuradharaman/eclipse-workspace/Anu/KFAPITestAutomation/target/test-classes/getProcessItemList.json#","pointer":"/properties/Data/items/properties/ThisIsAttach/items/properties/fileExtension"}
    domain: "syntax"
    ignored: ["$id","examples"]
warning: the following keywords are unknown and will be ignored: [$id, examples]
    level: "warning"
    schema: {"loadingURI":"file:/Users/anuradharaman/eclipse-workspace/Anu/KFAPITestAutomation/target/test-classes/getProcessItemList.json#","pointer":"/properties/Data/items/properties/ThisIsAttach/items/properties/id"}
    domain: "syntax"
    ignored: ["$id","examples"]
warning: the following keywords are unknown and will be ignored: [$id, examples]
    level: "warning"
    schema: {"loadingURI":"file:/Users/anuradharaman/eclipse-workspace/Anu/KFAPITestAutomation/target/test-classes/getProcessItemList.json#","pointer":"/properties/Data/items/properties/ThisIsAttach/items/properties/key"}
    domain: "syntax"
    ignored: ["$id","examples"]
warning: the following keywords are unknown and will be ignored: [$id, examples]
    level: "warning"
    schema: {"loadingURI":"file:/Users/anuradharaman/eclipse-workspace/Anu/KFAPITestAutomation/target/test-classes/getProcessItemList.json#","pointer":"/properties/Data/items/properties/ThisIsAttach/items/properties/name"}
    domain: "syntax"
    ignored: ["$id","examples"]
warning: the following keywords are unknown and will be ignored: [$id, examples]
    level: "warning"
    schema: {"loadingURI":"file:/Users/anuradharaman/eclipse-workspace/Anu/KFAPITestAutomation/target/test-classes/getProcessItemList.json#","pointer":"/properties/Data/items/properties/ThisIsAttach/items/properties/size"}
    domain: "syntax"
    ignored: ["$id","examples"]
warning: the following keywords are unknown and will be ignored: [$id, examples]
    level: "warning"
    schema: {"loadingURI":"file:/Users/anuradharaman/eclipse-workspace/Anu/KFAPITestAutomation/target/test-classes/getProcessItemList.json#","pointer":"/properties/Data/items/properties/ThisIsAttach/items/properties/uploaded"}
    domain: "syntax"
    ignored: ["$id","examples"]
warning: the following keywords are unknown and will be ignored: [$id]
    level: "warning"
    schema: {"loadingURI":"file:/Users/anuradharaman/eclipse-workspace/Anu/KFAPITestAutomation/target/test-classes/getProcessItemList.json#","pointer":"/properties/Data/items/properties/ThisIsCheckList"}
    domain: "syntax"
    ignored: ["$id"]
warning: the following keywords are unknown and will be ignored: [$id]
    level: "warning"
    schema: {"loadingURI":"file:/Users/anuradharaman/eclipse-workspace/Anu/KFAPITestAutomation/target/test-classes/getProcessItemList.json#","pointer":"/properties/Data/items/properties/ThisIsCheckList/items"}
    domain: "syntax"
    ignored: ["$id"]
warning: the following keywords are unknown and will be ignored: [$id, examples]
    level: "warning"
    schema: {"loadingURI":"file:/Users/anuradharaman/eclipse-workspace/Anu/KFAPITestAutomation/target/test-classes/getProcessItemList.json#","pointer":"/properties/Data/items/properties/ThisIsCheckList/items/properties/selected"}
    domain: "syntax"
    ignored: ["$id","examples"]
warning: the following keywords are unknown and will be ignored: [$id, examples]
    level: "warning"
    schema: {"loadingURI":"file:/Users/anuradharaman/eclipse-workspace/Anu/KFAPITestAutomation/target/test-classes/getProcessItemList.json#","pointer":"/properties/Data/items/properties/ThisIsCheckList/items/properties/value"}
    domain: "syntax"
    ignored: ["$id","examples"]
warning: the following keywords are unknown and will be ignored: [$id, examples]
    level: "warning"
    schema: {"loadingURI":"file:/Users/anuradharaman/eclipse-workspace/Anu/KFAPITestAutomation/target/test-classes/getProcessItemList.json#","pointer":"/properties/Data/items/properties/ThisIsCurrency"}
    domain: "syntax"
    ignored: ["$id","examples"]
warning: the following keywords are unknown and will be ignored: [$id, examples]
    level: "warning"
    schema: {"loadingURI":"file:/Users/anuradharaman/eclipse-workspace/Anu/KFAPITestAutomation/target/test-classes/getProcessItemList.json#","pointer":"/properties/Data/items/properties/ThisIsDate"}
    domain: "syntax"
    ignored: ["$id","examples"]
warning: the following keywords are unknown and will be ignored: [$id, examples]
    level: "warning"
    schema: {"loadingURI":"file:/Users/anuradharaman/eclipse-workspace/Anu/KFAPITestAutomation/target/test-classes/getProcessItemList.json#","pointer":"/properties/Data/items/properties/ThisIsDateAndTime"}
    domain: "syntax"
    ignored: ["$id","examples"]
warning: the following keywords are unknown and will be ignored: [$id, examples]
    level: "warning"
    schema: {"loadingURI":"file:/Users/anuradharaman/eclipse-workspace/Anu/KFAPITestAutomation/target/test-classes/getProcessItemList.json#","pointer":"/properties/Data/items/properties/ThisIsDropdown"}
    domain: "syntax"
    ignored: ["$id","examples"]
warning: the following keywords are unknown and will be ignored: [$id]
    level: "warning"
    schema: {"loadingURI":"file:/Users/anuradharaman/eclipse-workspace/Anu/KFAPITestAutomation/target/test-classes/getProcessItemList.json#","pointer":"/properties/Data/items/properties/ThisIsImage"}
    domain: "syntax"
    ignored: ["$id"]
warning: the following keywords are unknown and will be ignored: [$id, examples]
    level: "warning"
    schema: {"loadingURI":"file:/Users/anuradharaman/eclipse-workspace/Anu/KFAPITestAutomation/target/test-classes/getProcessItemList.json#","pointer":"/properties/Data/items/properties/ThisIsImage/properties/fileExtension"}
    domain: "syntax"
    ignored: ["$id","examples"]
warning: the following keywords are unknown and will be ignored: [$id, examples]
    level: "warning"
    schema: {"loadingURI":"file:/Users/anuradharaman/eclipse-workspace/Anu/KFAPITestAutomation/target/test-classes/getProcessItemList.json#","pointer":"/properties/Data/items/properties/ThisIsImage/properties/id"}
    domain: "syntax"
    ignored: ["$id","examples"]
warning: the following keywords are unknown and will be ignored: [$id, examples]
    level: "warning"
    schema: {"loadingURI":"file:/Users/anuradharaman/eclipse-workspace/Anu/KFAPITestAutomation/target/test-classes/getProcessItemList.json#","pointer":"/properties/Data/items/properties/ThisIsImage/properties/key"}
    domain: "syntax"
    ignored: ["$id","examples"]
warning: the following keywords are unknown and will be ignored: [$id, examples]
    level: "warning"
    schema: {"loadingURI":"file:/Users/anuradharaman/eclipse-workspace/Anu/KFAPITestAutomation/target/test-classes/getProcessItemList.json#","pointer":"/properties/Data/items/properties/ThisIsImage/properties/name"}
    domain: "syntax"
    ignored: ["$id","examples"]
warning: the following keywords are unknown and will be ignored: [$id]
    level: "warning"
    schema: {"loadingURI":"file:/Users/anuradharaman/eclipse-workspace/Anu/KFAPITestAutomation/target/test-classes/getProcessItemList.json#","pointer":"/properties/Data/items/properties/ThisIsImage/properties/photos"}
    domain: "syntax"
    ignored: ["$id"]
warning: the following keywords are unknown and will be ignored: [$id]
    level: "warning"
    schema: {"loadingURI":"file:/Users/anuradharaman/eclipse-workspace/Anu/KFAPITestAutomation/target/test-classes/getProcessItemList.json#","pointer":"/properties/Data/items/properties/ThisIsImage/properties/photos/items"}
    domain: "syntax"
    ignored: ["$id"]
warning: the following keywords are unknown and will be ignored: [$id, examples]
    level: "warning"
    schema: {"loadingURI":"file:/Users/anuradharaman/eclipse-workspace/Anu/KFAPITestAutomation/target/test-classes/getProcessItemList.json#","pointer":"/properties/Data/items/properties/ThisIsImage/properties/photos/items/properties/fileExtension"}
    domain: "syntax"
    ignored: ["$id","examples"]
warning: the following keywords are unknown and will be ignored: [$id, examples]
    level: "warning"
    schema: {"loadingURI":"file:/Users/anuradharaman/eclipse-workspace/Anu/KFAPITestAutomation/target/test-classes/getProcessItemList.json#","pointer":"/properties/Data/items/properties/ThisIsImage/properties/photos/items/properties/height"}
    domain: "syntax"
    ignored: ["$id","examples"]
warning: the following keywords are unknown and will be ignored: [$id, examples]
    level: "warning"
    schema: {"loadingURI":"file:/Users/anuradharaman/eclipse-workspace/Anu/KFAPITestAutomation/target/test-classes/getProcessItemList.json#","pointer":"/properties/Data/items/properties/ThisIsImage/properties/photos/items/properties/key"}
    domain: "syntax"
    ignored: ["$id","examples"]
warning: the following keywords are unknown and will be ignored: [$id, examples]
    level: "warning"
    schema: {"loadingURI":"file:/Users/anuradharaman/eclipse-workspace/Anu/KFAPITestAutomation/target/test-classes/getProcessItemList.json#","pointer":"/properties/Data/items/properties/ThisIsImage/properties/photos/items/properties/name"}
    domain: "syntax"
    ignored: ["$id","examples"]
warning: the following keywords are unknown and will be ignored: [$id, examples]
    level: "warning"
    schema: {"loadingURI":"file:/Users/anuradharaman/eclipse-workspace/Anu/KFAPITestAutomation/target/test-classes/getProcessItemList.json#","pointer":"/properties/Data/items/properties/ThisIsImage/properties/photos/items/properties/size"}
    domain: "syntax"
    ignored: ["$id","examples"]
warning: the following keywords are unknown and will be ignored: [$id, examples]
    level: "warning"
    schema: {"loadingURI":"file:/Users/anuradharaman/eclipse-workspace/Anu/KFAPITestAutomation/target/test-classes/getProcessItemList.json#","pointer":"/properties/Data/items/properties/ThisIsImage/properties/photos/items/properties/width"}
    domain: "syntax"
    ignored: ["$id","examples"]
warning: the following keywords are unknown and will be ignored: [$id, examples]
    level: "warning"
    schema: {"loadingURI":"file:/Users/anuradharaman/eclipse-workspace/Anu/KFAPITestAutomation/target/test-classes/getProcessItemList.json#","pointer":"/properties/Data/items/properties/ThisIsImage/properties/size"}
    domain: "syntax"
    ignored: ["$id","examples"]
warning: the following keywords are unknown and will be ignored: [$id, examples]
    level: "warning"
    schema: {"loadingURI":"file:/Users/anuradharaman/eclipse-workspace/Anu/KFAPITestAutomation/target/test-classes/getProcessItemList.json#","pointer":"/properties/Data/items/properties/ThisIsImage/properties/uploaded"}
    domain: "syntax"
    ignored: ["$id","examples"]
warning: the following keywords are unknown and will be ignored: [$id]
    level: "warning"
    schema: {"loadingURI":"file:/Users/anuradharaman/eclipse-workspace/Anu/KFAPITestAutomation/target/test-classes/getProcessItemList.json#","pointer":"/properties/Data/items/properties/ThisIsLookup"}
    domain: "syntax"
    ignored: ["$id"]
warning: the following keywords are unknown and will be ignored: [$id, examples]
    level: "warning"
    schema: {"loadingURI":"file:/Users/anuradharaman/eclipse-workspace/Anu/KFAPITestAutomation/target/test-classes/getProcessItemList.json#","pointer":"/properties/Data/items/properties/ThisIsLookup/properties/Name"}
    domain: "syntax"
    ignored: ["$id","examples"]
warning: the following keywords are unknown and will be ignored: [$id]
    level: "warning"
    schema: {"loadingURI":"file:/Users/anuradharaman/eclipse-workspace/Anu/KFAPITestAutomation/target/test-classes/getProcessItemList.json#","pointer":"/properties/Data/items/properties/ThisIsLookup/properties/_created_by"}
    domain: "syntax"
    ignored: ["$id"]
warning: the following keywords are unknown and will be ignored: [$id, examples]
    level: "warning"
    schema: {"loadingURI":"file:/Users/anuradharaman/eclipse-workspace/Anu/KFAPITestAutomation/target/test-classes/getProcessItemList.json#","pointer":"/properties/Data/items/properties/ThisIsLookup/properties/_created_by/properties/Kind"}
    domain: "syntax"
    ignored: ["$id","examples"]
warning: the following keywords are unknown and will be ignored: [$id, examples]
    level: "warning"
    schema: {"loadingURI":"file:/Users/anuradharaman/eclipse-workspace/Anu/KFAPITestAutomation/target/test-classes/getProcessItemList.json#","pointer":"/properties/Data/items/properties/ThisIsLookup/properties/_created_by/properties/Name"}
    domain: "syntax"
    ignored: ["$id","examples"]
warning: the following keywords are unknown and will be ignored: [$id, examples]
    level: "warning"
    schema: {"loadingURI":"file:/Users/anuradharaman/eclipse-workspace/Anu/KFAPITestAutomation/target/test-classes/getProcessItemList.json#","pointer":"/properties/Data/items/properties/ThisIsLookup/properties/_created_by/properties/_id"}
    domain: "syntax"
    ignored: ["$id","examples"]
warning: the following keywords are unknown and will be ignored: [$id, examples]
    level: "warning"
    schema: {"loadingURI":"file:/Users/anuradharaman/eclipse-workspace/Anu/KFAPITestAutomation/target/test-classes/getProcessItemList.json#","pointer":"/properties/Data/items/properties/ThisIsNum"}
    domain: "syntax"
    ignored: ["$id","examples"]
warning: the following keywords are unknown and will be ignored: [$id, examples]
    level: "warning"
    schema: {"loadingURI":"file:/Users/anuradharaman/eclipse-workspace/Anu/KFAPITestAutomation/target/test-classes/getProcessItemList.json#","pointer":"/properties/Data/items/properties/ThisIsRating"}
    domain: "syntax"
    ignored: ["$id","examples"]
warning: the following keywords are unknown and will be ignored: [$id, examples]
    level: "warning"
    schema: {"loadingURI":"file:/Users/anuradharaman/eclipse-workspace/Anu/KFAPITestAutomation/target/test-classes/getProcessItemList.json#","pointer":"/properties/Data/items/properties/ThisIsRemoteLookup"}
    domain: "syntax"
    ignored: ["$id","examples"]
warning: the following keywords are unknown and will be ignored: [$id]
    level: "warning"
    schema: {"loadingURI":"file:/Users/anuradharaman/eclipse-workspace/Anu/KFAPITestAutomation/target/test-classes/getProcessItemList.json#","pointer":"/properties/Data/items/properties/ThisIsSign"}
    domain: "syntax"
    ignored: ["$id"]
warning: the following keywords are unknown and will be ignored: [$id, examples]
    level: "warning"
    schema: {"loadingURI":"file:/Users/anuradharaman/eclipse-workspace/Anu/KFAPITestAutomation/target/test-classes/getProcessItemList.json#","pointer":"/properties/Data/items/properties/ThisIsSign/properties/key"}
    domain: "syntax"
    ignored: ["$id","examples"]
warning: the following keywords are unknown and will be ignored: [$id, examples]
    level: "warning"
    schema: {"loadingURI":"file:/Users/anuradharaman/eclipse-workspace/Anu/KFAPITestAutomation/target/test-classes/getProcessItemList.json#","pointer":"/properties/Data/items/properties/ThisIsSign/properties/name"}
    domain: "syntax"
    ignored: ["$id","examples"]
warning: the following keywords are unknown and will be ignored: [$id, examples]
    level: "warning"
    schema: {"loadingURI":"file:/Users/anuradharaman/eclipse-workspace/Anu/KFAPITestAutomation/target/test-classes/getProcessItemList.json#","pointer":"/properties/Data/items/properties/ThisIsSlider"}
    domain: "syntax"
    ignored: ["$id","examples"]
warning: the following keywords are unknown and will be ignored: [$id, examples]
    level: "warning"
    schema: {"loadingURI":"file:/Users/anuradharaman/eclipse-workspace/Anu/KFAPITestAutomation/target/test-classes/getProcessItemList.json#","pointer":"/properties/Data/items/properties/ThisIsText"}
    domain: "syntax"
    ignored: ["$id","examples"]
warning: the following keywords are unknown and will be ignored: [$id, examples]
    level: "warning"
    schema: {"loadingURI":"file:/Users/anuradharaman/eclipse-workspace/Anu/KFAPITestAutomation/target/test-classes/getProcessItemList.json#","pointer":"/properties/Data/items/properties/ThisIsTextArea"}
    domain: "syntax"
    ignored: ["$id","examples"]
warning: the following keywords are unknown and will be ignored: [$id]
    level: "warning"
    schema: {"loadingURI":"file:/Users/anuradharaman/eclipse-workspace/Anu/KFAPITestAutomation/target/test-classes/getProcessItemList.json#","pointer":"/properties/Data/items/properties/ThisIsUser"}
    domain: "syntax"
    ignored: ["$id"]
warning: the following keywords are unknown and will be ignored: [$id, examples]
    level: "warning"
    schema: {"loadingURI":"file:/Users/anuradharaman/eclipse-workspace/Anu/KFAPITestAutomation/target/test-classes/getProcessItemList.json#","pointer":"/properties/Data/items/properties/ThisIsUser/properties/Kind"}
    domain: "syntax"
    ignored: ["$id","examples"]
warning: the following keywords are unknown and will be ignored: [$id, examples]
    level: "warning"
    schema: {"loadingURI":"file:/Users/anuradharaman/eclipse-workspace/Anu/KFAPITestAutomation/target/test-classes/getProcessItemList.json#","pointer":"/properties/Data/items/properties/ThisIsUser/properties/Name"}
    domain: "syntax"
    ignored: ["$id","examples"]
warning: the following keywords are unknown and will be ignored: [$id, examples]
    level: "warning"
    schema: {"loadingURI":"file:/Users/anuradharaman/eclipse-workspace/Anu/KFAPITestAutomation/target/test-classes/getProcessItemList.json#","pointer":"/properties/Data/items/properties/ThisIsUser/properties/_id"}
    domain: "syntax"
    ignored: ["$id","examples"]
warning: the following keywords are unknown and will be ignored: [$id, examples]
    level: "warning"
    schema: {"loadingURI":"file:/Users/anuradharaman/eclipse-workspace/Anu/KFAPITestAutomation/target/test-classes/getProcessItemList.json#","pointer":"/properties/Data/items/properties/ThisIsYesNo"}
    domain: "syntax"
    ignored: ["$id","examples"]
warning: the following keywords are unknown and will be ignored: [$id]
    level: "warning"
    schema: {"loadingURI":"file:/Users/anuradharaman/eclipse-workspace/Anu/KFAPITestAutomation/target/test-classes/getProcessItemList.json#","pointer":"/properties/Data/items/properties/Untitled_FieldThisIsCheckbox"}
    domain: "syntax"
    ignored: ["$id"]
warning: the following keywords are unknown and will be ignored: [$id, examples]
    level: "warning"
    schema: {"loadingURI":"file:/Users/anuradharaman/eclipse-workspace/Anu/KFAPITestAutomation/target/test-classes/getProcessItemList.json#","pointer":"/properties/Data/items/properties/Untitled_FieldThisIsCheckbox/items"}
    domain: "syntax"
    ignored: ["$id","examples"]
warning: the following keywords are unknown and will be ignored: [$id]
    level: "warning"
    schema: {"loadingURI":"file:/Users/anuradharaman/eclipse-workspace/Anu/KFAPITestAutomation/target/test-classes/getProcessItemList.json#","pointer":"/properties/Data/items/properties/_activity_instance_id"}
    domain: "syntax"
    ignored: ["$id"]
warning: the following keywords are unknown and will be ignored: [$id, examples]
    level: "warning"
    schema: {"loadingURI":"file:/Users/anuradharaman/eclipse-workspace/Anu/KFAPITestAutomation/target/test-classes/getProcessItemList.json#","pointer":"/properties/Data/items/properties/_activity_instance_id/items"}
    domain: "syntax"
    ignored: ["$id","examples"]
warning: the following keywords are unknown and will be ignored: [$id, examples]
    level: "warning"
    schema: {"loadingURI":"file:/Users/anuradharaman/eclipse-workspace/Anu/KFAPITestAutomation/target/test-classes/getProcessItemList.json#","pointer":"/properties/Data/items/properties/_created_at"}
    domain: "syntax"
    ignored: ["$id","examples"]
warning: the following keywords are unknown and will be ignored: [$id]
    level: "warning"
    schema: {"loadingURI":"file:/Users/anuradharaman/eclipse-workspace/Anu/KFAPITestAutomation/target/test-classes/getProcessItemList.json#","pointer":"/properties/Data/items/properties/_created_by"}
    domain: "syntax"
    ignored: ["$id"]
warning: the following keywords are unknown and will be ignored: [$id, examples]
    level: "warning"
    schema: {"loadingURI":"file:/Users/anuradharaman/eclipse-workspace/Anu/KFAPITestAutomation/target/test-classes/getProcessItemList.json#","pointer":"/properties/Data/items/properties/_created_by/properties/Kind"}
    domain: "syntax"
    ignored: ["$id","examples"]
warning: the following keywords are unknown and will be ignored: [$id, examples]
    level: "warning"
    schema: {"loadingURI":"file:/Users/anuradharaman/eclipse-workspace/Anu/KFAPITestAutomation/target/test-classes/getProcessItemList.json#","pointer":"/properties/Data/items/properties/_created_by/properties/Name"}
    domain: "syntax"
    ignored: ["$id","examples"]
warning: the following keywords are unknown and will be ignored: [$id, examples]
    level: "warning"
    schema: {"loadingURI":"file:/Users/anuradharaman/eclipse-workspace/Anu/KFAPITestAutomation/target/test-classes/getProcessItemList.json#","pointer":"/properties/Data/items/properties/_created_by/properties/_id"}
    domain: "syntax"
    ignored: ["$id","examples"]
warning: the following keywords are unknown and will be ignored: [$id, examples]
    level: "warning"
    schema: {"loadingURI":"file:/Users/anuradharaman/eclipse-workspace/Anu/KFAPITestAutomation/target/test-classes/getProcessItemList.json#","pointer":"/properties/Data/items/properties/_id"}
    domain: "syntax"
    ignored: ["$id","examples"]
warning: the following keywords are unknown and will be ignored: [$id, examples]
    level: "warning"
    schema: {"loadingURI":"file:/Users/anuradharaman/eclipse-workspace/Anu/KFAPITestAutomation/target/test-classes/getProcessItemList.json#","pointer":"/properties/Data/items/properties/_status"}
    domain: "syntax"
    ignored: ["$id","examples"]
warning: the following keywords are unknown and will be ignored: [$id]
    level: "warning"
    schema: {"loadingURI":"file:/Users/anuradharaman/eclipse-workspace/Anu/KFAPITestAutomation/target/test-classes/getProcessItemList.json#","pointer":"/properties/Filter"}
    domain: "syntax"
    ignored: ["$id"]
warning: the following keywords are unknown and will be ignored: [$id]
    level: "warning"
    schema: {"loadingURI":"file:/Users/anuradharaman/eclipse-workspace/Anu/KFAPITestAutomation/target/test-classes/getProcessItemList.json#","pointer":"/properties/Sort"}
    domain: "syntax"
    ignored: ["$id"]
warning: the following keywords are unknown and will be ignored: [$id, examples]
    level: "warning"
    schema: {"loadingURI":"file:/Users/anuradharaman/eclipse-workspace/Anu/KFAPITestAutomation/target/test-classes/getProcessItemList.json#","pointer":"/properties/_id"}
    domain: "syntax"
    ignored: ["$id","examples"]
warning: the following keywords are unknown and will be ignored: [$id]
    level: "warning"
    schema: {"loadingURI":"file:/Users/anuradharaman/eclipse-workspace/Anu/KFAPITestAutomation/target/test-classes/getProcessItemList.json#","pointer":"/properties/Aggregation"}
    domain: "syntax"
    ignored: ["$id"]
warning: the following keywords are unknown and will be ignored: [$id]
    level: "warning"
    schema: {"loadingURI":"file:/Users/anuradharaman/eclipse-workspace/Anu/KFAPITestAutomation/target/test-classes/getProcessItemList.json#","pointer":"/properties/Aggregation/properties/Name"}
    domain: "syntax"
    ignored: ["$id"]
warning: the following keywords are unknown and will be ignored: [$id, examples]
    level: "warning"
    schema: {"loadingURI":"file:/Users/anuradharaman/eclipse-workspace/Anu/KFAPITestAutomation/target/test-classes/getProcessItemList.json#","pointer":"/properties/Aggregation/properties/Name/properties/Blank"}
    domain: "syntax"
    ignored: ["$id","examples"]
warning: the following keywords are unknown and will be ignored: [$id, examples]
    level: "warning"
    schema: {"loadingURI":"file:/Users/anuradharaman/eclipse-workspace/Anu/KFAPITestAutomation/target/test-classes/getProcessItemList.json#","pointer":"/properties/Aggregation/properties/Name/properties/Count"}
    domain: "syntax"
    ignored: ["$id","examples"]
warning: the following keywords are unknown and will be ignored: [$id, examples]
    level: "warning"
    schema: {"loadingURI":"file:/Users/anuradharaman/eclipse-workspace/Anu/KFAPITestAutomation/target/test-classes/getProcessItemList.json#","pointer":"/properties/Aggregation/properties/Name/properties/NonBlank"}
    domain: "syntax"
    ignored: ["$id","examples"]
warning: the following keywords are unknown and will be ignored: [$id]
    level: "warning"
    schema: {"loadingURI":"file:/Users/anuradharaman/eclipse-workspace/Anu/KFAPITestAutomation/target/test-classes/getProcessItemList.json#","pointer":"/properties/Aggregation/properties/ThisIsAttach"}
    domain: "syntax"
    ignored: ["$id"]
warning: the following keywords are unknown and will be ignored: [$id, examples]
    level: "warning"
    schema: {"loadingURI":"file:/Users/anuradharaman/eclipse-workspace/Anu/KFAPITestAutomation/target/test-classes/getProcessItemList.json#","pointer":"/properties/Aggregation/properties/ThisIsAttach/properties/Blank"}
    domain: "syntax"
    ignored: ["$id","examples"]
warning: the following keywords are unknown and will be ignored: [$id, examples]
    level: "warning"
    schema: {"loadingURI":"file:/Users/anuradharaman/eclipse-workspace/Anu/KFAPITestAutomation/target/test-classes/getProcessItemList.json#","pointer":"/properties/Aggregation/properties/ThisIsAttach/properties/Count"}
    domain: "syntax"
    ignored: ["$id","examples"]
warning: the following keywords are unknown and will be ignored: [$id, examples]
    level: "warning"
    schema: {"loadingURI":"file:/Users/anuradharaman/eclipse-workspace/Anu/KFAPITestAutomation/target/test-classes/getProcessItemList.json#","pointer":"/properties/Aggregation/properties/ThisIsAttach/properties/NonBlank"}
    domain: "syntax"
    ignored: ["$id","examples"]
warning: the following keywords are unknown and will be ignored: [$id]
    level: "warning"
    schema: {"loadingURI":"file:/Users/anuradharaman/eclipse-workspace/Anu/KFAPITestAutomation/target/test-classes/getProcessItemList.json#","pointer":"/properties/Aggregation/properties/ThisIsCheckList"}
    domain: "syntax"
    ignored: ["$id"]
warning: the following keywords are unknown and will be ignored: [$id, examples]
    level: "warning"
    schema: {"loadingURI":"file:/Users/anuradharaman/eclipse-workspace/Anu/KFAPITestAutomation/target/test-classes/getProcessItemList.json#","pointer":"/properties/Aggregation/properties/ThisIsCheckList/properties/Blank"}
    domain: "syntax"
    ignored: ["$id","examples"]
warning: the following keywords are unknown and will be ignored: [$id, examples]
    level: "warning"
    schema: {"loadingURI":"file:/Users/anuradharaman/eclipse-workspace/Anu/KFAPITestAutomation/target/test-classes/getProcessItemList.json#","pointer":"/properties/Aggregation/properties/ThisIsCheckList/properties/Count"}
    domain: "syntax"
    ignored: ["$id","examples"]
warning: the following keywords are unknown and will be ignored: [$id, examples]
    level: "warning"
    schema: {"loadingURI":"file:/Users/anuradharaman/eclipse-workspace/Anu/KFAPITestAutomation/target/test-classes/getProcessItemList.json#","pointer":"/properties/Aggregation/properties/ThisIsCheckList/properties/NonBlank"}
    domain: "syntax"
    ignored: ["$id","examples"]
warning: the following keywords are unknown and will be ignored: [$id]
    level: "warning"
    schema: {"loadingURI":"file:/Users/anuradharaman/eclipse-workspace/Anu/KFAPITestAutomation/target/test-classes/getProcessItemList.json#","pointer":"/properties/Aggregation/properties/ThisIsCurrency"}
    domain: "syntax"
    ignored: ["$id"]
warning: the following keywords are unknown and will be ignored: [$id, examples]
    level: "warning"
    schema: {"loadingURI":"file:/Users/anuradharaman/eclipse-workspace/Anu/KFAPITestAutomation/target/test-classes/getProcessItemList.json#","pointer":"/properties/Aggregation/properties/ThisIsCurrency/properties/Average"}
    domain: "syntax"
    ignored: ["$id","examples"]
warning: the following keywords are unknown and will be ignored: [$id, examples]
    level: "warning"
    schema: {"loadingURI":"file:/Users/anuradharaman/eclipse-workspace/Anu/KFAPITestAutomation/target/test-classes/getProcessItemList.json#","pointer":"/properties/Aggregation/properties/ThisIsCurrency/properties/Blank"}
    domain: "syntax"
    ignored: ["$id","examples"]
warning: the following keywords are unknown and will be ignored: [$id, examples]
    level: "warning"
    schema: {"loadingURI":"file:/Users/anuradharaman/eclipse-workspace/Anu/KFAPITestAutomation/target/test-classes/getProcessItemList.json#","pointer":"/properties/Aggregation/properties/ThisIsCurrency/properties/Count"}
    domain: "syntax"
    ignored: ["$id","examples"]
warning: the following keywords are unknown and will be ignored: [$id, examples]
    level: "warning"
    schema: {"loadingURI":"file:/Users/anuradharaman/eclipse-workspace/Anu/KFAPITestAutomation/target/test-classes/getProcessItemList.json#","pointer":"/properties/Aggregation/properties/ThisIsCurrency/properties/Max"}
    domain: "syntax"
    ignored: ["$id","examples"]
warning: the following keywords are unknown and will be ignored: [$id, examples]
    level: "warning"
    schema: {"loadingURI":"file:/Users/anuradharaman/eclipse-workspace/Anu/KFAPITestAutomation/target/test-classes/getProcessItemList.json#","pointer":"/properties/Aggregation/properties/ThisIsCurrency/properties/Min"}
    domain: "syntax"
    ignored: ["$id","examples"]
warning: the following keywords are unknown and will be ignored: [$id, examples]
    level: "warning"
    schema: {"loadingURI":"file:/Users/anuradharaman/eclipse-workspace/Anu/KFAPITestAutomation/target/test-classes/getProcessItemList.json#","pointer":"/properties/Aggregation/properties/ThisIsCurrency/properties/NonBlank"}
    domain: "syntax"
    ignored: ["$id","examples"]
warning: the following keywords are unknown and will be ignored: [$id, examples]
    level: "warning"
    schema: {"loadingURI":"file:/Users/anuradharaman/eclipse-workspace/Anu/KFAPITestAutomation/target/test-classes/getProcessItemList.json#","pointer":"/properties/Aggregation/properties/ThisIsCurrency/properties/Sum"}
    domain: "syntax"
    ignored: ["$id","examples"]
warning: the following keywords are unknown and will be ignored: [$id]
    level: "warning"
    schema: {"loadingURI":"file:/Users/anuradharaman/eclipse-workspace/Anu/KFAPITestAutomation/target/test-classes/getProcessItemList.json#","pointer":"/properties/Aggregation/properties/ThisIsDate"}
    domain: "syntax"
    ignored: ["$id"]
warning: the following keywords are unknown and will be ignored: [$id, examples]
    level: "warning"
    schema: {"loadingURI":"file:/Users/anuradharaman/eclipse-workspace/Anu/KFAPITestAutomation/target/test-classes/getProcessItemList.json#","pointer":"/properties/Aggregation/properties/ThisIsDate/properties/Blank"}
    domain: "syntax"
    ignored: ["$id","examples"]
warning: the following keywords are unknown and will be ignored: [$id, examples]
    level: "warning"
    schema: {"loadingURI":"file:/Users/anuradharaman/eclipse-workspace/Anu/KFAPITestAutomation/target/test-classes/getProcessItemList.json#","pointer":"/properties/Aggregation/properties/ThisIsDate/properties/Count"}
    domain: "syntax"
    ignored: ["$id","examples"]
warning: the following keywords are unknown and will be ignored: [$id, examples]
    level: "warning"
    schema: {"loadingURI":"file:/Users/anuradharaman/eclipse-workspace/Anu/KFAPITestAutomation/target/test-classes/getProcessItemList.json#","pointer":"/properties/Aggregation/properties/ThisIsDate/properties/Max"}
    domain: "syntax"
    ignored: ["$id","examples"]
warning: the following keywords are unknown and will be ignored: [$id, examples]
    level: "warning"
    schema: {"loadingURI":"file:/Users/anuradharaman/eclipse-workspace/Anu/KFAPITestAutomation/target/test-classes/getProcessItemList.json#","pointer":"/properties/Aggregation/properties/ThisIsDate/properties/Min"}
    domain: "syntax"
    ignored: ["$id","examples"]
warning: the following keywords are unknown and will be ignored: [$id, examples]
    level: "warning"
    schema: {"loadingURI":"file:/Users/anuradharaman/eclipse-workspace/Anu/KFAPITestAutomation/target/test-classes/getProcessItemList.json#","pointer":"/properties/Aggregation/properties/ThisIsDate/properties/NonBlank"}
    domain: "syntax"
    ignored: ["$id","examples"]
warning: the following keywords are unknown and will be ignored: [$id]
    level: "warning"
    schema: {"loadingURI":"file:/Users/anuradharaman/eclipse-workspace/Anu/KFAPITestAutomation/target/test-classes/getProcessItemList.json#","pointer":"/properties/Aggregation/properties/ThisIsDateAndTime"}
    domain: "syntax"
    ignored: ["$id"]
warning: the following keywords are unknown and will be ignored: [$id, examples]
    level: "warning"
    schema: {"loadingURI":"file:/Users/anuradharaman/eclipse-workspace/Anu/KFAPITestAutomation/target/test-classes/getProcessItemList.json#","pointer":"/properties/Aggregation/properties/ThisIsDateAndTime/properties/Blank"}
    domain: "syntax"
    ignored: ["$id","examples"]
warning: the following keywords are unknown and will be ignored: [$id, examples]
    level: "warning"
    schema: {"loadingURI":"file:/Users/anuradharaman/eclipse-workspace/Anu/KFAPITestAutomation/target/test-classes/getProcessItemList.json#","pointer":"/properties/Aggregation/properties/ThisIsDateAndTime/properties/Count"}
    domain: "syntax"
    ignored: ["$id","examples"]
warning: the following keywords are unknown and will be ignored: [$id, examples]
    level: "warning"
    schema: {"loadingURI":"file:/Users/anuradharaman/eclipse-workspace/Anu/KFAPITestAutomation/target/test-classes/getProcessItemList.json#","pointer":"/properties/Aggregation/properties/ThisIsDateAndTime/properties/Max"}
    domain: "syntax"
    ignored: ["$id","examples"]
warning: the following keywords are unknown and will be ignored: [$id, examples]
    level: "warning"
    schema: {"loadingURI":"file:/Users/anuradharaman/eclipse-workspace/Anu/KFAPITestAutomation/target/test-classes/getProcessItemList.json#","pointer":"/properties/Aggregation/properties/ThisIsDateAndTime/properties/Min"}
    domain: "syntax"
    ignored: ["$id","examples"]
warning: the following keywords are unknown and will be ignored: [$id, examples]
    level: "warning"
    schema: {"loadingURI":"file:/Users/anuradharaman/eclipse-workspace/Anu/KFAPITestAutomation/target/test-classes/getProcessItemList.json#","pointer":"/properties/Aggregation/properties/ThisIsDateAndTime/properties/NonBlank"}
    domain: "syntax"
    ignored: ["$id","examples"]
warning: the following keywords are unknown and will be ignored: [$id]
    level: "warning"
    schema: {"loadingURI":"file:/Users/anuradharaman/eclipse-workspace/Anu/KFAPITestAutomation/target/test-classes/getProcessItemList.json#","pointer":"/properties/Aggregation/properties/ThisIsDropdown"}
    domain: "syntax"
    ignored: ["$id"]
warning: the following keywords are unknown and will be ignored: [$id, examples]
    level: "warning"
    schema: {"loadingURI":"file:/Users/anuradharaman/eclipse-workspace/Anu/KFAPITestAutomation/target/test-classes/getProcessItemList.json#","pointer":"/properties/Aggregation/properties/ThisIsDropdown/properties/Blank"}
    domain: "syntax"
    ignored: ["$id","examples"]
warning: the following keywords are unknown and will be ignored: [$id, examples]
    level: "warning"
    schema: {"loadingURI":"file:/Users/anuradharaman/eclipse-workspace/Anu/KFAPITestAutomation/target/test-classes/getProcessItemList.json#","pointer":"/properties/Aggregation/properties/ThisIsDropdown/properties/Count"}
    domain: "syntax"
    ignored: ["$id","examples"]
warning: the following keywords are unknown and will be ignored: [$id, examples]
    level: "warning"
    schema: {"loadingURI":"file:/Users/anuradharaman/eclipse-workspace/Anu/KFAPITestAutomation/target/test-classes/getProcessItemList.json#","pointer":"/properties/Aggregation/properties/ThisIsDropdown/properties/NonBlank"}
    domain: "syntax"
    ignored: ["$id","examples"]
warning: the following keywords are unknown and will be ignored: [$id]
    level: "warning"
    schema: {"loadingURI":"file:/Users/anuradharaman/eclipse-workspace/Anu/KFAPITestAutomation/target/test-classes/getProcessItemList.json#","pointer":"/properties/Aggregation/properties/ThisIsImage"}
    domain: "syntax"
    ignored: ["$id"]
warning: the following keywords are unknown and will be ignored: [$id, examples]
    level: "warning"
    schema: {"loadingURI":"file:/Users/anuradharaman/eclipse-workspace/Anu/KFAPITestAutomation/target/test-classes/getProcessItemList.json#","pointer":"/properties/Aggregation/properties/ThisIsImage/properties/Blank"}
    domain: "syntax"
    ignored: ["$id","examples"]
warning: the following keywords are unknown and will be ignored: [$id, examples]
    level: "warning"
    schema: {"loadingURI":"file:/Users/anuradharaman/eclipse-workspace/Anu/KFAPITestAutomation/target/test-classes/getProcessItemList.json#","pointer":"/properties/Aggregation/properties/ThisIsImage/properties/Count"}
    domain: "syntax"
    ignored: ["$id","examples"]
warning: the following keywords are unknown and will be ignored: [$id, examples]
    level: "warning"
    schema: {"loadingURI":"file:/Users/anuradharaman/eclipse-workspace/Anu/KFAPITestAutomation/target/test-classes/getProcessItemList.json#","pointer":"/properties/Aggregation/properties/ThisIsImage/properties/NonBlank"}
    domain: "syntax"
    ignored: ["$id","examples"]
warning: the following keywords are unknown and will be ignored: [$id]
    level: "warning"
    schema: {"loadingURI":"file:/Users/anuradharaman/eclipse-workspace/Anu/KFAPITestAutomation/target/test-classes/getProcessItemList.json#","pointer":"/properties/Aggregation/properties/ThisIsLookup"}
    domain: "syntax"
    ignored: ["$id"]
warning: the following keywords are unknown and will be ignored: [$id, examples]
    level: "warning"
    schema: {"loadingURI":"file:/Users/anuradharaman/eclipse-workspace/Anu/KFAPITestAutomation/target/test-classes/getProcessItemList.json#","pointer":"/properties/Aggregation/properties/ThisIsLookup/properties/Blank"}
    domain: "syntax"
    ignored: ["$id","examples"]
warning: the following keywords are unknown and will be ignored: [$id, examples]
    level: "warning"
    schema: {"loadingURI":"file:/Users/anuradharaman/eclipse-workspace/Anu/KFAPITestAutomation/target/test-classes/getProcessItemList.json#","pointer":"/properties/Aggregation/properties/ThisIsLookup/properties/Count"}
    domain: "syntax"
    ignored: ["$id","examples"]
warning: the following keywords are unknown and will be ignored: [$id, examples]
    level: "warning"
    schema: {"loadingURI":"file:/Users/anuradharaman/eclipse-workspace/Anu/KFAPITestAutomation/target/test-classes/getProcessItemList.json#","pointer":"/properties/Aggregation/properties/ThisIsLookup/properties/NonBlank"}
    domain: "syntax"
    ignored: ["$id","examples"]
warning: the following keywords are unknown and will be ignored: [$id]
    level: "warning"
    schema: {"loadingURI":"file:/Users/anuradharaman/eclipse-workspace/Anu/KFAPITestAutomation/target/test-classes/getProcessItemList.json#","pointer":"/properties/Aggregation/properties/ThisIsNum"}
    domain: "syntax"
    ignored: ["$id"]
warning: the following keywords are unknown and will be ignored: [$id, examples]
    level: "warning"
    schema: {"loadingURI":"file:/Users/anuradharaman/eclipse-workspace/Anu/KFAPITestAutomation/target/test-classes/getProcessItemList.json#","pointer":"/properties/Aggregation/properties/ThisIsNum/properties/Average"}
    domain: "syntax"
    ignored: ["$id","examples"]
warning: the following keywords are unknown and will be ignored: [$id, examples]
    level: "warning"
    schema: {"loadingURI":"file:/Users/anuradharaman/eclipse-workspace/Anu/KFAPITestAutomation/target/test-classes/getProcessItemList.json#","pointer":"/properties/Aggregation/properties/ThisIsNum/properties/Blank"}
    domain: "syntax"
    ignored: ["$id","examples"]
warning: the following keywords are unknown and will be ignored: [$id, examples]
    level: "warning"
    schema: {"loadingURI":"file:/Users/anuradharaman/eclipse-workspace/Anu/KFAPITestAutomation/target/test-classes/getProcessItemList.json#","pointer":"/properties/Aggregation/properties/ThisIsNum/properties/Count"}
    domain: "syntax"
    ignored: ["$id","examples"]
warning: the following keywords are unknown and will be ignored: [$id, examples]
    level: "warning"
    schema: {"loadingURI":"file:/Users/anuradharaman/eclipse-workspace/Anu/KFAPITestAutomation/target/test-classes/getProcessItemList.json#","pointer":"/properties/Aggregation/properties/ThisIsNum/properties/Max"}
    domain: "syntax"
    ignored: ["$id","examples"]
warning: the following keywords are unknown and will be ignored: [$id, examples]
    level: "warning"
    schema: {"loadingURI":"file:/Users/anuradharaman/eclipse-workspace/Anu/KFAPITestAutomation/target/test-classes/getProcessItemList.json#","pointer":"/properties/Aggregation/properties/ThisIsNum/properties/Min"}
    domain: "syntax"
    ignored: ["$id","examples"]
warning: the following keywords are unknown and will be ignored: [$id, examples]
    level: "warning"
    schema: {"loadingURI":"file:/Users/anuradharaman/eclipse-workspace/Anu/KFAPITestAutomation/target/test-classes/getProcessItemList.json#","pointer":"/properties/Aggregation/properties/ThisIsNum/properties/NonBlank"}
    domain: "syntax"
    ignored: ["$id","examples"]
warning: the following keywords are unknown and will be ignored: [$id, examples]
    level: "warning"
    schema: {"loadingURI":"file:/Users/anuradharaman/eclipse-workspace/Anu/KFAPITestAutomation/target/test-classes/getProcessItemList.json#","pointer":"/properties/Aggregation/properties/ThisIsNum/properties/Sum"}
    domain: "syntax"
    ignored: ["$id","examples"]
warning: the following keywords are unknown and will be ignored: [$id]
    level: "warning"
    schema: {"loadingURI":"file:/Users/anuradharaman/eclipse-workspace/Anu/KFAPITestAutomation/target/test-classes/getProcessItemList.json#","pointer":"/properties/Aggregation/properties/ThisIsRating"}
    domain: "syntax"
    ignored: ["$id"]
warning: the following keywords are unknown and will be ignored: [$id, examples]
    level: "warning"
    schema: {"loadingURI":"file:/Users/anuradharaman/eclipse-workspace/Anu/KFAPITestAutomation/target/test-classes/getProcessItemList.json#","pointer":"/properties/Aggregation/properties/ThisIsRating/properties/Average"}
    domain: "syntax"
    ignored: ["$id","examples"]
warning: the following keywords are unknown and will be ignored: [$id, examples]
    level: "warning"
    schema: {"loadingURI":"file:/Users/anuradharaman/eclipse-workspace/Anu/KFAPITestAutomation/target/test-classes/getProcessItemList.json#","pointer":"/properties/Aggregation/properties/ThisIsRating/properties/Blank"}
    domain: "syntax"
    ignored: ["$id","examples"]
warning: the following keywords are unknown and will be ignored: [$id, examples]
    level: "warning"
    schema: {"loadingURI":"file:/Users/anuradharaman/eclipse-workspace/Anu/KFAPITestAutomation/target/test-classes/getProcessItemList.json#","pointer":"/properties/Aggregation/properties/ThisIsRating/properties/Count"}
    domain: "syntax"
    ignored: ["$id","examples"]
warning: the following keywords are unknown and will be ignored: [$id, examples]
    level: "warning"
    schema: {"loadingURI":"file:/Users/anuradharaman/eclipse-workspace/Anu/KFAPITestAutomation/target/test-classes/getProcessItemList.json#","pointer":"/properties/Aggregation/properties/ThisIsRating/properties/Max"}
    domain: "syntax"
    ignored: ["$id","examples"]
warning: the following keywords are unknown and will be ignored: [$id, examples]
    level: "warning"
    schema: {"loadingURI":"file:/Users/anuradharaman/eclipse-workspace/Anu/KFAPITestAutomation/target/test-classes/getProcessItemList.json#","pointer":"/properties/Aggregation/properties/ThisIsRating/properties/Min"}
    domain: "syntax"
    ignored: ["$id","examples"]
warning: the following keywords are unknown and will be ignored: [$id, examples]
    level: "warning"
    schema: {"loadingURI":"file:/Users/anuradharaman/eclipse-workspace/Anu/KFAPITestAutomation/target/test-classes/getProcessItemList.json#","pointer":"/properties/Aggregation/properties/ThisIsRating/properties/NonBlank"}
    domain: "syntax"
    ignored: ["$id","examples"]
warning: the following keywords are unknown and will be ignored: [$id, examples]
    level: "warning"
    schema: {"loadingURI":"file:/Users/anuradharaman/eclipse-workspace/Anu/KFAPITestAutomation/target/test-classes/getProcessItemList.json#","pointer":"/properties/Aggregation/properties/ThisIsRating/properties/Sum"}
    domain: "syntax"
    ignored: ["$id","examples"]
warning: the following keywords are unknown and will be ignored: [$id]
    level: "warning"
    schema: {"loadingURI":"file:/Users/anuradharaman/eclipse-workspace/Anu/KFAPITestAutomation/target/test-classes/getProcessItemList.json#","pointer":"/properties/Aggregation/properties/ThisIsRemoteLookup"}
    domain: "syntax"
    ignored: ["$id"]
warning: the following keywords are unknown and will be ignored: [$id, examples]
    level: "warning"
    schema: {"loadingURI":"file:/Users/anuradharaman/eclipse-workspace/Anu/KFAPITestAutomation/target/test-classes/getProcessItemList.json#","pointer":"/properties/Aggregation/properties/ThisIsRemoteLookup/properties/Blank"}
    domain: "syntax"
    ignored: ["$id","examples"]
warning: the following keywords are unknown and will be ignored: [$id, examples]
    level: "warning"
    schema: {"loadingURI":"file:/Users/anuradharaman/eclipse-workspace/Anu/KFAPITestAutomation/target/test-classes/getProcessItemList.json#","pointer":"/properties/Aggregation/properties/ThisIsRemoteLookup/properties/Count"}
    domain: "syntax"
    ignored: ["$id","examples"]
warning: the following keywords are unknown and will be ignored: [$id, examples]
    level: "warning"
    schema: {"loadingURI":"file:/Users/anuradharaman/eclipse-workspace/Anu/KFAPITestAutomation/target/test-classes/getProcessItemList.json#","pointer":"/properties/Aggregation/properties/ThisIsRemoteLookup/properties/NonBlank"}
    domain: "syntax"
    ignored: ["$id","examples"]
warning: the following keywords are unknown and will be ignored: [$id]
    level: "warning"
    schema: {"loadingURI":"file:/Users/anuradharaman/eclipse-workspace/Anu/KFAPITestAutomation/target/test-classes/getProcessItemList.json#","pointer":"/properties/Aggregation/properties/ThisIsSign"}
    domain: "syntax"
    ignored: ["$id"]
warning: the following keywords are unknown and will be ignored: [$id, examples]
    level: "warning"
    schema: {"loadingURI":"file:/Users/anuradharaman/eclipse-workspace/Anu/KFAPITestAutomation/target/test-classes/getProcessItemList.json#","pointer":"/properties/Aggregation/properties/ThisIsSign/properties/Blank"}
    domain: "syntax"
    ignored: ["$id","examples"]
warning: the following keywords are unknown and will be ignored: [$id, examples]
    level: "warning"
    schema: {"loadingURI":"file:/Users/anuradharaman/eclipse-workspace/Anu/KFAPITestAutomation/target/test-classes/getProcessItemList.json#","pointer":"/properties/Aggregation/properties/ThisIsSign/properties/Count"}
    domain: "syntax"
    ignored: ["$id","examples"]
warning: the following keywords are unknown and will be ignored: [$id, examples]
    level: "warning"
    schema: {"loadingURI":"file:/Users/anuradharaman/eclipse-workspace/Anu/KFAPITestAutomation/target/test-classes/getProcessItemList.json#","pointer":"/properties/Aggregation/properties/ThisIsSign/properties/NonBlank"}
    domain: "syntax"
    ignored: ["$id","examples"]
warning: the following keywords are unknown and will be ignored: [$id]
    level: "warning"
    schema: {"loadingURI":"file:/Users/anuradharaman/eclipse-workspace/Anu/KFAPITestAutomation/target/test-classes/getProcessItemList.json#","pointer":"/properties/Aggregation/properties/ThisIsSlider"}
    domain: "syntax"
    ignored: ["$id"]
warning: the following keywords are unknown and will be ignored: [$id, examples]
    level: "warning"
    schema: {"loadingURI":"file:/Users/anuradharaman/eclipse-workspace/Anu/KFAPITestAutomation/target/test-classes/getProcessItemList.json#","pointer":"/properties/Aggregation/properties/ThisIsSlider/properties/Average"}
    domain: "syntax"
    ignored: ["$id","examples"]
warning: the following keywords are unknown and will be ignored: [$id, examples]
    level: "warning"
    schema: {"loadingURI":"file:/Users/anuradharaman/eclipse-workspace/Anu/KFAPITestAutomation/target/test-classes/getProcessItemList.json#","pointer":"/properties/Aggregation/properties/ThisIsSlider/properties/Blank"}
    domain: "syntax"
    ignored: ["$id","examples"]
warning: the following keywords are unknown and will be ignored: [$id, examples]
    level: "warning"
    schema: {"loadingURI":"file:/Users/anuradharaman/eclipse-workspace/Anu/KFAPITestAutomation/target/test-classes/getProcessItemList.json#","pointer":"/properties/Aggregation/properties/ThisIsSlider/properties/Count"}
    domain: "syntax"
    ignored: ["$id","examples"]
warning: the following keywords are unknown and will be ignored: [$id, examples]
    level: "warning"
    schema: {"loadingURI":"file:/Users/anuradharaman/eclipse-workspace/Anu/KFAPITestAutomation/target/test-classes/getProcessItemList.json#","pointer":"/properties/Aggregation/properties/ThisIsSlider/properties/Max"}
    domain: "syntax"
    ignored: ["$id","examples"]
warning: the following keywords are unknown and will be ignored: [$id, examples]
    level: "warning"
    schema: {"loadingURI":"file:/Users/anuradharaman/eclipse-workspace/Anu/KFAPITestAutomation/target/test-classes/getProcessItemList.json#","pointer":"/properties/Aggregation/properties/ThisIsSlider/properties/Min"}
    domain: "syntax"
    ignored: ["$id","examples"]
warning: the following keywords are unknown and will be ignored: [$id, examples]
    level: "warning"
    schema: {"loadingURI":"file:/Users/anuradharaman/eclipse-workspace/Anu/KFAPITestAutomation/target/test-classes/getProcessItemList.json#","pointer":"/properties/Aggregation/properties/ThisIsSlider/properties/NonBlank"}
    domain: "syntax"
    ignored: ["$id","examples"]
warning: the following keywords are unknown and will be ignored: [$id, examples]
    level: "warning"
    schema: {"loadingURI":"file:/Users/anuradharaman/eclipse-workspace/Anu/KFAPITestAutomation/target/test-classes/getProcessItemList.json#","pointer":"/properties/Aggregation/properties/ThisIsSlider/properties/Sum"}
    domain: "syntax"
    ignored: ["$id","examples"]
warning: the following keywords are unknown and will be ignored: [$id]
    level: "warning"
    schema: {"loadingURI":"file:/Users/anuradharaman/eclipse-workspace/Anu/KFAPITestAutomation/target/test-classes/getProcessItemList.json#","pointer":"/properties/Aggregation/properties/ThisIsText"}
    domain: "syntax"
    ignored: ["$id"]
warning: the following keywords are unknown and will be ignored: [$id, examples]
    level: "warning"
    schema: {"loadingURI":"file:/Users/anuradharaman/eclipse-workspace/Anu/KFAPITestAutomation/target/test-classes/getProcessItemList.json#","pointer":"/properties/Aggregation/properties/ThisIsText/properties/Blank"}
    domain: "syntax"
    ignored: ["$id","examples"]
warning: the following keywords are unknown and will be ignored: [$id, examples]
    level: "warning"
    schema: {"loadingURI":"file:/Users/anuradharaman/eclipse-workspace/Anu/KFAPITestAutomation/target/test-classes/getProcessItemList.json#","pointer":"/properties/Aggregation/properties/ThisIsText/properties/Count"}
    domain: "syntax"
    ignored: ["$id","examples"]
warning: the following keywords are unknown and will be ignored: [$id, examples]
    level: "warning"
    schema: {"loadingURI":"file:/Users/anuradharaman/eclipse-workspace/Anu/KFAPITestAutomation/target/test-classes/getProcessItemList.json#","pointer":"/properties/Aggregation/properties/ThisIsText/properties/NonBlank"}
    domain: "syntax"
    ignored: ["$id","examples"]
warning: the following keywords are unknown and will be ignored: [$id]
    level: "warning"
    schema: {"loadingURI":"file:/Users/anuradharaman/eclipse-workspace/Anu/KFAPITestAutomation/target/test-classes/getProcessItemList.json#","pointer":"/properties/Aggregation/properties/ThisIsTextArea"}
    domain: "syntax"
    ignored: ["$id"]
warning: the following keywords are unknown and will be ignored: [$id, examples]
    level: "warning"
    schema: {"loadingURI":"file:/Users/anuradharaman/eclipse-workspace/Anu/KFAPITestAutomation/target/test-classes/getProcessItemList.json#","pointer":"/properties/Aggregation/properties/ThisIsTextArea/properties/Blank"}
    domain: "syntax"
    ignored: ["$id","examples"]
warning: the following keywords are unknown and will be ignored: [$id, examples]
    level: "warning"
    schema: {"loadingURI":"file:/Users/anuradharaman/eclipse-workspace/Anu/KFAPITestAutomation/target/test-classes/getProcessItemList.json#","pointer":"/properties/Aggregation/properties/ThisIsTextArea/properties/Count"}
    domain: "syntax"
    ignored: ["$id","examples"]
warning: the following keywords are unknown and will be ignored: [$id, examples]
    level: "warning"
    schema: {"loadingURI":"file:/Users/anuradharaman/eclipse-workspace/Anu/KFAPITestAutomation/target/test-classes/getProcessItemList.json#","pointer":"/properties/Aggregation/properties/ThisIsTextArea/properties/NonBlank"}
    domain: "syntax"
    ignored: ["$id","examples"]
warning: the following keywords are unknown and will be ignored: [$id]
    level: "warning"
    schema: {"loadingURI":"file:/Users/anuradharaman/eclipse-workspace/Anu/KFAPITestAutomation/target/test-classes/getProcessItemList.json#","pointer":"/properties/Aggregation/properties/ThisIsUser"}
    domain: "syntax"
    ignored: ["$id"]
warning: the following keywords are unknown and will be ignored: [$id, examples]
    level: "warning"
    schema: {"loadingURI":"file:/Users/anuradharaman/eclipse-workspace/Anu/KFAPITestAutomation/target/test-classes/getProcessItemList.json#","pointer":"/properties/Aggregation/properties/ThisIsUser/properties/Blank"}
    domain: "syntax"
    ignored: ["$id","examples"]
warning: the following keywords are unknown and will be ignored: [$id, examples]
    level: "warning"
    schema: {"loadingURI":"file:/Users/anuradharaman/eclipse-workspace/Anu/KFAPITestAutomation/target/test-classes/getProcessItemList.json#","pointer":"/properties/Aggregation/properties/ThisIsUser/properties/Count"}
    domain: "syntax"
    ignored: ["$id","examples"]
warning: the following keywords are unknown and will be ignored: [$id, examples]
    level: "warning"
    schema: {"loadingURI":"file:/Users/anuradharaman/eclipse-workspace/Anu/KFAPITestAutomation/target/test-classes/getProcessItemList.json#","pointer":"/properties/Aggregation/properties/ThisIsUser/properties/NonBlank"}
    domain: "syntax"
    ignored: ["$id","examples"]
warning: the following keywords are unknown and will be ignored: [$id]
    level: "warning"
    schema: {"loadingURI":"file:/Users/anuradharaman/eclipse-workspace/Anu/KFAPITestAutomation/target/test-classes/getProcessItemList.json#","pointer":"/properties/Aggregation/properties/ThisIsYesNo"}
    domain: "syntax"
    ignored: ["$id"]
warning: the following keywords are unknown and will be ignored: [$id, examples]
    level: "warning"
    schema: {"loadingURI":"file:/Users/anuradharaman/eclipse-workspace/Anu/KFAPITestAutomation/target/test-classes/getProcessItemList.json#","pointer":"/properties/Aggregation/properties/ThisIsYesNo/properties/Blank"}
    domain: "syntax"
    ignored: ["$id","examples"]
warning: the following keywords are unknown and will be ignored: [$id, examples]
    level: "warning"
    schema: {"loadingURI":"file:/Users/anuradharaman/eclipse-workspace/Anu/KFAPITestAutomation/target/test-classes/getProcessItemList.json#","pointer":"/properties/Aggregation/properties/ThisIsYesNo/properties/Count"}
    domain: "syntax"
    ignored: ["$id","examples"]
warning: the following keywords are unknown and will be ignored: [$id, examples]
    level: "warning"
    schema: {"loadingURI":"file:/Users/anuradharaman/eclipse-workspace/Anu/KFAPITestAutomation/target/test-classes/getProcessItemList.json#","pointer":"/properties/Aggregation/properties/ThisIsYesNo/properties/NonBlank"}
    domain: "syntax"
    ignored: ["$id","examples"]
warning: the following keywords are unknown and will be ignored: [$id]
    level: "warning"
    schema: {"loadingURI":"file:/Users/anuradharaman/eclipse-workspace/Anu/KFAPITestAutomation/target/test-classes/getProcessItemList.json#","pointer":"/properties/Aggregation/properties/Untitled_FieldThisIsCheckbox"}
    domain: "syntax"
    ignored: ["$id"]
warning: the following keywords are unknown and will be ignored: [$id, examples]
    level: "warning"
    schema: {"loadingURI":"file:/Users/anuradharaman/eclipse-workspace/Anu/KFAPITestAutomation/target/test-classes/getProcessItemList.json#","pointer":"/properties/Aggregation/properties/Untitled_FieldThisIsCheckbox/properties/Blank"}
    domain: "syntax"
    ignored: ["$id","examples"]
warning: the following keywords are unknown and will be ignored: [$id, examples]
    level: "warning"
    schema: {"loadingURI":"file:/Users/anuradharaman/eclipse-workspace/Anu/KFAPITestAutomation/target/test-classes/getProcessItemList.json#","pointer":"/properties/Aggregation/properties/Untitled_FieldThisIsCheckbox/properties/Count"}
    domain: "syntax"
    ignored: ["$id","examples"]
warning: the following keywords are unknown and will be ignored: [$id, examples]
    level: "warning"
    schema: {"loadingURI":"file:/Users/anuradharaman/eclipse-workspace/Anu/KFAPITestAutomation/target/test-classes/getProcessItemList.json#","pointer":"/properties/Aggregation/properties/Untitled_FieldThisIsCheckbox/properties/NonBlank"}
    domain: "syntax"
    ignored: ["$id","examples"]
warning: the following keywords are unknown and will be ignored: [$id]
    level: "warning"
    schema: {"loadingURI":"file:/Users/anuradharaman/eclipse-workspace/Anu/KFAPITestAutomation/target/test-classes/getProcessItemList.json#","pointer":"/properties/Aggregation/properties/_created_at"}
    domain: "syntax"
    ignored: ["$id"]
warning: the following keywords are unknown and will be ignored: [$id, examples]
    level: "warning"
    schema: {"loadingURI":"file:/Users/anuradharaman/eclipse-workspace/Anu/KFAPITestAutomation/target/test-classes/getProcessItemList.json#","pointer":"/properties/Aggregation/properties/_created_at/properties/Blank"}
    domain: "syntax"
    ignored: ["$id","examples"]
warning: the following keywords are unknown and will be ignored: [$id, examples]
    level: "warning"
    schema: {"loadingURI":"file:/Users/anuradharaman/eclipse-workspace/Anu/KFAPITestAutomation/target/test-classes/getProcessItemList.json#","pointer":"/properties/Aggregation/properties/_created_at/properties/Count"}
    domain: "syntax"
    ignored: ["$id","examples"]
warning: the following keywords are unknown and will be ignored: [$id, examples]
    level: "warning"
    schema: {"loadingURI":"file:/Users/anuradharaman/eclipse-workspace/Anu/KFAPITestAutomation/target/test-classes/getProcessItemList.json#","pointer":"/properties/Aggregation/properties/_created_at/properties/Max"}
    domain: "syntax"
    ignored: ["$id","examples"]
warning: the following keywords are unknown and will be ignored: [$id, examples]
    level: "warning"
    schema: {"loadingURI":"file:/Users/anuradharaman/eclipse-workspace/Anu/KFAPITestAutomation/target/test-classes/getProcessItemList.json#","pointer":"/properties/Aggregation/properties/_created_at/properties/Min"}
    domain: "syntax"
    ignored: ["$id","examples"]
warning: the following keywords are unknown and will be ignored: [$id, examples]
    level: "warning"
    schema: {"loadingURI":"file:/Users/anuradharaman/eclipse-workspace/Anu/KFAPITestAutomation/target/test-classes/getProcessItemList.json#","pointer":"/properties/Aggregation/properties/_created_at/properties/NonBlank"}
    domain: "syntax"
    ignored: ["$id","examples"]
warning: the following keywords are unknown and will be ignored: [$id]
    level: "warning"
    schema: {"loadingURI":"file:/Users/anuradharaman/eclipse-workspace/Anu/KFAPITestAutomation/target/test-classes/getProcessItemList.json#","pointer":"/properties/Aggregation/properties/_created_by"}
    domain: "syntax"
    ignored: ["$id"]
warning: the following keywords are unknown and will be ignored: [$id, examples]
    level: "warning"
    schema: {"loadingURI":"file:/Users/anuradharaman/eclipse-workspace/Anu/KFAPITestAutomation/target/test-classes/getProcessItemList.json#","pointer":"/properties/Aggregation/properties/_created_by/properties/Blank"}
    domain: "syntax"
    ignored: ["$id","examples"]
warning: the following keywords are unknown and will be ignored: [$id, examples]
    level: "warning"
    schema: {"loadingURI":"file:/Users/anuradharaman/eclipse-workspace/Anu/KFAPITestAutomation/target/test-classes/getProcessItemList.json#","pointer":"/properties/Aggregation/properties/_created_by/properties/Count"}
    domain: "syntax"
    ignored: ["$id","examples"]
warning: the following keywords are unknown and will be ignored: [$id, examples]
    level: "warning"
    schema: {"loadingURI":"file:/Users/anuradharaman/eclipse-workspace/Anu/KFAPITestAutomation/target/test-classes/getProcessItemList.json#","pointer":"/properties/Aggregation/properties/_created_by/properties/NonBlank"}
    domain: "syntax"
    ignored: ["$id","examples"]
warning: the following keywords are unknown and will be ignored: [$id]
    level: "warning"
    schema: {"loadingURI":"file:/Users/anuradharaman/eclipse-workspace/Anu/KFAPITestAutomation/target/test-classes/getProcessItemList.json#","pointer":"/properties/Aggregation/properties/_status"}
    domain: "syntax"
    ignored: ["$id"]
warning: the following keywords are unknown and will be ignored: [$id, examples]
    level: "warning"
    schema: {"loadingURI":"file:/Users/anuradharaman/eclipse-workspace/Anu/KFAPITestAutomation/target/test-classes/getProcessItemList.json#","pointer":"/properties/Aggregation/properties/_status/properties/Blank"}
    domain: "syntax"
    ignored: ["$id","examples"]
warning: the following keywords are unknown and will be ignored: [$id, examples]
    level: "warning"
    schema: {"loadingURI":"file:/Users/anuradharaman/eclipse-workspace/Anu/KFAPITestAutomation/target/test-classes/getProcessItemList.json#","pointer":"/properties/Aggregation/properties/_status/properties/Count"}
    domain: "syntax"
    ignored: ["$id","examples"]
warning: the following keywords are unknown and will be ignored: [$id, examples]
    level: "warning"
    schema: {"loadingURI":"file:/Users/anuradharaman/eclipse-workspace/Anu/KFAPITestAutomation/target/test-classes/getProcessItemList.json#","pointer":"/properties/Aggregation/properties/_status/properties/NonBlank"}
    domain: "syntax"
    ignored: ["$id","examples"]
error: object has missing required properties (["ThisIsCheckList","ThisIsCurrency","ThisIsDate","ThisIsDateAndTime","ThisIsDropdown","ThisIsLookup","ThisIsNum","ThisIsRating","ThisIsRemoteLookup","ThisIsSign","ThisIsSlider","ThisIsText","ThisIsUser","ThisIsYesNo","Untitled_FieldThisIsCheckbox"])
    level: "error"
    schema: {"loadingURI":"file:/Users/anuradharaman/eclipse-workspace/Anu/KFAPITestAutomation/target/test-classes/getProcessItemList.json#","pointer":"/properties/Aggregation"}
    instance: {"pointer":"/Aggregation"}
    domain: "validation"
    keyword: "required"
    required: ["Name","ThisIsAttach","ThisIsCheckList","ThisIsCurrency","ThisIsDate","ThisIsDateAndTime","ThisIsDropdown","ThisIsImage","ThisIsLookup","ThisIsNum","ThisIsRating","ThisIsRemoteLookup","ThisIsSign","ThisIsSlider","ThisIsText","ThisIsTextArea","ThisIsUser","ThisIsYesNo","Untitled_FieldThisIsCheckbox","_created_at","_created_by","_status"]
    missing: ["ThisIsCheckList","ThisIsCurrency","ThisIsDate","ThisIsDateAndTime","ThisIsDropdown","ThisIsLookup","ThisIsNum","ThisIsRating","ThisIsRemoteLookup","ThisIsSign","ThisIsSlider","ThisIsText","ThisIsUser","ThisIsYesNo","Untitled_FieldThisIsCheckbox"]
warning: the following keywords are unknown and will be ignored: [$id]
    level: "warning"
    schema: {"loadingURI":"file:/Users/anuradharaman/eclipse-workspace/Anu/KFAPITestAutomation/target/test-classes/getProcessItemList.json#","pointer":"/properties/Columns"}
    domain: "syntax"
    ignored: ["$id"]
warning: the following keywords are unknown and will be ignored: [$id]
    level: "warning"
    schema: {"loadingURI":"file:/Users/anuradharaman/eclipse-workspace/Anu/KFAPITestAutomation/target/test-classes/getProcessItemList.json#","pointer":"/properties/Columns/items"}
    domain: "syntax"
    ignored: ["$id"]
warning: the following keywords are unknown and will be ignored: [$id, examples]
    level: "warning"
    schema: {"loadingURI":"file:/Users/anuradharaman/eclipse-workspace/Anu/KFAPITestAutomation/target/test-classes/getProcessItemList.json#","pointer":"/properties/Columns/items/properties/Id"}
    domain: "syntax"
    ignored: ["$id","examples"]
warning: the following keywords are unknown and will be ignored: [$id, examples]
    level: "warning"
    schema: {"loadingURI":"file:/Users/anuradharaman/eclipse-workspace/Anu/KFAPITestAutomation/target/test-classes/getProcessItemList.json#","pointer":"/properties/Columns/items/properties/IsSystemField"}
    domain: "syntax"
    ignored: ["$id","examples"]
warning: the following keywords are unknown and will be ignored: [$id, examples]
    level: "warning"
    schema: {"loadingURI":"file:/Users/anuradharaman/eclipse-workspace/Anu/KFAPITestAutomation/target/test-classes/getProcessItemList.json#","pointer":"/properties/Columns/items/properties/Model"}
    domain: "syntax"
    ignored: ["$id","examples"]
warning: the following keywords are unknown and will be ignored: [$id, examples]
    level: "warning"
    schema: {"loadingURI":"file:/Users/anuradharaman/eclipse-workspace/Anu/KFAPITestAutomation/target/test-classes/getProcessItemList.json#","pointer":"/properties/Columns/items/properties/Name"}
    domain: "syntax"
    ignored: ["$id","examples"]
warning: the following keywords are unknown and will be ignored: [$id, examples]
    level: "warning"
    schema: {"loadingURI":"file:/Users/anuradharaman/eclipse-workspace/Anu/KFAPITestAutomation/target/test-classes/getProcessItemList.json#","pointer":"/properties/Columns/items/properties/ReadOnly"}
    domain: "syntax"
    ignored: ["$id","examples"]
warning: the following keywords are unknown and will be ignored: [$id, examples]
    level: "warning"
    schema: {"loadingURI":"file:/Users/anuradharaman/eclipse-workspace/Anu/KFAPITestAutomation/target/test-classes/getProcessItemList.json#","pointer":"/properties/Columns/items/properties/Type"}
    domain: "syntax"
    ignored: ["$id","examples"]
warning: the following keywords are unknown and will be ignored: [$id, examples]
    level: "warning"
    schema: {"loadingURI":"file:/Users/anuradharaman/eclipse-workspace/Anu/KFAPITestAutomation/target/test-classes/getProcessItemList.json#","pointer":"/properties/Columns/items/properties/Widget"}
    domain: "syntax"
    ignored: ["$id","examples"]
warning: the following keywords are unknown and will be ignored: [$id]
    level: "warning"
    schema: {"loadingURI":"file:/Users/anuradharaman/eclipse-workspace/Anu/KFAPITestAutomation/target/test-classes/getProcessItemList.json#","pointer":"/properties/Data"}
    domain: "syntax"
    ignored: ["$id"]
warning: the following keywords are unknown and will be ignored: [$id]
    level: "warning"
    schema: {"loadingURI":"file:/Users/anuradharaman/eclipse-workspace/Anu/KFAPITestAutomation/target/test-classes/getProcessItemList.json#","pointer":"/properties/Data/items"}
    domain: "syntax"
    ignored: ["$id"]
warning: the following keywords are unknown and will be ignored: [$id, examples]
    level: "warning"
    schema: {"loadingURI":"file:/Users/anuradharaman/eclipse-workspace/Anu/KFAPITestAutomation/target/test-classes/getProcessItemList.json#","pointer":"/properties/Data/items/properties/Name"}
    domain: "syntax"
    ignored: ["$id","examples"]
warning: the following keywords are unknown and will be ignored: [$id]
    level: "warning"
    schema: {"loadingURI":"file:/Users/anuradharaman/eclipse-workspace/Anu/KFAPITestAutomation/target/test-classes/getProcessItemList.json#","pointer":"/properties/Data/items/properties/ThisIsAttach"}
    domain: "syntax"
    ignored: ["$id"]
warning: the following keywords are unknown and will be ignored: [$id]
    level: "warning"
    schema: {"loadingURI":"file:/Users/anuradharaman/eclipse-workspace/Anu/KFAPITestAutomation/target/test-classes/getProcessItemList.json#","pointer":"/properties/Data/items/properties/ThisIsAttach/items"}
    domain: "syntax"
    ignored: ["$id"]
warning: the following keywords are unknown and will be ignored: [$id, examples]
    level: "warning"
    schema: {"loadingURI":"file:/Users/anuradharaman/eclipse-workspace/Anu/KFAPITestAutomation/target/test-classes/getProcessItemList.json#","pointer":"/properties/Data/items/properties/ThisIsAttach/items/properties/fileExtension"}
    domain: "syntax"
    ignored: ["$id","examples"]
warning: the following keywords are unknown and will be ignored: [$id, examples]
    level: "warning"
    schema: {"loadingURI":"file:/Users/anuradharaman/eclipse-workspace/Anu/KFAPITestAutomation/target/test-classes/getProcessItemList.json#","pointer":"/properties/Data/items/properties/ThisIsAttach/items/properties/id"}
    domain: "syntax"
    ignored: ["$id","examples"]
warning: the following keywords are unknown and will be ignored: [$id, examples]
    level: "warning"
    schema: {"loadingURI":"file:/Users/anuradharaman/eclipse-workspace/Anu/KFAPITestAutomation/target/test-classes/getProcessItemList.json#","pointer":"/properties/Data/items/properties/ThisIsAttach/items/properties/key"}
    domain: "syntax"
    ignored: ["$id","examples"]
warning: the following keywords are unknown and will be ignored: [$id, examples]
    level: "warning"
    schema: {"loadingURI":"file:/Users/anuradharaman/eclipse-workspace/Anu/KFAPITestAutomation/target/test-classes/getProcessItemList.json#","pointer":"/properties/Data/items/properties/ThisIsAttach/items/properties/name"}
    domain: "syntax"
    ignored: ["$id","examples"]
warning: the following keywords are unknown and will be ignored: [$id, examples]
    level: "warning"
    schema: {"loadingURI":"file:/Users/anuradharaman/eclipse-workspace/Anu/KFAPITestAutomation/target/test-classes/getProcessItemList.json#","pointer":"/properties/Data/items/properties/ThisIsAttach/items/properties/size"}
    domain: "syntax"
    ignored: ["$id","examples"]
warning: the following keywords are unknown and will be ignored: [$id, examples]
    level: "warning"
    schema: {"loadingURI":"file:/Users/anuradharaman/eclipse-workspace/Anu/KFAPITestAutomation/target/test-classes/getProcessItemList.json#","pointer":"/properties/Data/items/properties/ThisIsAttach/items/properties/uploaded"}
    domain: "syntax"
    ignored: ["$id","examples"]
warning: the following keywords are unknown and will be ignored: [$id]
    level: "warning"
    schema: {"loadingURI":"file:/Users/anuradharaman/eclipse-workspace/Anu/KFAPITestAutomation/target/test-classes/getProcessItemList.json#","pointer":"/properties/Data/items/properties/ThisIsCheckList"}
    domain: "syntax"
    ignored: ["$id"]
warning: the following keywords are unknown and will be ignored: [$id]
    level: "warning"
    schema: {"loadingURI":"file:/Users/anuradharaman/eclipse-workspace/Anu/KFAPITestAutomation/target/test-classes/getProcessItemList.json#","pointer":"/properties/Data/items/properties/ThisIsCheckList/items"}
    domain: "syntax"
    ignored: ["$id"]
warning: the following keywords are unknown and will be ignored: [$id, examples]
    level: "warning"
    schema: {"loadingURI":"file:/Users/anuradharaman/eclipse-workspace/Anu/KFAPITestAutomation/target/test-classes/getProcessItemList.json#","pointer":"/properties/Data/items/properties/ThisIsCheckList/items/properties/selected"}
    domain: "syntax"
    ignored: ["$id","examples"]
warning: the following keywords are unknown and will be ignored: [$id, examples]
    level: "warning"
    schema: {"loadingURI":"file:/Users/anuradharaman/eclipse-workspace/Anu/KFAPITestAutomation/target/test-classes/getProcessItemList.json#","pointer":"/properties/Data/items/properties/ThisIsCheckList/items/properties/value"}
    domain: "syntax"
    ignored: ["$id","examples"]
warning: the following keywords are unknown and will be ignored: [$id, examples]
    level: "warning"
    schema: {"loadingURI":"file:/Users/anuradharaman/eclipse-workspace/Anu/KFAPITestAutomation/target/test-classes/getProcessItemList.json#","pointer":"/properties/Data/items/properties/ThisIsCurrency"}
    domain: "syntax"
    ignored: ["$id","examples"]
warning: the following keywords are unknown and will be ignored: [$id, examples]
    level: "warning"
    schema: {"loadingURI":"file:/Users/anuradharaman/eclipse-workspace/Anu/KFAPITestAutomation/target/test-classes/getProcessItemList.json#","pointer":"/properties/Data/items/properties/ThisIsDate"}
    domain: "syntax"
    ignored: ["$id","examples"]
warning: the following keywords are unknown and will be ignored: [$id, examples]
    level: "warning"
    schema: {"loadingURI":"file:/Users/anuradharaman/eclipse-workspace/Anu/KFAPITestAutomation/target/test-classes/getProcessItemList.json#","pointer":"/properties/Data/items/properties/ThisIsDateAndTime"}
    domain: "syntax"
    ignored: ["$id","examples"]
warning: the following keywords are unknown and will be ignored: [$id, examples]
    level: "warning"
    schema: {"loadingURI":"file:/Users/anuradharaman/eclipse-workspace/Anu/KFAPITestAutomation/target/test-classes/getProcessItemList.json#","pointer":"/properties/Data/items/properties/ThisIsDropdown"}
    domain: "syntax"
    ignored: ["$id","examples"]
warning: the following keywords are unknown and will be ignored: [$id]
    level: "warning"
    schema: {"loadingURI":"file:/Users/anuradharaman/eclipse-workspace/Anu/KFAPITestAutomation/target/test-classes/getProcessItemList.json#","pointer":"/properties/Data/items/properties/ThisIsImage"}
    domain: "syntax"
    ignored: ["$id"]
warning: the following keywords are unknown and will be ignored: [$id, examples]
    level: "warning"
    schema: {"loadingURI":"file:/Users/anuradharaman/eclipse-workspace/Anu/KFAPITestAutomation/target/test-classes/getProcessItemList.json#","pointer":"/properties/Data/items/properties/ThisIsImage/properties/fileExtension"}
    domain: "syntax"
    ignored: ["$id","examples"]
warning: the following keywords are unknown and will be ignored: [$id, examples]
    level: "warning"
    schema: {"loadingURI":"file:/Users/anuradharaman/eclipse-workspace/Anu/KFAPITestAutomation/target/test-classes/getProcessItemList.json#","pointer":"/properties/Data/items/properties/ThisIsImage/properties/id"}
    domain: "syntax"
    ignored: ["$id","examples"]
warning: the following keywords are unknown and will be ignored: [$id, examples]
    level: "warning"
    schema: {"loadingURI":"file:/Users/anuradharaman/eclipse-workspace/Anu/KFAPITestAutomation/target/test-classes/getProcessItemList.json#","pointer":"/properties/Data/items/properties/ThisIsImage/properties/key"}
    domain: "syntax"
    ignored: ["$id","examples"]
warning: the following keywords are unknown and will be ignored: [$id, examples]
    level: "warning"
    schema: {"loadingURI":"file:/Users/anuradharaman/eclipse-workspace/Anu/KFAPITestAutomation/target/test-classes/getProcessItemList.json#","pointer":"/properties/Data/items/properties/ThisIsImage/properties/name"}
    domain: "syntax"
    ignored: ["$id","examples"]
warning: the following keywords are unknown and will be ignored: [$id]
    level: "warning"
    schema: {"loadingURI":"file:/Users/anuradharaman/eclipse-workspace/Anu/KFAPITestAutomation/target/test-classes/getProcessItemList.json#","pointer":"/properties/Data/items/properties/ThisIsImage/properties/photos"}
    domain: "syntax"
    ignored: ["$id"]
warning: the following keywords are unknown and will be ignored: [$id]
    level: "warning"
    schema: {"loadingURI":"file:/Users/anuradharaman/eclipse-workspace/Anu/KFAPITestAutomation/target/test-classes/getProcessItemList.json#","pointer":"/properties/Data/items/properties/ThisIsImage/properties/photos/items"}
    domain: "syntax"
    ignored: ["$id"]
warning: the following keywords are unknown and will be ignored: [$id, examples]
    level: "warning"
    schema: {"loadingURI":"file:/Users/anuradharaman/eclipse-workspace/Anu/KFAPITestAutomation/target/test-classes/getProcessItemList.json#","pointer":"/properties/Data/items/properties/ThisIsImage/properties/photos/items/properties/fileExtension"}
    domain: "syntax"
    ignored: ["$id","examples"]
warning: the following keywords are unknown and will be ignored: [$id, examples]
    level: "warning"
    schema: {"loadingURI":"file:/Users/anuradharaman/eclipse-workspace/Anu/KFAPITestAutomation/target/test-classes/getProcessItemList.json#","pointer":"/properties/Data/items/properties/ThisIsImage/properties/photos/items/properties/height"}
    domain: "syntax"
    ignored: ["$id","examples"]
warning: the following keywords are unknown and will be ignored: [$id, examples]
    level: "warning"
    schema: {"loadingURI":"file:/Users/anuradharaman/eclipse-workspace/Anu/KFAPITestAutomation/target/test-classes/getProcessItemList.json#","pointer":"/properties/Data/items/properties/ThisIsImage/properties/photos/items/properties/key"}
    domain: "syntax"
    ignored: ["$id","examples"]
warning: the following keywords are unknown and will be ignored: [$id, examples]
    level: "warning"
    schema: {"loadingURI":"file:/Users/anuradharaman/eclipse-workspace/Anu/KFAPITestAutomation/target/test-classes/getProcessItemList.json#","pointer":"/properties/Data/items/properties/ThisIsImage/properties/photos/items/properties/name"}
    domain: "syntax"
    ignored: ["$id","examples"]
warning: the following keywords are unknown and will be ignored: [$id, examples]
    level: "warning"
    schema: {"loadingURI":"file:/Users/anuradharaman/eclipse-workspace/Anu/KFAPITestAutomation/target/test-classes/getProcessItemList.json#","pointer":"/properties/Data/items/properties/ThisIsImage/properties/photos/items/properties/size"}
    domain: "syntax"
    ignored: ["$id","examples"]
warning: the following keywords are unknown and will be ignored: [$id, examples]
    level: "warning"
    schema: {"loadingURI":"file:/Users/anuradharaman/eclipse-workspace/Anu/KFAPITestAutomation/target/test-classes/getProcessItemList.json#","pointer":"/properties/Data/items/properties/ThisIsImage/properties/photos/items/properties/width"}
    domain: "syntax"
    ignored: ["$id","examples"]
warning: the following keywords are unknown and will be ignored: [$id, examples]
    level: "warning"
    schema: {"loadingURI":"file:/Users/anuradharaman/eclipse-workspace/Anu/KFAPITestAutomation/target/test-classes/getProcessItemList.json#","pointer":"/properties/Data/items/properties/ThisIsImage/properties/size"}
    domain: "syntax"
    ignored: ["$id","examples"]
warning: the following keywords are unknown and will be ignored: [$id, examples]
    level: "warning"
    schema: {"loadingURI":"file:/Users/anuradharaman/eclipse-workspace/Anu/KFAPITestAutomation/target/test-classes/getProcessItemList.json#","pointer":"/properties/Data/items/properties/ThisIsImage/properties/uploaded"}
    domain: "syntax"
    ignored: ["$id","examples"]
warning: the following keywords are unknown and will be ignored: [$id]
    level: "warning"
    schema: {"loadingURI":"file:/Users/anuradharaman/eclipse-workspace/Anu/KFAPITestAutomation/target/test-classes/getProcessItemList.json#","pointer":"/properties/Data/items/properties/ThisIsLookup"}
    domain: "syntax"
    ignored: ["$id"]
warning: the following keywords are unknown and will be ignored: [$id, examples]
    level: "warning"
    schema: {"loadingURI":"file:/Users/anuradharaman/eclipse-workspace/Anu/KFAPITestAutomation/target/test-classes/getProcessItemList.json#","pointer":"/properties/Data/items/properties/ThisIsLookup/properties/Name"}
    domain: "syntax"
    ignored: ["$id","examples"]
warning: the following keywords are unknown and will be ignored: [$id]
    level: "warning"
    schema: {"loadingURI":"file:/Users/anuradharaman/eclipse-workspace/Anu/KFAPITestAutomation/target/test-classes/getProcessItemList.json#","pointer":"/properties/Data/items/properties/ThisIsLookup/properties/_created_by"}
    domain: "syntax"
    ignored: ["$id"]
warning: the following keywords are unknown and will be ignored: [$id, examples]
    level: "warning"
    schema: {"loadingURI":"file:/Users/anuradharaman/eclipse-workspace/Anu/KFAPITestAutomation/target/test-classes/getProcessItemList.json#","pointer":"/properties/Data/items/properties/ThisIsLookup/properties/_created_by/properties/Kind"}
    domain: "syntax"
    ignored: ["$id","examples"]
warning: the following keywords are unknown and will be ignored: [$id, examples]
    level: "warning"
    schema: {"loadingURI":"file:/Users/anuradharaman/eclipse-workspace/Anu/KFAPITestAutomation/target/test-classes/getProcessItemList.json#","pointer":"/properties/Data/items/properties/ThisIsLookup/properties/_created_by/properties/Name"}
    domain: "syntax"
    ignored: ["$id","examples"]
warning: the following keywords are unknown and will be ignored: [$id, examples]
    level: "warning"
    schema: {"loadingURI":"file:/Users/anuradharaman/eclipse-workspace/Anu/KFAPITestAutomation/target/test-classes/getProcessItemList.json#","pointer":"/properties/Data/items/properties/ThisIsLookup/properties/_created_by/properties/_id"}
    domain: "syntax"
    ignored: ["$id","examples"]
warning: the following keywords are unknown and will be ignored: [$id, examples]
    level: "warning"
    schema: {"loadingURI":"file:/Users/anuradharaman/eclipse-workspace/Anu/KFAPITestAutomation/target/test-classes/getProcessItemList.json#","pointer":"/properties/Data/items/properties/ThisIsNum"}
    domain: "syntax"
    ignored: ["$id","examples"]
warning: the following keywords are unknown and will be ignored: [$id, examples]
    level: "warning"
    schema: {"loadingURI":"file:/Users/anuradharaman/eclipse-workspace/Anu/KFAPITestAutomation/target/test-classes/getProcessItemList.json#","pointer":"/properties/Data/items/properties/ThisIsRating"}
    domain: "syntax"
    ignored: ["$id","examples"]
warning: the following keywords are unknown and will be ignored: [$id, examples]
    level: "warning"
    schema: {"loadingURI":"file:/Users/anuradharaman/eclipse-workspace/Anu/KFAPITestAutomation/target/test-classes/getProcessItemList.json#","pointer":"/properties/Data/items/properties/ThisIsRemoteLookup"}
    domain: "syntax"
    ignored: ["$id","examples"]
warning: the following keywords are unknown and will be ignored: [$id]
    level: "warning"
    schema: {"loadingURI":"file:/Users/anuradharaman/eclipse-workspace/Anu/KFAPITestAutomation/target/test-classes/getProcessItemList.json#","pointer":"/properties/Data/items/properties/ThisIsSign"}
    domain: "syntax"
    ignored: ["$id"]
warning: the following keywords are unknown and will be ignored: [$id, examples]
    level: "warning"
    schema: {"loadingURI":"file:/Users/anuradharaman/eclipse-workspace/Anu/KFAPITestAutomation/target/test-classes/getProcessItemList.json#","pointer":"/properties/Data/items/properties/ThisIsSign/properties/key"}
    domain: "syntax"
    ignored: ["$id","examples"]
warning: the following keywords are unknown and will be ignored: [$id, examples]
    level: "warning"
    schema: {"loadingURI":"file:/Users/anuradharaman/eclipse-workspace/Anu/KFAPITestAutomation/target/test-classes/getProcessItemList.json#","pointer":"/properties/Data/items/properties/ThisIsSign/properties/name"}
    domain: "syntax"
    ignored: ["$id","examples"]
warning: the following keywords are unknown and will be ignored: [$id, examples]
    level: "warning"
    schema: {"loadingURI":"file:/Users/anuradharaman/eclipse-workspace/Anu/KFAPITestAutomation/target/test-classes/getProcessItemList.json#","pointer":"/properties/Data/items/properties/ThisIsSlider"}
    domain: "syntax"
    ignored: ["$id","examples"]
warning: the following keywords are unknown and will be ignored: [$id, examples]
    level: "warning"
    schema: {"loadingURI":"file:/Users/anuradharaman/eclipse-workspace/Anu/KFAPITestAutomation/target/test-classes/getProcessItemList.json#","pointer":"/properties/Data/items/properties/ThisIsText"}
    domain: "syntax"
    ignored: ["$id","examples"]
warning: the following keywords are unknown and will be ignored: [$id, examples]
    level: "warning"
    schema: {"loadingURI":"file:/Users/anuradharaman/eclipse-workspace/Anu/KFAPITestAutomation/target/test-classes/getProcessItemList.json#","pointer":"/properties/Data/items/properties/ThisIsTextArea"}
    domain: "syntax"
    ignored: ["$id","examples"]
warning: the following keywords are unknown and will be ignored: [$id]
    level: "warning"
    schema: {"loadingURI":"file:/Users/anuradharaman/eclipse-workspace/Anu/KFAPITestAutomation/target/test-classes/getProcessItemList.json#","pointer":"/properties/Data/items/properties/ThisIsUser"}
    domain: "syntax"
    ignored: ["$id"]
warning: the following keywords are unknown and will be ignored: [$id, examples]
    level: "warning"
    schema: {"loadingURI":"file:/Users/anuradharaman/eclipse-workspace/Anu/KFAPITestAutomation/target/test-classes/getProcessItemList.json#","pointer":"/properties/Data/items/properties/ThisIsUser/properties/Kind"}
    domain: "syntax"
    ignored: ["$id","examples"]
warning: the following keywords are unknown and will be ignored: [$id, examples]
    level: "warning"
    schema: {"loadingURI":"file:/Users/anuradharaman/eclipse-workspace/Anu/KFAPITestAutomation/target/test-classes/getProcessItemList.json#","pointer":"/properties/Data/items/properties/ThisIsUser/properties/Name"}
    domain: "syntax"
    ignored: ["$id","examples"]
warning: the following keywords are unknown and will be ignored: [$id, examples]
    level: "warning"
    schema: {"loadingURI":"file:/Users/anuradharaman/eclipse-workspace/Anu/KFAPITestAutomation/target/test-classes/getProcessItemList.json#","pointer":"/properties/Data/items/properties/ThisIsUser/properties/_id"}
    domain: "syntax"
    ignored: ["$id","examples"]
warning: the following keywords are unknown and will be ignored: [$id, examples]
    level: "warning"
    schema: {"loadingURI":"file:/Users/anuradharaman/eclipse-workspace/Anu/KFAPITestAutomation/target/test-classes/getProcessItemList.json#","pointer":"/properties/Data/items/properties/ThisIsYesNo"}
    domain: "syntax"
    ignored: ["$id","examples"]
warning: the following keywords are unknown and will be ignored: [$id]
    level: "warning"
    schema: {"loadingURI":"file:/Users/anuradharaman/eclipse-workspace/Anu/KFAPITestAutomation/target/test-classes/getProcessItemList.json#","pointer":"/properties/Data/items/properties/Untitled_FieldThisIsCheckbox"}
    domain: "syntax"
    ignored: ["$id"]
warning: the following keywords are unknown and will be ignored: [$id, examples]
    level: "warning"
    schema: {"loadingURI":"file:/Users/anuradharaman/eclipse-workspace/Anu/KFAPITestAutomation/target/test-classes/getProcessItemList.json#","pointer":"/properties/Data/items/properties/Untitled_FieldThisIsCheckbox/items"}
    domain: "syntax"
    ignored: ["$id","examples"]
warning: the following keywords are unknown and will be ignored: [$id]
    level: "warning"
    schema: {"loadingURI":"file:/Users/anuradharaman/eclipse-workspace/Anu/KFAPITestAutomation/target/test-classes/getProcessItemList.json#","pointer":"/properties/Data/items/properties/_activity_instance_id"}
    domain: "syntax"
    ignored: ["$id"]
warning: the following keywords are unknown and will be ignored: [$id, examples]
    level: "warning"
    schema: {"loadingURI":"file:/Users/anuradharaman/eclipse-workspace/Anu/KFAPITestAutomation/target/test-classes/getProcessItemList.json#","pointer":"/properties/Data/items/properties/_activity_instance_id/items"}
    domain: "syntax"
    ignored: ["$id","examples"]
warning: the following keywords are unknown and will be ignored: [$id, examples]
    level: "warning"
    schema: {"loadingURI":"file:/Users/anuradharaman/eclipse-workspace/Anu/KFAPITestAutomation/target/test-classes/getProcessItemList.json#","pointer":"/properties/Data/items/properties/_created_at"}
    domain: "syntax"
    ignored: ["$id","examples"]
warning: the following keywords are unknown and will be ignored: [$id]
    level: "warning"
    schema: {"loadingURI":"file:/Users/anuradharaman/eclipse-workspace/Anu/KFAPITestAutomation/target/test-classes/getProcessItemList.json#","pointer":"/properties/Data/items/properties/_created_by"}
    domain: "syntax"
    ignored: ["$id"]
warning: the following keywords are unknown and will be ignored: [$id, examples]
    level: "warning"
    schema: {"loadingURI":"file:/Users/anuradharaman/eclipse-workspace/Anu/KFAPITestAutomation/target/test-classes/getProcessItemList.json#","pointer":"/properties/Data/items/properties/_created_by/properties/Kind"}
    domain: "syntax"
    ignored: ["$id","examples"]
warning: the following keywords are unknown and will be ignored: [$id, examples]
    level: "warning"
    schema: {"loadingURI":"file:/Users/anuradharaman/eclipse-workspace/Anu/KFAPITestAutomation/target/test-classes/getProcessItemList.json#","pointer":"/properties/Data/items/properties/_created_by/properties/Name"}
    domain: "syntax"
    ignored: ["$id","examples"]
warning: the following keywords are unknown and will be ignored: [$id, examples]
    level: "warning"
    schema: {"loadingURI":"file:/Users/anuradharaman/eclipse-workspace/Anu/KFAPITestAutomation/target/test-classes/getProcessItemList.json#","pointer":"/properties/Data/items/properties/_created_by/properties/_id"}
    domain: "syntax"
    ignored: ["$id","examples"]
warning: the following keywords are unknown and will be ignored: [$id, examples]
    level: "warning"
    schema: {"loadingURI":"file:/Users/anuradharaman/eclipse-workspace/Anu/KFAPITestAutomation/target/test-classes/getProcessItemList.json#","pointer":"/properties/Data/items/properties/_id"}
    domain: "syntax"
    ignored: ["$id","examples"]
warning: the following keywords are unknown and will be ignored: [$id, examples]
    level: "warning"
    schema: {"loadingURI":"file:/Users/anuradharaman/eclipse-workspace/Anu/KFAPITestAutomation/target/test-classes/getProcessItemList.json#","pointer":"/properties/Data/items/properties/_status"}
    domain: "syntax"
    ignored: ["$id","examples"]
warning: the following keywords are unknown and will be ignored: [$id]
    level: "warning"
    schema: {"loadingURI":"file:/Users/anuradharaman/eclipse-workspace/Anu/KFAPITestAutomation/target/test-classes/getProcessItemList.json#","pointer":"/properties/Filter"}
    domain: "syntax"
    ignored: ["$id"]
warning: the following keywords are unknown and will be ignored: [$id]
    level: "warning"
    schema: {"loadingURI":"file:/Users/anuradharaman/eclipse-workspace/Anu/KFAPITestAutomation/target/test-classes/getProcessItemList.json#","pointer":"/properties/Sort"}
    domain: "syntax"
    ignored: ["$id"]
warning: the following keywords are unknown and will be ignored: [$id, examples]
    level: "warning"
    schema: {"loadingURI":"file:/Users/anuradharaman/eclipse-workspace/Anu/KFAPITestAutomation/target/test-classes/getProcessItemList.json#","pointer":"/properties/_id"}
    domain: "syntax"
    ignored: ["$id","examples"]

  Actual: {"_id": "SmokeProcess_157", "Columns": [{"Id": "Name", "ReadOnly": true, "Name": "Name", "Type": "Text", "IsSystemField": true, "Model": "SmokeProcess_157", "Widget": null}, {"Id": "_created_at", "ReadOnly": true, "Name": "Created at", "Type": "DateTime", "IsSystemField": true, "Model": "SmokeProcess_157", "Widget": null}, {"Id": "_created_by", "ReadOnly": true, "Name": "Created by", "Type": "User", "IsSystemField": true, "Model": "SmokeProcess_157", "Widget": null}, {"Id": "_status", "ReadOnly": true, "Name": "Status", "Type": "Text", "IsSystemField": true, "Model": "SmokeProcess_157", "Widget": "Status"}, {"Id": "Untitled_Field_1", "ReadOnly": "False", "Name": "ThisIsText", "Type": "Text", "IsSystemField": false, "Model": "SmokeProcess_157", "Widget": null}, {"Id": "ThisIsTextArea", "ReadOnly": "False", "Name": "ThisIsTextArea", "Type": "Textarea", "IsSystemField": false, "Model": "SmokeProcess_157", "Widget": null}, {"Id": "Untitled_Field", "ReadOnly": "False", "Name": "ThisIsNum", "Type": "Number", "IsSystemField": false, "Model": "SmokeProcess_157", "Widget": null, "Decimalpoint": null}, {"Id": "Untitled_Field_2", "ReadOnly": "False", "Name": "ThisIsCurrency", "Type": "Currency", "IsSystemField": false, "Model": "SmokeProcess_157", "Widget": null, "Decimalpoint": null}, {"Id": "Untitled_Field_3", "ReadOnly": "False", "Name": "ThisIsDate", "Type": "Date", "IsSystemField": false, "Model": "SmokeProcess_157", "Widget": null}, {"Id": "Untitled_Field_4", "ReadOnly": "False", "Name": "ThisIsDateAndTime", "Type": "DateTime", "IsSystemField": false, "Model": "SmokeProcess_157", "Widget": null}, {"Id": "Untitled_Field_5", "ReadOnly": "False", "Name": "ThisIsYesNo", "Type": "Boolean", "IsSystemField": false, "Model": "SmokeProcess_157", "Widget": null}, {"Id": "ThisIsImage", "ReadOnly": "False", "Name": "ThisIsImage", "Type": "Image", "IsSystemField": false, "Model": "SmokeProcess_157", "Widget": null}, {"Id": "Untitled_Field_6", "ReadOnly": "False", "Name": "ThisIsRating", "Type": "StarRating", "IsSystemField": false, "Model": "SmokeProcess_157", "Widget": null}, {"Id": "Untitled_Field_7", "ReadOnly": "False", "Name": "ThisIsDropdown", "Type": "Select", "IsSystemField": false, "Model": "SmokeProcess_157", "Widget": null}, {"Id": "Untitled_Field_8", "ReadOnly": "False", "Name": "ThisIsCheckbox", "Type": "Multiselect", "IsSystemField": false, "Model": "SmokeProcess_157", "Widget": null}, {"Id": "Untitled_Field_9", "ReadOnly": "False", "Name": "ThisIsUser", "Type": "User", "IsSystemField": false, "Model": "SmokeProcess_157", "Widget": null}, {"Id": "Untitled_Field_10", "ReadOnly": "False", "Name": "ThisIsCheckList", "Type": "Checklist", "IsSystemField": false, "Model": "SmokeProcess_157", "Widget": null}, {"Id": "ThisIsAttach", "ReadOnly": "False", "Name": "ThisIsAttach", "Type": "Attachment", "IsSystemField": false, "Model": "SmokeProcess_157", "Widget": null}, {"Id": "Untitled_Field_11", "ReadOnly": "False", "Name": "ThisIsSign", "Type": "Signature", "IsSystemField": false, "Model": "SmokeProcess_157", "Widget": null}, {"Id": "Untitled_Field_12", "ReadOnly": "False", "Name": "ThisIsLookup", "Type": "Reference", "IsSystemField": false, "Model": "SmokeProcess_157", "Widget": null}, {"Id": "Untitled_Field_13", "ReadOnly": "False", "Name": "ThisIsRemoteLookup", "Type": "JSON", "IsSystemField": false, "Model": "SmokeProcess_157", "Widget": "RemoteLookup"}], "Sort": [], "Filter": {}, "Data": [{"_created_by": {"_id": "UsoeANVSzy2F", "Name": "KF QA", "Kind": "User"}, "Name": "Request for SmokeProcess", "_status": "InProgress", "Untitled_Field_12": {"Name": "Request for EndtoEnd", "_created_by": {"_id": "UsoeANVSzy2F", "Name": "KF QA", "Kind": "User"}}, "_created_at": "2020-04-06T06:33:04Z", "Untitled_Field_1": "This is default content", "ThisIsTextArea": "This run is for process smoke testing\n", "Untitled_Field": 103, "Untitled_Field_2": "1000 USD", "Untitled_Field_3": "2020-04-02", "Untitled_Field_4": "2020-04-03T00:00:00+05:30 Asia/Calcutta", "Untitled_Field_5": true, "ThisIsImage": {"uploaded": 100, "name": "SampleImage.png", "id": "Attach-l3Dn5eclRM", "key": "AcZAAN7lsPYw/SmokeProcess_157/Pk2SjNqp2taN/Attach-l3Dn5eclRM/SampleImage.png", "size": 92147, "fileExtension": "png", "photos": [{"fileExtension": "png", "height": 628, "key": "AcZAAN7lsPYw/SmokeProcess_157/Pk2SjNqp2taN/Attach-l3Dn5eclRM/SampleImage.png", "name": "SampleImage.png", "size": 2612480, "width": 1040}, {"fileExtension": "png", "height": 628, "key": "AcZAAN7lsPYw/SmokeProcess_157/Pk2SjNqp2taN/Attach-l3Dn5eclRM/photos/1200x800.png", "name": "1200x800.png", "size": 80864, "width": 1040}, {"fileExtension": "png", "height": 181, "key": "AcZAAN7lsPYw/SmokeProcess_157/Pk2SjNqp2taN/Attach-l3Dn5eclRM/photos/300x300.png", "name": "300x300.png", "size": 31025, "width": 300}]}, "Untitled_Field_6": 3, "Untitled_Field_7": "One", "Untitled_Field_8": ["Two"], "Untitled_Field_9": {"_id": "UszVYqHGQGRs", "Name": "QAOutlook User", "Kind": "User"}, "Untitled_Field_10": [{"value": "One", "selected": false}, {"value": "Two", "selected": false}, {"value": "Three", "selected": true}, {"value": "Four", "selected": false}, {"value": "Five", "selected": false}], "ThisIsAttach": [{"uploaded": 100, "name": "SampleTextFile.rtf", "id": "Attach-jZXn5ecodm", "key": "AcZAAN7lsPYw/SmokeProcess_157/Pk2SjNqp2taN/Attach-jZXn5ecodm/SampleTextFile.rtf", "size": 490, "fileExtension": "rtf"}], "Untitled_Field_11": {"key": "AcZAAN7lsPYw/SmokeProcess_157/Pk2SjNqp2taN/Untitled_Field_11.png", "name": "Untitled_Field_11"}, "Untitled_Field_13": "2", "_id": "Pk2SjNqp2taN", "_activity_instance_id": ["PkCAYJ5eUpkC"]}], "Aggregation": {"Name": {"Count": 1, "Blank": 0, "NonBlank": 1}, "_created_at": {"Min": "2020-04-06T06:33:04Z", "Max": "2020-04-06T06:33:04Z", "Count": 1, "Blank": 0, "NonBlank": 1}, "_created_by": {"Count": 1, "Blank": 0, "NonBlank": 1}, "_status": {"Count": 1, "Blank": 0, "NonBlank": 1}, "Untitled_Field_1": {"Count": 1, "Blank": 0, "NonBlank": 1}, "ThisIsTextArea": {"Count": 1, "Blank": 0, "NonBlank": 1}, "Untitled_Field": {"Sum": 103, "Min": 103, "Max": 103, "Average": 103.0, "Count": 1, "Blank": 0, "NonBlank": 1}, "Untitled_Field_2": {"Sum": 1000.0, "Min": 1000.0, "Max": 1000.0, "Average": 1000.0, "Count": 1, "Blank": 0, "NonBlank": 1}, "Untitled_Field_3": {"Min": "2020-04-02", "Max": "2020-04-02", "Count": 1, "Blank": 0, "NonBlank": 1}, "Untitled_Field_4": {"Min": "2020-04-02T18:30:00Z", "Max": "2020-04-02T18:30:00Z", "Count": 1, "Blank": 0, "NonBlank": 1}, "Untitled_Field_5": {"Count": 1, "Blank": 0, "NonBlank": 1}, "ThisIsImage": {"Count": 1, "Blank": 0, "NonBlank": 1}, "Untitled_Field_6": {"Sum": 3, "Min": 3, "Max": 3, "Average": 3.0, "Count": 1, "Blank": 0, "NonBlank": 1}, "Untitled_Field_7": {"Count": 1, "Blank": 0, "NonBlank": 1}, "Untitled_Field_8": {"Count": 1, "Blank": 0, "NonBlank": 1}, "Untitled_Field_9": {"Count": 1, "Blank": 0, "NonBlank": 1}, "Untitled_Field_10": {"Count": 1, "Blank": 0, "NonBlank": 1}, "ThisIsAttach": {"Count": 1, "Blank": 0, "NonBlank": 1}, "Untitled_Field_11": {"Count": 1, "Blank": 0, "NonBlank": 1}, "Untitled_Field_12": {"Count": 1, "Blank": 0, "NonBlank": 1}, "Untitled_Field_13": {"Count": 1, "Blank": 0, "NonBlank": 1}}}

at java.base/jdk.internal.reflect.NativeConstructorAccessorImpl.newInstance0(Native Method)
at java.base/jdk.internal.reflect.NativeConstructorAccessorImpl.newInstance(NativeConstructorAccessorImpl.java:62)
at java.base/jdk.internal.reflect.DelegatingConstructorAccessorImpl.newInstance(DelegatingConstructorAccessorImpl.java:45)
at java.base/java.lang.reflect.Constructor.newInstance(Constructor.java:490)
at org.codehaus.groovy.reflection.CachedConstructor.invoke(CachedConstructor.java:80)
at org.codehaus.groovy.reflection.CachedConstructor.doConstructorInvoke(CachedConstructor.java:74)
at org.codehaus.groovy.runtime.callsite.ConstructorSite$ConstructorSiteNoUnwrap.callConstructor(ConstructorSite.java:84)
at org.codehaus.groovy.runtime.callsite.CallSiteArray.defaultCallConstructor(CallSiteArray.java:59)
at org.codehaus.groovy.runtime.callsite.AbstractCallSite.callConstructor(AbstractCallSite.java:237)
at org.codehaus.groovy.runtime.callsite.AbstractCallSite.callConstructor(AbstractCallSite.java:249)
at io.restassured.internal.ResponseSpecificationImpl$HamcrestAssertionClosure.validate(ResponseSpecificationImpl.groovy:493)
at io.restassured.internal.ResponseSpecificationImpl$HamcrestAssertionClosure$validate$1.call(Unknown Source)
at io.restassured.internal.ResponseSpecificationImpl.validateResponseIfRequired(ResponseSpecificationImpl.groovy:674)
at java.base/jdk.internal.reflect.NativeMethodAccessorImpl.invoke0(Native Method)
at java.base/jdk.internal.reflect.NativeMethodAccessorImpl.invoke(NativeMethodAccessorImpl.java:62)
at java.base/jdk.internal.reflect.DelegatingMethodAccessorImpl.invoke(DelegatingMethodAccessorImpl.java:43)
at java.base/java.lang.reflect.Method.invoke(Method.java:566)
at org.codehaus.groovy.runtime.callsite.PlainObjectMetaMethodSite.doInvoke(PlainObjectMetaMethodSite.java:43)
at org.codehaus.groovy.runtime.callsite.PogoMetaMethodSite$PogoCachedMethodSiteNoUnwrapNoCoerce.invoke(PogoMetaMethodSite.java:190)
at org.codehaus.groovy.runtime.callsite.PogoMetaMethodSite.callCurrent(PogoMetaMethodSite.java:58)
at org.codehaus.groovy.runtime.callsite.CallSiteArray.defaultCallCurrent(CallSiteArray.java:51)
at org.codehaus.groovy.runtime.callsite.AbstractCallSite.callCurrent(AbstractCallSite.java:156)
at org.codehaus.groovy.runtime.callsite.AbstractCallSite.callCurrent(AbstractCallSite.java:168)
at io.restassured.internal.ResponseSpecificationImpl.body(ResponseSpecificationImpl.groovy:98)
at io.restassured.internal.ValidatableResponseOptionsImpl.body(ValidatableResponseOptionsImpl.java:238)
at io.restassured.internal.ValidatableResponseImpl.super$2$body(ValidatableResponseImpl.groovy)
at java.base/jdk.internal.reflect.NativeMethodAccessorImpl.invoke0(Native Method)
at java.base/jdk.internal.reflect.NativeMethodAccessorImpl.invoke(NativeMethodAccessorImpl.java:62)
at java.base/jdk.internal.reflect.DelegatingMethodAccessorImpl.invoke(DelegatingMethodAccessorImpl.java:43)
at java.base/java.lang.reflect.Method.invoke(Method.java:566)
at org.codehaus.groovy.reflection.CachedMethod.invoke(CachedMethod.java:101)
at groovy.lang.MetaMethod.doMethodInvoke(MetaMethod.java:323)
at groovy.lang.MetaClassImpl.invokeMethod(MetaClassImpl.java:1217)
at org.codehaus.groovy.runtime.ScriptBytecodeAdapter.invokeMethodOnSuperN(ScriptBytecodeAdapter.java:144)
at io.restassured.internal.ValidatableResponseImpl.body(ValidatableResponseImpl.groovy:293)
at io.restassured.internal.ValidatableResponseImpl.body(ValidatableResponseImpl.groovy)
at test.KFProcessAPISmokeTest.getProcessItemList(KFProcessAPISmokeTest.java:374)
at java.base/jdk.internal.reflect.NativeMethodAccessorImpl.invoke0(Native Method)
at java.base/jdk.internal.reflect.NativeMethodAccessorImpl.invoke(NativeMethodAccessorImpl.java:62)
at java.base/jdk.internal.reflect.DelegatingMethodAccessorImpl.invoke(DelegatingMethodAccessorImpl.java:43)
at java.base/java.lang.reflect.Method.invoke(Method.java:566)
at org.testng.internal.MethodInvocationHelper.invokeMethod(MethodInvocationHelper.java:133)
at org.testng.internal.TestInvoker.invokeMethod(TestInvoker.java:584)
at org.testng.internal.TestInvoker.invokeTestMethod(TestInvoker.java:172)
at org.testng.internal.MethodRunner.runInSequence(MethodRunner.java:46)
at org.testng.internal.TestInvoker$MethodInvocationAgent.invoke(TestInvoker.java:804)
at org.testng.internal.TestInvoker.invokeTestMethods(TestInvoker.java:145)
at org.testng.internal.TestMethodWorker.invokeTestMethods(TestMethodWorker.java:146)
at org.testng.internal.TestMethodWorker.run(TestMethodWorker.java:128)
at java.base/java.util.ArrayList.forEach(ArrayList.java:1540)
at org.testng.TestRunner.privateRun(TestRunner.java:770)
at org.testng.TestRunner.run(TestRunner.java:591)
at org.testng.SuiteRunner.runTest(SuiteRunner.java:402)
at org.testng.SuiteRunner.runSequentially(SuiteRunner.java:396)
at org.testng.SuiteRunner.privateRun(SuiteRunner.java:355)
at org.testng.SuiteRunner.run(SuiteRunner.java:304)
at org.testng.SuiteRunnerWorker.runSuite(SuiteRunnerWorker.java:53)
at org.testng.SuiteRunnerWorker.run(SuiteRunnerWorker.java:96)
at org.testng.TestNG.runSuitesSequentially(TestNG.java:1180)
at org.testng.TestNG.runSuitesLocally(TestNG.java:1102)
at org.testng.TestNG.runSuites(TestNG.java:1032)
at org.testng.TestNG.run(TestNG.java:1000)
at org.testng.remote.AbstractRemoteTestNG.run(AbstractRemoteTestNG.java:115)
at org.testng.remote.RemoteTestNG.initAndRun(RemoteTestNG.java:251)
at org.testng.remote.RemoteTestNG.main(RemoteTestNG.java:77)
]]>
    </failure>
  </testcase> <!-- getProcessItemList -->
  <testcase classname="test.KFProcessAPISmokeTest" name="getProcessItemDetails" time="0.451">
    <failure message="1 expectation failed.
Response body doesn&#039;t match expectation.
Expected: The content to match the given JSON schema.
warning: the following keywords are unknown and will be ignored: [$id]
    level: &quot;warning&quot;
    schema: {&quot;loadingURI&quot;:&quot;file:/Users/anuradharaman/eclipse-workspace/Anu/KFAPITestAutomation/target/test-classes/getProcessItemDetails.json#&quot;,&quot;pointer&quot;:&quot;&quot;}
    domain: &quot;syntax&quot;
    ignored: [&quot;$id&quot;]
warning: the following keywords are unknown and will be ignored: [$id, examples]
    level: &quot;warning&quot;
    schema: {&quot;loadingURI&quot;:&quot;file:/Users/anuradharaman/eclipse-workspace/Anu/KFAPITestAutomation/target/test-classes/getProcessItemDetails.json#&quot;,&quot;pointer&quot;:&quot;/properties/Name&quot;}
    domain: &quot;syntax&quot;
    ignored: [&quot;$id&quot;,&quot;examples&quot;]
warning: the following keywords are unknown and will be ignored: [$id]
    level: &quot;warning&quot;
    schema: {&quot;loadingURI&quot;:&quot;file:/Users/anuradharaman/eclipse-workspace/Anu/KFAPITestAutomation/target/test-classes/getProcessItemDetails.json#&quot;,&quot;pointer&quot;:&quot;/properties/Table::Model_iTu0Ku4DO&quot;}
    domain: &quot;syntax&quot;
    ignored: [&quot;$id&quot;]
warning: the following keywords are unknown and will be ignored: [$id, examples]
    level: &quot;warning&quot;
    schema: {&quot;loadingURI&quot;:&quot;file:/Users/anuradharaman/eclipse-workspace/Anu/KFAPITestAutomation/target/test-classes/getProcessItemDetails.json#&quot;,&quot;pointer&quot;:&quot;/properties/Table::Model_iTu0Ku4DO/items&quot;}
    domain: &quot;syntax&quot;
    ignored: [&quot;$id&quot;,&quot;examples&quot;]
warning: the following keywords are unknown and will be ignored: [$id, examples]
    level: &quot;warning&quot;
    schema: {&quot;loadingURI&quot;:&quot;file:/Users/anuradharaman/eclipse-workspace/Anu/KFAPITestAutomation/target/test-classes/getProcessItemDetails.json#&quot;,&quot;pointer&quot;:&quot;/properties/Table::Model_iTu0Ku4DO/items/properties/Name&quot;}
    domain: &quot;syntax&quot;
    ignored: [&quot;$id&quot;,&quot;examples&quot;]
warning: the following keywords are unknown and will be ignored: [$id, examples]
    level: &quot;warning&quot;
    schema: {&quot;loadingURI&quot;:&quot;file:/Users/anuradharaman/eclipse-workspace/Anu/KFAPITestAutomation/target/test-classes/getProcessItemDetails.json#&quot;,&quot;pointer&quot;:&quot;/properties/Table::Model_iTu0Ku4DO/items/properties/ThisIsAttach_1&quot;}
    domain: &quot;syntax&quot;
    ignored: [&quot;$id&quot;,&quot;examples&quot;]
warning: the following keywords are unknown and will be ignored: [$id, examples]
    level: &quot;warning&quot;
    schema: {&quot;loadingURI&quot;:&quot;file:/Users/anuradharaman/eclipse-workspace/Anu/KFAPITestAutomation/target/test-classes/getProcessItemDetails.json#&quot;,&quot;pointer&quot;:&quot;/properties/Table::Model_iTu0Ku4DO/items/properties/ThisIsImage_1&quot;}
    domain: &quot;syntax&quot;
    ignored: [&quot;$id&quot;,&quot;examples&quot;]
warning: the following keywords are unknown and will be ignored: [$id, examples]
    level: &quot;warning&quot;
    schema: {&quot;loadingURI&quot;:&quot;file:/Users/anuradharaman/eclipse-workspace/Anu/KFAPITestAutomation/target/test-classes/getProcessItemDetails.json#&quot;,&quot;pointer&quot;:&quot;/properties/Table::Model_iTu0Ku4DO/items/properties/Untitled_Field_15&quot;}
    domain: &quot;syntax&quot;
    ignored: [&quot;$id&quot;,&quot;examples&quot;]
warning: the following keywords are unknown and will be ignored: [$id, examples]
    level: &quot;warning&quot;
    schema: {&quot;loadingURI&quot;:&quot;file:/Users/anuradharaman/eclipse-workspace/Anu/KFAPITestAutomation/target/test-classes/getProcessItemDetails.json#&quot;,&quot;pointer&quot;:&quot;/properties/Table::Model_iTu0Ku4DO/items/properties/_created_at&quot;}
    domain: &quot;syntax&quot;
    ignored: [&quot;$id&quot;,&quot;examples&quot;]
warning: the following keywords are unknown and will be ignored: [$id, examples]
    level: &quot;warning&quot;
    schema: {&quot;loadingURI&quot;:&quot;file:/Users/anuradharaman/eclipse-workspace/Anu/KFAPITestAutomation/target/test-classes/getProcessItemDetails.json#&quot;,&quot;pointer&quot;:&quot;/properties/Table::Model_iTu0Ku4DO/items/properties/_created_by&quot;}
    domain: &quot;syntax&quot;
    ignored: [&quot;$id&quot;,&quot;examples&quot;]
warning: the following keywords are unknown and will be ignored: [$id, examples]
    level: &quot;warning&quot;
    schema: {&quot;loadingURI&quot;:&quot;file:/Users/anuradharaman/eclipse-workspace/Anu/KFAPITestAutomation/target/test-classes/getProcessItemDetails.json#&quot;,&quot;pointer&quot;:&quot;/properties/Table::Model_iTu0Ku4DO/items/properties/_created_by/properties/Name&quot;}
    domain: &quot;syntax&quot;
    ignored: [&quot;$id&quot;,&quot;examples&quot;]
warning: the following keywords are unknown and will be ignored: [$id, examples]
    level: &quot;warning&quot;
    schema: {&quot;loadingURI&quot;:&quot;file:/Users/anuradharaman/eclipse-workspace/Anu/KFAPITestAutomation/target/test-classes/getProcessItemDetails.json#&quot;,&quot;pointer&quot;:&quot;/properties/Table::Model_iTu0Ku4DO/items/properties/_created_by/properties/_id&quot;}
    domain: &quot;syntax&quot;
    ignored: [&quot;$id&quot;,&quot;examples&quot;]
warning: the following keywords are unknown and will be ignored: [$id, examples]
    level: &quot;warning&quot;
    schema: {&quot;loadingURI&quot;:&quot;file:/Users/anuradharaman/eclipse-workspace/Anu/KFAPITestAutomation/target/test-classes/getProcessItemDetails.json#&quot;,&quot;pointer&quot;:&quot;/properties/Table::Model_iTu0Ku4DO/items/properties/_flow_name&quot;}
    domain: &quot;syntax&quot;
    ignored: [&quot;$id&quot;,&quot;examples&quot;]
warning: the following keywords are unknown and will be ignored: [$id, examples]
    level: &quot;warning&quot;
    schema: {&quot;loadingURI&quot;:&quot;file:/Users/anuradharaman/eclipse-workspace/Anu/KFAPITestAutomation/target/test-classes/getProcessItemDetails.json#&quot;,&quot;pointer&quot;:&quot;/properties/Table::Model_iTu0Ku4DO/items/properties/_id&quot;}
    domain: &quot;syntax&quot;
    ignored: [&quot;$id&quot;,&quot;examples&quot;]
warning: the following keywords are unknown and will be ignored: [$id, examples]
    level: &quot;warning&quot;
    schema: {&quot;loadingURI&quot;:&quot;file:/Users/anuradharaman/eclipse-workspace/Anu/KFAPITestAutomation/target/test-classes/getProcessItemDetails.json#&quot;,&quot;pointer&quot;:&quot;/properties/Table::Model_iTu0Ku4DO/items/properties/_modified_at&quot;}
    domain: &quot;syntax&quot;
    ignored: [&quot;$id&quot;,&quot;examples&quot;]
warning: the following keywords are unknown and will be ignored: [$id, examples]
    level: &quot;warning&quot;
    schema: {&quot;loadingURI&quot;:&quot;file:/Users/anuradharaman/eclipse-workspace/Anu/KFAPITestAutomation/target/test-classes/getProcessItemDetails.json#&quot;,&quot;pointer&quot;:&quot;/properties/Table::Model_iTu0Ku4DO/items/properties/_modified_by&quot;}
    domain: &quot;syntax&quot;
    ignored: [&quot;$id&quot;,&quot;examples&quot;]
warning: the following keywords are unknown and will be ignored: [$id, examples]
    level: &quot;warning&quot;
    schema: {&quot;loadingURI&quot;:&quot;file:/Users/anuradharaman/eclipse-workspace/Anu/KFAPITestAutomation/target/test-classes/getProcessItemDetails.json#&quot;,&quot;pointer&quot;:&quot;/properties/Table::Model_iTu0Ku4DO/items/properties/_modified_by/properties/Name&quot;}
    domain: &quot;syntax&quot;
    ignored: [&quot;$id&quot;,&quot;examples&quot;]
warning: the following keywords are unknown and will be ignored: [$id, examples]
    level: &quot;warning&quot;
    schema: {&quot;loadingURI&quot;:&quot;file:/Users/anuradharaman/eclipse-workspace/Anu/KFAPITestAutomation/target/test-classes/getProcessItemDetails.json#&quot;,&quot;pointer&quot;:&quot;/properties/Table::Model_iTu0Ku4DO/items/properties/_modified_by/properties/_id&quot;}
    domain: &quot;syntax&quot;
    ignored: [&quot;$id&quot;,&quot;examples&quot;]
warning: the following keywords are unknown and will be ignored: [$id]
    level: &quot;warning&quot;
    schema: {&quot;loadingURI&quot;:&quot;file:/Users/anuradharaman/eclipse-workspace/Anu/KFAPITestAutomation/target/test-classes/getProcessItemDetails.json#&quot;,&quot;pointer&quot;:&quot;/properties/ThisIsAttach&quot;}
    domain: &quot;syntax&quot;
    ignored: [&quot;$id&quot;]
warning: the following keywords are unknown and will be ignored: [$id, examples]
    level: &quot;warning&quot;
    schema: {&quot;loadingURI&quot;:&quot;file:/Users/anuradharaman/eclipse-workspace/Anu/KFAPITestAutomation/target/test-classes/getProcessItemDetails.json#&quot;,&quot;pointer&quot;:&quot;/properties/ThisIsAttach/items&quot;}
    domain: &quot;syntax&quot;
    ignored: [&quot;$id&quot;,&quot;examples&quot;]
warning: the following keywords are unknown and will be ignored: [$id, examples]
    level: &quot;warning&quot;
    schema: {&quot;loadingURI&quot;:&quot;file:/Users/anuradharaman/eclipse-workspace/Anu/KFAPITestAutomation/target/test-classes/getProcessItemDetails.json#&quot;,&quot;pointer&quot;:&quot;/properties/ThisIsAttach/items/properties/fileExtension&quot;}
    domain: &quot;syntax&quot;
    ignored: [&quot;$id&quot;,&quot;examples&quot;]
warning: the following keywords are unknown and will be ignored: [$id, examples]
    level: &quot;warning&quot;
    schema: {&quot;loadingURI&quot;:&quot;file:/Users/anuradharaman/eclipse-workspace/Anu/KFAPITestAutomation/target/test-classes/getProcessItemDetails.json#&quot;,&quot;pointer&quot;:&quot;/properties/ThisIsAttach/items/properties/id&quot;}
    domain: &quot;syntax&quot;
    ignored: [&quot;$id&quot;,&quot;examples&quot;]
warning: the following keywords are unknown and will be ignored: [$id, examples]
    level: &quot;warning&quot;
    schema: {&quot;loadingURI&quot;:&quot;file:/Users/anuradharaman/eclipse-workspace/Anu/KFAPITestAutomation/target/test-classes/getProcessItemDetails.json#&quot;,&quot;pointer&quot;:&quot;/properties/ThisIsAttach/items/properties/key&quot;}
    domain: &quot;syntax&quot;
    ignored: [&quot;$id&quot;,&quot;examples&quot;]
warning: the following keywords are unknown and will be ignored: [$id, examples]
    level: &quot;warning&quot;
    schema: {&quot;loadingURI&quot;:&quot;file:/Users/anuradharaman/eclipse-workspace/Anu/KFAPITestAutomation/target/test-classes/getProcessItemDetails.json#&quot;,&quot;pointer&quot;:&quot;/properties/ThisIsAttach/items/properties/name&quot;}
    domain: &quot;syntax&quot;
    ignored: [&quot;$id&quot;,&quot;examples&quot;]
warning: the following keywords are unknown and will be ignored: [$id, examples]
    level: &quot;warning&quot;
    schema: {&quot;loadingURI&quot;:&quot;file:/Users/anuradharaman/eclipse-workspace/Anu/KFAPITestAutomation/target/test-classes/getProcessItemDetails.json#&quot;,&quot;pointer&quot;:&quot;/properties/ThisIsAttach/items/properties/size&quot;}
    domain: &quot;syntax&quot;
    ignored: [&quot;$id&quot;,&quot;examples&quot;]
warning: the following keywords are unknown and will be ignored: [$id, examples]
    level: &quot;warning&quot;
    schema: {&quot;loadingURI&quot;:&quot;file:/Users/anuradharaman/eclipse-workspace/Anu/KFAPITestAutomation/target/test-classes/getProcessItemDetails.json#&quot;,&quot;pointer&quot;:&quot;/properties/ThisIsAttach/items/properties/uploaded&quot;}
    domain: &quot;syntax&quot;
    ignored: [&quot;$id&quot;,&quot;examples&quot;]
warning: the following keywords are unknown and will be ignored: [$id, examples]
    level: &quot;warning&quot;
    schema: {&quot;loadingURI&quot;:&quot;file:/Users/anuradharaman/eclipse-workspace/Anu/KFAPITestAutomation/target/test-classes/getProcessItemDetails.json#&quot;,&quot;pointer&quot;:&quot;/properties/ThisIsImage&quot;}
    domain: &quot;syntax&quot;
    ignored: [&quot;$id&quot;,&quot;examples&quot;]
warning: the following keywords are unknown and will be ignored: [$id, examples]
    level: &quot;warning&quot;
    schema: {&quot;loadingURI&quot;:&quot;file:/Users/anuradharaman/eclipse-workspace/Anu/KFAPITestAutomation/target/test-classes/getProcessItemDetails.json#&quot;,&quot;pointer&quot;:&quot;/properties/ThisIsImage/properties/fileExtension&quot;}
    domain: &quot;syntax&quot;
    ignored: [&quot;$id&quot;,&quot;examples&quot;]
warning: the following keywords are unknown and will be ignored: [$id, examples]
    level: &quot;warning&quot;
    schema: {&quot;loadingURI&quot;:&quot;file:/Users/anuradharaman/eclipse-workspace/Anu/KFAPITestAutomation/target/test-classes/getProcessItemDetails.json#&quot;,&quot;pointer&quot;:&quot;/properties/ThisIsImage/properties/id&quot;}
    domain: &quot;syntax&quot;
    ignored: [&quot;$id&quot;,&quot;examples&quot;]
warning: the following keywords are unknown and will be ignored: [$id, examples]
    level: &quot;warning&quot;
    schema: {&quot;loadingURI&quot;:&quot;file:/Users/anuradharaman/eclipse-workspace/Anu/KFAPITestAutomation/target/test-classes/getProcessItemDetails.json#&quot;,&quot;pointer&quot;:&quot;/properties/ThisIsImage/properties/key&quot;}
    domain: &quot;syntax&quot;
    ignored: [&quot;$id&quot;,&quot;examples&quot;]
warning: the following keywords are unknown and will be ignored: [$id, examples]
    level: &quot;warning&quot;
    schema: {&quot;loadingURI&quot;:&quot;file:/Users/anuradharaman/eclipse-workspace/Anu/KFAPITestAutomation/target/test-classes/getProcessItemDetails.json#&quot;,&quot;pointer&quot;:&quot;/properties/ThisIsImage/properties/name&quot;}
    domain: &quot;syntax&quot;
    ignored: [&quot;$id&quot;,&quot;examples&quot;]
warning: the following keywords are unknown and will be ignored: [$id]
    level: &quot;warning&quot;
    schema: {&quot;loadingURI&quot;:&quot;file:/Users/anuradharaman/eclipse-workspace/Anu/KFAPITestAutomation/target/test-classes/getProcessItemDetails.json#&quot;,&quot;pointer&quot;:&quot;/properties/ThisIsImage/properties/photos&quot;}
    domain: &quot;syntax&quot;
    ignored: [&quot;$id&quot;]
warning: the following keywords are unknown and will be ignored: [$id, examples]
    level: &quot;warning&quot;
    schema: {&quot;loadingURI&quot;:&quot;file:/Users/anuradharaman/eclipse-workspace/Anu/KFAPITestAutomation/target/test-classes/getProcessItemDetails.json#&quot;,&quot;pointer&quot;:&quot;/properties/ThisIsImage/properties/photos/items&quot;}
    domain: &quot;syntax&quot;
    ignored: [&quot;$id&quot;,&quot;examples&quot;]
warning: the following keywords are unknown and will be ignored: [$id, examples]
    level: &quot;warning&quot;
    schema: {&quot;loadingURI&quot;:&quot;file:/Users/anuradharaman/eclipse-workspace/Anu/KFAPITestAutomation/target/test-classes/getProcessItemDetails.json#&quot;,&quot;pointer&quot;:&quot;/properties/ThisIsImage/properties/photos/items/properties/fileExtension&quot;}
    domain: &quot;syntax&quot;
    ignored: [&quot;$id&quot;,&quot;examples&quot;]
warning: the following keywords are unknown and will be ignored: [$id, examples]
    level: &quot;warning&quot;
    schema: {&quot;loadingURI&quot;:&quot;file:/Users/anuradharaman/eclipse-workspace/Anu/KFAPITestAutomation/target/test-classes/getProcessItemDetails.json#&quot;,&quot;pointer&quot;:&quot;/properties/ThisIsImage/properties/photos/items/properties/height&quot;}
    domain: &quot;syntax&quot;
    ignored: [&quot;$id&quot;,&quot;examples&quot;]
warning: the following keywords are unknown and will be ignored: [$id, examples]
    level: &quot;warning&quot;
    schema: {&quot;loadingURI&quot;:&quot;file:/Users/anuradharaman/eclipse-workspace/Anu/KFAPITestAutomation/target/test-classes/getProcessItemDetails.json#&quot;,&quot;pointer&quot;:&quot;/properties/ThisIsImage/properties/photos/items/properties/key&quot;}
    domain: &quot;syntax&quot;
    ignored: [&quot;$id&quot;,&quot;examples&quot;]
warning: the following keywords are unknown and will be ignored: [$id, examples]
    level: &quot;warning&quot;
    schema: {&quot;loadingURI&quot;:&quot;file:/Users/anuradharaman/eclipse-workspace/Anu/KFAPITestAutomation/target/test-classes/getProcessItemDetails.json#&quot;,&quot;pointer&quot;:&quot;/properties/ThisIsImage/properties/photos/items/properties/name&quot;}
    domain: &quot;syntax&quot;
    ignored: [&quot;$id&quot;,&quot;examples&quot;]
warning: the following keywords are unknown and will be ignored: [$id, examples]
    level: &quot;warning&quot;
    schema: {&quot;loadingURI&quot;:&quot;file:/Users/anuradharaman/eclipse-workspace/Anu/KFAPITestAutomation/target/test-classes/getProcessItemDetails.json#&quot;,&quot;pointer&quot;:&quot;/properties/ThisIsImage/properties/photos/items/properties/size&quot;}
    domain: &quot;syntax&quot;
    ignored: [&quot;$id&quot;,&quot;examples&quot;]
warning: the following keywords are unknown and will be ignored: [$id, examples]
    level: &quot;warning&quot;
    schema: {&quot;loadingURI&quot;:&quot;file:/Users/anuradharaman/eclipse-workspace/Anu/KFAPITestAutomation/target/test-classes/getProcessItemDetails.json#&quot;,&quot;pointer&quot;:&quot;/properties/ThisIsImage/properties/photos/items/properties/width&quot;}
    domain: &quot;syntax&quot;
    ignored: [&quot;$id&quot;,&quot;examples&quot;]
warning: the following keywords are unknown and will be ignored: [$id, examples]
    level: &quot;warning&quot;
    schema: {&quot;loadingURI&quot;:&quot;file:/Users/anuradharaman/eclipse-workspace/Anu/KFAPITestAutomation/target/test-classes/getProcessItemDetails.json#&quot;,&quot;pointer&quot;:&quot;/properties/ThisIsImage/properties/size&quot;}
    domain: &quot;syntax&quot;
    ignored: [&quot;$id&quot;,&quot;examples&quot;]
warning: the following keywords are unknown and will be ignored: [$id, examples]
    level: &quot;warning&quot;
    schema: {&quot;loadingURI&quot;:&quot;file:/Users/anuradharaman/eclipse-workspace/Anu/KFAPITestAutomation/target/test-classes/getProcessItemDetails.json#&quot;,&quot;pointer&quot;:&quot;/properties/ThisIsImage/properties/uploaded&quot;}
    domain: &quot;syntax&quot;
    ignored: [&quot;$id&quot;,&quot;examples&quot;]
warning: the following keywords are unknown and will be ignored: [$id, examples]
    level: &quot;warning&quot;
    schema: {&quot;loadingURI&quot;:&quot;file:/Users/anuradharaman/eclipse-workspace/Anu/KFAPITestAutomation/target/test-classes/getProcessItemDetails.json#&quot;,&quot;pointer&quot;:&quot;/properties/ThisIsTextArea&quot;}
    domain: &quot;syntax&quot;
    ignored: [&quot;$id&quot;,&quot;examples&quot;]
warning: the following keywords are unknown and will be ignored: [$id, examples]
    level: &quot;warning&quot;
    schema: {&quot;loadingURI&quot;:&quot;file:/Users/anuradharaman/eclipse-workspace/Anu/KFAPITestAutomation/target/test-classes/getProcessItemDetails.json#&quot;,&quot;pointer&quot;:&quot;/properties/Untitled_Field&quot;}
    domain: &quot;syntax&quot;
    ignored: [&quot;$id&quot;,&quot;examples&quot;]
warning: the following keywords are unknown and will be ignored: [$id, examples]
    level: &quot;warning&quot;
    schema: {&quot;loadingURI&quot;:&quot;file:/Users/anuradharaman/eclipse-workspace/Anu/KFAPITestAutomation/target/test-classes/getProcessItemDetails.json#&quot;,&quot;pointer&quot;:&quot;/properties/Untitled_Field_1&quot;}
    domain: &quot;syntax&quot;
    ignored: [&quot;$id&quot;,&quot;examples&quot;]
warning: the following keywords are unknown and will be ignored: [$id, examples]
    level: &quot;warning&quot;
    schema: {&quot;loadingURI&quot;:&quot;file:/Users/anuradharaman/eclipse-workspace/Anu/KFAPITestAutomation/target/test-classes/getProcessItemDetails.json#&quot;,&quot;pointer&quot;:&quot;/properties/Untitled_Field_10&quot;}
    domain: &quot;syntax&quot;
    ignored: [&quot;$id&quot;,&quot;examples&quot;]
warning: the following keywords are unknown and will be ignored: [$id, examples]
    level: &quot;warning&quot;
    schema: {&quot;loadingURI&quot;:&quot;file:/Users/anuradharaman/eclipse-workspace/Anu/KFAPITestAutomation/target/test-classes/getProcessItemDetails.json#&quot;,&quot;pointer&quot;:&quot;/properties/Untitled_Field_10/properties/Name&quot;}
    domain: &quot;syntax&quot;
    ignored: [&quot;$id&quot;,&quot;examples&quot;]
warning: the following keywords are unknown and will be ignored: [$id, examples]
    level: &quot;warning&quot;
    schema: {&quot;loadingURI&quot;:&quot;file:/Users/anuradharaman/eclipse-workspace/Anu/KFAPITestAutomation/target/test-classes/getProcessItemDetails.json#&quot;,&quot;pointer&quot;:&quot;/properties/Untitled_Field_10/properties/_id&quot;}
    domain: &quot;syntax&quot;
    ignored: [&quot;$id&quot;,&quot;examples&quot;]
warning: the following keywords are unknown and will be ignored: [$id]
    level: &quot;warning&quot;
    schema: {&quot;loadingURI&quot;:&quot;file:/Users/anuradharaman/eclipse-workspace/Anu/KFAPITestAutomation/target/test-classes/getProcessItemDetails.json#&quot;,&quot;pointer&quot;:&quot;/properties/Untitled_Field_11&quot;}
    domain: &quot;syntax&quot;
    ignored: [&quot;$id&quot;]
warning: the following keywords are unknown and will be ignored: [$id, examples]
    level: &quot;warning&quot;
    schema: {&quot;loadingURI&quot;:&quot;file:/Users/anuradharaman/eclipse-workspace/Anu/KFAPITestAutomation/target/test-classes/getProcessItemDetails.json#&quot;,&quot;pointer&quot;:&quot;/properties/Untitled_Field_11/items&quot;}
    domain: &quot;syntax&quot;
    ignored: [&quot;$id&quot;,&quot;examples&quot;]
warning: the following keywords are unknown and will be ignored: [$id, examples]
    level: &quot;warning&quot;
    schema: {&quot;loadingURI&quot;:&quot;file:/Users/anuradharaman/eclipse-workspace/Anu/KFAPITestAutomation/target/test-classes/getProcessItemDetails.json#&quot;,&quot;pointer&quot;:&quot;/properties/Untitled_Field_11/items/properties/selected&quot;}
    domain: &quot;syntax&quot;
    ignored: [&quot;$id&quot;,&quot;examples&quot;]
warning: the following keywords are unknown and will be ignored: [$id, examples]
    level: &quot;warning&quot;
    schema: {&quot;loadingURI&quot;:&quot;file:/Users/anuradharaman/eclipse-workspace/Anu/KFAPITestAutomation/target/test-classes/getProcessItemDetails.json#&quot;,&quot;pointer&quot;:&quot;/properties/Untitled_Field_11/items/properties/value&quot;}
    domain: &quot;syntax&quot;
    ignored: [&quot;$id&quot;,&quot;examples&quot;]
warning: the following keywords are unknown and will be ignored: [$id, examples]
    level: &quot;warning&quot;
    schema: {&quot;loadingURI&quot;:&quot;file:/Users/anuradharaman/eclipse-workspace/Anu/KFAPITestAutomation/target/test-classes/getProcessItemDetails.json#&quot;,&quot;pointer&quot;:&quot;/properties/Untitled_Field_12&quot;}
    domain: &quot;syntax&quot;
    ignored: [&quot;$id&quot;,&quot;examples&quot;]
warning: the following keywords are unknown and will be ignored: [$id, examples]
    level: &quot;warning&quot;
    schema: {&quot;loadingURI&quot;:&quot;file:/Users/anuradharaman/eclipse-workspace/Anu/KFAPITestAutomation/target/test-classes/getProcessItemDetails.json#&quot;,&quot;pointer&quot;:&quot;/properties/Untitled_Field_12/properties/key&quot;}
    domain: &quot;syntax&quot;
    ignored: [&quot;$id&quot;,&quot;examples&quot;]
warning: the following keywords are unknown and will be ignored: [$id, examples]
    level: &quot;warning&quot;
    schema: {&quot;loadingURI&quot;:&quot;file:/Users/anuradharaman/eclipse-workspace/Anu/KFAPITestAutomation/target/test-classes/getProcessItemDetails.json#&quot;,&quot;pointer&quot;:&quot;/properties/Untitled_Field_12/properties/name&quot;}
    domain: &quot;syntax&quot;
    ignored: [&quot;$id&quot;,&quot;examples&quot;]
warning: the following keywords are unknown and will be ignored: [$id, examples]
    level: &quot;warning&quot;
    schema: {&quot;loadingURI&quot;:&quot;file:/Users/anuradharaman/eclipse-workspace/Anu/KFAPITestAutomation/target/test-classes/getProcessItemDetails.json#&quot;,&quot;pointer&quot;:&quot;/properties/Untitled_Field_13&quot;}
    domain: &quot;syntax&quot;
    ignored: [&quot;$id&quot;,&quot;examples&quot;]
warning: the following keywords are unknown and will be ignored: [$id, examples]
    level: &quot;warning&quot;
    schema: {&quot;loadingURI&quot;:&quot;file:/Users/anuradharaman/eclipse-workspace/Anu/KFAPITestAutomation/target/test-classes/getProcessItemDetails.json#&quot;,&quot;pointer&quot;:&quot;/properties/Untitled_Field_13/properties/Name&quot;}
    domain: &quot;syntax&quot;
    ignored: [&quot;$id&quot;,&quot;examples&quot;]
warning: the following keywords are unknown and will be ignored: [$id, examples]
    level: &quot;warning&quot;
    schema: {&quot;loadingURI&quot;:&quot;file:/Users/anuradharaman/eclipse-workspace/Anu/KFAPITestAutomation/target/test-classes/getProcessItemDetails.json#&quot;,&quot;pointer&quot;:&quot;/properties/Untitled_Field_13/properties/_created_by&quot;}
    domain: &quot;syntax&quot;
    ignored: [&quot;$id&quot;,&quot;examples&quot;]
warning: the following keywords are unknown and will be ignored: [$id, examples]
    level: &quot;warning&quot;
    schema: {&quot;loadingURI&quot;:&quot;file:/Users/anuradharaman/eclipse-workspace/Anu/KFAPITestAutomation/target/test-classes/getProcessItemDetails.json#&quot;,&quot;pointer&quot;:&quot;/properties/Untitled_Field_13/properties/_created_by/properties/Name&quot;}
    domain: &quot;syntax&quot;
    ignored: [&quot;$id&quot;,&quot;examples&quot;]
warning: the following keywords are unknown and will be ignored: [$id, examples]
    level: &quot;warning&quot;
    schema: {&quot;loadingURI&quot;:&quot;file:/Users/anuradharaman/eclipse-workspace/Anu/KFAPITestAutomation/target/test-classes/getProcessItemDetails.json#&quot;,&quot;pointer&quot;:&quot;/properties/Untitled_Field_13/properties/_created_by/properties/_id&quot;}
    domain: &quot;syntax&quot;
    ignored: [&quot;$id&quot;,&quot;examples&quot;]
warning: the following keywords are unknown and will be ignored: [$id, examples]
    level: &quot;warning&quot;
    schema: {&quot;loadingURI&quot;:&quot;file:/Users/anuradharaman/eclipse-workspace/Anu/KFAPITestAutomation/target/test-classes/getProcessItemDetails.json#&quot;,&quot;pointer&quot;:&quot;/properties/Untitled_Field_13/properties/_id&quot;}
    domain: &quot;syntax&quot;
    ignored: [&quot;$id&quot;,&quot;examples&quot;]
warning: the following keywords are unknown and will be ignored: [$id, examples]
    level: &quot;warning&quot;
    schema: {&quot;loadingURI&quot;:&quot;file:/Users/anuradharaman/eclipse-workspace/Anu/KFAPITestAutomation/target/test-classes/getProcessItemDetails.json#&quot;,&quot;pointer&quot;:&quot;/properties/Untitled_Field_14&quot;}
    domain: &quot;syntax&quot;
    ignored: [&quot;$id&quot;,&quot;examples&quot;]
warning: the following keywords are unknown and will be ignored: [$id, examples]
    level: &quot;warning&quot;
    schema: {&quot;loadingURI&quot;:&quot;file:/Users/anuradharaman/eclipse-workspace/Anu/KFAPITestAutomation/target/test-classes/getProcessItemDetails.json#&quot;,&quot;pointer&quot;:&quot;/properties/Untitled_Field_2&quot;}
    domain: &quot;syntax&quot;
    ignored: [&quot;$id&quot;,&quot;examples&quot;]
warning: the following keywords are unknown and will be ignored: [$id, examples]
    level: &quot;warning&quot;
    schema: {&quot;loadingURI&quot;:&quot;file:/Users/anuradharaman/eclipse-workspace/Anu/KFAPITestAutomation/target/test-classes/getProcessItemDetails.json#&quot;,&quot;pointer&quot;:&quot;/properties/Untitled_Field_3&quot;}
    domain: &quot;syntax&quot;
    ignored: [&quot;$id&quot;,&quot;examples&quot;]
warning: the following keywords are unknown and will be ignored: [$id, examples]
    level: &quot;warning&quot;
    schema: {&quot;loadingURI&quot;:&quot;file:/Users/anuradharaman/eclipse-workspace/Anu/KFAPITestAutomation/target/test-classes/getProcessItemDetails.json#&quot;,&quot;pointer&quot;:&quot;/properties/Untitled_Field_4&quot;}
    domain: &quot;syntax&quot;
    ignored: [&quot;$id&quot;,&quot;examples&quot;]
warning: the following keywords are unknown and will be ignored: [$id, examples]
    level: &quot;warning&quot;
    schema: {&quot;loadingURI&quot;:&quot;file:/Users/anuradharaman/eclipse-workspace/Anu/KFAPITestAutomation/target/test-classes/getProcessItemDetails.json#&quot;,&quot;pointer&quot;:&quot;/properties/Untitled_Field_5&quot;}
    domain: &quot;syntax&quot;
    ignored: [&quot;$id&quot;,&quot;examples&quot;]
warning: the following keywords are unknown and will be ignored: [$id, examples]
    level: &quot;warning&quot;
    schema: {&quot;loadingURI&quot;:&quot;file:/Users/anuradharaman/eclipse-workspace/Anu/KFAPITestAutomation/target/test-classes/getProcessItemDetails.json#&quot;,&quot;pointer&quot;:&quot;/properties/Untitled_Field_6&quot;}
    domain: &quot;syntax&quot;
    ignored: [&quot;$id&quot;,&quot;examples&quot;]
warning: the following keywords are unknown and will be ignored: [$id, examples]
    level: &quot;warning&quot;
    schema: {&quot;loadingURI&quot;:&quot;file:/Users/anuradharaman/eclipse-workspace/Anu/KFAPITestAutomation/target/test-classes/getProcessItemDetails.json#&quot;,&quot;pointer&quot;:&quot;/properties/Untitled_Field_7&quot;}
    domain: &quot;syntax&quot;
    ignored: [&quot;$id&quot;,&quot;examples&quot;]
warning: the following keywords are unknown and will be ignored: [$id]
    level: &quot;warning&quot;
    schema: {&quot;loadingURI&quot;:&quot;file:/Users/anuradharaman/eclipse-workspace/Anu/KFAPITestAutomation/target/test-classes/getProcessItemDetails.json#&quot;,&quot;pointer&quot;:&quot;/properties/Untitled_Field_8&quot;}
    domain: &quot;syntax&quot;
    ignored: [&quot;$id&quot;]
warning: the following keywords are unknown and will be ignored: [$id, examples]
    level: &quot;warning&quot;
    schema: {&quot;loadingURI&quot;:&quot;file:/Users/anuradharaman/eclipse-workspace/Anu/KFAPITestAutomation/target/test-classes/getProcessItemDetails.json#&quot;,&quot;pointer&quot;:&quot;/properties/Untitled_Field_8/items&quot;}
    domain: &quot;syntax&quot;
    ignored: [&quot;$id&quot;,&quot;examples&quot;]
warning: the following keywords are unknown and will be ignored: [$id, examples]
    level: &quot;warning&quot;
    schema: {&quot;loadingURI&quot;:&quot;file:/Users/anuradharaman/eclipse-workspace/Anu/KFAPITestAutomation/target/test-classes/getProcessItemDetails.json#&quot;,&quot;pointer&quot;:&quot;/properties/Untitled_Field_9&quot;}
    domain: &quot;syntax&quot;
    ignored: [&quot;$id&quot;,&quot;examples&quot;]
warning: the following keywords are unknown and will be ignored: [$id, examples]
    level: &quot;warning&quot;
    schema: {&quot;loadingURI&quot;:&quot;file:/Users/anuradharaman/eclipse-workspace/Anu/KFAPITestAutomation/target/test-classes/getProcessItemDetails.json#&quot;,&quot;pointer&quot;:&quot;/properties/_completed_at&quot;}
    domain: &quot;syntax&quot;
    ignored: [&quot;$id&quot;,&quot;examples&quot;]
warning: the following keywords are unknown and will be ignored: [$id, examples]
    level: &quot;warning&quot;
    schema: {&quot;loadingURI&quot;:&quot;file:/Users/anuradharaman/eclipse-workspace/Anu/KFAPITestAutomation/target/test-classes/getProcessItemDetails.json#&quot;,&quot;pointer&quot;:&quot;/properties/_counter&quot;}
    domain: &quot;syntax&quot;
    ignored: [&quot;$id&quot;,&quot;examples&quot;]
warning: the following keywords are unknown and will be ignored: [$id, examples]
    level: &quot;warning&quot;
    schema: {&quot;loadingURI&quot;:&quot;file:/Users/anuradharaman/eclipse-workspace/Anu/KFAPITestAutomation/target/test-classes/getProcessItemDetails.json#&quot;,&quot;pointer&quot;:&quot;/properties/_created_at&quot;}
    domain: &quot;syntax&quot;
    ignored: [&quot;$id&quot;,&quot;examples&quot;]
warning: the following keywords are unknown and will be ignored: [$id, examples]
    level: &quot;warning&quot;
    schema: {&quot;loadingURI&quot;:&quot;file:/Users/anuradharaman/eclipse-workspace/Anu/KFAPITestAutomation/target/test-classes/getProcessItemDetails.json#&quot;,&quot;pointer&quot;:&quot;/properties/_created_by&quot;}
    domain: &quot;syntax&quot;
    ignored: [&quot;$id&quot;,&quot;examples&quot;]
warning: the following keywords are unknown and will be ignored: [$id, examples]
    level: &quot;warning&quot;
    schema: {&quot;loadingURI&quot;:&quot;file:/Users/anuradharaman/eclipse-workspace/Anu/KFAPITestAutomation/target/test-classes/getProcessItemDetails.json#&quot;,&quot;pointer&quot;:&quot;/properties/_created_by/properties/Name&quot;}
    domain: &quot;syntax&quot;
    ignored: [&quot;$id&quot;,&quot;examples&quot;]
warning: the following keywords are unknown and will be ignored: [$id, examples]
    level: &quot;warning&quot;
    schema: {&quot;loadingURI&quot;:&quot;file:/Users/anuradharaman/eclipse-workspace/Anu/KFAPITestAutomation/target/test-classes/getProcessItemDetails.json#&quot;,&quot;pointer&quot;:&quot;/properties/_created_by/properties/_id&quot;}
    domain: &quot;syntax&quot;
    ignored: [&quot;$id&quot;,&quot;examples&quot;]
warning: the following keywords are unknown and will be ignored: [$id]
    level: &quot;warning&quot;
    schema: {&quot;loadingURI&quot;:&quot;file:/Users/anuradharaman/eclipse-workspace/Anu/KFAPITestAutomation/target/test-classes/getProcessItemDetails.json#&quot;,&quot;pointer&quot;:&quot;/properties/_current_assigned_to&quot;}
    domain: &quot;syntax&quot;
    ignored: [&quot;$id&quot;]
warning: the following keywords are unknown and will be ignored: [$id, examples]
    level: &quot;warning&quot;
    schema: {&quot;loadingURI&quot;:&quot;file:/Users/anuradharaman/eclipse-workspace/Anu/KFAPITestAutomation/target/test-classes/getProcessItemDetails.json#&quot;,&quot;pointer&quot;:&quot;/properties/_current_assigned_to/items&quot;}
    domain: &quot;syntax&quot;
    ignored: [&quot;$id&quot;,&quot;examples&quot;]
warning: the following keywords are unknown and will be ignored: [$id, examples]
    level: &quot;warning&quot;
    schema: {&quot;loadingURI&quot;:&quot;file:/Users/anuradharaman/eclipse-workspace/Anu/KFAPITestAutomation/target/test-classes/getProcessItemDetails.json#&quot;,&quot;pointer&quot;:&quot;/properties/_current_assigned_to/items/properties/Kind&quot;}
    domain: &quot;syntax&quot;
    ignored: [&quot;$id&quot;,&quot;examples&quot;]
warning: the following keywords are unknown and will be ignored: [$id, examples]
    level: &quot;warning&quot;
    schema: {&quot;loadingURI&quot;:&quot;file:/Users/anuradharaman/eclipse-workspace/Anu/KFAPITestAutomation/target/test-classes/getProcessItemDetails.json#&quot;,&quot;pointer&quot;:&quot;/properties/_current_assigned_to/items/properties/Name&quot;}
    domain: &quot;syntax&quot;
    ignored: [&quot;$id&quot;,&quot;examples&quot;]
warning: the following keywords are unknown and will be ignored: [$id, examples]
    level: &quot;warning&quot;
    schema: {&quot;loadingURI&quot;:&quot;file:/Users/anuradharaman/eclipse-workspace/Anu/KFAPITestAutomation/target/test-classes/getProcessItemDetails.json#&quot;,&quot;pointer&quot;:&quot;/properties/_current_assigned_to/items/properties/_id&quot;}
    domain: &quot;syntax&quot;
    ignored: [&quot;$id&quot;,&quot;examples&quot;]
warning: the following keywords are unknown and will be ignored: [$id, examples]
    level: &quot;warning&quot;
    schema: {&quot;loadingURI&quot;:&quot;file:/Users/anuradharaman/eclipse-workspace/Anu/KFAPITestAutomation/target/test-classes/getProcessItemDetails.json#&quot;,&quot;pointer&quot;:&quot;/properties/_current_step&quot;}
    domain: &quot;syntax&quot;
    ignored: [&quot;$id&quot;,&quot;examples&quot;]
warning: the following keywords are unknown and will be ignored: [$id, examples]
    level: &quot;warning&quot;
    schema: {&quot;loadingURI&quot;:&quot;file:/Users/anuradharaman/eclipse-workspace/Anu/KFAPITestAutomation/target/test-classes/getProcessItemDetails.json#&quot;,&quot;pointer&quot;:&quot;/properties/_flow_name&quot;}
    domain: &quot;syntax&quot;
    ignored: [&quot;$id&quot;,&quot;examples&quot;]
warning: the following keywords are unknown and will be ignored: [$id, examples]
    level: &quot;warning&quot;
    schema: {&quot;loadingURI&quot;:&quot;file:/Users/anuradharaman/eclipse-workspace/Anu/KFAPITestAutomation/target/test-classes/getProcessItemDetails.json#&quot;,&quot;pointer&quot;:&quot;/properties/_id&quot;}
    domain: &quot;syntax&quot;
    ignored: [&quot;$id&quot;,&quot;examples&quot;]
warning: the following keywords are unknown and will be ignored: [$id, examples]
    level: &quot;warning&quot;
    schema: {&quot;loadingURI&quot;:&quot;file:/Users/anuradharaman/eclipse-workspace/Anu/KFAPITestAutomation/target/test-classes/getProcessItemDetails.json#&quot;,&quot;pointer&quot;:&quot;/properties/_is_deleted&quot;}
    domain: &quot;syntax&quot;
    ignored: [&quot;$id&quot;,&quot;examples&quot;]
warning: the following keywords are unknown and will be ignored: [$id, examples]
    level: &quot;warning&quot;
    schema: {&quot;loadingURI&quot;:&quot;file:/Users/anuradharaman/eclipse-workspace/Anu/KFAPITestAutomation/target/test-classes/getProcessItemDetails.json#&quot;,&quot;pointer&quot;:&quot;/properties/_last_completed_step&quot;}
    domain: &quot;syntax&quot;
    ignored: [&quot;$id&quot;,&quot;examples&quot;]
warning: the following keywords are unknown and will be ignored: [$id, examples]
    level: &quot;warning&quot;
    schema: {&quot;loadingURI&quot;:&quot;file:/Users/anuradharaman/eclipse-workspace/Anu/KFAPITestAutomation/target/test-classes/getProcessItemDetails.json#&quot;,&quot;pointer&quot;:&quot;/properties/_modified_at&quot;}
    domain: &quot;syntax&quot;
    ignored: [&quot;$id&quot;,&quot;examples&quot;]
warning: the following keywords are unknown and will be ignored: [$id, examples]
    level: &quot;warning&quot;
    schema: {&quot;loadingURI&quot;:&quot;file:/Users/anuradharaman/eclipse-workspace/Anu/KFAPITestAutomation/target/test-classes/getProcessItemDetails.json#&quot;,&quot;pointer&quot;:&quot;/properties/_modified_by&quot;}
    domain: &quot;syntax&quot;
    ignored: [&quot;$id&quot;,&quot;examples&quot;]
warning: the following keywords are unknown and will be ignored: [$id, examples]
    level: &quot;warning&quot;
    schema: {&quot;loadingURI&quot;:&quot;file:/Users/anuradharaman/eclipse-workspace/Anu/KFAPITestAutomation/target/test-classes/getProcessItemDetails.json#&quot;,&quot;pointer&quot;:&quot;/properties/_modified_by/properties/Name&quot;}
    domain: &quot;syntax&quot;
    ignored: [&quot;$id&quot;,&quot;examples&quot;]
warning: the following keywords are unknown and will be ignored: [$id, examples]
    level: &quot;warning&quot;
    schema: {&quot;loadingURI&quot;:&quot;file:/Users/anuradharaman/eclipse-workspace/Anu/KFAPITestAutomation/target/test-classes/getProcessItemDetails.json#&quot;,&quot;pointer&quot;:&quot;/properties/_modified_by/properties/_id&quot;}
    domain: &quot;syntax&quot;
    ignored: [&quot;$id&quot;,&quot;examples&quot;]
warning: the following keywords are unknown and will be ignored: [$id, examples]
    level: &quot;warning&quot;
    schema: {&quot;loadingURI&quot;:&quot;file:/Users/anuradharaman/eclipse-workspace/Anu/KFAPITestAutomation/target/test-classes/getProcessItemDetails.json#&quot;,&quot;pointer&quot;:&quot;/properties/_progress&quot;}
    domain: &quot;syntax&quot;
    ignored: [&quot;$id&quot;,&quot;examples&quot;]
warning: the following keywords are unknown and will be ignored: [$id, examples]
    level: &quot;warning&quot;
    schema: {&quot;loadingURI&quot;:&quot;file:/Users/anuradharaman/eclipse-workspace/Anu/KFAPITestAutomation/target/test-classes/getProcessItemDetails.json#&quot;,&quot;pointer&quot;:&quot;/properties/_request_number&quot;}
    domain: &quot;syntax&quot;
    ignored: [&quot;$id&quot;,&quot;examples&quot;]
warning: the following keywords are unknown and will be ignored: [$id, examples]
    level: &quot;warning&quot;
    schema: {&quot;loadingURI&quot;:&quot;file:/Users/anuradharaman/eclipse-workspace/Anu/KFAPITestAutomation/target/test-classes/getProcessItemDetails.json#&quot;,&quot;pointer&quot;:&quot;/properties/_restart_info&quot;}
    domain: &quot;syntax&quot;
    ignored: [&quot;$id&quot;,&quot;examples&quot;]
warning: the following keywords are unknown and will be ignored: [$id, examples]
    level: &quot;warning&quot;
    schema: {&quot;loadingURI&quot;:&quot;file:/Users/anuradharaman/eclipse-workspace/Anu/KFAPITestAutomation/target/test-classes/getProcessItemDetails.json#&quot;,&quot;pointer&quot;:&quot;/properties/_root_process_instance&quot;}
    domain: &quot;syntax&quot;
    ignored: [&quot;$id&quot;,&quot;examples&quot;]
warning: the following keywords are unknown and will be ignored: [$id, examples]
    level: &quot;warning&quot;
    schema: {&quot;loadingURI&quot;:&quot;file:/Users/anuradharaman/eclipse-workspace/Anu/KFAPITestAutomation/target/test-classes/getProcessItemDetails.json#&quot;,&quot;pointer&quot;:&quot;/properties/_stage&quot;}
    domain: &quot;syntax&quot;
    ignored: [&quot;$id&quot;,&quot;examples&quot;]
warning: the following keywords are unknown and will be ignored: [$id, examples]
    level: &quot;warning&quot;
    schema: {&quot;loadingURI&quot;:&quot;file:/Users/anuradharaman/eclipse-workspace/Anu/KFAPITestAutomation/target/test-classes/getProcessItemDetails.json#&quot;,&quot;pointer&quot;:&quot;/properties/_status&quot;}
    domain: &quot;syntax&quot;
    ignored: [&quot;$id&quot;,&quot;examples&quot;]
warning: the following keywords are unknown and will be ignored: [$id, examples]
    level: &quot;warning&quot;
    schema: {&quot;loadingURI&quot;:&quot;file:/Users/anuradharaman/eclipse-workspace/Anu/KFAPITestAutomation/target/test-classes/getProcessItemDetails.json#&quot;,&quot;pointer&quot;:&quot;/properties/_submitted_at&quot;}
    domain: &quot;syntax&quot;
    ignored: [&quot;$id&quot;,&quot;examples&quot;]
error: object has missing required properties ([&quot;Table::Model_iTu0Ku4DO&quot;,&quot;Untitled_Field_14&quot;])
    level: &quot;error&quot;
    schema: {&quot;loadingURI&quot;:&quot;file:/Users/anuradharaman/eclipse-workspace/Anu/KFAPITestAutomation/target/test-classes/getProcessItemDetails.json#&quot;,&quot;pointer&quot;:&quot;&quot;}
    instance: {&quot;pointer&quot;:&quot;&quot;}
    domain: &quot;validation&quot;
    keyword: &quot;required&quot;
    required: [&quot;Name&quot;,&quot;Table::Model_iTu0Ku4DO&quot;,&quot;ThisIsAttach&quot;,&quot;ThisIsImage&quot;,&quot;ThisIsTextArea&quot;,&quot;Untitled_Field&quot;,&quot;Untitled_Field_1&quot;,&quot;Untitled_Field_10&quot;,&quot;Untitled_Field_11&quot;,&quot;Untitled_Field_12&quot;,&quot;Untitled_Field_13&quot;,&quot;Untitled_Field_14&quot;,&quot;Untitled_Field_2&quot;,&quot;Untitled_Field_3&quot;,&quot;Untitled_Field_4&quot;,&quot;Untitled_Field_5&quot;,&quot;Untitled_Field_6&quot;,&quot;Untitled_Field_7&quot;,&quot;Untitled_Field_8&quot;,&quot;Untitled_Field_9&quot;,&quot;_completed_at&quot;,&quot;_counter&quot;,&quot;_created_at&quot;,&quot;_created_by&quot;,&quot;_current_assigned_to&quot;,&quot;_current_step&quot;,&quot;_flow_name&quot;,&quot;_id&quot;,&quot;_is_deleted&quot;,&quot;_last_completed_step&quot;,&quot;_modified_at&quot;,&quot;_modified_by&quot;,&quot;_progress&quot;,&quot;_request_number&quot;,&quot;_restart_info&quot;,&quot;_root_process_instance&quot;,&quot;_stage&quot;,&quot;_status&quot;,&quot;_submitted_at&quot;]
    missing: [&quot;Table::Model_iTu0Ku4DO&quot;,&quot;Untitled_Field_14&quot;]

  Actual: {&quot;_id&quot;: &quot;Pk2SjNqp2taN&quot;, &quot;Name&quot;: &quot;Request for SmokeProcess&quot;, &quot;_created_by&quot;: {&quot;_id&quot;: &quot;UsoeANVSzy2F&quot;, &quot;Name&quot;: &quot;KF QA&quot;}, &quot;_modified_by&quot;: {&quot;_id&quot;: &quot;UsoeANVSzy2F&quot;, &quot;Name&quot;: &quot;KF QA&quot;}, &quot;_created_at&quot;: &quot;2020-04-06T06:33:04Z&quot;, &quot;_modified_at&quot;: &quot;2020-04-06T06:33:28Z&quot;, &quot;_is_deleted&quot;: null, &quot;_flow_name&quot;: &quot;SmokeProcess&quot;, &quot;_current_step&quot;: &quot;Approval1&quot;, &quot;_current_assigned_to&quot;: [{&quot;_id&quot;: &quot;UszVYqHGQGRs&quot;, &quot;Name&quot;: &quot;QAOutlook User&quot;, &quot;Kind&quot;: &quot;User&quot;}, {&quot;_id&quot;: &quot;UsxpYqHRxe19&quot;, &quot;Name&quot;: &quot;QAYahoo UserAdmin&quot;, &quot;Kind&quot;: &quot;User&quot;}], &quot;_completed_at&quot;: null, &quot;_status&quot;: &quot;InProgress&quot;, &quot;_stage&quot;: 1, &quot;_restart_info&quot;: null, &quot;_root_process_instance&quot;: &quot;PkXZjNqplclJ&quot;, &quot;_submitted_at&quot;: &quot;2020-04-06T06:33:28Z&quot;, &quot;_request_number&quot;: 1, &quot;_counter&quot;: 1, &quot;_last_completed_step&quot;: &quot;PkXljNqpl6Fc&quot;, &quot;_progress&quot;: 0.0, &quot;Untitled_Field_1&quot;: &quot;This is default content&quot;, &quot;ThisIsTextArea&quot;: &quot;This run is for process smoke testing\n&quot;, &quot;Untitled_Field&quot;: 103, &quot;Untitled_Field_2&quot;: &quot;1000 USD&quot;, &quot;Untitled_Field_3&quot;: &quot;2020-04-02&quot;, &quot;Untitled_Field_4&quot;: &quot;2020-04-03T00:00:00+05:30 Asia/Calcutta&quot;, &quot;Untitled_Field_5&quot;: true, &quot;ThisIsImage&quot;: {&quot;uploaded&quot;: 100, &quot;name&quot;: &quot;SampleImage.png&quot;, &quot;id&quot;: &quot;Attach-l3Dn5eclRM&quot;, &quot;key&quot;: &quot;AcZAAN7lsPYw/SmokeProcess_157/Pk2SjNqp2taN/Attach-l3Dn5eclRM/SampleImage.png&quot;, &quot;size&quot;: 92147, &quot;fileExtension&quot;: &quot;png&quot;, &quot;photos&quot;: [{&quot;fileExtension&quot;: &quot;png&quot;, &quot;height&quot;: 628, &quot;key&quot;: &quot;AcZAAN7lsPYw/SmokeProcess_157/Pk2SjNqp2taN/Attach-l3Dn5eclRM/SampleImage.png&quot;, &quot;name&quot;: &quot;SampleImage.png&quot;, &quot;size&quot;: 2612480, &quot;width&quot;: 1040}, {&quot;fileExtension&quot;: &quot;png&quot;, &quot;height&quot;: 628, &quot;key&quot;: &quot;AcZAAN7lsPYw/SmokeProcess_157/Pk2SjNqp2taN/Attach-l3Dn5eclRM/photos/1200x800.png&quot;, &quot;name&quot;: &quot;1200x800.png&quot;, &quot;size&quot;: 80864, &quot;width&quot;: 1040}, {&quot;fileExtension&quot;: &quot;png&quot;, &quot;height&quot;: 181, &quot;key&quot;: &quot;AcZAAN7lsPYw/SmokeProcess_157/Pk2SjNqp2taN/Attach-l3Dn5eclRM/photos/300x300.png&quot;, &quot;name&quot;: &quot;300x300.png&quot;, &quot;size&quot;: 31025, &quot;width&quot;: 300}]}, &quot;Untitled_Field_6&quot;: 3, &quot;Untitled_Field_7&quot;: &quot;One&quot;, &quot;Untitled_Field_8&quot;: [&quot;Two&quot;], &quot;Untitled_Field_9&quot;: {&quot;_id&quot;: &quot;UszVYqHGQGRs&quot;, &quot;Name&quot;: &quot;QAOutlook User&quot;}, &quot;Untitled_Field_10&quot;: [{&quot;value&quot;: &quot;One&quot;, &quot;selected&quot;: false}, {&quot;value&quot;: &quot;Two&quot;, &quot;selected&quot;: false}, {&quot;value&quot;: &quot;Three&quot;, &quot;selected&quot;: true}, {&quot;value&quot;: &quot;Four&quot;, &quot;selected&quot;: false}, {&quot;value&quot;: &quot;Five&quot;, &quot;selected&quot;: false}], &quot;ThisIsAttach&quot;: [{&quot;uploaded&quot;: 100, &quot;name&quot;: &quot;SampleTextFile.rtf&quot;, &quot;id&quot;: &quot;Attach-jZXn5ecodm&quot;, &quot;key&quot;: &quot;AcZAAN7lsPYw/SmokeProcess_157/Pk2SjNqp2taN/Attach-jZXn5ecodm/SampleTextFile.rtf&quot;, &quot;size&quot;: 490, &quot;fileExtension&quot;: &quot;rtf&quot;}], &quot;Untitled_Field_11&quot;: {&quot;key&quot;: &quot;AcZAAN7lsPYw/SmokeProcess_157/Pk2SjNqp2taN/Untitled_Field_11.png&quot;, &quot;name&quot;: &quot;Untitled_Field_11&quot;}, &quot;Untitled_Field_12&quot;: {&quot;_created_by&quot;: {&quot;_id&quot;: &quot;UsoeANVSzy2F&quot;, &quot;Name&quot;: &quot;KF QA&quot;}, &quot;_id&quot;: &quot;PkS_ocOvjg4o&quot;, &quot;Name&quot;: &quot;Request for EndtoEnd&quot;}, &quot;Untitled_Field_13&quot;: &quot;2&quot;, &quot;Table::Model_10cZIDV7nF&quot;: [{&quot;_id&quot;: &quot;Model_10cZIDV7nF_V8s8qHt5Z&quot;, &quot;Name&quot;: null, &quot;_created_by&quot;: {&quot;_id&quot;: &quot;UsoeANVSzy2F&quot;, &quot;Name&quot;: &quot;KF QA&quot;}, &quot;_modified_by&quot;: {&quot;_id&quot;: &quot;UsoeANVSzy2F&quot;, &quot;Name&quot;: &quot;KF QA&quot;}, &quot;_created_at&quot;: &quot;2020-04-06T06:33:26Z&quot;, &quot;_modified_at&quot;: &quot;2020-04-06T06:33:26Z&quot;, &quot;_flow_name&quot;: null, &quot;Untitled_Field_14&quot;: null, &quot;ThisIsAttach_1&quot;: null, &quot;ThisIsImage_1&quot;: null}]}
" type="java.lang.AssertionError">
      <![CDATA[java.lang.AssertionError: 1 expectation failed.
Response body doesn't match expectation.
Expected: The content to match the given JSON schema.
warning: the following keywords are unknown and will be ignored: [$id]
    level: "warning"
    schema: {"loadingURI":"file:/Users/anuradharaman/eclipse-workspace/Anu/KFAPITestAutomation/target/test-classes/getProcessItemDetails.json#","pointer":""}
    domain: "syntax"
    ignored: ["$id"]
warning: the following keywords are unknown and will be ignored: [$id, examples]
    level: "warning"
    schema: {"loadingURI":"file:/Users/anuradharaman/eclipse-workspace/Anu/KFAPITestAutomation/target/test-classes/getProcessItemDetails.json#","pointer":"/properties/Name"}
    domain: "syntax"
    ignored: ["$id","examples"]
warning: the following keywords are unknown and will be ignored: [$id]
    level: "warning"
    schema: {"loadingURI":"file:/Users/anuradharaman/eclipse-workspace/Anu/KFAPITestAutomation/target/test-classes/getProcessItemDetails.json#","pointer":"/properties/Table::Model_iTu0Ku4DO"}
    domain: "syntax"
    ignored: ["$id"]
warning: the following keywords are unknown and will be ignored: [$id, examples]
    level: "warning"
    schema: {"loadingURI":"file:/Users/anuradharaman/eclipse-workspace/Anu/KFAPITestAutomation/target/test-classes/getProcessItemDetails.json#","pointer":"/properties/Table::Model_iTu0Ku4DO/items"}
    domain: "syntax"
    ignored: ["$id","examples"]
warning: the following keywords are unknown and will be ignored: [$id, examples]
    level: "warning"
    schema: {"loadingURI":"file:/Users/anuradharaman/eclipse-workspace/Anu/KFAPITestAutomation/target/test-classes/getProcessItemDetails.json#","pointer":"/properties/Table::Model_iTu0Ku4DO/items/properties/Name"}
    domain: "syntax"
    ignored: ["$id","examples"]
warning: the following keywords are unknown and will be ignored: [$id, examples]
    level: "warning"
    schema: {"loadingURI":"file:/Users/anuradharaman/eclipse-workspace/Anu/KFAPITestAutomation/target/test-classes/getProcessItemDetails.json#","pointer":"/properties/Table::Model_iTu0Ku4DO/items/properties/ThisIsAttach_1"}
    domain: "syntax"
    ignored: ["$id","examples"]
warning: the following keywords are unknown and will be ignored: [$id, examples]
    level: "warning"
    schema: {"loadingURI":"file:/Users/anuradharaman/eclipse-workspace/Anu/KFAPITestAutomation/target/test-classes/getProcessItemDetails.json#","pointer":"/properties/Table::Model_iTu0Ku4DO/items/properties/ThisIsImage_1"}
    domain: "syntax"
    ignored: ["$id","examples"]
warning: the following keywords are unknown and will be ignored: [$id, examples]
    level: "warning"
    schema: {"loadingURI":"file:/Users/anuradharaman/eclipse-workspace/Anu/KFAPITestAutomation/target/test-classes/getProcessItemDetails.json#","pointer":"/properties/Table::Model_iTu0Ku4DO/items/properties/Untitled_Field_15"}
    domain: "syntax"
    ignored: ["$id","examples"]
warning: the following keywords are unknown and will be ignored: [$id, examples]
    level: "warning"
    schema: {"loadingURI":"file:/Users/anuradharaman/eclipse-workspace/Anu/KFAPITestAutomation/target/test-classes/getProcessItemDetails.json#","pointer":"/properties/Table::Model_iTu0Ku4DO/items/properties/_created_at"}
    domain: "syntax"
    ignored: ["$id","examples"]
warning: the following keywords are unknown and will be ignored: [$id, examples]
    level: "warning"
    schema: {"loadingURI":"file:/Users/anuradharaman/eclipse-workspace/Anu/KFAPITestAutomation/target/test-classes/getProcessItemDetails.json#","pointer":"/properties/Table::Model_iTu0Ku4DO/items/properties/_created_by"}
    domain: "syntax"
    ignored: ["$id","examples"]
warning: the following keywords are unknown and will be ignored: [$id, examples]
    level: "warning"
    schema: {"loadingURI":"file:/Users/anuradharaman/eclipse-workspace/Anu/KFAPITestAutomation/target/test-classes/getProcessItemDetails.json#","pointer":"/properties/Table::Model_iTu0Ku4DO/items/properties/_created_by/properties/Name"}
    domain: "syntax"
    ignored: ["$id","examples"]
warning: the following keywords are unknown and will be ignored: [$id, examples]
    level: "warning"
    schema: {"loadingURI":"file:/Users/anuradharaman/eclipse-workspace/Anu/KFAPITestAutomation/target/test-classes/getProcessItemDetails.json#","pointer":"/properties/Table::Model_iTu0Ku4DO/items/properties/_created_by/properties/_id"}
    domain: "syntax"
    ignored: ["$id","examples"]
warning: the following keywords are unknown and will be ignored: [$id, examples]
    level: "warning"
    schema: {"loadingURI":"file:/Users/anuradharaman/eclipse-workspace/Anu/KFAPITestAutomation/target/test-classes/getProcessItemDetails.json#","pointer":"/properties/Table::Model_iTu0Ku4DO/items/properties/_flow_name"}
    domain: "syntax"
    ignored: ["$id","examples"]
warning: the following keywords are unknown and will be ignored: [$id, examples]
    level: "warning"
    schema: {"loadingURI":"file:/Users/anuradharaman/eclipse-workspace/Anu/KFAPITestAutomation/target/test-classes/getProcessItemDetails.json#","pointer":"/properties/Table::Model_iTu0Ku4DO/items/properties/_id"}
    domain: "syntax"
    ignored: ["$id","examples"]
warning: the following keywords are unknown and will be ignored: [$id, examples]
    level: "warning"
    schema: {"loadingURI":"file:/Users/anuradharaman/eclipse-workspace/Anu/KFAPITestAutomation/target/test-classes/getProcessItemDetails.json#","pointer":"/properties/Table::Model_iTu0Ku4DO/items/properties/_modified_at"}
    domain: "syntax"
    ignored: ["$id","examples"]
warning: the following keywords are unknown and will be ignored: [$id, examples]
    level: "warning"
    schema: {"loadingURI":"file:/Users/anuradharaman/eclipse-workspace/Anu/KFAPITestAutomation/target/test-classes/getProcessItemDetails.json#","pointer":"/properties/Table::Model_iTu0Ku4DO/items/properties/_modified_by"}
    domain: "syntax"
    ignored: ["$id","examples"]
warning: the following keywords are unknown and will be ignored: [$id, examples]
    level: "warning"
    schema: {"loadingURI":"file:/Users/anuradharaman/eclipse-workspace/Anu/KFAPITestAutomation/target/test-classes/getProcessItemDetails.json#","pointer":"/properties/Table::Model_iTu0Ku4DO/items/properties/_modified_by/properties/Name"}
    domain: "syntax"
    ignored: ["$id","examples"]
warning: the following keywords are unknown and will be ignored: [$id, examples]
    level: "warning"
    schema: {"loadingURI":"file:/Users/anuradharaman/eclipse-workspace/Anu/KFAPITestAutomation/target/test-classes/getProcessItemDetails.json#","pointer":"/properties/Table::Model_iTu0Ku4DO/items/properties/_modified_by/properties/_id"}
    domain: "syntax"
    ignored: ["$id","examples"]
warning: the following keywords are unknown and will be ignored: [$id]
    level: "warning"
    schema: {"loadingURI":"file:/Users/anuradharaman/eclipse-workspace/Anu/KFAPITestAutomation/target/test-classes/getProcessItemDetails.json#","pointer":"/properties/ThisIsAttach"}
    domain: "syntax"
    ignored: ["$id"]
warning: the following keywords are unknown and will be ignored: [$id, examples]
    level: "warning"
    schema: {"loadingURI":"file:/Users/anuradharaman/eclipse-workspace/Anu/KFAPITestAutomation/target/test-classes/getProcessItemDetails.json#","pointer":"/properties/ThisIsAttach/items"}
    domain: "syntax"
    ignored: ["$id","examples"]
warning: the following keywords are unknown and will be ignored: [$id, examples]
    level: "warning"
    schema: {"loadingURI":"file:/Users/anuradharaman/eclipse-workspace/Anu/KFAPITestAutomation/target/test-classes/getProcessItemDetails.json#","pointer":"/properties/ThisIsAttach/items/properties/fileExtension"}
    domain: "syntax"
    ignored: ["$id","examples"]
warning: the following keywords are unknown and will be ignored: [$id, examples]
    level: "warning"
    schema: {"loadingURI":"file:/Users/anuradharaman/eclipse-workspace/Anu/KFAPITestAutomation/target/test-classes/getProcessItemDetails.json#","pointer":"/properties/ThisIsAttach/items/properties/id"}
    domain: "syntax"
    ignored: ["$id","examples"]
warning: the following keywords are unknown and will be ignored: [$id, examples]
    level: "warning"
    schema: {"loadingURI":"file:/Users/anuradharaman/eclipse-workspace/Anu/KFAPITestAutomation/target/test-classes/getProcessItemDetails.json#","pointer":"/properties/ThisIsAttach/items/properties/key"}
    domain: "syntax"
    ignored: ["$id","examples"]
warning: the following keywords are unknown and will be ignored: [$id, examples]
    level: "warning"
    schema: {"loadingURI":"file:/Users/anuradharaman/eclipse-workspace/Anu/KFAPITestAutomation/target/test-classes/getProcessItemDetails.json#","pointer":"/properties/ThisIsAttach/items/properties/name"}
    domain: "syntax"
    ignored: ["$id","examples"]
warning: the following keywords are unknown and will be ignored: [$id, examples]
    level: "warning"
    schema: {"loadingURI":"file:/Users/anuradharaman/eclipse-workspace/Anu/KFAPITestAutomation/target/test-classes/getProcessItemDetails.json#","pointer":"/properties/ThisIsAttach/items/properties/size"}
    domain: "syntax"
    ignored: ["$id","examples"]
warning: the following keywords are unknown and will be ignored: [$id, examples]
    level: "warning"
    schema: {"loadingURI":"file:/Users/anuradharaman/eclipse-workspace/Anu/KFAPITestAutomation/target/test-classes/getProcessItemDetails.json#","pointer":"/properties/ThisIsAttach/items/properties/uploaded"}
    domain: "syntax"
    ignored: ["$id","examples"]
warning: the following keywords are unknown and will be ignored: [$id, examples]
    level: "warning"
    schema: {"loadingURI":"file:/Users/anuradharaman/eclipse-workspace/Anu/KFAPITestAutomation/target/test-classes/getProcessItemDetails.json#","pointer":"/properties/ThisIsImage"}
    domain: "syntax"
    ignored: ["$id","examples"]
warning: the following keywords are unknown and will be ignored: [$id, examples]
    level: "warning"
    schema: {"loadingURI":"file:/Users/anuradharaman/eclipse-workspace/Anu/KFAPITestAutomation/target/test-classes/getProcessItemDetails.json#","pointer":"/properties/ThisIsImage/properties/fileExtension"}
    domain: "syntax"
    ignored: ["$id","examples"]
warning: the following keywords are unknown and will be ignored: [$id, examples]
    level: "warning"
    schema: {"loadingURI":"file:/Users/anuradharaman/eclipse-workspace/Anu/KFAPITestAutomation/target/test-classes/getProcessItemDetails.json#","pointer":"/properties/ThisIsImage/properties/id"}
    domain: "syntax"
    ignored: ["$id","examples"]
warning: the following keywords are unknown and will be ignored: [$id, examples]
    level: "warning"
    schema: {"loadingURI":"file:/Users/anuradharaman/eclipse-workspace/Anu/KFAPITestAutomation/target/test-classes/getProcessItemDetails.json#","pointer":"/properties/ThisIsImage/properties/key"}
    domain: "syntax"
    ignored: ["$id","examples"]
warning: the following keywords are unknown and will be ignored: [$id, examples]
    level: "warning"
    schema: {"loadingURI":"file:/Users/anuradharaman/eclipse-workspace/Anu/KFAPITestAutomation/target/test-classes/getProcessItemDetails.json#","pointer":"/properties/ThisIsImage/properties/name"}
    domain: "syntax"
    ignored: ["$id","examples"]
warning: the following keywords are unknown and will be ignored: [$id]
    level: "warning"
    schema: {"loadingURI":"file:/Users/anuradharaman/eclipse-workspace/Anu/KFAPITestAutomation/target/test-classes/getProcessItemDetails.json#","pointer":"/properties/ThisIsImage/properties/photos"}
    domain: "syntax"
    ignored: ["$id"]
warning: the following keywords are unknown and will be ignored: [$id, examples]
    level: "warning"
    schema: {"loadingURI":"file:/Users/anuradharaman/eclipse-workspace/Anu/KFAPITestAutomation/target/test-classes/getProcessItemDetails.json#","pointer":"/properties/ThisIsImage/properties/photos/items"}
    domain: "syntax"
    ignored: ["$id","examples"]
warning: the following keywords are unknown and will be ignored: [$id, examples]
    level: "warning"
    schema: {"loadingURI":"file:/Users/anuradharaman/eclipse-workspace/Anu/KFAPITestAutomation/target/test-classes/getProcessItemDetails.json#","pointer":"/properties/ThisIsImage/properties/photos/items/properties/fileExtension"}
    domain: "syntax"
    ignored: ["$id","examples"]
warning: the following keywords are unknown and will be ignored: [$id, examples]
    level: "warning"
    schema: {"loadingURI":"file:/Users/anuradharaman/eclipse-workspace/Anu/KFAPITestAutomation/target/test-classes/getProcessItemDetails.json#","pointer":"/properties/ThisIsImage/properties/photos/items/properties/height"}
    domain: "syntax"
    ignored: ["$id","examples"]
warning: the following keywords are unknown and will be ignored: [$id, examples]
    level: "warning"
    schema: {"loadingURI":"file:/Users/anuradharaman/eclipse-workspace/Anu/KFAPITestAutomation/target/test-classes/getProcessItemDetails.json#","pointer":"/properties/ThisIsImage/properties/photos/items/properties/key"}
    domain: "syntax"
    ignored: ["$id","examples"]
warning: the following keywords are unknown and will be ignored: [$id, examples]
    level: "warning"
    schema: {"loadingURI":"file:/Users/anuradharaman/eclipse-workspace/Anu/KFAPITestAutomation/target/test-classes/getProcessItemDetails.json#","pointer":"/properties/ThisIsImage/properties/photos/items/properties/name"}
    domain: "syntax"
    ignored: ["$id","examples"]
warning: the following keywords are unknown and will be ignored: [$id, examples]
    level: "warning"
    schema: {"loadingURI":"file:/Users/anuradharaman/eclipse-workspace/Anu/KFAPITestAutomation/target/test-classes/getProcessItemDetails.json#","pointer":"/properties/ThisIsImage/properties/photos/items/properties/size"}
    domain: "syntax"
    ignored: ["$id","examples"]
warning: the following keywords are unknown and will be ignored: [$id, examples]
    level: "warning"
    schema: {"loadingURI":"file:/Users/anuradharaman/eclipse-workspace/Anu/KFAPITestAutomation/target/test-classes/getProcessItemDetails.json#","pointer":"/properties/ThisIsImage/properties/photos/items/properties/width"}
    domain: "syntax"
    ignored: ["$id","examples"]
warning: the following keywords are unknown and will be ignored: [$id, examples]
    level: "warning"
    schema: {"loadingURI":"file:/Users/anuradharaman/eclipse-workspace/Anu/KFAPITestAutomation/target/test-classes/getProcessItemDetails.json#","pointer":"/properties/ThisIsImage/properties/size"}
    domain: "syntax"
    ignored: ["$id","examples"]
warning: the following keywords are unknown and will be ignored: [$id, examples]
    level: "warning"
    schema: {"loadingURI":"file:/Users/anuradharaman/eclipse-workspace/Anu/KFAPITestAutomation/target/test-classes/getProcessItemDetails.json#","pointer":"/properties/ThisIsImage/properties/uploaded"}
    domain: "syntax"
    ignored: ["$id","examples"]
warning: the following keywords are unknown and will be ignored: [$id, examples]
    level: "warning"
    schema: {"loadingURI":"file:/Users/anuradharaman/eclipse-workspace/Anu/KFAPITestAutomation/target/test-classes/getProcessItemDetails.json#","pointer":"/properties/ThisIsTextArea"}
    domain: "syntax"
    ignored: ["$id","examples"]
warning: the following keywords are unknown and will be ignored: [$id, examples]
    level: "warning"
    schema: {"loadingURI":"file:/Users/anuradharaman/eclipse-workspace/Anu/KFAPITestAutomation/target/test-classes/getProcessItemDetails.json#","pointer":"/properties/Untitled_Field"}
    domain: "syntax"
    ignored: ["$id","examples"]
warning: the following keywords are unknown and will be ignored: [$id, examples]
    level: "warning"
    schema: {"loadingURI":"file:/Users/anuradharaman/eclipse-workspace/Anu/KFAPITestAutomation/target/test-classes/getProcessItemDetails.json#","pointer":"/properties/Untitled_Field_1"}
    domain: "syntax"
    ignored: ["$id","examples"]
warning: the following keywords are unknown and will be ignored: [$id, examples]
    level: "warning"
    schema: {"loadingURI":"file:/Users/anuradharaman/eclipse-workspace/Anu/KFAPITestAutomation/target/test-classes/getProcessItemDetails.json#","pointer":"/properties/Untitled_Field_10"}
    domain: "syntax"
    ignored: ["$id","examples"]
warning: the following keywords are unknown and will be ignored: [$id, examples]
    level: "warning"
    schema: {"loadingURI":"file:/Users/anuradharaman/eclipse-workspace/Anu/KFAPITestAutomation/target/test-classes/getProcessItemDetails.json#","pointer":"/properties/Untitled_Field_10/properties/Name"}
    domain: "syntax"
    ignored: ["$id","examples"]
warning: the following keywords are unknown and will be ignored: [$id, examples]
    level: "warning"
    schema: {"loadingURI":"file:/Users/anuradharaman/eclipse-workspace/Anu/KFAPITestAutomation/target/test-classes/getProcessItemDetails.json#","pointer":"/properties/Untitled_Field_10/properties/_id"}
    domain: "syntax"
    ignored: ["$id","examples"]
warning: the following keywords are unknown and will be ignored: [$id]
    level: "warning"
    schema: {"loadingURI":"file:/Users/anuradharaman/eclipse-workspace/Anu/KFAPITestAutomation/target/test-classes/getProcessItemDetails.json#","pointer":"/properties/Untitled_Field_11"}
    domain: "syntax"
    ignored: ["$id"]
warning: the following keywords are unknown and will be ignored: [$id, examples]
    level: "warning"
    schema: {"loadingURI":"file:/Users/anuradharaman/eclipse-workspace/Anu/KFAPITestAutomation/target/test-classes/getProcessItemDetails.json#","pointer":"/properties/Untitled_Field_11/items"}
    domain: "syntax"
    ignored: ["$id","examples"]
warning: the following keywords are unknown and will be ignored: [$id, examples]
    level: "warning"
    schema: {"loadingURI":"file:/Users/anuradharaman/eclipse-workspace/Anu/KFAPITestAutomation/target/test-classes/getProcessItemDetails.json#","pointer":"/properties/Untitled_Field_11/items/properties/selected"}
    domain: "syntax"
    ignored: ["$id","examples"]
warning: the following keywords are unknown and will be ignored: [$id, examples]
    level: "warning"
    schema: {"loadingURI":"file:/Users/anuradharaman/eclipse-workspace/Anu/KFAPITestAutomation/target/test-classes/getProcessItemDetails.json#","pointer":"/properties/Untitled_Field_11/items/properties/value"}
    domain: "syntax"
    ignored: ["$id","examples"]
warning: the following keywords are unknown and will be ignored: [$id, examples]
    level: "warning"
    schema: {"loadingURI":"file:/Users/anuradharaman/eclipse-workspace/Anu/KFAPITestAutomation/target/test-classes/getProcessItemDetails.json#","pointer":"/properties/Untitled_Field_12"}
    domain: "syntax"
    ignored: ["$id","examples"]
warning: the following keywords are unknown and will be ignored: [$id, examples]
    level: "warning"
    schema: {"loadingURI":"file:/Users/anuradharaman/eclipse-workspace/Anu/KFAPITestAutomation/target/test-classes/getProcessItemDetails.json#","pointer":"/properties/Untitled_Field_12/properties/key"}
    domain: "syntax"
    ignored: ["$id","examples"]
warning: the following keywords are unknown and will be ignored: [$id, examples]
    level: "warning"
    schema: {"loadingURI":"file:/Users/anuradharaman/eclipse-workspace/Anu/KFAPITestAutomation/target/test-classes/getProcessItemDetails.json#","pointer":"/properties/Untitled_Field_12/properties/name"}
    domain: "syntax"
    ignored: ["$id","examples"]
warning: the following keywords are unknown and will be ignored: [$id, examples]
    level: "warning"
    schema: {"loadingURI":"file:/Users/anuradharaman/eclipse-workspace/Anu/KFAPITestAutomation/target/test-classes/getProcessItemDetails.json#","pointer":"/properties/Untitled_Field_13"}
    domain: "syntax"
    ignored: ["$id","examples"]
warning: the following keywords are unknown and will be ignored: [$id, examples]
    level: "warning"
    schema: {"loadingURI":"file:/Users/anuradharaman/eclipse-workspace/Anu/KFAPITestAutomation/target/test-classes/getProcessItemDetails.json#","pointer":"/properties/Untitled_Field_13/properties/Name"}
    domain: "syntax"
    ignored: ["$id","examples"]
warning: the following keywords are unknown and will be ignored: [$id, examples]
    level: "warning"
    schema: {"loadingURI":"file:/Users/anuradharaman/eclipse-workspace/Anu/KFAPITestAutomation/target/test-classes/getProcessItemDetails.json#","pointer":"/properties/Untitled_Field_13/properties/_created_by"}
    domain: "syntax"
    ignored: ["$id","examples"]
warning: the following keywords are unknown and will be ignored: [$id, examples]
    level: "warning"
    schema: {"loadingURI":"file:/Users/anuradharaman/eclipse-workspace/Anu/KFAPITestAutomation/target/test-classes/getProcessItemDetails.json#","pointer":"/properties/Untitled_Field_13/properties/_created_by/properties/Name"}
    domain: "syntax"
    ignored: ["$id","examples"]
warning: the following keywords are unknown and will be ignored: [$id, examples]
    level: "warning"
    schema: {"loadingURI":"file:/Users/anuradharaman/eclipse-workspace/Anu/KFAPITestAutomation/target/test-classes/getProcessItemDetails.json#","pointer":"/properties/Untitled_Field_13/properties/_created_by/properties/_id"}
    domain: "syntax"
    ignored: ["$id","examples"]
warning: the following keywords are unknown and will be ignored: [$id, examples]
    level: "warning"
    schema: {"loadingURI":"file:/Users/anuradharaman/eclipse-workspace/Anu/KFAPITestAutomation/target/test-classes/getProcessItemDetails.json#","pointer":"/properties/Untitled_Field_13/properties/_id"}
    domain: "syntax"
    ignored: ["$id","examples"]
warning: the following keywords are unknown and will be ignored: [$id, examples]
    level: "warning"
    schema: {"loadingURI":"file:/Users/anuradharaman/eclipse-workspace/Anu/KFAPITestAutomation/target/test-classes/getProcessItemDetails.json#","pointer":"/properties/Untitled_Field_14"}
    domain: "syntax"
    ignored: ["$id","examples"]
warning: the following keywords are unknown and will be ignored: [$id, examples]
    level: "warning"
    schema: {"loadingURI":"file:/Users/anuradharaman/eclipse-workspace/Anu/KFAPITestAutomation/target/test-classes/getProcessItemDetails.json#","pointer":"/properties/Untitled_Field_2"}
    domain: "syntax"
    ignored: ["$id","examples"]
warning: the following keywords are unknown and will be ignored: [$id, examples]
    level: "warning"
    schema: {"loadingURI":"file:/Users/anuradharaman/eclipse-workspace/Anu/KFAPITestAutomation/target/test-classes/getProcessItemDetails.json#","pointer":"/properties/Untitled_Field_3"}
    domain: "syntax"
    ignored: ["$id","examples"]
warning: the following keywords are unknown and will be ignored: [$id, examples]
    level: "warning"
    schema: {"loadingURI":"file:/Users/anuradharaman/eclipse-workspace/Anu/KFAPITestAutomation/target/test-classes/getProcessItemDetails.json#","pointer":"/properties/Untitled_Field_4"}
    domain: "syntax"
    ignored: ["$id","examples"]
warning: the following keywords are unknown and will be ignored: [$id, examples]
    level: "warning"
    schema: {"loadingURI":"file:/Users/anuradharaman/eclipse-workspace/Anu/KFAPITestAutomation/target/test-classes/getProcessItemDetails.json#","pointer":"/properties/Untitled_Field_5"}
    domain: "syntax"
    ignored: ["$id","examples"]
warning: the following keywords are unknown and will be ignored: [$id, examples]
    level: "warning"
    schema: {"loadingURI":"file:/Users/anuradharaman/eclipse-workspace/Anu/KFAPITestAutomation/target/test-classes/getProcessItemDetails.json#","pointer":"/properties/Untitled_Field_6"}
    domain: "syntax"
    ignored: ["$id","examples"]
warning: the following keywords are unknown and will be ignored: [$id, examples]
    level: "warning"
    schema: {"loadingURI":"file:/Users/anuradharaman/eclipse-workspace/Anu/KFAPITestAutomation/target/test-classes/getProcessItemDetails.json#","pointer":"/properties/Untitled_Field_7"}
    domain: "syntax"
    ignored: ["$id","examples"]
warning: the following keywords are unknown and will be ignored: [$id]
    level: "warning"
    schema: {"loadingURI":"file:/Users/anuradharaman/eclipse-workspace/Anu/KFAPITestAutomation/target/test-classes/getProcessItemDetails.json#","pointer":"/properties/Untitled_Field_8"}
    domain: "syntax"
    ignored: ["$id"]
warning: the following keywords are unknown and will be ignored: [$id, examples]
    level: "warning"
    schema: {"loadingURI":"file:/Users/anuradharaman/eclipse-workspace/Anu/KFAPITestAutomation/target/test-classes/getProcessItemDetails.json#","pointer":"/properties/Untitled_Field_8/items"}
    domain: "syntax"
    ignored: ["$id","examples"]
warning: the following keywords are unknown and will be ignored: [$id, examples]
    level: "warning"
    schema: {"loadingURI":"file:/Users/anuradharaman/eclipse-workspace/Anu/KFAPITestAutomation/target/test-classes/getProcessItemDetails.json#","pointer":"/properties/Untitled_Field_9"}
    domain: "syntax"
    ignored: ["$id","examples"]
warning: the following keywords are unknown and will be ignored: [$id, examples]
    level: "warning"
    schema: {"loadingURI":"file:/Users/anuradharaman/eclipse-workspace/Anu/KFAPITestAutomation/target/test-classes/getProcessItemDetails.json#","pointer":"/properties/_completed_at"}
    domain: "syntax"
    ignored: ["$id","examples"]
warning: the following keywords are unknown and will be ignored: [$id, examples]
    level: "warning"
    schema: {"loadingURI":"file:/Users/anuradharaman/eclipse-workspace/Anu/KFAPITestAutomation/target/test-classes/getProcessItemDetails.json#","pointer":"/properties/_counter"}
    domain: "syntax"
    ignored: ["$id","examples"]
warning: the following keywords are unknown and will be ignored: [$id, examples]
    level: "warning"
    schema: {"loadingURI":"file:/Users/anuradharaman/eclipse-workspace/Anu/KFAPITestAutomation/target/test-classes/getProcessItemDetails.json#","pointer":"/properties/_created_at"}
    domain: "syntax"
    ignored: ["$id","examples"]
warning: the following keywords are unknown and will be ignored: [$id, examples]
    level: "warning"
    schema: {"loadingURI":"file:/Users/anuradharaman/eclipse-workspace/Anu/KFAPITestAutomation/target/test-classes/getProcessItemDetails.json#","pointer":"/properties/_created_by"}
    domain: "syntax"
    ignored: ["$id","examples"]
warning: the following keywords are unknown and will be ignored: [$id, examples]
    level: "warning"
    schema: {"loadingURI":"file:/Users/anuradharaman/eclipse-workspace/Anu/KFAPITestAutomation/target/test-classes/getProcessItemDetails.json#","pointer":"/properties/_created_by/properties/Name"}
    domain: "syntax"
    ignored: ["$id","examples"]
warning: the following keywords are unknown and will be ignored: [$id, examples]
    level: "warning"
    schema: {"loadingURI":"file:/Users/anuradharaman/eclipse-workspace/Anu/KFAPITestAutomation/target/test-classes/getProcessItemDetails.json#","pointer":"/properties/_created_by/properties/_id"}
    domain: "syntax"
    ignored: ["$id","examples"]
warning: the following keywords are unknown and will be ignored: [$id]
    level: "warning"
    schema: {"loadingURI":"file:/Users/anuradharaman/eclipse-workspace/Anu/KFAPITestAutomation/target/test-classes/getProcessItemDetails.json#","pointer":"/properties/_current_assigned_to"}
    domain: "syntax"
    ignored: ["$id"]
warning: the following keywords are unknown and will be ignored: [$id, examples]
    level: "warning"
    schema: {"loadingURI":"file:/Users/anuradharaman/eclipse-workspace/Anu/KFAPITestAutomation/target/test-classes/getProcessItemDetails.json#","pointer":"/properties/_current_assigned_to/items"}
    domain: "syntax"
    ignored: ["$id","examples"]
warning: the following keywords are unknown and will be ignored: [$id, examples]
    level: "warning"
    schema: {"loadingURI":"file:/Users/anuradharaman/eclipse-workspace/Anu/KFAPITestAutomation/target/test-classes/getProcessItemDetails.json#","pointer":"/properties/_current_assigned_to/items/properties/Kind"}
    domain: "syntax"
    ignored: ["$id","examples"]
warning: the following keywords are unknown and will be ignored: [$id, examples]
    level: "warning"
    schema: {"loadingURI":"file:/Users/anuradharaman/eclipse-workspace/Anu/KFAPITestAutomation/target/test-classes/getProcessItemDetails.json#","pointer":"/properties/_current_assigned_to/items/properties/Name"}
    domain: "syntax"
    ignored: ["$id","examples"]
warning: the following keywords are unknown and will be ignored: [$id, examples]
    level: "warning"
    schema: {"loadingURI":"file:/Users/anuradharaman/eclipse-workspace/Anu/KFAPITestAutomation/target/test-classes/getProcessItemDetails.json#","pointer":"/properties/_current_assigned_to/items/properties/_id"}
    domain: "syntax"
    ignored: ["$id","examples"]
warning: the following keywords are unknown and will be ignored: [$id, examples]
    level: "warning"
    schema: {"loadingURI":"file:/Users/anuradharaman/eclipse-workspace/Anu/KFAPITestAutomation/target/test-classes/getProcessItemDetails.json#","pointer":"/properties/_current_step"}
    domain: "syntax"
    ignored: ["$id","examples"]
warning: the following keywords are unknown and will be ignored: [$id, examples]
    level: "warning"
    schema: {"loadingURI":"file:/Users/anuradharaman/eclipse-workspace/Anu/KFAPITestAutomation/target/test-classes/getProcessItemDetails.json#","pointer":"/properties/_flow_name"}
    domain: "syntax"
    ignored: ["$id","examples"]
warning: the following keywords are unknown and will be ignored: [$id, examples]
    level: "warning"
    schema: {"loadingURI":"file:/Users/anuradharaman/eclipse-workspace/Anu/KFAPITestAutomation/target/test-classes/getProcessItemDetails.json#","pointer":"/properties/_id"}
    domain: "syntax"
    ignored: ["$id","examples"]
warning: the following keywords are unknown and will be ignored: [$id, examples]
    level: "warning"
    schema: {"loadingURI":"file:/Users/anuradharaman/eclipse-workspace/Anu/KFAPITestAutomation/target/test-classes/getProcessItemDetails.json#","pointer":"/properties/_is_deleted"}
    domain: "syntax"
    ignored: ["$id","examples"]
warning: the following keywords are unknown and will be ignored: [$id, examples]
    level: "warning"
    schema: {"loadingURI":"file:/Users/anuradharaman/eclipse-workspace/Anu/KFAPITestAutomation/target/test-classes/getProcessItemDetails.json#","pointer":"/properties/_last_completed_step"}
    domain: "syntax"
    ignored: ["$id","examples"]
warning: the following keywords are unknown and will be ignored: [$id, examples]
    level: "warning"
    schema: {"loadingURI":"file:/Users/anuradharaman/eclipse-workspace/Anu/KFAPITestAutomation/target/test-classes/getProcessItemDetails.json#","pointer":"/properties/_modified_at"}
    domain: "syntax"
    ignored: ["$id","examples"]
warning: the following keywords are unknown and will be ignored: [$id, examples]
    level: "warning"
    schema: {"loadingURI":"file:/Users/anuradharaman/eclipse-workspace/Anu/KFAPITestAutomation/target/test-classes/getProcessItemDetails.json#","pointer":"/properties/_modified_by"}
    domain: "syntax"
    ignored: ["$id","examples"]
warning: the following keywords are unknown and will be ignored: [$id, examples]
    level: "warning"
    schema: {"loadingURI":"file:/Users/anuradharaman/eclipse-workspace/Anu/KFAPITestAutomation/target/test-classes/getProcessItemDetails.json#","pointer":"/properties/_modified_by/properties/Name"}
    domain: "syntax"
    ignored: ["$id","examples"]
warning: the following keywords are unknown and will be ignored: [$id, examples]
    level: "warning"
    schema: {"loadingURI":"file:/Users/anuradharaman/eclipse-workspace/Anu/KFAPITestAutomation/target/test-classes/getProcessItemDetails.json#","pointer":"/properties/_modified_by/properties/_id"}
    domain: "syntax"
    ignored: ["$id","examples"]
warning: the following keywords are unknown and will be ignored: [$id, examples]
    level: "warning"
    schema: {"loadingURI":"file:/Users/anuradharaman/eclipse-workspace/Anu/KFAPITestAutomation/target/test-classes/getProcessItemDetails.json#","pointer":"/properties/_progress"}
    domain: "syntax"
    ignored: ["$id","examples"]
warning: the following keywords are unknown and will be ignored: [$id, examples]
    level: "warning"
    schema: {"loadingURI":"file:/Users/anuradharaman/eclipse-workspace/Anu/KFAPITestAutomation/target/test-classes/getProcessItemDetails.json#","pointer":"/properties/_request_number"}
    domain: "syntax"
    ignored: ["$id","examples"]
warning: the following keywords are unknown and will be ignored: [$id, examples]
    level: "warning"
    schema: {"loadingURI":"file:/Users/anuradharaman/eclipse-workspace/Anu/KFAPITestAutomation/target/test-classes/getProcessItemDetails.json#","pointer":"/properties/_restart_info"}
    domain: "syntax"
    ignored: ["$id","examples"]
warning: the following keywords are unknown and will be ignored: [$id, examples]
    level: "warning"
    schema: {"loadingURI":"file:/Users/anuradharaman/eclipse-workspace/Anu/KFAPITestAutomation/target/test-classes/getProcessItemDetails.json#","pointer":"/properties/_root_process_instance"}
    domain: "syntax"
    ignored: ["$id","examples"]
warning: the following keywords are unknown and will be ignored: [$id, examples]
    level: "warning"
    schema: {"loadingURI":"file:/Users/anuradharaman/eclipse-workspace/Anu/KFAPITestAutomation/target/test-classes/getProcessItemDetails.json#","pointer":"/properties/_stage"}
    domain: "syntax"
    ignored: ["$id","examples"]
warning: the following keywords are unknown and will be ignored: [$id, examples]
    level: "warning"
    schema: {"loadingURI":"file:/Users/anuradharaman/eclipse-workspace/Anu/KFAPITestAutomation/target/test-classes/getProcessItemDetails.json#","pointer":"/properties/_status"}
    domain: "syntax"
    ignored: ["$id","examples"]
warning: the following keywords are unknown and will be ignored: [$id, examples]
    level: "warning"
    schema: {"loadingURI":"file:/Users/anuradharaman/eclipse-workspace/Anu/KFAPITestAutomation/target/test-classes/getProcessItemDetails.json#","pointer":"/properties/_submitted_at"}
    domain: "syntax"
    ignored: ["$id","examples"]
error: object has missing required properties (["Table::Model_iTu0Ku4DO","Untitled_Field_14"])
    level: "error"
    schema: {"loadingURI":"file:/Users/anuradharaman/eclipse-workspace/Anu/KFAPITestAutomation/target/test-classes/getProcessItemDetails.json#","pointer":""}
    instance: {"pointer":""}
    domain: "validation"
    keyword: "required"
    required: ["Name","Table::Model_iTu0Ku4DO","ThisIsAttach","ThisIsImage","ThisIsTextArea","Untitled_Field","Untitled_Field_1","Untitled_Field_10","Untitled_Field_11","Untitled_Field_12","Untitled_Field_13","Untitled_Field_14","Untitled_Field_2","Untitled_Field_3","Untitled_Field_4","Untitled_Field_5","Untitled_Field_6","Untitled_Field_7","Untitled_Field_8","Untitled_Field_9","_completed_at","_counter","_created_at","_created_by","_current_assigned_to","_current_step","_flow_name","_id","_is_deleted","_last_completed_step","_modified_at","_modified_by","_progress","_request_number","_restart_info","_root_process_instance","_stage","_status","_submitted_at"]
    missing: ["Table::Model_iTu0Ku4DO","Untitled_Field_14"]

  Actual: {"_id": "Pk2SjNqp2taN", "Name": "Request for SmokeProcess", "_created_by": {"_id": "UsoeANVSzy2F", "Name": "KF QA"}, "_modified_by": {"_id": "UsoeANVSzy2F", "Name": "KF QA"}, "_created_at": "2020-04-06T06:33:04Z", "_modified_at": "2020-04-06T06:33:28Z", "_is_deleted": null, "_flow_name": "SmokeProcess", "_current_step": "Approval1", "_current_assigned_to": [{"_id": "UszVYqHGQGRs", "Name": "QAOutlook User", "Kind": "User"}, {"_id": "UsxpYqHRxe19", "Name": "QAYahoo UserAdmin", "Kind": "User"}], "_completed_at": null, "_status": "InProgress", "_stage": 1, "_restart_info": null, "_root_process_instance": "PkXZjNqplclJ", "_submitted_at": "2020-04-06T06:33:28Z", "_request_number": 1, "_counter": 1, "_last_completed_step": "PkXljNqpl6Fc", "_progress": 0.0, "Untitled_Field_1": "This is default content", "ThisIsTextArea": "This run is for process smoke testing\n", "Untitled_Field": 103, "Untitled_Field_2": "1000 USD", "Untitled_Field_3": "2020-04-02", "Untitled_Field_4": "2020-04-03T00:00:00+05:30 Asia/Calcutta", "Untitled_Field_5": true, "ThisIsImage": {"uploaded": 100, "name": "SampleImage.png", "id": "Attach-l3Dn5eclRM", "key": "AcZAAN7lsPYw/SmokeProcess_157/Pk2SjNqp2taN/Attach-l3Dn5eclRM/SampleImage.png", "size": 92147, "fileExtension": "png", "photos": [{"fileExtension": "png", "height": 628, "key": "AcZAAN7lsPYw/SmokeProcess_157/Pk2SjNqp2taN/Attach-l3Dn5eclRM/SampleImage.png", "name": "SampleImage.png", "size": 2612480, "width": 1040}, {"fileExtension": "png", "height": 628, "key": "AcZAAN7lsPYw/SmokeProcess_157/Pk2SjNqp2taN/Attach-l3Dn5eclRM/photos/1200x800.png", "name": "1200x800.png", "size": 80864, "width": 1040}, {"fileExtension": "png", "height": 181, "key": "AcZAAN7lsPYw/SmokeProcess_157/Pk2SjNqp2taN/Attach-l3Dn5eclRM/photos/300x300.png", "name": "300x300.png", "size": 31025, "width": 300}]}, "Untitled_Field_6": 3, "Untitled_Field_7": "One", "Untitled_Field_8": ["Two"], "Untitled_Field_9": {"_id": "UszVYqHGQGRs", "Name": "QAOutlook User"}, "Untitled_Field_10": [{"value": "One", "selected": false}, {"value": "Two", "selected": false}, {"value": "Three", "selected": true}, {"value": "Four", "selected": false}, {"value": "Five", "selected": false}], "ThisIsAttach": [{"uploaded": 100, "name": "SampleTextFile.rtf", "id": "Attach-jZXn5ecodm", "key": "AcZAAN7lsPYw/SmokeProcess_157/Pk2SjNqp2taN/Attach-jZXn5ecodm/SampleTextFile.rtf", "size": 490, "fileExtension": "rtf"}], "Untitled_Field_11": {"key": "AcZAAN7lsPYw/SmokeProcess_157/Pk2SjNqp2taN/Untitled_Field_11.png", "name": "Untitled_Field_11"}, "Untitled_Field_12": {"_created_by": {"_id": "UsoeANVSzy2F", "Name": "KF QA"}, "_id": "PkS_ocOvjg4o", "Name": "Request for EndtoEnd"}, "Untitled_Field_13": "2", "Table::Model_10cZIDV7nF": [{"_id": "Model_10cZIDV7nF_V8s8qHt5Z", "Name": null, "_created_by": {"_id": "UsoeANVSzy2F", "Name": "KF QA"}, "_modified_by": {"_id": "UsoeANVSzy2F", "Name": "KF QA"}, "_created_at": "2020-04-06T06:33:26Z", "_modified_at": "2020-04-06T06:33:26Z", "_flow_name": null, "Untitled_Field_14": null, "ThisIsAttach_1": null, "ThisIsImage_1": null}]}

at java.base/jdk.internal.reflect.NativeConstructorAccessorImpl.newInstance0(Native Method)
at java.base/jdk.internal.reflect.NativeConstructorAccessorImpl.newInstance(NativeConstructorAccessorImpl.java:62)
at java.base/jdk.internal.reflect.DelegatingConstructorAccessorImpl.newInstance(DelegatingConstructorAccessorImpl.java:45)
at java.base/java.lang.reflect.Constructor.newInstance(Constructor.java:490)
at org.codehaus.groovy.reflection.CachedConstructor.invoke(CachedConstructor.java:80)
at org.codehaus.groovy.reflection.CachedConstructor.doConstructorInvoke(CachedConstructor.java:74)
at org.codehaus.groovy.runtime.callsite.ConstructorSite$ConstructorSiteNoUnwrap.callConstructor(ConstructorSite.java:84)
at org.codehaus.groovy.runtime.callsite.AbstractCallSite.callConstructor(AbstractCallSite.java:249)
at io.restassured.internal.ResponseSpecificationImpl$HamcrestAssertionClosure.validate(ResponseSpecificationImpl.groovy:493)
at io.restassured.internal.ResponseSpecificationImpl$HamcrestAssertionClosure$validate$1.call(Unknown Source)
at io.restassured.internal.ResponseSpecificationImpl.validateResponseIfRequired(ResponseSpecificationImpl.groovy:674)
at java.base/jdk.internal.reflect.NativeMethodAccessorImpl.invoke0(Native Method)
at java.base/jdk.internal.reflect.NativeMethodAccessorImpl.invoke(NativeMethodAccessorImpl.java:62)
at java.base/jdk.internal.reflect.DelegatingMethodAccessorImpl.invoke(DelegatingMethodAccessorImpl.java:43)
at java.base/java.lang.reflect.Method.invoke(Method.java:566)
at org.codehaus.groovy.runtime.callsite.PlainObjectMetaMethodSite.doInvoke(PlainObjectMetaMethodSite.java:43)
at org.codehaus.groovy.runtime.callsite.PogoMetaMethodSite$PogoCachedMethodSiteNoUnwrapNoCoerce.invoke(PogoMetaMethodSite.java:190)
at org.codehaus.groovy.runtime.callsite.PogoMetaMethodSite.callCurrent(PogoMetaMethodSite.java:58)
at org.codehaus.groovy.runtime.callsite.AbstractCallSite.callCurrent(AbstractCallSite.java:168)
at io.restassured.internal.ResponseSpecificationImpl.body(ResponseSpecificationImpl.groovy:98)
at io.restassured.internal.ValidatableResponseOptionsImpl.body(ValidatableResponseOptionsImpl.java:238)
at io.restassured.internal.ValidatableResponseImpl.super$2$body(ValidatableResponseImpl.groovy)
at java.base/jdk.internal.reflect.NativeMethodAccessorImpl.invoke0(Native Method)
at java.base/jdk.internal.reflect.NativeMethodAccessorImpl.invoke(NativeMethodAccessorImpl.java:62)
at java.base/jdk.internal.reflect.DelegatingMethodAccessorImpl.invoke(DelegatingMethodAccessorImpl.java:43)
at java.base/java.lang.reflect.Method.invoke(Method.java:566)
at org.codehaus.groovy.reflection.CachedMethod.invoke(CachedMethod.java:101)
at groovy.lang.MetaMethod.doMethodInvoke(MetaMethod.java:323)
at groovy.lang.MetaClassImpl.invokeMethod(MetaClassImpl.java:1217)
at org.codehaus.groovy.runtime.ScriptBytecodeAdapter.invokeMethodOnSuperN(ScriptBytecodeAdapter.java:144)
at io.restassured.internal.ValidatableResponseImpl.body(ValidatableResponseImpl.groovy:293)
at io.restassured.internal.ValidatableResponseImpl.body(ValidatableResponseImpl.groovy)
at test.KFProcessAPISmokeTest.getProcessItemDetails(KFProcessAPISmokeTest.java:392)
at java.base/jdk.internal.reflect.NativeMethodAccessorImpl.invoke0(Native Method)
at java.base/jdk.internal.reflect.NativeMethodAccessorImpl.invoke(NativeMethodAccessorImpl.java:62)
at java.base/jdk.internal.reflect.DelegatingMethodAccessorImpl.invoke(DelegatingMethodAccessorImpl.java:43)
at java.base/java.lang.reflect.Method.invoke(Method.java:566)
at org.testng.internal.MethodInvocationHelper.invokeMethod(MethodInvocationHelper.java:133)
at org.testng.internal.TestInvoker.invokeMethod(TestInvoker.java:584)
at org.testng.internal.TestInvoker.invokeTestMethod(TestInvoker.java:172)
at org.testng.internal.MethodRunner.runInSequence(MethodRunner.java:46)
at org.testng.internal.TestInvoker$MethodInvocationAgent.invoke(TestInvoker.java:804)
at org.testng.internal.TestInvoker.invokeTestMethods(TestInvoker.java:145)
at org.testng.internal.TestMethodWorker.invokeTestMethods(TestMethodWorker.java:146)
at org.testng.internal.TestMethodWorker.run(TestMethodWorker.java:128)
at java.base/java.util.ArrayList.forEach(ArrayList.java:1540)
at org.testng.TestRunner.privateRun(TestRunner.java:770)
at org.testng.TestRunner.run(TestRunner.java:591)
at org.testng.SuiteRunner.runTest(SuiteRunner.java:402)
at org.testng.SuiteRunner.runSequentially(SuiteRunner.java:396)
at org.testng.SuiteRunner.privateRun(SuiteRunner.java:355)
at org.testng.SuiteRunner.run(SuiteRunner.java:304)
at org.testng.SuiteRunnerWorker.runSuite(SuiteRunnerWorker.java:53)
at org.testng.SuiteRunnerWorker.run(SuiteRunnerWorker.java:96)
at org.testng.TestNG.runSuitesSequentially(TestNG.java:1180)
at org.testng.TestNG.runSuitesLocally(TestNG.java:1102)
at org.testng.TestNG.runSuites(TestNG.java:1032)
at org.testng.TestNG.run(TestNG.java:1000)
at org.testng.remote.AbstractRemoteTestNG.run(AbstractRemoteTestNG.java:115)
at org.testng.remote.RemoteTestNG.initAndRun(RemoteTestNG.java:251)
at org.testng.remote.RemoteTestNG.main(RemoteTestNG.java:77)
]]>
    </failure>
  </testcase> <!-- getProcessItemDetails -->
  <testcase classname="test.KFProcessAPISmokeTest" name="updateProcessItemDetails" time="6.293"/>
  <testcase classname="test.KFProcessAPISmokeTest" name="addAttachmenttoFormFieldAsAdmin" time="2.512"/>
  <testcase classname="test.KFProcessAPISmokeTest" name="addAttachmentToTable" time="0.390">
    <failure message="1 expectation failed.
Expected status code &lt;200&gt; but was &lt;403&gt;.
" type="java.lang.AssertionError">
      <![CDATA[java.lang.AssertionError: 1 expectation failed.
Expected status code <200> but was <403>.

at java.base/jdk.internal.reflect.NativeConstructorAccessorImpl.newInstance0(Native Method)
at java.base/jdk.internal.reflect.NativeConstructorAccessorImpl.newInstance(NativeConstructorAccessorImpl.java:62)
at java.base/jdk.internal.reflect.DelegatingConstructorAccessorImpl.newInstance(DelegatingConstructorAccessorImpl.java:45)
at java.base/java.lang.reflect.Constructor.newInstance(Constructor.java:490)
at org.codehaus.groovy.reflection.CachedConstructor.invoke(CachedConstructor.java:80)
at org.codehaus.groovy.reflection.CachedConstructor.doConstructorInvoke(CachedConstructor.java:74)
at org.codehaus.groovy.runtime.callsite.ConstructorSite$ConstructorSiteNoUnwrap.callConstructor(ConstructorSite.java:84)
at org.codehaus.groovy.runtime.callsite.AbstractCallSite.callConstructor(AbstractCallSite.java:249)
at io.restassured.internal.ResponseSpecificationImpl$HamcrestAssertionClosure.validate(ResponseSpecificationImpl.groovy:493)
at io.restassured.internal.ResponseSpecificationImpl$HamcrestAssertionClosure$validate$1.call(Unknown Source)
at io.restassured.internal.ResponseSpecificationImpl.validateResponseIfRequired(ResponseSpecificationImpl.groovy:674)
at java.base/jdk.internal.reflect.NativeMethodAccessorImpl.invoke0(Native Method)
at java.base/jdk.internal.reflect.NativeMethodAccessorImpl.invoke(NativeMethodAccessorImpl.java:62)
at java.base/jdk.internal.reflect.DelegatingMethodAccessorImpl.invoke(DelegatingMethodAccessorImpl.java:43)
at java.base/java.lang.reflect.Method.invoke(Method.java:566)
at org.codehaus.groovy.runtime.callsite.PlainObjectMetaMethodSite.doInvoke(PlainObjectMetaMethodSite.java:43)
at org.codehaus.groovy.runtime.callsite.PogoMetaMethodSite$PogoCachedMethodSiteNoUnwrapNoCoerce.invoke(PogoMetaMethodSite.java:190)
at org.codehaus.groovy.runtime.callsite.PogoMetaMethodSite.callCurrent(PogoMetaMethodSite.java:58)
at org.codehaus.groovy.runtime.callsite.AbstractCallSite.callCurrent(AbstractCallSite.java:168)
at io.restassured.internal.ResponseSpecificationImpl.statusCode(ResponseSpecificationImpl.groovy:126)
at io.restassured.specification.ResponseSpecification$statusCode$0.callCurrent(Unknown Source)
at io.restassured.internal.ResponseSpecificationImpl.statusCode(ResponseSpecificationImpl.groovy:134)
at io.restassured.internal.ValidatableResponseOptionsImpl.statusCode(ValidatableResponseOptionsImpl.java:89)
at io.restassured.internal.ValidatableResponseImpl.super$2$statusCode(ValidatableResponseImpl.groovy)
at java.base/jdk.internal.reflect.NativeMethodAccessorImpl.invoke0(Native Method)
at java.base/jdk.internal.reflect.NativeMethodAccessorImpl.invoke(NativeMethodAccessorImpl.java:62)
at java.base/jdk.internal.reflect.DelegatingMethodAccessorImpl.invoke(DelegatingMethodAccessorImpl.java:43)
at java.base/java.lang.reflect.Method.invoke(Method.java:566)
at org.codehaus.groovy.reflection.CachedMethod.invoke(CachedMethod.java:101)
at groovy.lang.MetaMethod.doMethodInvoke(MetaMethod.java:323)
at groovy.lang.MetaClassImpl.invokeMethod(MetaClassImpl.java:1217)
at org.codehaus.groovy.runtime.ScriptBytecodeAdapter.invokeMethodOnSuperN(ScriptBytecodeAdapter.java:144)
at io.restassured.internal.ValidatableResponseImpl.statusCode(ValidatableResponseImpl.groovy:142)
at io.restassured.internal.ValidatableResponseImpl.statusCode(ValidatableResponseImpl.groovy)
at test.KFProcessAPISmokeTest.CreateNewProcessItem(KFProcessAPISmokeTest.java:352)
at test.KFProcessAPISmokeTest.addAttachmentToTable(KFProcessAPISmokeTest.java:638)
at java.base/jdk.internal.reflect.NativeMethodAccessorImpl.invoke0(Native Method)
at java.base/jdk.internal.reflect.NativeMethodAccessorImpl.invoke(NativeMethodAccessorImpl.java:62)
at java.base/jdk.internal.reflect.DelegatingMethodAccessorImpl.invoke(DelegatingMethodAccessorImpl.java:43)
at java.base/java.lang.reflect.Method.invoke(Method.java:566)
at org.testng.internal.MethodInvocationHelper.invokeMethod(MethodInvocationHelper.java:133)
at org.testng.internal.TestInvoker.invokeMethod(TestInvoker.java:584)
at org.testng.internal.TestInvoker.invokeTestMethod(TestInvoker.java:172)
at org.testng.internal.MethodRunner.runInSequence(MethodRunner.java:46)
at org.testng.internal.TestInvoker$MethodInvocationAgent.invoke(TestInvoker.java:804)
at org.testng.internal.TestInvoker.invokeTestMethods(TestInvoker.java:145)
at org.testng.internal.TestMethodWorker.invokeTestMethods(TestMethodWorker.java:146)
at org.testng.internal.TestMethodWorker.run(TestMethodWorker.java:128)
at java.base/java.util.ArrayList.forEach(ArrayList.java:1540)
at org.testng.TestRunner.privateRun(TestRunner.java:770)
at org.testng.TestRunner.run(TestRunner.java:591)
at org.testng.SuiteRunner.runTest(SuiteRunner.java:402)
at org.testng.SuiteRunner.runSequentially(SuiteRunner.java:396)
at org.testng.SuiteRunner.privateRun(SuiteRunner.java:355)
at org.testng.SuiteRunner.run(SuiteRunner.java:304)
at org.testng.SuiteRunnerWorker.runSuite(SuiteRunnerWorker.java:53)
at org.testng.SuiteRunnerWorker.run(SuiteRunnerWorker.java:96)
at org.testng.TestNG.runSuitesSequentially(TestNG.java:1180)
at org.testng.TestNG.runSuitesLocally(TestNG.java:1102)
at org.testng.TestNG.runSuites(TestNG.java:1032)
at org.testng.TestNG.run(TestNG.java:1000)
at org.testng.remote.AbstractRemoteTestNG.run(AbstractRemoteTestNG.java:115)
at org.testng.remote.RemoteTestNG.initAndRun(RemoteTestNG.java:251)
at org.testng.remote.RemoteTestNG.main(RemoteTestNG.java:77)
]]>
    </failure>
  </testcase> <!-- addAttachmentToTable -->
  <testcase classname="test.KFProcessAPISmokeTest" name="addImageToFormFieldAsAdmin" time="2.674"/>
  <testcase classname="test.KFProcessAPISmokeTest" name="addImageToFormFieldAsAdmin" time="8.167"/>
  <testcase classname="test.KFProcessAPISmokeTest" name="getMyItemList" time="0.511"/>
  <testcase classname="test.KFProcessAPISmokeTest" name="getProgressDetails" time="0.363">
    <failure message="1 expectation failed.
Expected status code &lt;200&gt; but was &lt;403&gt;.
" type="java.lang.AssertionError">
      <![CDATA[java.lang.AssertionError: 1 expectation failed.
Expected status code <200> but was <403>.

at java.base/jdk.internal.reflect.NativeConstructorAccessorImpl.newInstance0(Native Method)
at java.base/jdk.internal.reflect.NativeConstructorAccessorImpl.newInstance(NativeConstructorAccessorImpl.java:62)
at java.base/jdk.internal.reflect.DelegatingConstructorAccessorImpl.newInstance(DelegatingConstructorAccessorImpl.java:45)
at java.base/java.lang.reflect.Constructor.newInstance(Constructor.java:490)
at org.codehaus.groovy.reflection.CachedConstructor.invoke(CachedConstructor.java:80)
at org.codehaus.groovy.reflection.CachedConstructor.doConstructorInvoke(CachedConstructor.java:74)
at org.codehaus.groovy.runtime.callsite.ConstructorSite$ConstructorSiteNoUnwrap.callConstructor(ConstructorSite.java:84)
at org.codehaus.groovy.runtime.callsite.AbstractCallSite.callConstructor(AbstractCallSite.java:249)
at io.restassured.internal.ResponseSpecificationImpl$HamcrestAssertionClosure.validate(ResponseSpecificationImpl.groovy:493)
at io.restassured.internal.ResponseSpecificationImpl$HamcrestAssertionClosure$validate$1.call(Unknown Source)
at io.restassured.internal.ResponseSpecificationImpl.validateResponseIfRequired(ResponseSpecificationImpl.groovy:674)
at jdk.internal.reflect.GeneratedMethodAccessor93.invoke(Unknown Source)
at java.base/jdk.internal.reflect.DelegatingMethodAccessorImpl.invoke(DelegatingMethodAccessorImpl.java:43)
at java.base/java.lang.reflect.Method.invoke(Method.java:566)
at org.codehaus.groovy.runtime.callsite.PlainObjectMetaMethodSite.doInvoke(PlainObjectMetaMethodSite.java:43)
at org.codehaus.groovy.runtime.callsite.PogoMetaMethodSite$PogoCachedMethodSiteNoUnwrapNoCoerce.invoke(PogoMetaMethodSite.java:190)
at org.codehaus.groovy.runtime.callsite.PogoMetaMethodSite.callCurrent(PogoMetaMethodSite.java:58)
at org.codehaus.groovy.runtime.callsite.AbstractCallSite.callCurrent(AbstractCallSite.java:168)
at io.restassured.internal.ResponseSpecificationImpl.statusCode(ResponseSpecificationImpl.groovy:126)
at io.restassured.specification.ResponseSpecification$statusCode$0.callCurrent(Unknown Source)
at io.restassured.internal.ResponseSpecificationImpl.statusCode(ResponseSpecificationImpl.groovy:134)
at io.restassured.internal.ValidatableResponseOptionsImpl.statusCode(ValidatableResponseOptionsImpl.java:89)
at io.restassured.internal.ValidatableResponseImpl.super$2$statusCode(ValidatableResponseImpl.groovy)
at java.base/jdk.internal.reflect.NativeMethodAccessorImpl.invoke0(Native Method)
at java.base/jdk.internal.reflect.NativeMethodAccessorImpl.invoke(NativeMethodAccessorImpl.java:62)
at java.base/jdk.internal.reflect.DelegatingMethodAccessorImpl.invoke(DelegatingMethodAccessorImpl.java:43)
at java.base/java.lang.reflect.Method.invoke(Method.java:566)
at org.codehaus.groovy.reflection.CachedMethod.invoke(CachedMethod.java:101)
at groovy.lang.MetaMethod.doMethodInvoke(MetaMethod.java:323)
at groovy.lang.MetaClassImpl.invokeMethod(MetaClassImpl.java:1217)
at org.codehaus.groovy.runtime.ScriptBytecodeAdapter.invokeMethodOnSuperN(ScriptBytecodeAdapter.java:144)
at io.restassured.internal.ValidatableResponseImpl.statusCode(ValidatableResponseImpl.groovy:142)
at io.restassured.internal.ValidatableResponseImpl.statusCode(ValidatableResponseImpl.groovy)
at test.KFProcessAPISmokeTest.CreateNewProcessItem(KFProcessAPISmokeTest.java:352)
at test.KFProcessAPISmokeTest.getProgressDetails(KFProcessAPISmokeTest.java:429)
at java.base/jdk.internal.reflect.NativeMethodAccessorImpl.invoke0(Native Method)
at java.base/jdk.internal.reflect.NativeMethodAccessorImpl.invoke(NativeMethodAccessorImpl.java:62)
at java.base/jdk.internal.reflect.DelegatingMethodAccessorImpl.invoke(DelegatingMethodAccessorImpl.java:43)
at java.base/java.lang.reflect.Method.invoke(Method.java:566)
at org.testng.internal.MethodInvocationHelper.invokeMethod(MethodInvocationHelper.java:133)
at org.testng.internal.TestInvoker.invokeMethod(TestInvoker.java:584)
at org.testng.internal.TestInvoker.invokeTestMethod(TestInvoker.java:172)
at org.testng.internal.MethodRunner.runInSequence(MethodRunner.java:46)
at org.testng.internal.TestInvoker$MethodInvocationAgent.invoke(TestInvoker.java:804)
at org.testng.internal.TestInvoker.invokeTestMethods(TestInvoker.java:145)
at org.testng.internal.TestMethodWorker.invokeTestMethods(TestMethodWorker.java:146)
at org.testng.internal.TestMethodWorker.run(TestMethodWorker.java:128)
at java.base/java.util.ArrayList.forEach(ArrayList.java:1540)
at org.testng.TestRunner.privateRun(TestRunner.java:770)
at org.testng.TestRunner.run(TestRunner.java:591)
at org.testng.SuiteRunner.runTest(SuiteRunner.java:402)
at org.testng.SuiteRunner.runSequentially(SuiteRunner.java:396)
at org.testng.SuiteRunner.privateRun(SuiteRunner.java:355)
at org.testng.SuiteRunner.run(SuiteRunner.java:304)
at org.testng.SuiteRunnerWorker.runSuite(SuiteRunnerWorker.java:53)
at org.testng.SuiteRunnerWorker.run(SuiteRunnerWorker.java:96)
at org.testng.TestNG.runSuitesSequentially(TestNG.java:1180)
at org.testng.TestNG.runSuitesLocally(TestNG.java:1102)
at org.testng.TestNG.runSuites(TestNG.java:1032)
at org.testng.TestNG.run(TestNG.java:1000)
at org.testng.remote.AbstractRemoteTestNG.run(AbstractRemoteTestNG.java:115)
at org.testng.remote.RemoteTestNG.initAndRun(RemoteTestNG.java:251)
at org.testng.remote.RemoteTestNG.main(RemoteTestNG.java:77)
]]>
    </failure>
  </testcase> <!-- getProgressDetails -->
  <testcase classname="test.KFProcessAPISmokeTest" name="getItemDetailsOfWFstep" time="0.400">
    <failure message="1 expectation failed.
Expected status code &lt;200&gt; but was &lt;403&gt;.
" type="java.lang.AssertionError">
      <![CDATA[java.lang.AssertionError: 1 expectation failed.
Expected status code <200> but was <403>.

at java.base/jdk.internal.reflect.NativeConstructorAccessorImpl.newInstance0(Native Method)
at java.base/jdk.internal.reflect.NativeConstructorAccessorImpl.newInstance(NativeConstructorAccessorImpl.java:62)
at java.base/jdk.internal.reflect.DelegatingConstructorAccessorImpl.newInstance(DelegatingConstructorAccessorImpl.java:45)
at java.base/java.lang.reflect.Constructor.newInstance(Constructor.java:490)
at org.codehaus.groovy.reflection.CachedConstructor.invoke(CachedConstructor.java:80)
at org.codehaus.groovy.reflection.CachedConstructor.doConstructorInvoke(CachedConstructor.java:74)
at org.codehaus.groovy.runtime.callsite.ConstructorSite$ConstructorSiteNoUnwrap.callConstructor(ConstructorSite.java:84)
at org.codehaus.groovy.runtime.callsite.AbstractCallSite.callConstructor(AbstractCallSite.java:249)
at io.restassured.internal.ResponseSpecificationImpl$HamcrestAssertionClosure.validate(ResponseSpecificationImpl.groovy:493)
at io.restassured.internal.ResponseSpecificationImpl$HamcrestAssertionClosure$validate$1.call(Unknown Source)
at io.restassured.internal.ResponseSpecificationImpl.validateResponseIfRequired(ResponseSpecificationImpl.groovy:674)
at jdk.internal.reflect.GeneratedMethodAccessor93.invoke(Unknown Source)
at java.base/jdk.internal.reflect.DelegatingMethodAccessorImpl.invoke(DelegatingMethodAccessorImpl.java:43)
at java.base/java.lang.reflect.Method.invoke(Method.java:566)
at org.codehaus.groovy.runtime.callsite.PlainObjectMetaMethodSite.doInvoke(PlainObjectMetaMethodSite.java:43)
at org.codehaus.groovy.runtime.callsite.PogoMetaMethodSite$PogoCachedMethodSiteNoUnwrapNoCoerce.invoke(PogoMetaMethodSite.java:190)
at org.codehaus.groovy.runtime.callsite.PogoMetaMethodSite.callCurrent(PogoMetaMethodSite.java:58)
at org.codehaus.groovy.runtime.callsite.AbstractCallSite.callCurrent(AbstractCallSite.java:168)
at io.restassured.internal.ResponseSpecificationImpl.statusCode(ResponseSpecificationImpl.groovy:126)
at io.restassured.specification.ResponseSpecification$statusCode$0.callCurrent(Unknown Source)
at io.restassured.internal.ResponseSpecificationImpl.statusCode(ResponseSpecificationImpl.groovy:134)
at io.restassured.internal.ValidatableResponseOptionsImpl.statusCode(ValidatableResponseOptionsImpl.java:89)
at io.restassured.internal.ValidatableResponseImpl.super$2$statusCode(ValidatableResponseImpl.groovy)
at java.base/jdk.internal.reflect.NativeMethodAccessorImpl.invoke0(Native Method)
at java.base/jdk.internal.reflect.NativeMethodAccessorImpl.invoke(NativeMethodAccessorImpl.java:62)
at java.base/jdk.internal.reflect.DelegatingMethodAccessorImpl.invoke(DelegatingMethodAccessorImpl.java:43)
at java.base/java.lang.reflect.Method.invoke(Method.java:566)
at org.codehaus.groovy.reflection.CachedMethod.invoke(CachedMethod.java:101)
at groovy.lang.MetaMethod.doMethodInvoke(MetaMethod.java:323)
at groovy.lang.MetaClassImpl.invokeMethod(MetaClassImpl.java:1217)
at org.codehaus.groovy.runtime.ScriptBytecodeAdapter.invokeMethodOnSuperN(ScriptBytecodeAdapter.java:144)
at io.restassured.internal.ValidatableResponseImpl.statusCode(ValidatableResponseImpl.groovy:142)
at io.restassured.internal.ValidatableResponseImpl.statusCode(ValidatableResponseImpl.groovy)
at test.KFProcessAPISmokeTest.CreateNewProcessItem(KFProcessAPISmokeTest.java:352)
at test.KFProcessAPISmokeTest.getItemDetailsOfWFstep(KFProcessAPISmokeTest.java:444)
at java.base/jdk.internal.reflect.NativeMethodAccessorImpl.invoke0(Native Method)
at java.base/jdk.internal.reflect.NativeMethodAccessorImpl.invoke(NativeMethodAccessorImpl.java:62)
at java.base/jdk.internal.reflect.DelegatingMethodAccessorImpl.invoke(DelegatingMethodAccessorImpl.java:43)
at java.base/java.lang.reflect.Method.invoke(Method.java:566)
at org.testng.internal.MethodInvocationHelper.invokeMethod(MethodInvocationHelper.java:133)
at org.testng.internal.TestInvoker.invokeMethod(TestInvoker.java:584)
at org.testng.internal.TestInvoker.invokeTestMethod(TestInvoker.java:172)
at org.testng.internal.MethodRunner.runInSequence(MethodRunner.java:46)
at org.testng.internal.TestInvoker$MethodInvocationAgent.invoke(TestInvoker.java:804)
at org.testng.internal.TestInvoker.invokeTestMethods(TestInvoker.java:145)
at org.testng.internal.TestMethodWorker.invokeTestMethods(TestMethodWorker.java:146)
at org.testng.internal.TestMethodWorker.run(TestMethodWorker.java:128)
at java.base/java.util.ArrayList.forEach(ArrayList.java:1540)
at org.testng.TestRunner.privateRun(TestRunner.java:770)
at org.testng.TestRunner.run(TestRunner.java:591)
at org.testng.SuiteRunner.runTest(SuiteRunner.java:402)
at org.testng.SuiteRunner.runSequentially(SuiteRunner.java:396)
at org.testng.SuiteRunner.privateRun(SuiteRunner.java:355)
at org.testng.SuiteRunner.run(SuiteRunner.java:304)
at org.testng.SuiteRunnerWorker.runSuite(SuiteRunnerWorker.java:53)
at org.testng.SuiteRunnerWorker.run(SuiteRunnerWorker.java:96)
at org.testng.TestNG.runSuitesSequentially(TestNG.java:1180)
at org.testng.TestNG.runSuitesLocally(TestNG.java:1102)
at org.testng.TestNG.runSuites(TestNG.java:1032)
at org.testng.TestNG.run(TestNG.java:1000)
at org.testng.remote.AbstractRemoteTestNG.run(AbstractRemoteTestNG.java:115)
at org.testng.remote.RemoteTestNG.initAndRun(RemoteTestNG.java:251)
at org.testng.remote.RemoteTestNG.main(RemoteTestNG.java:77)
]]>
    </failure>
  </testcase> <!-- getItemDetailsOfWFstep -->
  <testcase classname="test.KFProcessAPISmokeTest" name="addAttachmentasUserToFormField" time="0.405">
    <failure message="1 expectation failed.
Expected status code &lt;200&gt; but was &lt;403&gt;.
" type="java.lang.AssertionError">
      <![CDATA[java.lang.AssertionError: 1 expectation failed.
Expected status code <200> but was <403>.

at java.base/jdk.internal.reflect.NativeConstructorAccessorImpl.newInstance0(Native Method)
at java.base/jdk.internal.reflect.NativeConstructorAccessorImpl.newInstance(NativeConstructorAccessorImpl.java:62)
at java.base/jdk.internal.reflect.DelegatingConstructorAccessorImpl.newInstance(DelegatingConstructorAccessorImpl.java:45)
at java.base/java.lang.reflect.Constructor.newInstance(Constructor.java:490)
at org.codehaus.groovy.reflection.CachedConstructor.invoke(CachedConstructor.java:80)
at org.codehaus.groovy.reflection.CachedConstructor.doConstructorInvoke(CachedConstructor.java:74)
at org.codehaus.groovy.runtime.callsite.ConstructorSite$ConstructorSiteNoUnwrap.callConstructor(ConstructorSite.java:84)
at org.codehaus.groovy.runtime.callsite.AbstractCallSite.callConstructor(AbstractCallSite.java:249)
at io.restassured.internal.ResponseSpecificationImpl$HamcrestAssertionClosure.validate(ResponseSpecificationImpl.groovy:493)
at io.restassured.internal.ResponseSpecificationImpl$HamcrestAssertionClosure$validate$1.call(Unknown Source)
at io.restassured.internal.ResponseSpecificationImpl.validateResponseIfRequired(ResponseSpecificationImpl.groovy:674)
at jdk.internal.reflect.GeneratedMethodAccessor93.invoke(Unknown Source)
at java.base/jdk.internal.reflect.DelegatingMethodAccessorImpl.invoke(DelegatingMethodAccessorImpl.java:43)
at java.base/java.lang.reflect.Method.invoke(Method.java:566)
at org.codehaus.groovy.runtime.callsite.PlainObjectMetaMethodSite.doInvoke(PlainObjectMetaMethodSite.java:43)
at org.codehaus.groovy.runtime.callsite.PogoMetaMethodSite$PogoCachedMethodSiteNoUnwrapNoCoerce.invoke(PogoMetaMethodSite.java:190)
at org.codehaus.groovy.runtime.callsite.PogoMetaMethodSite.callCurrent(PogoMetaMethodSite.java:58)
at org.codehaus.groovy.runtime.callsite.AbstractCallSite.callCurrent(AbstractCallSite.java:168)
at io.restassured.internal.ResponseSpecificationImpl.statusCode(ResponseSpecificationImpl.groovy:126)
at io.restassured.specification.ResponseSpecification$statusCode$0.callCurrent(Unknown Source)
at io.restassured.internal.ResponseSpecificationImpl.statusCode(ResponseSpecificationImpl.groovy:134)
at io.restassured.internal.ValidatableResponseOptionsImpl.statusCode(ValidatableResponseOptionsImpl.java:89)
at io.restassured.internal.ValidatableResponseImpl.super$2$statusCode(ValidatableResponseImpl.groovy)
at java.base/jdk.internal.reflect.NativeMethodAccessorImpl.invoke0(Native Method)
at java.base/jdk.internal.reflect.NativeMethodAccessorImpl.invoke(NativeMethodAccessorImpl.java:62)
at java.base/jdk.internal.reflect.DelegatingMethodAccessorImpl.invoke(DelegatingMethodAccessorImpl.java:43)
at java.base/java.lang.reflect.Method.invoke(Method.java:566)
at org.codehaus.groovy.reflection.CachedMethod.invoke(CachedMethod.java:101)
at groovy.lang.MetaMethod.doMethodInvoke(MetaMethod.java:323)
at groovy.lang.MetaClassImpl.invokeMethod(MetaClassImpl.java:1217)
at org.codehaus.groovy.runtime.ScriptBytecodeAdapter.invokeMethodOnSuperN(ScriptBytecodeAdapter.java:144)
at io.restassured.internal.ValidatableResponseImpl.statusCode(ValidatableResponseImpl.groovy:142)
at io.restassured.internal.ValidatableResponseImpl.statusCode(ValidatableResponseImpl.groovy)
at test.KFProcessAPISmokeTest.CreateNewProcessItem(KFProcessAPISmokeTest.java:352)
at test.KFProcessAPISmokeTest.addAttachmentasUserToFormField(KFProcessAPISmokeTest.java:504)
at java.base/jdk.internal.reflect.NativeMethodAccessorImpl.invoke0(Native Method)
at java.base/jdk.internal.reflect.NativeMethodAccessorImpl.invoke(NativeMethodAccessorImpl.java:62)
at java.base/jdk.internal.reflect.DelegatingMethodAccessorImpl.invoke(DelegatingMethodAccessorImpl.java:43)
at java.base/java.lang.reflect.Method.invoke(Method.java:566)
at org.testng.internal.MethodInvocationHelper.invokeMethod(MethodInvocationHelper.java:133)
at org.testng.internal.TestInvoker.invokeMethod(TestInvoker.java:584)
at org.testng.internal.TestInvoker.invokeTestMethod(TestInvoker.java:172)
at org.testng.internal.MethodRunner.runInSequence(MethodRunner.java:46)
at org.testng.internal.TestInvoker$MethodInvocationAgent.invoke(TestInvoker.java:804)
at org.testng.internal.TestInvoker.invokeTestMethods(TestInvoker.java:145)
at org.testng.internal.TestMethodWorker.invokeTestMethods(TestMethodWorker.java:146)
at org.testng.internal.TestMethodWorker.run(TestMethodWorker.java:128)
at java.base/java.util.ArrayList.forEach(ArrayList.java:1540)
at org.testng.TestRunner.privateRun(TestRunner.java:770)
at org.testng.TestRunner.run(TestRunner.java:591)
at org.testng.SuiteRunner.runTest(SuiteRunner.java:402)
at org.testng.SuiteRunner.runSequentially(SuiteRunner.java:396)
at org.testng.SuiteRunner.privateRun(SuiteRunner.java:355)
at org.testng.SuiteRunner.run(SuiteRunner.java:304)
at org.testng.SuiteRunnerWorker.runSuite(SuiteRunnerWorker.java:53)
at org.testng.SuiteRunnerWorker.run(SuiteRunnerWorker.java:96)
at org.testng.TestNG.runSuitesSequentially(TestNG.java:1180)
at org.testng.TestNG.runSuitesLocally(TestNG.java:1102)
at org.testng.TestNG.runSuites(TestNG.java:1032)
at org.testng.TestNG.run(TestNG.java:1000)
at org.testng.remote.AbstractRemoteTestNG.run(AbstractRemoteTestNG.java:115)
at org.testng.remote.RemoteTestNG.initAndRun(RemoteTestNG.java:251)
at org.testng.remote.RemoteTestNG.main(RemoteTestNG.java:77)
]]>
    </failure>
  </testcase> <!-- addAttachmentasUserToFormField -->
  <testcase classname="test.KFProcessAPISmokeTest" name="rejectItem" time="0.304">
    <failure message="1 expectation failed.
Expected status code &lt;200&gt; but was &lt;403&gt;.
" type="java.lang.AssertionError">
      <![CDATA[java.lang.AssertionError: 1 expectation failed.
Expected status code <200> but was <403>.

at java.base/jdk.internal.reflect.NativeConstructorAccessorImpl.newInstance0(Native Method)
at java.base/jdk.internal.reflect.NativeConstructorAccessorImpl.newInstance(NativeConstructorAccessorImpl.java:62)
at java.base/jdk.internal.reflect.DelegatingConstructorAccessorImpl.newInstance(DelegatingConstructorAccessorImpl.java:45)
at java.base/java.lang.reflect.Constructor.newInstance(Constructor.java:490)
at org.codehaus.groovy.reflection.CachedConstructor.invoke(CachedConstructor.java:80)
at org.codehaus.groovy.reflection.CachedConstructor.doConstructorInvoke(CachedConstructor.java:74)
at org.codehaus.groovy.runtime.callsite.ConstructorSite$ConstructorSiteNoUnwrap.callConstructor(ConstructorSite.java:84)
at org.codehaus.groovy.runtime.callsite.AbstractCallSite.callConstructor(AbstractCallSite.java:249)
at io.restassured.internal.ResponseSpecificationImpl$HamcrestAssertionClosure.validate(ResponseSpecificationImpl.groovy:493)
at io.restassured.internal.ResponseSpecificationImpl$HamcrestAssertionClosure$validate$1.call(Unknown Source)
at io.restassured.internal.ResponseSpecificationImpl.validateResponseIfRequired(ResponseSpecificationImpl.groovy:674)
at jdk.internal.reflect.GeneratedMethodAccessor93.invoke(Unknown Source)
at java.base/jdk.internal.reflect.DelegatingMethodAccessorImpl.invoke(DelegatingMethodAccessorImpl.java:43)
at java.base/java.lang.reflect.Method.invoke(Method.java:566)
at org.codehaus.groovy.runtime.callsite.PlainObjectMetaMethodSite.doInvoke(PlainObjectMetaMethodSite.java:43)
at org.codehaus.groovy.runtime.callsite.PogoMetaMethodSite$PogoCachedMethodSiteNoUnwrapNoCoerce.invoke(PogoMetaMethodSite.java:190)
at org.codehaus.groovy.runtime.callsite.PogoMetaMethodSite.callCurrent(PogoMetaMethodSite.java:58)
at org.codehaus.groovy.runtime.callsite.AbstractCallSite.callCurrent(AbstractCallSite.java:168)
at io.restassured.internal.ResponseSpecificationImpl.statusCode(ResponseSpecificationImpl.groovy:126)
at io.restassured.specification.ResponseSpecification$statusCode$0.callCurrent(Unknown Source)
at io.restassured.internal.ResponseSpecificationImpl.statusCode(ResponseSpecificationImpl.groovy:134)
at io.restassured.internal.ValidatableResponseOptionsImpl.statusCode(ValidatableResponseOptionsImpl.java:89)
at io.restassured.internal.ValidatableResponseImpl.super$2$statusCode(ValidatableResponseImpl.groovy)
at java.base/jdk.internal.reflect.NativeMethodAccessorImpl.invoke0(Native Method)
at java.base/jdk.internal.reflect.NativeMethodAccessorImpl.invoke(NativeMethodAccessorImpl.java:62)
at java.base/jdk.internal.reflect.DelegatingMethodAccessorImpl.invoke(DelegatingMethodAccessorImpl.java:43)
at java.base/java.lang.reflect.Method.invoke(Method.java:566)
at org.codehaus.groovy.reflection.CachedMethod.invoke(CachedMethod.java:101)
at groovy.lang.MetaMethod.doMethodInvoke(MetaMethod.java:323)
at groovy.lang.MetaClassImpl.invokeMethod(MetaClassImpl.java:1217)
at org.codehaus.groovy.runtime.ScriptBytecodeAdapter.invokeMethodOnSuperN(ScriptBytecodeAdapter.java:144)
at io.restassured.internal.ValidatableResponseImpl.statusCode(ValidatableResponseImpl.groovy:142)
at io.restassured.internal.ValidatableResponseImpl.statusCode(ValidatableResponseImpl.groovy)
at test.KFProcessAPISmokeTest.CreateNewProcessItem(KFProcessAPISmokeTest.java:352)
at test.KFProcessAPISmokeTest.submitItem(KFProcessAPISmokeTest.java:481)
at test.KFProcessAPISmokeTest.rejectItem(KFProcessAPISmokeTest.java:460)
at java.base/jdk.internal.reflect.NativeMethodAccessorImpl.invoke0(Native Method)
at java.base/jdk.internal.reflect.NativeMethodAccessorImpl.invoke(NativeMethodAccessorImpl.java:62)
at java.base/jdk.internal.reflect.DelegatingMethodAccessorImpl.invoke(DelegatingMethodAccessorImpl.java:43)
at java.base/java.lang.reflect.Method.invoke(Method.java:566)
at org.testng.internal.MethodInvocationHelper.invokeMethod(MethodInvocationHelper.java:133)
at org.testng.internal.TestInvoker.invokeMethod(TestInvoker.java:584)
at org.testng.internal.TestInvoker.invokeTestMethod(TestInvoker.java:172)
at org.testng.internal.MethodRunner.runInSequence(MethodRunner.java:46)
at org.testng.internal.TestInvoker$MethodInvocationAgent.invoke(TestInvoker.java:804)
at org.testng.internal.TestInvoker.invokeTestMethods(TestInvoker.java:145)
at org.testng.internal.TestMethodWorker.invokeTestMethods(TestMethodWorker.java:146)
at org.testng.internal.TestMethodWorker.run(TestMethodWorker.java:128)
at java.base/java.util.ArrayList.forEach(ArrayList.java:1540)
at org.testng.TestRunner.privateRun(TestRunner.java:770)
at org.testng.TestRunner.run(TestRunner.java:591)
at org.testng.SuiteRunner.runTest(SuiteRunner.java:402)
at org.testng.SuiteRunner.runSequentially(SuiteRunner.java:396)
at org.testng.SuiteRunner.privateRun(SuiteRunner.java:355)
at org.testng.SuiteRunner.run(SuiteRunner.java:304)
at org.testng.SuiteRunnerWorker.runSuite(SuiteRunnerWorker.java:53)
at org.testng.SuiteRunnerWorker.run(SuiteRunnerWorker.java:96)
at org.testng.TestNG.runSuitesSequentially(TestNG.java:1180)
at org.testng.TestNG.runSuitesLocally(TestNG.java:1102)
at org.testng.TestNG.runSuites(TestNG.java:1032)
at org.testng.TestNG.run(TestNG.java:1000)
at org.testng.remote.AbstractRemoteTestNG.run(AbstractRemoteTestNG.java:115)
at org.testng.remote.RemoteTestNG.initAndRun(RemoteTestNG.java:251)
at org.testng.remote.RemoteTestNG.main(RemoteTestNG.java:77)
]]>
    </failure>
  </testcase> <!-- rejectItem -->
  <testcase classname="test.KFProcessAPISmokeTest" name="addImgasUserToFormField" time="5.408">
    <failure message="1 expectation failed.
Expected status code &lt;200&gt; but was &lt;403&gt;.
" type="java.lang.AssertionError">
      <![CDATA[java.lang.AssertionError: 1 expectation failed.
Expected status code <200> but was <403>.

at java.base/jdk.internal.reflect.NativeConstructorAccessorImpl.newInstance0(Native Method)
at java.base/jdk.internal.reflect.NativeConstructorAccessorImpl.newInstance(NativeConstructorAccessorImpl.java:62)
at java.base/jdk.internal.reflect.DelegatingConstructorAccessorImpl.newInstance(DelegatingConstructorAccessorImpl.java:45)
at java.base/java.lang.reflect.Constructor.newInstance(Constructor.java:490)
at org.codehaus.groovy.reflection.CachedConstructor.invoke(CachedConstructor.java:80)
at org.codehaus.groovy.reflection.CachedConstructor.doConstructorInvoke(CachedConstructor.java:74)
at org.codehaus.groovy.runtime.callsite.ConstructorSite$ConstructorSiteNoUnwrap.callConstructor(ConstructorSite.java:84)
at org.codehaus.groovy.runtime.callsite.AbstractCallSite.callConstructor(AbstractCallSite.java:249)
at io.restassured.internal.ResponseSpecificationImpl$HamcrestAssertionClosure.validate(ResponseSpecificationImpl.groovy:493)
at io.restassured.internal.ResponseSpecificationImpl$HamcrestAssertionClosure$validate$1.call(Unknown Source)
at io.restassured.internal.ResponseSpecificationImpl.validateResponseIfRequired(ResponseSpecificationImpl.groovy:674)
at jdk.internal.reflect.GeneratedMethodAccessor93.invoke(Unknown Source)
at java.base/jdk.internal.reflect.DelegatingMethodAccessorImpl.invoke(DelegatingMethodAccessorImpl.java:43)
at java.base/java.lang.reflect.Method.invoke(Method.java:566)
at org.codehaus.groovy.runtime.callsite.PlainObjectMetaMethodSite.doInvoke(PlainObjectMetaMethodSite.java:43)
at org.codehaus.groovy.runtime.callsite.PogoMetaMethodSite$PogoCachedMethodSiteNoUnwrapNoCoerce.invoke(PogoMetaMethodSite.java:190)
at org.codehaus.groovy.runtime.callsite.PogoMetaMethodSite.callCurrent(PogoMetaMethodSite.java:58)
at org.codehaus.groovy.runtime.callsite.AbstractCallSite.callCurrent(AbstractCallSite.java:168)
at io.restassured.internal.ResponseSpecificationImpl.statusCode(ResponseSpecificationImpl.groovy:126)
at io.restassured.specification.ResponseSpecification$statusCode$0.callCurrent(Unknown Source)
at io.restassured.internal.ResponseSpecificationImpl.statusCode(ResponseSpecificationImpl.groovy:134)
at io.restassured.internal.ValidatableResponseOptionsImpl.statusCode(ValidatableResponseOptionsImpl.java:89)
at io.restassured.internal.ValidatableResponseImpl.super$2$statusCode(ValidatableResponseImpl.groovy)
at java.base/jdk.internal.reflect.NativeMethodAccessorImpl.invoke0(Native Method)
at java.base/jdk.internal.reflect.NativeMethodAccessorImpl.invoke(NativeMethodAccessorImpl.java:62)
at java.base/jdk.internal.reflect.DelegatingMethodAccessorImpl.invoke(DelegatingMethodAccessorImpl.java:43)
at java.base/java.lang.reflect.Method.invoke(Method.java:566)
at org.codehaus.groovy.reflection.CachedMethod.invoke(CachedMethod.java:101)
at groovy.lang.MetaMethod.doMethodInvoke(MetaMethod.java:323)
at groovy.lang.MetaClassImpl.invokeMethod(MetaClassImpl.java:1217)
at org.codehaus.groovy.runtime.ScriptBytecodeAdapter.invokeMethodOnSuperN(ScriptBytecodeAdapter.java:144)
at io.restassured.internal.ValidatableResponseImpl.statusCode(ValidatableResponseImpl.groovy:142)
at io.restassured.internal.ValidatableResponseImpl.statusCode(ValidatableResponseImpl.groovy)
at test.KFProcessAPISmokeTest.CreateNewProcessItem(KFProcessAPISmokeTest.java:352)
at test.KFProcessAPISmokeTest.addImgasUserToFormField(KFProcessAPISmokeTest.java:522)
at java.base/jdk.internal.reflect.NativeMethodAccessorImpl.invoke0(Native Method)
at java.base/jdk.internal.reflect.NativeMethodAccessorImpl.invoke(NativeMethodAccessorImpl.java:62)
at java.base/jdk.internal.reflect.DelegatingMethodAccessorImpl.invoke(DelegatingMethodAccessorImpl.java:43)
at java.base/java.lang.reflect.Method.invoke(Method.java:566)
at org.testng.internal.MethodInvocationHelper.invokeMethod(MethodInvocationHelper.java:133)
at org.testng.internal.TestInvoker.invokeMethod(TestInvoker.java:584)
at org.testng.internal.TestInvoker.invokeTestMethod(TestInvoker.java:172)
at org.testng.internal.MethodRunner.runInSequence(MethodRunner.java:46)
at org.testng.internal.TestInvoker$MethodInvocationAgent.invoke(TestInvoker.java:804)
at org.testng.internal.TestInvoker.invokeTestMethods(TestInvoker.java:145)
at org.testng.internal.TestMethodWorker.invokeTestMethods(TestMethodWorker.java:146)
at org.testng.internal.TestMethodWorker.run(TestMethodWorker.java:128)
at java.base/java.util.ArrayList.forEach(ArrayList.java:1540)
at org.testng.TestRunner.privateRun(TestRunner.java:770)
at org.testng.TestRunner.run(TestRunner.java:591)
at org.testng.SuiteRunner.runTest(SuiteRunner.java:402)
at org.testng.SuiteRunner.runSequentially(SuiteRunner.java:396)
at org.testng.SuiteRunner.privateRun(SuiteRunner.java:355)
at org.testng.SuiteRunner.run(SuiteRunner.java:304)
at org.testng.SuiteRunnerWorker.runSuite(SuiteRunnerWorker.java:53)
at org.testng.SuiteRunnerWorker.run(SuiteRunnerWorker.java:96)
at org.testng.TestNG.runSuitesSequentially(TestNG.java:1180)
at org.testng.TestNG.runSuitesLocally(TestNG.java:1102)
at org.testng.TestNG.runSuites(TestNG.java:1032)
at org.testng.TestNG.run(TestNG.java:1000)
at org.testng.remote.AbstractRemoteTestNG.run(AbstractRemoteTestNG.java:115)
at org.testng.remote.RemoteTestNG.initAndRun(RemoteTestNG.java:251)
at org.testng.remote.RemoteTestNG.main(RemoteTestNG.java:77)
]]>
    </failure>
  </testcase> <!-- addImgasUserToFormField -->
  <testcase classname="test.KFProcessAPISmokeTest" name="getStatusProcessItems" time="0.528"/>
  <testcase classname="test.KFProcessAPISmokeTest" name="getStatusProcessItems" time="0.492">
    <failure message="1 expectation failed.
Response body doesn&#039;t match expectation.
Expected: The content to match the given JSON schema.
warning: the following keywords are unknown and will be ignored: [$id]
    level: &quot;warning&quot;
    schema: {&quot;loadingURI&quot;:&quot;file:/Users/anuradharaman/eclipse-workspace/Anu/KFAPITestAutomation/target/test-classes/getStatusProcessItems.json#&quot;,&quot;pointer&quot;:&quot;&quot;}
    domain: &quot;syntax&quot;
    ignored: [&quot;$id&quot;]
warning: the following keywords are unknown and will be ignored: [$id]
    level: &quot;warning&quot;
    schema: {&quot;loadingURI&quot;:&quot;file:/Users/anuradharaman/eclipse-workspace/Anu/KFAPITestAutomation/target/test-classes/getStatusProcessItems.json#&quot;,&quot;pointer&quot;:&quot;/properties/Columns&quot;}
    domain: &quot;syntax&quot;
    ignored: [&quot;$id&quot;]
warning: the following keywords are unknown and will be ignored: [$id, examples]
    level: &quot;warning&quot;
    schema: {&quot;loadingURI&quot;:&quot;file:/Users/anuradharaman/eclipse-workspace/Anu/KFAPITestAutomation/target/test-classes/getStatusProcessItems.json#&quot;,&quot;pointer&quot;:&quot;/properties/Columns/items&quot;}
    domain: &quot;syntax&quot;
    ignored: [&quot;$id&quot;,&quot;examples&quot;]
warning: the following keywords are unknown and will be ignored: [$id, examples]
    level: &quot;warning&quot;
    schema: {&quot;loadingURI&quot;:&quot;file:/Users/anuradharaman/eclipse-workspace/Anu/KFAPITestAutomation/target/test-classes/getStatusProcessItems.json#&quot;,&quot;pointer&quot;:&quot;/properties/Columns/items/properties/FilterKey&quot;}
    domain: &quot;syntax&quot;
    ignored: [&quot;$id&quot;,&quot;examples&quot;]
warning: the following keywords are unknown and will be ignored: [$id, examples]
    level: &quot;warning&quot;
    schema: {&quot;loadingURI&quot;:&quot;file:/Users/anuradharaman/eclipse-workspace/Anu/KFAPITestAutomation/target/test-classes/getStatusProcessItems.json#&quot;,&quot;pointer&quot;:&quot;/properties/Columns/items/properties/Id&quot;}
    domain: &quot;syntax&quot;
    ignored: [&quot;$id&quot;,&quot;examples&quot;]
warning: the following keywords are unknown and will be ignored: [$id, examples]
    level: &quot;warning&quot;
    schema: {&quot;loadingURI&quot;:&quot;file:/Users/anuradharaman/eclipse-workspace/Anu/KFAPITestAutomation/target/test-classes/getStatusProcessItems.json#&quot;,&quot;pointer&quot;:&quot;/properties/Columns/items/properties/Name&quot;}
    domain: &quot;syntax&quot;
    ignored: [&quot;$id&quot;,&quot;examples&quot;]
warning: the following keywords are unknown and will be ignored: [$id, examples]
    level: &quot;warning&quot;
    schema: {&quot;loadingURI&quot;:&quot;file:/Users/anuradharaman/eclipse-workspace/Anu/KFAPITestAutomation/target/test-classes/getStatusProcessItems.json#&quot;,&quot;pointer&quot;:&quot;/properties/Columns/items/properties/ReadOnly&quot;}
    domain: &quot;syntax&quot;
    ignored: [&quot;$id&quot;,&quot;examples&quot;]
warning: the following keywords are unknown and will be ignored: [$id, examples]
    level: &quot;warning&quot;
    schema: {&quot;loadingURI&quot;:&quot;file:/Users/anuradharaman/eclipse-workspace/Anu/KFAPITestAutomation/target/test-classes/getStatusProcessItems.json#&quot;,&quot;pointer&quot;:&quot;/properties/Columns/items/properties/Type&quot;}
    domain: &quot;syntax&quot;
    ignored: [&quot;$id&quot;,&quot;examples&quot;]
warning: the following keywords are unknown and will be ignored: [$id]
    level: &quot;warning&quot;
    schema: {&quot;loadingURI&quot;:&quot;file:/Users/anuradharaman/eclipse-workspace/Anu/KFAPITestAutomation/target/test-classes/getStatusProcessItems.json#&quot;,&quot;pointer&quot;:&quot;/properties/Data&quot;}
    domain: &quot;syntax&quot;
    ignored: [&quot;$id&quot;]
warning: the following keywords are unknown and will be ignored: [$id, examples]
    level: &quot;warning&quot;
    schema: {&quot;loadingURI&quot;:&quot;file:/Users/anuradharaman/eclipse-workspace/Anu/KFAPITestAutomation/target/test-classes/getStatusProcessItems.json#&quot;,&quot;pointer&quot;:&quot;/properties/Data/items&quot;}
    domain: &quot;syntax&quot;
    ignored: [&quot;$id&quot;,&quot;examples&quot;]
warning: the following keywords are unknown and will be ignored: [$id, examples]
    level: &quot;warning&quot;
    schema: {&quot;loadingURI&quot;:&quot;file:/Users/anuradharaman/eclipse-workspace/Anu/KFAPITestAutomation/target/test-classes/getStatusProcessItems.json#&quot;,&quot;pointer&quot;:&quot;/properties/Data/items/properties/FlowId&quot;}
    domain: &quot;syntax&quot;
    ignored: [&quot;$id&quot;,&quot;examples&quot;]
warning: the following keywords are unknown and will be ignored: [$id, examples]
    level: &quot;warning&quot;
    schema: {&quot;loadingURI&quot;:&quot;file:/Users/anuradharaman/eclipse-workspace/Anu/KFAPITestAutomation/target/test-classes/getStatusProcessItems.json#&quot;,&quot;pointer&quot;:&quot;/properties/Data/items/properties/FlowName&quot;}
    domain: &quot;syntax&quot;
    ignored: [&quot;$id&quot;,&quot;examples&quot;]
warning: the following keywords are unknown and will be ignored: [$id, examples]
    level: &quot;warning&quot;
    schema: {&quot;loadingURI&quot;:&quot;file:/Users/anuradharaman/eclipse-workspace/Anu/KFAPITestAutomation/target/test-classes/getStatusProcessItems.json#&quot;,&quot;pointer&quot;:&quot;/properties/Data/items/properties/FlowType&quot;}
    domain: &quot;syntax&quot;
    ignored: [&quot;$id&quot;,&quot;examples&quot;]
warning: the following keywords are unknown and will be ignored: [$id, examples]
    level: &quot;warning&quot;
    schema: {&quot;loadingURI&quot;:&quot;file:/Users/anuradharaman/eclipse-workspace/Anu/KFAPITestAutomation/target/test-classes/getStatusProcessItems.json#&quot;,&quot;pointer&quot;:&quot;/properties/Data/items/properties/Name&quot;}
    domain: &quot;syntax&quot;
    ignored: [&quot;$id&quot;,&quot;examples&quot;]
warning: the following keywords are unknown and will be ignored: [$id, examples]
    level: &quot;warning&quot;
    schema: {&quot;loadingURI&quot;:&quot;file:/Users/anuradharaman/eclipse-workspace/Anu/KFAPITestAutomation/target/test-classes/getStatusProcessItems.json#&quot;,&quot;pointer&quot;:&quot;/properties/Data/items/properties/_activity_instance_id&quot;}
    domain: &quot;syntax&quot;
    ignored: [&quot;$id&quot;,&quot;examples&quot;]
warning: the following keywords are unknown and will be ignored: [$id, examples]
    level: &quot;warning&quot;
    schema: {&quot;loadingURI&quot;:&quot;file:/Users/anuradharaman/eclipse-workspace/Anu/KFAPITestAutomation/target/test-classes/getStatusProcessItems.json#&quot;,&quot;pointer&quot;:&quot;/properties/Data/items/properties/_created_at&quot;}
    domain: &quot;syntax&quot;
    ignored: [&quot;$id&quot;,&quot;examples&quot;]
warning: the following keywords are unknown and will be ignored: [$id, examples]
    level: &quot;warning&quot;
    schema: {&quot;loadingURI&quot;:&quot;file:/Users/anuradharaman/eclipse-workspace/Anu/KFAPITestAutomation/target/test-classes/getStatusProcessItems.json#&quot;,&quot;pointer&quot;:&quot;/properties/Data/items/properties/_id&quot;}
    domain: &quot;syntax&quot;
    ignored: [&quot;$id&quot;,&quot;examples&quot;]
warning: the following keywords are unknown and will be ignored: [$id]
    level: &quot;warning&quot;
    schema: {&quot;loadingURI&quot;:&quot;file:/Users/anuradharaman/eclipse-workspace/Anu/KFAPITestAutomation/target/test-classes/getStatusProcessItems.json#&quot;,&quot;pointer&quot;:&quot;/properties/Fields&quot;}
    domain: &quot;syntax&quot;
    ignored: [&quot;$id&quot;]
warning: the following keywords are unknown and will be ignored: [$id, examples]
    level: &quot;warning&quot;
    schema: {&quot;loadingURI&quot;:&quot;file:/Users/anuradharaman/eclipse-workspace/Anu/KFAPITestAutomation/target/test-classes/getStatusProcessItems.json#&quot;,&quot;pointer&quot;:&quot;/properties/Fields/items&quot;}
    domain: &quot;syntax&quot;
    ignored: [&quot;$id&quot;,&quot;examples&quot;]
warning: the following keywords are unknown and will be ignored: [$id, examples]
    level: &quot;warning&quot;
    schema: {&quot;loadingURI&quot;:&quot;file:/Users/anuradharaman/eclipse-workspace/Anu/KFAPITestAutomation/target/test-classes/getStatusProcessItems.json#&quot;,&quot;pointer&quot;:&quot;/properties/Fields/items/properties/FilterKey&quot;}
    domain: &quot;syntax&quot;
    ignored: [&quot;$id&quot;,&quot;examples&quot;]
warning: the following keywords are unknown and will be ignored: [$id, examples]
    level: &quot;warning&quot;
    schema: {&quot;loadingURI&quot;:&quot;file:/Users/anuradharaman/eclipse-workspace/Anu/KFAPITestAutomation/target/test-classes/getStatusProcessItems.json#&quot;,&quot;pointer&quot;:&quot;/properties/Fields/items/properties/Id&quot;}
    domain: &quot;syntax&quot;
    ignored: [&quot;$id&quot;,&quot;examples&quot;]
warning: the following keywords are unknown and will be ignored: [$id, examples]
    level: &quot;warning&quot;
    schema: {&quot;loadingURI&quot;:&quot;file:/Users/anuradharaman/eclipse-workspace/Anu/KFAPITestAutomation/target/test-classes/getStatusProcessItems.json#&quot;,&quot;pointer&quot;:&quot;/properties/Fields/items/properties/Name&quot;}
    domain: &quot;syntax&quot;
    ignored: [&quot;$id&quot;,&quot;examples&quot;]
warning: the following keywords are unknown and will be ignored: [$id, examples]
    level: &quot;warning&quot;
    schema: {&quot;loadingURI&quot;:&quot;file:/Users/anuradharaman/eclipse-workspace/Anu/KFAPITestAutomation/target/test-classes/getStatusProcessItems.json#&quot;,&quot;pointer&quot;:&quot;/properties/Fields/items/properties/ReadOnly&quot;}
    domain: &quot;syntax&quot;
    ignored: [&quot;$id&quot;,&quot;examples&quot;]
warning: the following keywords are unknown and will be ignored: [$id, examples]
    level: &quot;warning&quot;
    schema: {&quot;loadingURI&quot;:&quot;file:/Users/anuradharaman/eclipse-workspace/Anu/KFAPITestAutomation/target/test-classes/getStatusProcessItems.json#&quot;,&quot;pointer&quot;:&quot;/properties/Fields/items/properties/Type&quot;}
    domain: &quot;syntax&quot;
    ignored: [&quot;$id&quot;,&quot;examples&quot;]
warning: the following keywords are unknown and will be ignored: [$id]
    level: &quot;warning&quot;
    schema: {&quot;loadingURI&quot;:&quot;file:/Users/anuradharaman/eclipse-workspace/Anu/KFAPITestAutomation/target/test-classes/getStatusProcessItems.json#&quot;,&quot;pointer&quot;:&quot;/properties/Filter&quot;}
    domain: &quot;syntax&quot;
    ignored: [&quot;$id&quot;]
warning: the following keywords are unknown and will be ignored: [$id, examples]
    level: &quot;warning&quot;
    schema: {&quot;loadingURI&quot;:&quot;file:/Users/anuradharaman/eclipse-workspace/Anu/KFAPITestAutomation/target/test-classes/getStatusProcessItems.json#&quot;,&quot;pointer&quot;:&quot;/properties/PageSize&quot;}
    domain: &quot;syntax&quot;
    ignored: [&quot;$id&quot;,&quot;examples&quot;]
warning: the following keywords are unknown and will be ignored: [$id]
    level: &quot;warning&quot;
    schema: {&quot;loadingURI&quot;:&quot;file:/Users/anuradharaman/eclipse-workspace/Anu/KFAPITestAutomation/target/test-classes/getStatusProcessItems.json#&quot;,&quot;pointer&quot;:&quot;/properties/Sort&quot;}
    domain: &quot;syntax&quot;
    ignored: [&quot;$id&quot;]
warning: the following keywords are unknown and will be ignored: [$id, examples]
    level: &quot;warning&quot;
    schema: {&quot;loadingURI&quot;:&quot;file:/Users/anuradharaman/eclipse-workspace/Anu/KFAPITestAutomation/target/test-classes/getStatusProcessItems.json#&quot;,&quot;pointer&quot;:&quot;/properties/_id&quot;}
    domain: &quot;syntax&quot;
    ignored: [&quot;$id&quot;,&quot;examples&quot;]
warning: the following keywords are unknown and will be ignored: [$id]
    level: &quot;warning&quot;
    schema: {&quot;loadingURI&quot;:&quot;file:/Users/anuradharaman/eclipse-workspace/Anu/KFAPITestAutomation/target/test-classes/getStatusProcessItems.json#&quot;,&quot;pointer&quot;:&quot;/properties/Columns&quot;}
    domain: &quot;syntax&quot;
    ignored: [&quot;$id&quot;]
warning: the following keywords are unknown and will be ignored: [$id, examples]
    level: &quot;warning&quot;
    schema: {&quot;loadingURI&quot;:&quot;file:/Users/anuradharaman/eclipse-workspace/Anu/KFAPITestAutomation/target/test-classes/getStatusProcessItems.json#&quot;,&quot;pointer&quot;:&quot;/properties/Columns/items&quot;}
    domain: &quot;syntax&quot;
    ignored: [&quot;$id&quot;,&quot;examples&quot;]
warning: the following keywords are unknown and will be ignored: [$id, examples]
    level: &quot;warning&quot;
    schema: {&quot;loadingURI&quot;:&quot;file:/Users/anuradharaman/eclipse-workspace/Anu/KFAPITestAutomation/target/test-classes/getStatusProcessItems.json#&quot;,&quot;pointer&quot;:&quot;/properties/Columns/items/properties/FilterKey&quot;}
    domain: &quot;syntax&quot;
    ignored: [&quot;$id&quot;,&quot;examples&quot;]
warning: the following keywords are unknown and will be ignored: [$id, examples]
    level: &quot;warning&quot;
    schema: {&quot;loadingURI&quot;:&quot;file:/Users/anuradharaman/eclipse-workspace/Anu/KFAPITestAutomation/target/test-classes/getStatusProcessItems.json#&quot;,&quot;pointer&quot;:&quot;/properties/Columns/items/properties/Id&quot;}
    domain: &quot;syntax&quot;
    ignored: [&quot;$id&quot;,&quot;examples&quot;]
warning: the following keywords are unknown and will be ignored: [$id, examples]
    level: &quot;warning&quot;
    schema: {&quot;loadingURI&quot;:&quot;file:/Users/anuradharaman/eclipse-workspace/Anu/KFAPITestAutomation/target/test-classes/getStatusProcessItems.json#&quot;,&quot;pointer&quot;:&quot;/properties/Columns/items/properties/Name&quot;}
    domain: &quot;syntax&quot;
    ignored: [&quot;$id&quot;,&quot;examples&quot;]
warning: the following keywords are unknown and will be ignored: [$id, examples]
    level: &quot;warning&quot;
    schema: {&quot;loadingURI&quot;:&quot;file:/Users/anuradharaman/eclipse-workspace/Anu/KFAPITestAutomation/target/test-classes/getStatusProcessItems.json#&quot;,&quot;pointer&quot;:&quot;/properties/Columns/items/properties/ReadOnly&quot;}
    domain: &quot;syntax&quot;
    ignored: [&quot;$id&quot;,&quot;examples&quot;]
warning: the following keywords are unknown and will be ignored: [$id, examples]
    level: &quot;warning&quot;
    schema: {&quot;loadingURI&quot;:&quot;file:/Users/anuradharaman/eclipse-workspace/Anu/KFAPITestAutomation/target/test-classes/getStatusProcessItems.json#&quot;,&quot;pointer&quot;:&quot;/properties/Columns/items/properties/Type&quot;}
    domain: &quot;syntax&quot;
    ignored: [&quot;$id&quot;,&quot;examples&quot;]
warning: the following keywords are unknown and will be ignored: [$id, examples]
    level: &quot;warning&quot;
    schema: {&quot;loadingURI&quot;:&quot;file:/Users/anuradharaman/eclipse-workspace/Anu/KFAPITestAutomation/target/test-classes/getStatusProcessItems.json#&quot;,&quot;pointer&quot;:&quot;/properties/Columns/items&quot;}
    domain: &quot;syntax&quot;
    ignored: [&quot;$id&quot;,&quot;examples&quot;]
warning: the following keywords are unknown and will be ignored: [$id, examples]
    level: &quot;warning&quot;
    schema: {&quot;loadingURI&quot;:&quot;file:/Users/anuradharaman/eclipse-workspace/Anu/KFAPITestAutomation/target/test-classes/getStatusProcessItems.json#&quot;,&quot;pointer&quot;:&quot;/properties/Columns/items/properties/FilterKey&quot;}
    domain: &quot;syntax&quot;
    ignored: [&quot;$id&quot;,&quot;examples&quot;]
warning: the following keywords are unknown and will be ignored: [$id, examples]
    level: &quot;warning&quot;
    schema: {&quot;loadingURI&quot;:&quot;file:/Users/anuradharaman/eclipse-workspace/Anu/KFAPITestAutomation/target/test-classes/getStatusProcessItems.json#&quot;,&quot;pointer&quot;:&quot;/properties/Columns/items/properties/Id&quot;}
    domain: &quot;syntax&quot;
    ignored: [&quot;$id&quot;,&quot;examples&quot;]
warning: the following keywords are unknown and will be ignored: [$id, examples]
    level: &quot;warning&quot;
    schema: {&quot;loadingURI&quot;:&quot;file:/Users/anuradharaman/eclipse-workspace/Anu/KFAPITestAutomation/target/test-classes/getStatusProcessItems.json#&quot;,&quot;pointer&quot;:&quot;/properties/Columns/items/properties/Name&quot;}
    domain: &quot;syntax&quot;
    ignored: [&quot;$id&quot;,&quot;examples&quot;]
warning: the following keywords are unknown and will be ignored: [$id, examples]
    level: &quot;warning&quot;
    schema: {&quot;loadingURI&quot;:&quot;file:/Users/anuradharaman/eclipse-workspace/Anu/KFAPITestAutomation/target/test-classes/getStatusProcessItems.json#&quot;,&quot;pointer&quot;:&quot;/properties/Columns/items/properties/ReadOnly&quot;}
    domain: &quot;syntax&quot;
    ignored: [&quot;$id&quot;,&quot;examples&quot;]
warning: the following keywords are unknown and will be ignored: [$id, examples]
    level: &quot;warning&quot;
    schema: {&quot;loadingURI&quot;:&quot;file:/Users/anuradharaman/eclipse-workspace/Anu/KFAPITestAutomation/target/test-classes/getStatusProcessItems.json#&quot;,&quot;pointer&quot;:&quot;/properties/Columns/items/properties/Type&quot;}
    domain: &quot;syntax&quot;
    ignored: [&quot;$id&quot;,&quot;examples&quot;]
warning: the following keywords are unknown and will be ignored: [$id, examples]
    level: &quot;warning&quot;
    schema: {&quot;loadingURI&quot;:&quot;file:/Users/anuradharaman/eclipse-workspace/Anu/KFAPITestAutomation/target/test-classes/getStatusProcessItems.json#&quot;,&quot;pointer&quot;:&quot;/properties/Columns/items/properties/FilterKey&quot;}
    domain: &quot;syntax&quot;
    ignored: [&quot;$id&quot;,&quot;examples&quot;]
warning: the following keywords are unknown and will be ignored: [$id, examples]
    level: &quot;warning&quot;
    schema: {&quot;loadingURI&quot;:&quot;file:/Users/anuradharaman/eclipse-workspace/Anu/KFAPITestAutomation/target/test-classes/getStatusProcessItems.json#&quot;,&quot;pointer&quot;:&quot;/properties/Columns/items/properties/Id&quot;}
    domain: &quot;syntax&quot;
    ignored: [&quot;$id&quot;,&quot;examples&quot;]
warning: the following keywords are unknown and will be ignored: [$id, examples]
    level: &quot;warning&quot;
    schema: {&quot;loadingURI&quot;:&quot;file:/Users/anuradharaman/eclipse-workspace/Anu/KFAPITestAutomation/target/test-classes/getStatusProcessItems.json#&quot;,&quot;pointer&quot;:&quot;/properties/Columns/items/properties/Name&quot;}
    domain: &quot;syntax&quot;
    ignored: [&quot;$id&quot;,&quot;examples&quot;]
warning: the following keywords are unknown and will be ignored: [$id, examples]
    level: &quot;warning&quot;
    schema: {&quot;loadingURI&quot;:&quot;file:/Users/anuradharaman/eclipse-workspace/Anu/KFAPITestAutomation/target/test-classes/getStatusProcessItems.json#&quot;,&quot;pointer&quot;:&quot;/properties/Columns/items/properties/ReadOnly&quot;}
    domain: &quot;syntax&quot;
    ignored: [&quot;$id&quot;,&quot;examples&quot;]
warning: the following keywords are unknown and will be ignored: [$id, examples]
    level: &quot;warning&quot;
    schema: {&quot;loadingURI&quot;:&quot;file:/Users/anuradharaman/eclipse-workspace/Anu/KFAPITestAutomation/target/test-classes/getStatusProcessItems.json#&quot;,&quot;pointer&quot;:&quot;/properties/Columns/items/properties/Type&quot;}
    domain: &quot;syntax&quot;
    ignored: [&quot;$id&quot;,&quot;examples&quot;]
warning: the following keywords are unknown and will be ignored: [$id, examples]
    level: &quot;warning&quot;
    schema: {&quot;loadingURI&quot;:&quot;file:/Users/anuradharaman/eclipse-workspace/Anu/KFAPITestAutomation/target/test-classes/getStatusProcessItems.json#&quot;,&quot;pointer&quot;:&quot;/properties/Columns/items&quot;}
    domain: &quot;syntax&quot;
    ignored: [&quot;$id&quot;,&quot;examples&quot;]
warning: the following keywords are unknown and will be ignored: [$id, examples]
    level: &quot;warning&quot;
    schema: {&quot;loadingURI&quot;:&quot;file:/Users/anuradharaman/eclipse-workspace/Anu/KFAPITestAutomation/target/test-classes/getStatusProcessItems.json#&quot;,&quot;pointer&quot;:&quot;/properties/Columns/items/properties/FilterKey&quot;}
    domain: &quot;syntax&quot;
    ignored: [&quot;$id&quot;,&quot;examples&quot;]
warning: the following keywords are unknown and will be ignored: [$id, examples]
    level: &quot;warning&quot;
    schema: {&quot;loadingURI&quot;:&quot;file:/Users/anuradharaman/eclipse-workspace/Anu/KFAPITestAutomation/target/test-classes/getStatusProcessItems.json#&quot;,&quot;pointer&quot;:&quot;/properties/Columns/items/properties/Id&quot;}
    domain: &quot;syntax&quot;
    ignored: [&quot;$id&quot;,&quot;examples&quot;]
warning: the following keywords are unknown and will be ignored: [$id, examples]
    level: &quot;warning&quot;
    schema: {&quot;loadingURI&quot;:&quot;file:/Users/anuradharaman/eclipse-workspace/Anu/KFAPITestAutomation/target/test-classes/getStatusProcessItems.json#&quot;,&quot;pointer&quot;:&quot;/properties/Columns/items/properties/Name&quot;}
    domain: &quot;syntax&quot;
    ignored: [&quot;$id&quot;,&quot;examples&quot;]
warning: the following keywords are unknown and will be ignored: [$id, examples]
    level: &quot;warning&quot;
    schema: {&quot;loadingURI&quot;:&quot;file:/Users/anuradharaman/eclipse-workspace/Anu/KFAPITestAutomation/target/test-classes/getStatusProcessItems.json#&quot;,&quot;pointer&quot;:&quot;/properties/Columns/items/properties/ReadOnly&quot;}
    domain: &quot;syntax&quot;
    ignored: [&quot;$id&quot;,&quot;examples&quot;]
warning: the following keywords are unknown and will be ignored: [$id, examples]
    level: &quot;warning&quot;
    schema: {&quot;loadingURI&quot;:&quot;file:/Users/anuradharaman/eclipse-workspace/Anu/KFAPITestAutomation/target/test-classes/getStatusProcessItems.json#&quot;,&quot;pointer&quot;:&quot;/properties/Columns/items/properties/Type&quot;}
    domain: &quot;syntax&quot;
    ignored: [&quot;$id&quot;,&quot;examples&quot;]
warning: the following keywords are unknown and will be ignored: [$id, examples]
    level: &quot;warning&quot;
    schema: {&quot;loadingURI&quot;:&quot;file:/Users/anuradharaman/eclipse-workspace/Anu/KFAPITestAutomation/target/test-classes/getStatusProcessItems.json#&quot;,&quot;pointer&quot;:&quot;/properties/Columns/items/properties/FilterKey&quot;}
    domain: &quot;syntax&quot;
    ignored: [&quot;$id&quot;,&quot;examples&quot;]
warning: the following keywords are unknown and will be ignored: [$id, examples]
    level: &quot;warning&quot;
    schema: {&quot;loadingURI&quot;:&quot;file:/Users/anuradharaman/eclipse-workspace/Anu/KFAPITestAutomation/target/test-classes/getStatusProcessItems.json#&quot;,&quot;pointer&quot;:&quot;/properties/Columns/items/properties/Id&quot;}
    domain: &quot;syntax&quot;
    ignored: [&quot;$id&quot;,&quot;examples&quot;]
warning: the following keywords are unknown and will be ignored: [$id, examples]
    level: &quot;warning&quot;
    schema: {&quot;loadingURI&quot;:&quot;file:/Users/anuradharaman/eclipse-workspace/Anu/KFAPITestAutomation/target/test-classes/getStatusProcessItems.json#&quot;,&quot;pointer&quot;:&quot;/properties/Columns/items/properties/Name&quot;}
    domain: &quot;syntax&quot;
    ignored: [&quot;$id&quot;,&quot;examples&quot;]
warning: the following keywords are unknown and will be ignored: [$id, examples]
    level: &quot;warning&quot;
    schema: {&quot;loadingURI&quot;:&quot;file:/Users/anuradharaman/eclipse-workspace/Anu/KFAPITestAutomation/target/test-classes/getStatusProcessItems.json#&quot;,&quot;pointer&quot;:&quot;/properties/Columns/items/properties/ReadOnly&quot;}
    domain: &quot;syntax&quot;
    ignored: [&quot;$id&quot;,&quot;examples&quot;]
warning: the following keywords are unknown and will be ignored: [$id, examples]
    level: &quot;warning&quot;
    schema: {&quot;loadingURI&quot;:&quot;file:/Users/anuradharaman/eclipse-workspace/Anu/KFAPITestAutomation/target/test-classes/getStatusProcessItems.json#&quot;,&quot;pointer&quot;:&quot;/properties/Columns/items/properties/Type&quot;}
    domain: &quot;syntax&quot;
    ignored: [&quot;$id&quot;,&quot;examples&quot;]
warning: the following keywords are unknown and will be ignored: [$id, examples]
    level: &quot;warning&quot;
    schema: {&quot;loadingURI&quot;:&quot;file:/Users/anuradharaman/eclipse-workspace/Anu/KFAPITestAutomation/target/test-classes/getStatusProcessItems.json#&quot;,&quot;pointer&quot;:&quot;/properties/Columns/items&quot;}
    domain: &quot;syntax&quot;
    ignored: [&quot;$id&quot;,&quot;examples&quot;]
warning: the following keywords are unknown and will be ignored: [$id, examples]
    level: &quot;warning&quot;
    schema: {&quot;loadingURI&quot;:&quot;file:/Users/anuradharaman/eclipse-workspace/Anu/KFAPITestAutomation/target/test-classes/getStatusProcessItems.json#&quot;,&quot;pointer&quot;:&quot;/properties/Columns/items/properties/FilterKey&quot;}
    domain: &quot;syntax&quot;
    ignored: [&quot;$id&quot;,&quot;examples&quot;]
warning: the following keywords are unknown and will be ignored: [$id, examples]
    level: &quot;warning&quot;
    schema: {&quot;loadingURI&quot;:&quot;file:/Users/anuradharaman/eclipse-workspace/Anu/KFAPITestAutomation/target/test-classes/getStatusProcessItems.json#&quot;,&quot;pointer&quot;:&quot;/properties/Columns/items/properties/Id&quot;}
    domain: &quot;syntax&quot;
    ignored: [&quot;$id&quot;,&quot;examples&quot;]
warning: the following keywords are unknown and will be ignored: [$id, examples]
    level: &quot;warning&quot;
    schema: {&quot;loadingURI&quot;:&quot;file:/Users/anuradharaman/eclipse-workspace/Anu/KFAPITestAutomation/target/test-classes/getStatusProcessItems.json#&quot;,&quot;pointer&quot;:&quot;/properties/Columns/items/properties/Name&quot;}
    domain: &quot;syntax&quot;
    ignored: [&quot;$id&quot;,&quot;examples&quot;]
warning: the following keywords are unknown and will be ignored: [$id, examples]
    level: &quot;warning&quot;
    schema: {&quot;loadingURI&quot;:&quot;file:/Users/anuradharaman/eclipse-workspace/Anu/KFAPITestAutomation/target/test-classes/getStatusProcessItems.json#&quot;,&quot;pointer&quot;:&quot;/properties/Columns/items/properties/ReadOnly&quot;}
    domain: &quot;syntax&quot;
    ignored: [&quot;$id&quot;,&quot;examples&quot;]
warning: the following keywords are unknown and will be ignored: [$id, examples]
    level: &quot;warning&quot;
    schema: {&quot;loadingURI&quot;:&quot;file:/Users/anuradharaman/eclipse-workspace/Anu/KFAPITestAutomation/target/test-classes/getStatusProcessItems.json#&quot;,&quot;pointer&quot;:&quot;/properties/Columns/items/properties/Type&quot;}
    domain: &quot;syntax&quot;
    ignored: [&quot;$id&quot;,&quot;examples&quot;]
warning: the following keywords are unknown and will be ignored: [$id, examples]
    level: &quot;warning&quot;
    schema: {&quot;loadingURI&quot;:&quot;file:/Users/anuradharaman/eclipse-workspace/Anu/KFAPITestAutomation/target/test-classes/getStatusProcessItems.json#&quot;,&quot;pointer&quot;:&quot;/properties/Columns/items/properties/FilterKey&quot;}
    domain: &quot;syntax&quot;
    ignored: [&quot;$id&quot;,&quot;examples&quot;]
warning: the following keywords are unknown and will be ignored: [$id, examples]
    level: &quot;warning&quot;
    schema: {&quot;loadingURI&quot;:&quot;file:/Users/anuradharaman/eclipse-workspace/Anu/KFAPITestAutomation/target/test-classes/getStatusProcessItems.json#&quot;,&quot;pointer&quot;:&quot;/properties/Columns/items/properties/Id&quot;}
    domain: &quot;syntax&quot;
    ignored: [&quot;$id&quot;,&quot;examples&quot;]
warning: the following keywords are unknown and will be ignored: [$id, examples]
    level: &quot;warning&quot;
    schema: {&quot;loadingURI&quot;:&quot;file:/Users/anuradharaman/eclipse-workspace/Anu/KFAPITestAutomation/target/test-classes/getStatusProcessItems.json#&quot;,&quot;pointer&quot;:&quot;/properties/Columns/items/properties/Name&quot;}
    domain: &quot;syntax&quot;
    ignored: [&quot;$id&quot;,&quot;examples&quot;]
warning: the following keywords are unknown and will be ignored: [$id, examples]
    level: &quot;warning&quot;
    schema: {&quot;loadingURI&quot;:&quot;file:/Users/anuradharaman/eclipse-workspace/Anu/KFAPITestAutomation/target/test-classes/getStatusProcessItems.json#&quot;,&quot;pointer&quot;:&quot;/properties/Columns/items/properties/ReadOnly&quot;}
    domain: &quot;syntax&quot;
    ignored: [&quot;$id&quot;,&quot;examples&quot;]
warning: the following keywords are unknown and will be ignored: [$id, examples]
    level: &quot;warning&quot;
    schema: {&quot;loadingURI&quot;:&quot;file:/Users/anuradharaman/eclipse-workspace/Anu/KFAPITestAutomation/target/test-classes/getStatusProcessItems.json#&quot;,&quot;pointer&quot;:&quot;/properties/Columns/items/properties/Type&quot;}
    domain: &quot;syntax&quot;
    ignored: [&quot;$id&quot;,&quot;examples&quot;]
warning: the following keywords are unknown and will be ignored: [$id, examples]
    level: &quot;warning&quot;
    schema: {&quot;loadingURI&quot;:&quot;file:/Users/anuradharaman/eclipse-workspace/Anu/KFAPITestAutomation/target/test-classes/getStatusProcessItems.json#&quot;,&quot;pointer&quot;:&quot;/properties/Columns/items&quot;}
    domain: &quot;syntax&quot;
    ignored: [&quot;$id&quot;,&quot;examples&quot;]
warning: the following keywords are unknown and will be ignored: [$id, examples]
    level: &quot;warning&quot;
    schema: {&quot;loadingURI&quot;:&quot;file:/Users/anuradharaman/eclipse-workspace/Anu/KFAPITestAutomation/target/test-classes/getStatusProcessItems.json#&quot;,&quot;pointer&quot;:&quot;/properties/Columns/items/properties/FilterKey&quot;}
    domain: &quot;syntax&quot;
    ignored: [&quot;$id&quot;,&quot;examples&quot;]
warning: the following keywords are unknown and will be ignored: [$id, examples]
    level: &quot;warning&quot;
    schema: {&quot;loadingURI&quot;:&quot;file:/Users/anuradharaman/eclipse-workspace/Anu/KFAPITestAutomation/target/test-classes/getStatusProcessItems.json#&quot;,&quot;pointer&quot;:&quot;/properties/Columns/items/properties/Id&quot;}
    domain: &quot;syntax&quot;
    ignored: [&quot;$id&quot;,&quot;examples&quot;]
warning: the following keywords are unknown and will be ignored: [$id, examples]
    level: &quot;warning&quot;
    schema: {&quot;loadingURI&quot;:&quot;file:/Users/anuradharaman/eclipse-workspace/Anu/KFAPITestAutomation/target/test-classes/getStatusProcessItems.json#&quot;,&quot;pointer&quot;:&quot;/properties/Columns/items/properties/Name&quot;}
    domain: &quot;syntax&quot;
    ignored: [&quot;$id&quot;,&quot;examples&quot;]
warning: the following keywords are unknown and will be ignored: [$id, examples]
    level: &quot;warning&quot;
    schema: {&quot;loadingURI&quot;:&quot;file:/Users/anuradharaman/eclipse-workspace/Anu/KFAPITestAutomation/target/test-classes/getStatusProcessItems.json#&quot;,&quot;pointer&quot;:&quot;/properties/Columns/items/properties/ReadOnly&quot;}
    domain: &quot;syntax&quot;
    ignored: [&quot;$id&quot;,&quot;examples&quot;]
warning: the following keywords are unknown and will be ignored: [$id, examples]
    level: &quot;warning&quot;
    schema: {&quot;loadingURI&quot;:&quot;file:/Users/anuradharaman/eclipse-workspace/Anu/KFAPITestAutomation/target/test-classes/getStatusProcessItems.json#&quot;,&quot;pointer&quot;:&quot;/properties/Columns/items/properties/Type&quot;}
    domain: &quot;syntax&quot;
    ignored: [&quot;$id&quot;,&quot;examples&quot;]
warning: the following keywords are unknown and will be ignored: [$id, examples]
    level: &quot;warning&quot;
    schema: {&quot;loadingURI&quot;:&quot;file:/Users/anuradharaman/eclipse-workspace/Anu/KFAPITestAutomation/target/test-classes/getStatusProcessItems.json#&quot;,&quot;pointer&quot;:&quot;/properties/Columns/items/properties/FilterKey&quot;}
    domain: &quot;syntax&quot;
    ignored: [&quot;$id&quot;,&quot;examples&quot;]
warning: the following keywords are unknown and will be ignored: [$id, examples]
    level: &quot;warning&quot;
    schema: {&quot;loadingURI&quot;:&quot;file:/Users/anuradharaman/eclipse-workspace/Anu/KFAPITestAutomation/target/test-classes/getStatusProcessItems.json#&quot;,&quot;pointer&quot;:&quot;/properties/Columns/items/properties/Id&quot;}
    domain: &quot;syntax&quot;
    ignored: [&quot;$id&quot;,&quot;examples&quot;]
warning: the following keywords are unknown and will be ignored: [$id, examples]
    level: &quot;warning&quot;
    schema: {&quot;loadingURI&quot;:&quot;file:/Users/anuradharaman/eclipse-workspace/Anu/KFAPITestAutomation/target/test-classes/getStatusProcessItems.json#&quot;,&quot;pointer&quot;:&quot;/properties/Columns/items/properties/Name&quot;}
    domain: &quot;syntax&quot;
    ignored: [&quot;$id&quot;,&quot;examples&quot;]
warning: the following keywords are unknown and will be ignored: [$id, examples]
    level: &quot;warning&quot;
    schema: {&quot;loadingURI&quot;:&quot;file:/Users/anuradharaman/eclipse-workspace/Anu/KFAPITestAutomation/target/test-classes/getStatusProcessItems.json#&quot;,&quot;pointer&quot;:&quot;/properties/Columns/items/properties/ReadOnly&quot;}
    domain: &quot;syntax&quot;
    ignored: [&quot;$id&quot;,&quot;examples&quot;]
warning: the following keywords are unknown and will be ignored: [$id, examples]
    level: &quot;warning&quot;
    schema: {&quot;loadingURI&quot;:&quot;file:/Users/anuradharaman/eclipse-workspace/Anu/KFAPITestAutomation/target/test-classes/getStatusProcessItems.json#&quot;,&quot;pointer&quot;:&quot;/properties/Columns/items/properties/Type&quot;}
    domain: &quot;syntax&quot;
    ignored: [&quot;$id&quot;,&quot;examples&quot;]
warning: the following keywords are unknown and will be ignored: [$id, examples]
    level: &quot;warning&quot;
    schema: {&quot;loadingURI&quot;:&quot;file:/Users/anuradharaman/eclipse-workspace/Anu/KFAPITestAutomation/target/test-classes/getStatusProcessItems.json#&quot;,&quot;pointer&quot;:&quot;/properties/Columns/items&quot;}
    domain: &quot;syntax&quot;
    ignored: [&quot;$id&quot;,&quot;examples&quot;]
warning: the following keywords are unknown and will be ignored: [$id, examples]
    level: &quot;warning&quot;
    schema: {&quot;loadingURI&quot;:&quot;file:/Users/anuradharaman/eclipse-workspace/Anu/KFAPITestAutomation/target/test-classes/getStatusProcessItems.json#&quot;,&quot;pointer&quot;:&quot;/properties/Columns/items/properties/FilterKey&quot;}
    domain: &quot;syntax&quot;
    ignored: [&quot;$id&quot;,&quot;examples&quot;]
warning: the following keywords are unknown and will be ignored: [$id, examples]
    level: &quot;warning&quot;
    schema: {&quot;loadingURI&quot;:&quot;file:/Users/anuradharaman/eclipse-workspace/Anu/KFAPITestAutomation/target/test-classes/getStatusProcessItems.json#&quot;,&quot;pointer&quot;:&quot;/properties/Columns/items/properties/Id&quot;}
    domain: &quot;syntax&quot;
    ignored: [&quot;$id&quot;,&quot;examples&quot;]
warning: the following keywords are unknown and will be ignored: [$id, examples]
    level: &quot;warning&quot;
    schema: {&quot;loadingURI&quot;:&quot;file:/Users/anuradharaman/eclipse-workspace/Anu/KFAPITestAutomation/target/test-classes/getStatusProcessItems.json#&quot;,&quot;pointer&quot;:&quot;/properties/Columns/items/properties/Name&quot;}
    domain: &quot;syntax&quot;
    ignored: [&quot;$id&quot;,&quot;examples&quot;]
warning: the following keywords are unknown and will be ignored: [$id, examples]
    level: &quot;warning&quot;
    schema: {&quot;loadingURI&quot;:&quot;file:/Users/anuradharaman/eclipse-workspace/Anu/KFAPITestAutomation/target/test-classes/getStatusProcessItems.json#&quot;,&quot;pointer&quot;:&quot;/properties/Columns/items/properties/ReadOnly&quot;}
    domain: &quot;syntax&quot;
    ignored: [&quot;$id&quot;,&quot;examples&quot;]
warning: the following keywords are unknown and will be ignored: [$id, examples]
    level: &quot;warning&quot;
    schema: {&quot;loadingURI&quot;:&quot;file:/Users/anuradharaman/eclipse-workspace/Anu/KFAPITestAutomation/target/test-classes/getStatusProcessItems.json#&quot;,&quot;pointer&quot;:&quot;/properties/Columns/items/properties/Type&quot;}
    domain: &quot;syntax&quot;
    ignored: [&quot;$id&quot;,&quot;examples&quot;]
warning: the following keywords are unknown and will be ignored: [$id, examples]
    level: &quot;warning&quot;
    schema: {&quot;loadingURI&quot;:&quot;file:/Users/anuradharaman/eclipse-workspace/Anu/KFAPITestAutomation/target/test-classes/getStatusProcessItems.json#&quot;,&quot;pointer&quot;:&quot;/properties/Columns/items/properties/FilterKey&quot;}
    domain: &quot;syntax&quot;
    ignored: [&quot;$id&quot;,&quot;examples&quot;]
warning: the following keywords are unknown and will be ignored: [$id, examples]
    level: &quot;warning&quot;
    schema: {&quot;loadingURI&quot;:&quot;file:/Users/anuradharaman/eclipse-workspace/Anu/KFAPITestAutomation/target/test-classes/getStatusProcessItems.json#&quot;,&quot;pointer&quot;:&quot;/properties/Columns/items/properties/Id&quot;}
    domain: &quot;syntax&quot;
    ignored: [&quot;$id&quot;,&quot;examples&quot;]
warning: the following keywords are unknown and will be ignored: [$id, examples]
    level: &quot;warning&quot;
    schema: {&quot;loadingURI&quot;:&quot;file:/Users/anuradharaman/eclipse-workspace/Anu/KFAPITestAutomation/target/test-classes/getStatusProcessItems.json#&quot;,&quot;pointer&quot;:&quot;/properties/Columns/items/properties/Name&quot;}
    domain: &quot;syntax&quot;
    ignored: [&quot;$id&quot;,&quot;examples&quot;]
warning: the following keywords are unknown and will be ignored: [$id, examples]
    level: &quot;warning&quot;
    schema: {&quot;loadingURI&quot;:&quot;file:/Users/anuradharaman/eclipse-workspace/Anu/KFAPITestAutomation/target/test-classes/getStatusProcessItems.json#&quot;,&quot;pointer&quot;:&quot;/properties/Columns/items/properties/ReadOnly&quot;}
    domain: &quot;syntax&quot;
    ignored: [&quot;$id&quot;,&quot;examples&quot;]
warning: the following keywords are unknown and will be ignored: [$id, examples]
    level: &quot;warning&quot;
    schema: {&quot;loadingURI&quot;:&quot;file:/Users/anuradharaman/eclipse-workspace/Anu/KFAPITestAutomation/target/test-classes/getStatusProcessItems.json#&quot;,&quot;pointer&quot;:&quot;/properties/Columns/items/properties/Type&quot;}
    domain: &quot;syntax&quot;
    ignored: [&quot;$id&quot;,&quot;examples&quot;]
warning: the following keywords are unknown and will be ignored: [$id]
    level: &quot;warning&quot;
    schema: {&quot;loadingURI&quot;:&quot;file:/Users/anuradharaman/eclipse-workspace/Anu/KFAPITestAutomation/target/test-classes/getStatusProcessItems.json#&quot;,&quot;pointer&quot;:&quot;/properties/Data&quot;}
    domain: &quot;syntax&quot;
    ignored: [&quot;$id&quot;]
warning: the following keywords are unknown and will be ignored: [$id, examples]
    level: &quot;warning&quot;
    schema: {&quot;loadingURI&quot;:&quot;file:/Users/anuradharaman/eclipse-workspace/Anu/KFAPITestAutomation/target/test-classes/getStatusProcessItems.json#&quot;,&quot;pointer&quot;:&quot;/properties/Data/items&quot;}
    domain: &quot;syntax&quot;
    ignored: [&quot;$id&quot;,&quot;examples&quot;]
warning: the following keywords are unknown and will be ignored: [$id, examples]
    level: &quot;warning&quot;
    schema: {&quot;loadingURI&quot;:&quot;file:/Users/anuradharaman/eclipse-workspace/Anu/KFAPITestAutomation/target/test-classes/getStatusProcessItems.json#&quot;,&quot;pointer&quot;:&quot;/properties/Data/items/properties/FlowId&quot;}
    domain: &quot;syntax&quot;
    ignored: [&quot;$id&quot;,&quot;examples&quot;]
warning: the following keywords are unknown and will be ignored: [$id, examples]
    level: &quot;warning&quot;
    schema: {&quot;loadingURI&quot;:&quot;file:/Users/anuradharaman/eclipse-workspace/Anu/KFAPITestAutomation/target/test-classes/getStatusProcessItems.json#&quot;,&quot;pointer&quot;:&quot;/properties/Data/items/properties/FlowName&quot;}
    domain: &quot;syntax&quot;
    ignored: [&quot;$id&quot;,&quot;examples&quot;]
warning: the following keywords are unknown and will be ignored: [$id, examples]
    level: &quot;warning&quot;
    schema: {&quot;loadingURI&quot;:&quot;file:/Users/anuradharaman/eclipse-workspace/Anu/KFAPITestAutomation/target/test-classes/getStatusProcessItems.json#&quot;,&quot;pointer&quot;:&quot;/properties/Data/items/properties/FlowType&quot;}
    domain: &quot;syntax&quot;
    ignored: [&quot;$id&quot;,&quot;examples&quot;]
warning: the following keywords are unknown and will be ignored: [$id, examples]
    level: &quot;warning&quot;
    schema: {&quot;loadingURI&quot;:&quot;file:/Users/anuradharaman/eclipse-workspace/Anu/KFAPITestAutomation/target/test-classes/getStatusProcessItems.json#&quot;,&quot;pointer&quot;:&quot;/properties/Data/items/properties/Name&quot;}
    domain: &quot;syntax&quot;
    ignored: [&quot;$id&quot;,&quot;examples&quot;]
warning: the following keywords are unknown and will be ignored: [$id, examples]
    level: &quot;warning&quot;
    schema: {&quot;loadingURI&quot;:&quot;file:/Users/anuradharaman/eclipse-workspace/Anu/KFAPITestAutomation/target/test-classes/getStatusProcessItems.json#&quot;,&quot;pointer&quot;:&quot;/properties/Data/items/properties/_activity_instance_id&quot;}
    domain: &quot;syntax&quot;
    ignored: [&quot;$id&quot;,&quot;examples&quot;]
warning: the following keywords are unknown and will be ignored: [$id, examples]
    level: &quot;warning&quot;
    schema: {&quot;loadingURI&quot;:&quot;file:/Users/anuradharaman/eclipse-workspace/Anu/KFAPITestAutomation/target/test-classes/getStatusProcessItems.json#&quot;,&quot;pointer&quot;:&quot;/properties/Data/items/properties/_created_at&quot;}
    domain: &quot;syntax&quot;
    ignored: [&quot;$id&quot;,&quot;examples&quot;]
warning: the following keywords are unknown and will be ignored: [$id, examples]
    level: &quot;warning&quot;
    schema: {&quot;loadingURI&quot;:&quot;file:/Users/anuradharaman/eclipse-workspace/Anu/KFAPITestAutomation/target/test-classes/getStatusProcessItems.json#&quot;,&quot;pointer&quot;:&quot;/properties/Data/items/properties/_id&quot;}
    domain: &quot;syntax&quot;
    ignored: [&quot;$id&quot;,&quot;examples&quot;]
warning: the following keywords are unknown and will be ignored: [$id, examples]
    level: &quot;warning&quot;
    schema: {&quot;loadingURI&quot;:&quot;file:/Users/anuradharaman/eclipse-workspace/Anu/KFAPITestAutomation/target/test-classes/getStatusProcessItems.json#&quot;,&quot;pointer&quot;:&quot;/properties/Data/items&quot;}
    domain: &quot;syntax&quot;
    ignored: [&quot;$id&quot;,&quot;examples&quot;]
warning: the following keywords are unknown and will be ignored: [$id, examples]
    level: &quot;warning&quot;
    schema: {&quot;loadingURI&quot;:&quot;file:/Users/anuradharaman/eclipse-workspace/Anu/KFAPITestAutomation/target/test-classes/getStatusProcessItems.json#&quot;,&quot;pointer&quot;:&quot;/properties/Data/items/properties/FlowId&quot;}
    domain: &quot;syntax&quot;
    ignored: [&quot;$id&quot;,&quot;examples&quot;]
warning: the following keywords are unknown and will be ignored: [$id, examples]
    level: &quot;warning&quot;
    schema: {&quot;loadingURI&quot;:&quot;file:/Users/anuradharaman/eclipse-workspace/Anu/KFAPITestAutomation/target/test-classes/getStatusProcessItems.json#&quot;,&quot;pointer&quot;:&quot;/properties/Data/items/properties/FlowName&quot;}
    domain: &quot;syntax&quot;
    ignored: [&quot;$id&quot;,&quot;examples&quot;]
warning: the following keywords are unknown and will be ignored: [$id, examples]
    level: &quot;warning&quot;
    schema: {&quot;loadingURI&quot;:&quot;file:/Users/anuradharaman/eclipse-workspace/Anu/KFAPITestAutomation/target/test-classes/getStatusProcessItems.json#&quot;,&quot;pointer&quot;:&quot;/properties/Data/items/properties/FlowType&quot;}
    domain: &quot;syntax&quot;
    ignored: [&quot;$id&quot;,&quot;examples&quot;]
warning: the following keywords are unknown and will be ignored: [$id, examples]
    level: &quot;warning&quot;
    schema: {&quot;loadingURI&quot;:&quot;file:/Users/anuradharaman/eclipse-workspace/Anu/KFAPITestAutomation/target/test-classes/getStatusProcessItems.json#&quot;,&quot;pointer&quot;:&quot;/properties/Data/items/properties/Name&quot;}
    domain: &quot;syntax&quot;
    ignored: [&quot;$id&quot;,&quot;examples&quot;]
warning: the following keywords are unknown and will be ignored: [$id, examples]
    level: &quot;warning&quot;
    schema: {&quot;loadingURI&quot;:&quot;file:/Users/anuradharaman/eclipse-workspace/Anu/KFAPITestAutomation/target/test-classes/getStatusProcessItems.json#&quot;,&quot;pointer&quot;:&quot;/properties/Data/items/properties/_activity_instance_id&quot;}
    domain: &quot;syntax&quot;
    ignored: [&quot;$id&quot;,&quot;examples&quot;]
warning: the following keywords are unknown and will be ignored: [$id, examples]
    level: &quot;warning&quot;
    schema: {&quot;loadingURI&quot;:&quot;file:/Users/anuradharaman/eclipse-workspace/Anu/KFAPITestAutomation/target/test-classes/getStatusProcessItems.json#&quot;,&quot;pointer&quot;:&quot;/properties/Data/items/properties/_created_at&quot;}
    domain: &quot;syntax&quot;
    ignored: [&quot;$id&quot;,&quot;examples&quot;]
warning: the following keywords are unknown and will be ignored: [$id, examples]
    level: &quot;warning&quot;
    schema: {&quot;loadingURI&quot;:&quot;file:/Users/anuradharaman/eclipse-workspace/Anu/KFAPITestAutomation/target/test-classes/getStatusProcessItems.json#&quot;,&quot;pointer&quot;:&quot;/properties/Data/items/properties/_id&quot;}
    domain: &quot;syntax&quot;
    ignored: [&quot;$id&quot;,&quot;examples&quot;]
error: object has missing required properties ([&quot;_created_at&quot;])
    level: &quot;error&quot;
    schema: {&quot;loadingURI&quot;:&quot;file:/Users/anuradharaman/eclipse-workspace/Anu/KFAPITestAutomation/target/test-classes/getStatusProcessItems.json#&quot;,&quot;pointer&quot;:&quot;/properties/Data/items&quot;}
    instance: {&quot;pointer&quot;:&quot;/Data/0&quot;}
    domain: &quot;validation&quot;
    keyword: &quot;required&quot;
    required: [&quot;FlowId&quot;,&quot;FlowName&quot;,&quot;FlowType&quot;,&quot;Name&quot;,&quot;_activity_instance_id&quot;,&quot;_created_at&quot;,&quot;_id&quot;]
    missing: [&quot;_created_at&quot;]
warning: the following keywords are unknown and will be ignored: [$id, examples]
    level: &quot;warning&quot;
    schema: {&quot;loadingURI&quot;:&quot;file:/Users/anuradharaman/eclipse-workspace/Anu/KFAPITestAutomation/target/test-classes/getStatusProcessItems.json#&quot;,&quot;pointer&quot;:&quot;/properties/Data/items&quot;}
    domain: &quot;syntax&quot;
    ignored: [&quot;$id&quot;,&quot;examples&quot;]
warning: the following keywords are unknown and will be ignored: [$id, examples]
    level: &quot;warning&quot;
    schema: {&quot;loadingURI&quot;:&quot;file:/Users/anuradharaman/eclipse-workspace/Anu/KFAPITestAutomation/target/test-classes/getStatusProcessItems.json#&quot;,&quot;pointer&quot;:&quot;/properties/Data/items/properties/FlowId&quot;}
    domain: &quot;syntax&quot;
    ignored: [&quot;$id&quot;,&quot;examples&quot;]
warning: the following keywords are unknown and will be ignored: [$id, examples]
    level: &quot;warning&quot;
    schema: {&quot;loadingURI&quot;:&quot;file:/Users/anuradharaman/eclipse-workspace/Anu/KFAPITestAutomation/target/test-classes/getStatusProcessItems.json#&quot;,&quot;pointer&quot;:&quot;/properties/Data/items/properties/FlowName&quot;}
    domain: &quot;syntax&quot;
    ignored: [&quot;$id&quot;,&quot;examples&quot;]
warning: the following keywords are unknown and will be ignored: [$id, examples]
    level: &quot;warning&quot;
    schema: {&quot;loadingURI&quot;:&quot;file:/Users/anuradharaman/eclipse-workspace/Anu/KFAPITestAutomation/target/test-classes/getStatusProcessItems.json#&quot;,&quot;pointer&quot;:&quot;/properties/Data/items/properties/FlowType&quot;}
    domain: &quot;syntax&quot;
    ignored: [&quot;$id&quot;,&quot;examples&quot;]
warning: the following keywords are unknown and will be ignored: [$id, examples]
    level: &quot;warning&quot;
    schema: {&quot;loadingURI&quot;:&quot;file:/Users/anuradharaman/eclipse-workspace/Anu/KFAPITestAutomation/target/test-classes/getStatusProcessItems.json#&quot;,&quot;pointer&quot;:&quot;/properties/Data/items/properties/Name&quot;}
    domain: &quot;syntax&quot;
    ignored: [&quot;$id&quot;,&quot;examples&quot;]
warning: the following keywords are unknown and will be ignored: [$id, examples]
    level: &quot;warning&quot;
    schema: {&quot;loadingURI&quot;:&quot;file:/Users/anuradharaman/eclipse-workspace/Anu/KFAPITestAutomation/target/test-classes/getStatusProcessItems.json#&quot;,&quot;pointer&quot;:&quot;/properties/Data/items/properties/_activity_instance_id&quot;}
    domain: &quot;syntax&quot;
    ignored: [&quot;$id&quot;,&quot;examples&quot;]
warning: the following keywords are unknown and will be ignored: [$id, examples]
    level: &quot;warning&quot;
    schema: {&quot;loadingURI&quot;:&quot;file:/Users/anuradharaman/eclipse-workspace/Anu/KFAPITestAutomation/target/test-classes/getStatusProcessItems.json#&quot;,&quot;pointer&quot;:&quot;/properties/Data/items/properties/_created_at&quot;}
    domain: &quot;syntax&quot;
    ignored: [&quot;$id&quot;,&quot;examples&quot;]
warning: the following keywords are unknown and will be ignored: [$id, examples]
    level: &quot;warning&quot;
    schema: {&quot;loadingURI&quot;:&quot;file:/Users/anuradharaman/eclipse-workspace/Anu/KFAPITestAutomation/target/test-classes/getStatusProcessItems.json#&quot;,&quot;pointer&quot;:&quot;/properties/Data/items/properties/_id&quot;}
    domain: &quot;syntax&quot;
    ignored: [&quot;$id&quot;,&quot;examples&quot;]
error: object has missing required properties ([&quot;_created_at&quot;])
    level: &quot;error&quot;
    schema: {&quot;loadingURI&quot;:&quot;file:/Users/anuradharaman/eclipse-workspace/Anu/KFAPITestAutomation/target/test-classes/getStatusProcessItems.json#&quot;,&quot;pointer&quot;:&quot;/properties/Data/items&quot;}
    instance: {&quot;pointer&quot;:&quot;/Data/1&quot;}
    domain: &quot;validation&quot;
    keyword: &quot;required&quot;
    required: [&quot;FlowId&quot;,&quot;FlowName&quot;,&quot;FlowType&quot;,&quot;Name&quot;,&quot;_activity_instance_id&quot;,&quot;_created_at&quot;,&quot;_id&quot;]
    missing: [&quot;_created_at&quot;]
warning: the following keywords are unknown and will be ignored: [$id]
    level: &quot;warning&quot;
    schema: {&quot;loadingURI&quot;:&quot;file:/Users/anuradharaman/eclipse-workspace/Anu/KFAPITestAutomation/target/test-classes/getStatusProcessItems.json#&quot;,&quot;pointer&quot;:&quot;/properties/Fields&quot;}
    domain: &quot;syntax&quot;
    ignored: [&quot;$id&quot;]
warning: the following keywords are unknown and will be ignored: [$id, examples]
    level: &quot;warning&quot;
    schema: {&quot;loadingURI&quot;:&quot;file:/Users/anuradharaman/eclipse-workspace/Anu/KFAPITestAutomation/target/test-classes/getStatusProcessItems.json#&quot;,&quot;pointer&quot;:&quot;/properties/Fields/items&quot;}
    domain: &quot;syntax&quot;
    ignored: [&quot;$id&quot;,&quot;examples&quot;]
warning: the following keywords are unknown and will be ignored: [$id, examples]
    level: &quot;warning&quot;
    schema: {&quot;loadingURI&quot;:&quot;file:/Users/anuradharaman/eclipse-workspace/Anu/KFAPITestAutomation/target/test-classes/getStatusProcessItems.json#&quot;,&quot;pointer&quot;:&quot;/properties/Fields/items/properties/FilterKey&quot;}
    domain: &quot;syntax&quot;
    ignored: [&quot;$id&quot;,&quot;examples&quot;]
warning: the following keywords are unknown and will be ignored: [$id, examples]
    level: &quot;warning&quot;
    schema: {&quot;loadingURI&quot;:&quot;file:/Users/anuradharaman/eclipse-workspace/Anu/KFAPITestAutomation/target/test-classes/getStatusProcessItems.json#&quot;,&quot;pointer&quot;:&quot;/properties/Fields/items/properties/Id&quot;}
    domain: &quot;syntax&quot;
    ignored: [&quot;$id&quot;,&quot;examples&quot;]
warning: the following keywords are unknown and will be ignored: [$id, examples]
    level: &quot;warning&quot;
    schema: {&quot;loadingURI&quot;:&quot;file:/Users/anuradharaman/eclipse-workspace/Anu/KFAPITestAutomation/target/test-classes/getStatusProcessItems.json#&quot;,&quot;pointer&quot;:&quot;/properties/Fields/items/properties/Name&quot;}
    domain: &quot;syntax&quot;
    ignored: [&quot;$id&quot;,&quot;examples&quot;]
warning: the following keywords are unknown and will be ignored: [$id, examples]
    level: &quot;warning&quot;
    schema: {&quot;loadingURI&quot;:&quot;file:/Users/anuradharaman/eclipse-workspace/Anu/KFAPITestAutomation/target/test-classes/getStatusProcessItems.json#&quot;,&quot;pointer&quot;:&quot;/properties/Fields/items/properties/ReadOnly&quot;}
    domain: &quot;syntax&quot;
    ignored: [&quot;$id&quot;,&quot;examples&quot;]
warning: the following keywords are unknown and will be ignored: [$id, examples]
    level: &quot;warning&quot;
    schema: {&quot;loadingURI&quot;:&quot;file:/Users/anuradharaman/eclipse-workspace/Anu/KFAPITestAutomation/target/test-classes/getStatusProcessItems.json#&quot;,&quot;pointer&quot;:&quot;/properties/Fields/items/properties/Type&quot;}
    domain: &quot;syntax&quot;
    ignored: [&quot;$id&quot;,&quot;examples&quot;]
warning: the following keywords are unknown and will be ignored: [$id]
    level: &quot;warning&quot;
    schema: {&quot;loadingURI&quot;:&quot;file:/Users/anuradharaman/eclipse-workspace/Anu/KFAPITestAutomation/target/test-classes/getStatusProcessItems.json#&quot;,&quot;pointer&quot;:&quot;/properties/Filter&quot;}
    domain: &quot;syntax&quot;
    ignored: [&quot;$id&quot;]
warning: the following keywords are unknown and will be ignored: [$id, examples]
    level: &quot;warning&quot;
    schema: {&quot;loadingURI&quot;:&quot;file:/Users/anuradharaman/eclipse-workspace/Anu/KFAPITestAutomation/target/test-classes/getStatusProcessItems.json#&quot;,&quot;pointer&quot;:&quot;/properties/PageSize&quot;}
    domain: &quot;syntax&quot;
    ignored: [&quot;$id&quot;,&quot;examples&quot;]
warning: the following keywords are unknown and will be ignored: [$id]
    level: &quot;warning&quot;
    schema: {&quot;loadingURI&quot;:&quot;file:/Users/anuradharaman/eclipse-workspace/Anu/KFAPITestAutomation/target/test-classes/getStatusProcessItems.json#&quot;,&quot;pointer&quot;:&quot;/properties/Sort&quot;}
    domain: &quot;syntax&quot;
    ignored: [&quot;$id&quot;]
warning: the following keywords are unknown and will be ignored: [$id, examples]
    level: &quot;warning&quot;
    schema: {&quot;loadingURI&quot;:&quot;file:/Users/anuradharaman/eclipse-workspace/Anu/KFAPITestAutomation/target/test-classes/getStatusProcessItems.json#&quot;,&quot;pointer&quot;:&quot;/properties/_id&quot;}
    domain: &quot;syntax&quot;
    ignored: [&quot;$id&quot;,&quot;examples&quot;]

  Actual: {&quot;_id&quot;: &quot;GlobalMyitems&quot;, &quot;Data&quot;: [{&quot;_id&quot;: &quot;PkS_ocOvjg4o&quot;, &quot;Name&quot;: &quot;Request for EndtoEnd&quot;, &quot;FlowName&quot;: &quot;EndtoEnd&quot;, &quot;FlowType&quot;: &quot;process&quot;, &quot;FlowId&quot;: &quot;EndtoEnd_01&quot;, &quot;_status&quot;: &quot;Completed&quot;, &quot;_activity_instance_id&quot;: &quot;PkO6ocOvDcUm&quot;, &quot;_completed_at&quot;: &quot;2020-02-24T17:12:48Z&quot;}, {&quot;_id&quot;: &quot;Pk4rYVRjubq2&quot;, &quot;Name&quot;: &quot;Request for EndtoEnd&quot;, &quot;FlowName&quot;: &quot;EndtoEnd&quot;, &quot;FlowType&quot;: &quot;process&quot;, &quot;FlowId&quot;: &quot;EndtoEnd_01&quot;, &quot;_status&quot;: &quot;Completed&quot;, &quot;_activity_instance_id&quot;: &quot;PkYIYVRjAFvD&quot;, &quot;_completed_at&quot;: &quot;2020-02-24T04:47:34Z&quot;}], &quot;Columns&quot;: [{&quot;Id&quot;: &quot;Name&quot;, &quot;Name&quot;: &quot;Item Title&quot;, &quot;Type&quot;: &quot;Text&quot;, &quot;ReadOnly&quot;: true, &quot;FilterKey&quot;: &quot;Name&quot;}, {&quot;Id&quot;: &quot;FlowName&quot;, &quot;Name&quot;: &quot;Flow Name&quot;, &quot;Type&quot;: &quot;Text&quot;, &quot;ReadOnly&quot;: true, &quot;FilterKey&quot;: &quot;FlowName&quot;}, {&quot;Id&quot;: &quot;FlowType&quot;, &quot;Name&quot;: &quot;Flow Type&quot;, &quot;Type&quot;: &quot;Text&quot;, &quot;ReadOnly&quot;: true, &quot;FilterKey&quot;: &quot;FlowType&quot;}, {&quot;Id&quot;: &quot;_status&quot;, &quot;Name&quot;: &quot;Status&quot;, &quot;Type&quot;: &quot;Text&quot;, &quot;ReadOnly&quot;: true, &quot;FilterKey&quot;: &quot;_status&quot;}, {&quot;Id&quot;: &quot;_completed_at&quot;, &quot;Name&quot;: &quot;Completed at&quot;, &quot;Type&quot;: &quot;DateTime&quot;, &quot;ReadOnly&quot;: true, &quot;FilterKey&quot;: &quot;_completed_at.dv&quot;}], &quot;Fields&quot;: [{&quot;Id&quot;: &quot;Name&quot;, &quot;Name&quot;: &quot;Item Title&quot;, &quot;Type&quot;: &quot;Text&quot;, &quot;ReadOnly&quot;: true, &quot;FilterKey&quot;: &quot;Name&quot;}, {&quot;Id&quot;: &quot;FlowName&quot;, &quot;Name&quot;: &quot;Flow Name&quot;, &quot;Type&quot;: &quot;Text&quot;, &quot;ReadOnly&quot;: true, &quot;FilterKey&quot;: &quot;FlowName&quot;}, {&quot;Id&quot;: &quot;FlowType&quot;, &quot;Name&quot;: &quot;Flow Type&quot;, &quot;Type&quot;: &quot;Text&quot;, &quot;ReadOnly&quot;: true, &quot;FilterKey&quot;: &quot;FlowType&quot;}, {&quot;Id&quot;: &quot;_status&quot;, &quot;Name&quot;: &quot;Status&quot;, &quot;Type&quot;: &quot;Text&quot;, &quot;ReadOnly&quot;: true, &quot;FilterKey&quot;: &quot;_status&quot;}, {&quot;Id&quot;: &quot;_completed_at&quot;, &quot;Name&quot;: &quot;Completed at&quot;, &quot;Type&quot;: &quot;DateTime&quot;, &quot;ReadOnly&quot;: true, &quot;FilterKey&quot;: &quot;_completed_at.dv&quot;}], &quot;Filter&quot;: [], &quot;Sort&quot;: [], &quot;PageSize&quot;: 10}
" type="java.lang.AssertionError">
      <![CDATA[java.lang.AssertionError: 1 expectation failed.
Response body doesn't match expectation.
Expected: The content to match the given JSON schema.
warning: the following keywords are unknown and will be ignored: [$id]
    level: "warning"
    schema: {"loadingURI":"file:/Users/anuradharaman/eclipse-workspace/Anu/KFAPITestAutomation/target/test-classes/getStatusProcessItems.json#","pointer":""}
    domain: "syntax"
    ignored: ["$id"]
warning: the following keywords are unknown and will be ignored: [$id]
    level: "warning"
    schema: {"loadingURI":"file:/Users/anuradharaman/eclipse-workspace/Anu/KFAPITestAutomation/target/test-classes/getStatusProcessItems.json#","pointer":"/properties/Columns"}
    domain: "syntax"
    ignored: ["$id"]
warning: the following keywords are unknown and will be ignored: [$id, examples]
    level: "warning"
    schema: {"loadingURI":"file:/Users/anuradharaman/eclipse-workspace/Anu/KFAPITestAutomation/target/test-classes/getStatusProcessItems.json#","pointer":"/properties/Columns/items"}
    domain: "syntax"
    ignored: ["$id","examples"]
warning: the following keywords are unknown and will be ignored: [$id, examples]
    level: "warning"
    schema: {"loadingURI":"file:/Users/anuradharaman/eclipse-workspace/Anu/KFAPITestAutomation/target/test-classes/getStatusProcessItems.json#","pointer":"/properties/Columns/items/properties/FilterKey"}
    domain: "syntax"
    ignored: ["$id","examples"]
warning: the following keywords are unknown and will be ignored: [$id, examples]
    level: "warning"
    schema: {"loadingURI":"file:/Users/anuradharaman/eclipse-workspace/Anu/KFAPITestAutomation/target/test-classes/getStatusProcessItems.json#","pointer":"/properties/Columns/items/properties/Id"}
    domain: "syntax"
    ignored: ["$id","examples"]
warning: the following keywords are unknown and will be ignored: [$id, examples]
    level: "warning"
    schema: {"loadingURI":"file:/Users/anuradharaman/eclipse-workspace/Anu/KFAPITestAutomation/target/test-classes/getStatusProcessItems.json#","pointer":"/properties/Columns/items/properties/Name"}
    domain: "syntax"
    ignored: ["$id","examples"]
warning: the following keywords are unknown and will be ignored: [$id, examples]
    level: "warning"
    schema: {"loadingURI":"file:/Users/anuradharaman/eclipse-workspace/Anu/KFAPITestAutomation/target/test-classes/getStatusProcessItems.json#","pointer":"/properties/Columns/items/properties/ReadOnly"}
    domain: "syntax"
    ignored: ["$id","examples"]
warning: the following keywords are unknown and will be ignored: [$id, examples]
    level: "warning"
    schema: {"loadingURI":"file:/Users/anuradharaman/eclipse-workspace/Anu/KFAPITestAutomation/target/test-classes/getStatusProcessItems.json#","pointer":"/properties/Columns/items/properties/Type"}
    domain: "syntax"
    ignored: ["$id","examples"]
warning: the following keywords are unknown and will be ignored: [$id]
    level: "warning"
    schema: {"loadingURI":"file:/Users/anuradharaman/eclipse-workspace/Anu/KFAPITestAutomation/target/test-classes/getStatusProcessItems.json#","pointer":"/properties/Data"}
    domain: "syntax"
    ignored: ["$id"]
warning: the following keywords are unknown and will be ignored: [$id, examples]
    level: "warning"
    schema: {"loadingURI":"file:/Users/anuradharaman/eclipse-workspace/Anu/KFAPITestAutomation/target/test-classes/getStatusProcessItems.json#","pointer":"/properties/Data/items"}
    domain: "syntax"
    ignored: ["$id","examples"]
warning: the following keywords are unknown and will be ignored: [$id, examples]
    level: "warning"
    schema: {"loadingURI":"file:/Users/anuradharaman/eclipse-workspace/Anu/KFAPITestAutomation/target/test-classes/getStatusProcessItems.json#","pointer":"/properties/Data/items/properties/FlowId"}
    domain: "syntax"
    ignored: ["$id","examples"]
warning: the following keywords are unknown and will be ignored: [$id, examples]
    level: "warning"
    schema: {"loadingURI":"file:/Users/anuradharaman/eclipse-workspace/Anu/KFAPITestAutomation/target/test-classes/getStatusProcessItems.json#","pointer":"/properties/Data/items/properties/FlowName"}
    domain: "syntax"
    ignored: ["$id","examples"]
warning: the following keywords are unknown and will be ignored: [$id, examples]
    level: "warning"
    schema: {"loadingURI":"file:/Users/anuradharaman/eclipse-workspace/Anu/KFAPITestAutomation/target/test-classes/getStatusProcessItems.json#","pointer":"/properties/Data/items/properties/FlowType"}
    domain: "syntax"
    ignored: ["$id","examples"]
warning: the following keywords are unknown and will be ignored: [$id, examples]
    level: "warning"
    schema: {"loadingURI":"file:/Users/anuradharaman/eclipse-workspace/Anu/KFAPITestAutomation/target/test-classes/getStatusProcessItems.json#","pointer":"/properties/Data/items/properties/Name"}
    domain: "syntax"
    ignored: ["$id","examples"]
warning: the following keywords are unknown and will be ignored: [$id, examples]
    level: "warning"
    schema: {"loadingURI":"file:/Users/anuradharaman/eclipse-workspace/Anu/KFAPITestAutomation/target/test-classes/getStatusProcessItems.json#","pointer":"/properties/Data/items/properties/_activity_instance_id"}
    domain: "syntax"
    ignored: ["$id","examples"]
warning: the following keywords are unknown and will be ignored: [$id, examples]
    level: "warning"
    schema: {"loadingURI":"file:/Users/anuradharaman/eclipse-workspace/Anu/KFAPITestAutomation/target/test-classes/getStatusProcessItems.json#","pointer":"/properties/Data/items/properties/_created_at"}
    domain: "syntax"
    ignored: ["$id","examples"]
warning: the following keywords are unknown and will be ignored: [$id, examples]
    level: "warning"
    schema: {"loadingURI":"file:/Users/anuradharaman/eclipse-workspace/Anu/KFAPITestAutomation/target/test-classes/getStatusProcessItems.json#","pointer":"/properties/Data/items/properties/_id"}
    domain: "syntax"
    ignored: ["$id","examples"]
warning: the following keywords are unknown and will be ignored: [$id]
    level: "warning"
    schema: {"loadingURI":"file:/Users/anuradharaman/eclipse-workspace/Anu/KFAPITestAutomation/target/test-classes/getStatusProcessItems.json#","pointer":"/properties/Fields"}
    domain: "syntax"
    ignored: ["$id"]
warning: the following keywords are unknown and will be ignored: [$id, examples]
    level: "warning"
    schema: {"loadingURI":"file:/Users/anuradharaman/eclipse-workspace/Anu/KFAPITestAutomation/target/test-classes/getStatusProcessItems.json#","pointer":"/properties/Fields/items"}
    domain: "syntax"
    ignored: ["$id","examples"]
warning: the following keywords are unknown and will be ignored: [$id, examples]
    level: "warning"
    schema: {"loadingURI":"file:/Users/anuradharaman/eclipse-workspace/Anu/KFAPITestAutomation/target/test-classes/getStatusProcessItems.json#","pointer":"/properties/Fields/items/properties/FilterKey"}
    domain: "syntax"
    ignored: ["$id","examples"]
warning: the following keywords are unknown and will be ignored: [$id, examples]
    level: "warning"
    schema: {"loadingURI":"file:/Users/anuradharaman/eclipse-workspace/Anu/KFAPITestAutomation/target/test-classes/getStatusProcessItems.json#","pointer":"/properties/Fields/items/properties/Id"}
    domain: "syntax"
    ignored: ["$id","examples"]
warning: the following keywords are unknown and will be ignored: [$id, examples]
    level: "warning"
    schema: {"loadingURI":"file:/Users/anuradharaman/eclipse-workspace/Anu/KFAPITestAutomation/target/test-classes/getStatusProcessItems.json#","pointer":"/properties/Fields/items/properties/Name"}
    domain: "syntax"
    ignored: ["$id","examples"]
warning: the following keywords are unknown and will be ignored: [$id, examples]
    level: "warning"
    schema: {"loadingURI":"file:/Users/anuradharaman/eclipse-workspace/Anu/KFAPITestAutomation/target/test-classes/getStatusProcessItems.json#","pointer":"/properties/Fields/items/properties/ReadOnly"}
    domain: "syntax"
    ignored: ["$id","examples"]
warning: the following keywords are unknown and will be ignored: [$id, examples]
    level: "warning"
    schema: {"loadingURI":"file:/Users/anuradharaman/eclipse-workspace/Anu/KFAPITestAutomation/target/test-classes/getStatusProcessItems.json#","pointer":"/properties/Fields/items/properties/Type"}
    domain: "syntax"
    ignored: ["$id","examples"]
warning: the following keywords are unknown and will be ignored: [$id]
    level: "warning"
    schema: {"loadingURI":"file:/Users/anuradharaman/eclipse-workspace/Anu/KFAPITestAutomation/target/test-classes/getStatusProcessItems.json#","pointer":"/properties/Filter"}
    domain: "syntax"
    ignored: ["$id"]
warning: the following keywords are unknown and will be ignored: [$id, examples]
    level: "warning"
    schema: {"loadingURI":"file:/Users/anuradharaman/eclipse-workspace/Anu/KFAPITestAutomation/target/test-classes/getStatusProcessItems.json#","pointer":"/properties/PageSize"}
    domain: "syntax"
    ignored: ["$id","examples"]
warning: the following keywords are unknown and will be ignored: [$id]
    level: "warning"
    schema: {"loadingURI":"file:/Users/anuradharaman/eclipse-workspace/Anu/KFAPITestAutomation/target/test-classes/getStatusProcessItems.json#","pointer":"/properties/Sort"}
    domain: "syntax"
    ignored: ["$id"]
warning: the following keywords are unknown and will be ignored: [$id, examples]
    level: "warning"
    schema: {"loadingURI":"file:/Users/anuradharaman/eclipse-workspace/Anu/KFAPITestAutomation/target/test-classes/getStatusProcessItems.json#","pointer":"/properties/_id"}
    domain: "syntax"
    ignored: ["$id","examples"]
warning: the following keywords are unknown and will be ignored: [$id]
    level: "warning"
    schema: {"loadingURI":"file:/Users/anuradharaman/eclipse-workspace/Anu/KFAPITestAutomation/target/test-classes/getStatusProcessItems.json#","pointer":"/properties/Columns"}
    domain: "syntax"
    ignored: ["$id"]
warning: the following keywords are unknown and will be ignored: [$id, examples]
    level: "warning"
    schema: {"loadingURI":"file:/Users/anuradharaman/eclipse-workspace/Anu/KFAPITestAutomation/target/test-classes/getStatusProcessItems.json#","pointer":"/properties/Columns/items"}
    domain: "syntax"
    ignored: ["$id","examples"]
warning: the following keywords are unknown and will be ignored: [$id, examples]
    level: "warning"
    schema: {"loadingURI":"file:/Users/anuradharaman/eclipse-workspace/Anu/KFAPITestAutomation/target/test-classes/getStatusProcessItems.json#","pointer":"/properties/Columns/items/properties/FilterKey"}
    domain: "syntax"
    ignored: ["$id","examples"]
warning: the following keywords are unknown and will be ignored: [$id, examples]
    level: "warning"
    schema: {"loadingURI":"file:/Users/anuradharaman/eclipse-workspace/Anu/KFAPITestAutomation/target/test-classes/getStatusProcessItems.json#","pointer":"/properties/Columns/items/properties/Id"}
    domain: "syntax"
    ignored: ["$id","examples"]
warning: the following keywords are unknown and will be ignored: [$id, examples]
    level: "warning"
    schema: {"loadingURI":"file:/Users/anuradharaman/eclipse-workspace/Anu/KFAPITestAutomation/target/test-classes/getStatusProcessItems.json#","pointer":"/properties/Columns/items/properties/Name"}
    domain: "syntax"
    ignored: ["$id","examples"]
warning: the following keywords are unknown and will be ignored: [$id, examples]
    level: "warning"
    schema: {"loadingURI":"file:/Users/anuradharaman/eclipse-workspace/Anu/KFAPITestAutomation/target/test-classes/getStatusProcessItems.json#","pointer":"/properties/Columns/items/properties/ReadOnly"}
    domain: "syntax"
    ignored: ["$id","examples"]
warning: the following keywords are unknown and will be ignored: [$id, examples]
    level: "warning"
    schema: {"loadingURI":"file:/Users/anuradharaman/eclipse-workspace/Anu/KFAPITestAutomation/target/test-classes/getStatusProcessItems.json#","pointer":"/properties/Columns/items/properties/Type"}
    domain: "syntax"
    ignored: ["$id","examples"]
warning: the following keywords are unknown and will be ignored: [$id, examples]
    level: "warning"
    schema: {"loadingURI":"file:/Users/anuradharaman/eclipse-workspace/Anu/KFAPITestAutomation/target/test-classes/getStatusProcessItems.json#","pointer":"/properties/Columns/items"}
    domain: "syntax"
    ignored: ["$id","examples"]
warning: the following keywords are unknown and will be ignored: [$id, examples]
    level: "warning"
    schema: {"loadingURI":"file:/Users/anuradharaman/eclipse-workspace/Anu/KFAPITestAutomation/target/test-classes/getStatusProcessItems.json#","pointer":"/properties/Columns/items/properties/FilterKey"}
    domain: "syntax"
    ignored: ["$id","examples"]
warning: the following keywords are unknown and will be ignored: [$id, examples]
    level: "warning"
    schema: {"loadingURI":"file:/Users/anuradharaman/eclipse-workspace/Anu/KFAPITestAutomation/target/test-classes/getStatusProcessItems.json#","pointer":"/properties/Columns/items/properties/Id"}
    domain: "syntax"
    ignored: ["$id","examples"]
warning: the following keywords are unknown and will be ignored: [$id, examples]
    level: "warning"
    schema: {"loadingURI":"file:/Users/anuradharaman/eclipse-workspace/Anu/KFAPITestAutomation/target/test-classes/getStatusProcessItems.json#","pointer":"/properties/Columns/items/properties/Name"}
    domain: "syntax"
    ignored: ["$id","examples"]
warning: the following keywords are unknown and will be ignored: [$id, examples]
    level: "warning"
    schema: {"loadingURI":"file:/Users/anuradharaman/eclipse-workspace/Anu/KFAPITestAutomation/target/test-classes/getStatusProcessItems.json#","pointer":"/properties/Columns/items/properties/ReadOnly"}
    domain: "syntax"
    ignored: ["$id","examples"]
warning: the following keywords are unknown and will be ignored: [$id, examples]
    level: "warning"
    schema: {"loadingURI":"file:/Users/anuradharaman/eclipse-workspace/Anu/KFAPITestAutomation/target/test-classes/getStatusProcessItems.json#","pointer":"/properties/Columns/items/properties/Type"}
    domain: "syntax"
    ignored: ["$id","examples"]
warning: the following keywords are unknown and will be ignored: [$id, examples]
    level: "warning"
    schema: {"loadingURI":"file:/Users/anuradharaman/eclipse-workspace/Anu/KFAPITestAutomation/target/test-classes/getStatusProcessItems.json#","pointer":"/properties/Columns/items/properties/FilterKey"}
    domain: "syntax"
    ignored: ["$id","examples"]
warning: the following keywords are unknown and will be ignored: [$id, examples]
    level: "warning"
    schema: {"loadingURI":"file:/Users/anuradharaman/eclipse-workspace/Anu/KFAPITestAutomation/target/test-classes/getStatusProcessItems.json#","pointer":"/properties/Columns/items/properties/Id"}
    domain: "syntax"
    ignored: ["$id","examples"]
warning: the following keywords are unknown and will be ignored: [$id, examples]
    level: "warning"
    schema: {"loadingURI":"file:/Users/anuradharaman/eclipse-workspace/Anu/KFAPITestAutomation/target/test-classes/getStatusProcessItems.json#","pointer":"/properties/Columns/items/properties/Name"}
    domain: "syntax"
    ignored: ["$id","examples"]
warning: the following keywords are unknown and will be ignored: [$id, examples]
    level: "warning"
    schema: {"loadingURI":"file:/Users/anuradharaman/eclipse-workspace/Anu/KFAPITestAutomation/target/test-classes/getStatusProcessItems.json#","pointer":"/properties/Columns/items/properties/ReadOnly"}
    domain: "syntax"
    ignored: ["$id","examples"]
warning: the following keywords are unknown and will be ignored: [$id, examples]
    level: "warning"
    schema: {"loadingURI":"file:/Users/anuradharaman/eclipse-workspace/Anu/KFAPITestAutomation/target/test-classes/getStatusProcessItems.json#","pointer":"/properties/Columns/items/properties/Type"}
    domain: "syntax"
    ignored: ["$id","examples"]
warning: the following keywords are unknown and will be ignored: [$id, examples]
    level: "warning"
    schema: {"loadingURI":"file:/Users/anuradharaman/eclipse-workspace/Anu/KFAPITestAutomation/target/test-classes/getStatusProcessItems.json#","pointer":"/properties/Columns/items"}
    domain: "syntax"
    ignored: ["$id","examples"]
warning: the following keywords are unknown and will be ignored: [$id, examples]
    level: "warning"
    schema: {"loadingURI":"file:/Users/anuradharaman/eclipse-workspace/Anu/KFAPITestAutomation/target/test-classes/getStatusProcessItems.json#","pointer":"/properties/Columns/items/properties/FilterKey"}
    domain: "syntax"
    ignored: ["$id","examples"]
warning: the following keywords are unknown and will be ignored: [$id, examples]
    level: "warning"
    schema: {"loadingURI":"file:/Users/anuradharaman/eclipse-workspace/Anu/KFAPITestAutomation/target/test-classes/getStatusProcessItems.json#","pointer":"/properties/Columns/items/properties/Id"}
    domain: "syntax"
    ignored: ["$id","examples"]
warning: the following keywords are unknown and will be ignored: [$id, examples]
    level: "warning"
    schema: {"loadingURI":"file:/Users/anuradharaman/eclipse-workspace/Anu/KFAPITestAutomation/target/test-classes/getStatusProcessItems.json#","pointer":"/properties/Columns/items/properties/Name"}
    domain: "syntax"
    ignored: ["$id","examples"]
warning: the following keywords are unknown and will be ignored: [$id, examples]
    level: "warning"
    schema: {"loadingURI":"file:/Users/anuradharaman/eclipse-workspace/Anu/KFAPITestAutomation/target/test-classes/getStatusProcessItems.json#","pointer":"/properties/Columns/items/properties/ReadOnly"}
    domain: "syntax"
    ignored: ["$id","examples"]
warning: the following keywords are unknown and will be ignored: [$id, examples]
    level: "warning"
    schema: {"loadingURI":"file:/Users/anuradharaman/eclipse-workspace/Anu/KFAPITestAutomation/target/test-classes/getStatusProcessItems.json#","pointer":"/properties/Columns/items/properties/Type"}
    domain: "syntax"
    ignored: ["$id","examples"]
warning: the following keywords are unknown and will be ignored: [$id, examples]
    level: "warning"
    schema: {"loadingURI":"file:/Users/anuradharaman/eclipse-workspace/Anu/KFAPITestAutomation/target/test-classes/getStatusProcessItems.json#","pointer":"/properties/Columns/items/properties/FilterKey"}
    domain: "syntax"
    ignored: ["$id","examples"]
warning: the following keywords are unknown and will be ignored: [$id, examples]
    level: "warning"
    schema: {"loadingURI":"file:/Users/anuradharaman/eclipse-workspace/Anu/KFAPITestAutomation/target/test-classes/getStatusProcessItems.json#","pointer":"/properties/Columns/items/properties/Id"}
    domain: "syntax"
    ignored: ["$id","examples"]
warning: the following keywords are unknown and will be ignored: [$id, examples]
    level: "warning"
    schema: {"loadingURI":"file:/Users/anuradharaman/eclipse-workspace/Anu/KFAPITestAutomation/target/test-classes/getStatusProcessItems.json#","pointer":"/properties/Columns/items/properties/Name"}
    domain: "syntax"
    ignored: ["$id","examples"]
warning: the following keywords are unknown and will be ignored: [$id, examples]
    level: "warning"
    schema: {"loadingURI":"file:/Users/anuradharaman/eclipse-workspace/Anu/KFAPITestAutomation/target/test-classes/getStatusProcessItems.json#","pointer":"/properties/Columns/items/properties/ReadOnly"}
    domain: "syntax"
    ignored: ["$id","examples"]
warning: the following keywords are unknown and will be ignored: [$id, examples]
    level: "warning"
    schema: {"loadingURI":"file:/Users/anuradharaman/eclipse-workspace/Anu/KFAPITestAutomation/target/test-classes/getStatusProcessItems.json#","pointer":"/properties/Columns/items/properties/Type"}
    domain: "syntax"
    ignored: ["$id","examples"]
warning: the following keywords are unknown and will be ignored: [$id, examples]
    level: "warning"
    schema: {"loadingURI":"file:/Users/anuradharaman/eclipse-workspace/Anu/KFAPITestAutomation/target/test-classes/getStatusProcessItems.json#","pointer":"/properties/Columns/items"}
    domain: "syntax"
    ignored: ["$id","examples"]
warning: the following keywords are unknown and will be ignored: [$id, examples]
    level: "warning"
    schema: {"loadingURI":"file:/Users/anuradharaman/eclipse-workspace/Anu/KFAPITestAutomation/target/test-classes/getStatusProcessItems.json#","pointer":"/properties/Columns/items/properties/FilterKey"}
    domain: "syntax"
    ignored: ["$id","examples"]
warning: the following keywords are unknown and will be ignored: [$id, examples]
    level: "warning"
    schema: {"loadingURI":"file:/Users/anuradharaman/eclipse-workspace/Anu/KFAPITestAutomation/target/test-classes/getStatusProcessItems.json#","pointer":"/properties/Columns/items/properties/Id"}
    domain: "syntax"
    ignored: ["$id","examples"]
warning: the following keywords are unknown and will be ignored: [$id, examples]
    level: "warning"
    schema: {"loadingURI":"file:/Users/anuradharaman/eclipse-workspace/Anu/KFAPITestAutomation/target/test-classes/getStatusProcessItems.json#","pointer":"/properties/Columns/items/properties/Name"}
    domain: "syntax"
    ignored: ["$id","examples"]
warning: the following keywords are unknown and will be ignored: [$id, examples]
    level: "warning"
    schema: {"loadingURI":"file:/Users/anuradharaman/eclipse-workspace/Anu/KFAPITestAutomation/target/test-classes/getStatusProcessItems.json#","pointer":"/properties/Columns/items/properties/ReadOnly"}
    domain: "syntax"
    ignored: ["$id","examples"]
warning: the following keywords are unknown and will be ignored: [$id, examples]
    level: "warning"
    schema: {"loadingURI":"file:/Users/anuradharaman/eclipse-workspace/Anu/KFAPITestAutomation/target/test-classes/getStatusProcessItems.json#","pointer":"/properties/Columns/items/properties/Type"}
    domain: "syntax"
    ignored: ["$id","examples"]
warning: the following keywords are unknown and will be ignored: [$id, examples]
    level: "warning"
    schema: {"loadingURI":"file:/Users/anuradharaman/eclipse-workspace/Anu/KFAPITestAutomation/target/test-classes/getStatusProcessItems.json#","pointer":"/properties/Columns/items/properties/FilterKey"}
    domain: "syntax"
    ignored: ["$id","examples"]
warning: the following keywords are unknown and will be ignored: [$id, examples]
    level: "warning"
    schema: {"loadingURI":"file:/Users/anuradharaman/eclipse-workspace/Anu/KFAPITestAutomation/target/test-classes/getStatusProcessItems.json#","pointer":"/properties/Columns/items/properties/Id"}
    domain: "syntax"
    ignored: ["$id","examples"]
warning: the following keywords are unknown and will be ignored: [$id, examples]
    level: "warning"
    schema: {"loadingURI":"file:/Users/anuradharaman/eclipse-workspace/Anu/KFAPITestAutomation/target/test-classes/getStatusProcessItems.json#","pointer":"/properties/Columns/items/properties/Name"}
    domain: "syntax"
    ignored: ["$id","examples"]
warning: the following keywords are unknown and will be ignored: [$id, examples]
    level: "warning"
    schema: {"loadingURI":"file:/Users/anuradharaman/eclipse-workspace/Anu/KFAPITestAutomation/target/test-classes/getStatusProcessItems.json#","pointer":"/properties/Columns/items/properties/ReadOnly"}
    domain: "syntax"
    ignored: ["$id","examples"]
warning: the following keywords are unknown and will be ignored: [$id, examples]
    level: "warning"
    schema: {"loadingURI":"file:/Users/anuradharaman/eclipse-workspace/Anu/KFAPITestAutomation/target/test-classes/getStatusProcessItems.json#","pointer":"/properties/Columns/items/properties/Type"}
    domain: "syntax"
    ignored: ["$id","examples"]
warning: the following keywords are unknown and will be ignored: [$id, examples]
    level: "warning"
    schema: {"loadingURI":"file:/Users/anuradharaman/eclipse-workspace/Anu/KFAPITestAutomation/target/test-classes/getStatusProcessItems.json#","pointer":"/properties/Columns/items"}
    domain: "syntax"
    ignored: ["$id","examples"]
warning: the following keywords are unknown and will be ignored: [$id, examples]
    level: "warning"
    schema: {"loadingURI":"file:/Users/anuradharaman/eclipse-workspace/Anu/KFAPITestAutomation/target/test-classes/getStatusProcessItems.json#","pointer":"/properties/Columns/items/properties/FilterKey"}
    domain: "syntax"
    ignored: ["$id","examples"]
warning: the following keywords are unknown and will be ignored: [$id, examples]
    level: "warning"
    schema: {"loadingURI":"file:/Users/anuradharaman/eclipse-workspace/Anu/KFAPITestAutomation/target/test-classes/getStatusProcessItems.json#","pointer":"/properties/Columns/items/properties/Id"}
    domain: "syntax"
    ignored: ["$id","examples"]
warning: the following keywords are unknown and will be ignored: [$id, examples]
    level: "warning"
    schema: {"loadingURI":"file:/Users/anuradharaman/eclipse-workspace/Anu/KFAPITestAutomation/target/test-classes/getStatusProcessItems.json#","pointer":"/properties/Columns/items/properties/Name"}
    domain: "syntax"
    ignored: ["$id","examples"]
warning: the following keywords are unknown and will be ignored: [$id, examples]
    level: "warning"
    schema: {"loadingURI":"file:/Users/anuradharaman/eclipse-workspace/Anu/KFAPITestAutomation/target/test-classes/getStatusProcessItems.json#","pointer":"/properties/Columns/items/properties/ReadOnly"}
    domain: "syntax"
    ignored: ["$id","examples"]
warning: the following keywords are unknown and will be ignored: [$id, examples]
    level: "warning"
    schema: {"loadingURI":"file:/Users/anuradharaman/eclipse-workspace/Anu/KFAPITestAutomation/target/test-classes/getStatusProcessItems.json#","pointer":"/properties/Columns/items/properties/Type"}
    domain: "syntax"
    ignored: ["$id","examples"]
warning: the following keywords are unknown and will be ignored: [$id, examples]
    level: "warning"
    schema: {"loadingURI":"file:/Users/anuradharaman/eclipse-workspace/Anu/KFAPITestAutomation/target/test-classes/getStatusProcessItems.json#","pointer":"/properties/Columns/items/properties/FilterKey"}
    domain: "syntax"
    ignored: ["$id","examples"]
warning: the following keywords are unknown and will be ignored: [$id, examples]
    level: "warning"
    schema: {"loadingURI":"file:/Users/anuradharaman/eclipse-workspace/Anu/KFAPITestAutomation/target/test-classes/getStatusProcessItems.json#","pointer":"/properties/Columns/items/properties/Id"}
    domain: "syntax"
    ignored: ["$id","examples"]
warning: the following keywords are unknown and will be ignored: [$id, examples]
    level: "warning"
    schema: {"loadingURI":"file:/Users/anuradharaman/eclipse-workspace/Anu/KFAPITestAutomation/target/test-classes/getStatusProcessItems.json#","pointer":"/properties/Columns/items/properties/Name"}
    domain: "syntax"
    ignored: ["$id","examples"]
warning: the following keywords are unknown and will be ignored: [$id, examples]
    level: "warning"
    schema: {"loadingURI":"file:/Users/anuradharaman/eclipse-workspace/Anu/KFAPITestAutomation/target/test-classes/getStatusProcessItems.json#","pointer":"/properties/Columns/items/properties/ReadOnly"}
    domain: "syntax"
    ignored: ["$id","examples"]
warning: the following keywords are unknown and will be ignored: [$id, examples]
    level: "warning"
    schema: {"loadingURI":"file:/Users/anuradharaman/eclipse-workspace/Anu/KFAPITestAutomation/target/test-classes/getStatusProcessItems.json#","pointer":"/properties/Columns/items/properties/Type"}
    domain: "syntax"
    ignored: ["$id","examples"]
warning: the following keywords are unknown and will be ignored: [$id, examples]
    level: "warning"
    schema: {"loadingURI":"file:/Users/anuradharaman/eclipse-workspace/Anu/KFAPITestAutomation/target/test-classes/getStatusProcessItems.json#","pointer":"/properties/Columns/items"}
    domain: "syntax"
    ignored: ["$id","examples"]
warning: the following keywords are unknown and will be ignored: [$id, examples]
    level: "warning"
    schema: {"loadingURI":"file:/Users/anuradharaman/eclipse-workspace/Anu/KFAPITestAutomation/target/test-classes/getStatusProcessItems.json#","pointer":"/properties/Columns/items/properties/FilterKey"}
    domain: "syntax"
    ignored: ["$id","examples"]
warning: the following keywords are unknown and will be ignored: [$id, examples]
    level: "warning"
    schema: {"loadingURI":"file:/Users/anuradharaman/eclipse-workspace/Anu/KFAPITestAutomation/target/test-classes/getStatusProcessItems.json#","pointer":"/properties/Columns/items/properties/Id"}
    domain: "syntax"
    ignored: ["$id","examples"]
warning: the following keywords are unknown and will be ignored: [$id, examples]
    level: "warning"
    schema: {"loadingURI":"file:/Users/anuradharaman/eclipse-workspace/Anu/KFAPITestAutomation/target/test-classes/getStatusProcessItems.json#","pointer":"/properties/Columns/items/properties/Name"}
    domain: "syntax"
    ignored: ["$id","examples"]
warning: the following keywords are unknown and will be ignored: [$id, examples]
    level: "warning"
    schema: {"loadingURI":"file:/Users/anuradharaman/eclipse-workspace/Anu/KFAPITestAutomation/target/test-classes/getStatusProcessItems.json#","pointer":"/properties/Columns/items/properties/ReadOnly"}
    domain: "syntax"
    ignored: ["$id","examples"]
warning: the following keywords are unknown and will be ignored: [$id, examples]
    level: "warning"
    schema: {"loadingURI":"file:/Users/anuradharaman/eclipse-workspace/Anu/KFAPITestAutomation/target/test-classes/getStatusProcessItems.json#","pointer":"/properties/Columns/items/properties/Type"}
    domain: "syntax"
    ignored: ["$id","examples"]
warning: the following keywords are unknown and will be ignored: [$id, examples]
    level: "warning"
    schema: {"loadingURI":"file:/Users/anuradharaman/eclipse-workspace/Anu/KFAPITestAutomation/target/test-classes/getStatusProcessItems.json#","pointer":"/properties/Columns/items/properties/FilterKey"}
    domain: "syntax"
    ignored: ["$id","examples"]
warning: the following keywords are unknown and will be ignored: [$id, examples]
    level: "warning"
    schema: {"loadingURI":"file:/Users/anuradharaman/eclipse-workspace/Anu/KFAPITestAutomation/target/test-classes/getStatusProcessItems.json#","pointer":"/properties/Columns/items/properties/Id"}
    domain: "syntax"
    ignored: ["$id","examples"]
warning: the following keywords are unknown and will be ignored: [$id, examples]
    level: "warning"
    schema: {"loadingURI":"file:/Users/anuradharaman/eclipse-workspace/Anu/KFAPITestAutomation/target/test-classes/getStatusProcessItems.json#","pointer":"/properties/Columns/items/properties/Name"}
    domain: "syntax"
    ignored: ["$id","examples"]
warning: the following keywords are unknown and will be ignored: [$id, examples]
    level: "warning"
    schema: {"loadingURI":"file:/Users/anuradharaman/eclipse-workspace/Anu/KFAPITestAutomation/target/test-classes/getStatusProcessItems.json#","pointer":"/properties/Columns/items/properties/ReadOnly"}
    domain: "syntax"
    ignored: ["$id","examples"]
warning: the following keywords are unknown and will be ignored: [$id, examples]
    level: "warning"
    schema: {"loadingURI":"file:/Users/anuradharaman/eclipse-workspace/Anu/KFAPITestAutomation/target/test-classes/getStatusProcessItems.json#","pointer":"/properties/Columns/items/properties/Type"}
    domain: "syntax"
    ignored: ["$id","examples"]
warning: the following keywords are unknown and will be ignored: [$id]
    level: "warning"
    schema: {"loadingURI":"file:/Users/anuradharaman/eclipse-workspace/Anu/KFAPITestAutomation/target/test-classes/getStatusProcessItems.json#","pointer":"/properties/Data"}
    domain: "syntax"
    ignored: ["$id"]
warning: the following keywords are unknown and will be ignored: [$id, examples]
    level: "warning"
    schema: {"loadingURI":"file:/Users/anuradharaman/eclipse-workspace/Anu/KFAPITestAutomation/target/test-classes/getStatusProcessItems.json#","pointer":"/properties/Data/items"}
    domain: "syntax"
    ignored: ["$id","examples"]
warning: the following keywords are unknown and will be ignored: [$id, examples]
    level: "warning"
    schema: {"loadingURI":"file:/Users/anuradharaman/eclipse-workspace/Anu/KFAPITestAutomation/target/test-classes/getStatusProcessItems.json#","pointer":"/properties/Data/items/properties/FlowId"}
    domain: "syntax"
    ignored: ["$id","examples"]
warning: the following keywords are unknown and will be ignored: [$id, examples]
    level: "warning"
    schema: {"loadingURI":"file:/Users/anuradharaman/eclipse-workspace/Anu/KFAPITestAutomation/target/test-classes/getStatusProcessItems.json#","pointer":"/properties/Data/items/properties/FlowName"}
    domain: "syntax"
    ignored: ["$id","examples"]
warning: the following keywords are unknown and will be ignored: [$id, examples]
    level: "warning"
    schema: {"loadingURI":"file:/Users/anuradharaman/eclipse-workspace/Anu/KFAPITestAutomation/target/test-classes/getStatusProcessItems.json#","pointer":"/properties/Data/items/properties/FlowType"}
    domain: "syntax"
    ignored: ["$id","examples"]
warning: the following keywords are unknown and will be ignored: [$id, examples]
    level: "warning"
    schema: {"loadingURI":"file:/Users/anuradharaman/eclipse-workspace/Anu/KFAPITestAutomation/target/test-classes/getStatusProcessItems.json#","pointer":"/properties/Data/items/properties/Name"}
    domain: "syntax"
    ignored: ["$id","examples"]
warning: the following keywords are unknown and will be ignored: [$id, examples]
    level: "warning"
    schema: {"loadingURI":"file:/Users/anuradharaman/eclipse-workspace/Anu/KFAPITestAutomation/target/test-classes/getStatusProcessItems.json#","pointer":"/properties/Data/items/properties/_activity_instance_id"}
    domain: "syntax"
    ignored: ["$id","examples"]
warning: the following keywords are unknown and will be ignored: [$id, examples]
    level: "warning"
    schema: {"loadingURI":"file:/Users/anuradharaman/eclipse-workspace/Anu/KFAPITestAutomation/target/test-classes/getStatusProcessItems.json#","pointer":"/properties/Data/items/properties/_created_at"}
    domain: "syntax"
    ignored: ["$id","examples"]
warning: the following keywords are unknown and will be ignored: [$id, examples]
    level: "warning"
    schema: {"loadingURI":"file:/Users/anuradharaman/eclipse-workspace/Anu/KFAPITestAutomation/target/test-classes/getStatusProcessItems.json#","pointer":"/properties/Data/items/properties/_id"}
    domain: "syntax"
    ignored: ["$id","examples"]
warning: the following keywords are unknown and will be ignored: [$id, examples]
    level: "warning"
    schema: {"loadingURI":"file:/Users/anuradharaman/eclipse-workspace/Anu/KFAPITestAutomation/target/test-classes/getStatusProcessItems.json#","pointer":"/properties/Data/items"}
    domain: "syntax"
    ignored: ["$id","examples"]
warning: the following keywords are unknown and will be ignored: [$id, examples]
    level: "warning"
    schema: {"loadingURI":"file:/Users/anuradharaman/eclipse-workspace/Anu/KFAPITestAutomation/target/test-classes/getStatusProcessItems.json#","pointer":"/properties/Data/items/properties/FlowId"}
    domain: "syntax"
    ignored: ["$id","examples"]
warning: the following keywords are unknown and will be ignored: [$id, examples]
    level: "warning"
    schema: {"loadingURI":"file:/Users/anuradharaman/eclipse-workspace/Anu/KFAPITestAutomation/target/test-classes/getStatusProcessItems.json#","pointer":"/properties/Data/items/properties/FlowName"}
    domain: "syntax"
    ignored: ["$id","examples"]
warning: the following keywords are unknown and will be ignored: [$id, examples]
    level: "warning"
    schema: {"loadingURI":"file:/Users/anuradharaman/eclipse-workspace/Anu/KFAPITestAutomation/target/test-classes/getStatusProcessItems.json#","pointer":"/properties/Data/items/properties/FlowType"}
    domain: "syntax"
    ignored: ["$id","examples"]
warning: the following keywords are unknown and will be ignored: [$id, examples]
    level: "warning"
    schema: {"loadingURI":"file:/Users/anuradharaman/eclipse-workspace/Anu/KFAPITestAutomation/target/test-classes/getStatusProcessItems.json#","pointer":"/properties/Data/items/properties/Name"}
    domain: "syntax"
    ignored: ["$id","examples"]
warning: the following keywords are unknown and will be ignored: [$id, examples]
    level: "warning"
    schema: {"loadingURI":"file:/Users/anuradharaman/eclipse-workspace/Anu/KFAPITestAutomation/target/test-classes/getStatusProcessItems.json#","pointer":"/properties/Data/items/properties/_activity_instance_id"}
    domain: "syntax"
    ignored: ["$id","examples"]
warning: the following keywords are unknown and will be ignored: [$id, examples]
    level: "warning"
    schema: {"loadingURI":"file:/Users/anuradharaman/eclipse-workspace/Anu/KFAPITestAutomation/target/test-classes/getStatusProcessItems.json#","pointer":"/properties/Data/items/properties/_created_at"}
    domain: "syntax"
    ignored: ["$id","examples"]
warning: the following keywords are unknown and will be ignored: [$id, examples]
    level: "warning"
    schema: {"loadingURI":"file:/Users/anuradharaman/eclipse-workspace/Anu/KFAPITestAutomation/target/test-classes/getStatusProcessItems.json#","pointer":"/properties/Data/items/properties/_id"}
    domain: "syntax"
    ignored: ["$id","examples"]
error: object has missing required properties (["_created_at"])
    level: "error"
    schema: {"loadingURI":"file:/Users/anuradharaman/eclipse-workspace/Anu/KFAPITestAutomation/target/test-classes/getStatusProcessItems.json#","pointer":"/properties/Data/items"}
    instance: {"pointer":"/Data/0"}
    domain: "validation"
    keyword: "required"
    required: ["FlowId","FlowName","FlowType","Name","_activity_instance_id","_created_at","_id"]
    missing: ["_created_at"]
warning: the following keywords are unknown and will be ignored: [$id, examples]
    level: "warning"
    schema: {"loadingURI":"file:/Users/anuradharaman/eclipse-workspace/Anu/KFAPITestAutomation/target/test-classes/getStatusProcessItems.json#","pointer":"/properties/Data/items"}
    domain: "syntax"
    ignored: ["$id","examples"]
warning: the following keywords are unknown and will be ignored: [$id, examples]
    level: "warning"
    schema: {"loadingURI":"file:/Users/anuradharaman/eclipse-workspace/Anu/KFAPITestAutomation/target/test-classes/getStatusProcessItems.json#","pointer":"/properties/Data/items/properties/FlowId"}
    domain: "syntax"
    ignored: ["$id","examples"]
warning: the following keywords are unknown and will be ignored: [$id, examples]
    level: "warning"
    schema: {"loadingURI":"file:/Users/anuradharaman/eclipse-workspace/Anu/KFAPITestAutomation/target/test-classes/getStatusProcessItems.json#","pointer":"/properties/Data/items/properties/FlowName"}
    domain: "syntax"
    ignored: ["$id","examples"]
warning: the following keywords are unknown and will be ignored: [$id, examples]
    level: "warning"
    schema: {"loadingURI":"file:/Users/anuradharaman/eclipse-workspace/Anu/KFAPITestAutomation/target/test-classes/getStatusProcessItems.json#","pointer":"/properties/Data/items/properties/FlowType"}
    domain: "syntax"
    ignored: ["$id","examples"]
warning: the following keywords are unknown and will be ignored: [$id, examples]
    level: "warning"
    schema: {"loadingURI":"file:/Users/anuradharaman/eclipse-workspace/Anu/KFAPITestAutomation/target/test-classes/getStatusProcessItems.json#","pointer":"/properties/Data/items/properties/Name"}
    domain: "syntax"
    ignored: ["$id","examples"]
warning: the following keywords are unknown and will be ignored: [$id, examples]
    level: "warning"
    schema: {"loadingURI":"file:/Users/anuradharaman/eclipse-workspace/Anu/KFAPITestAutomation/target/test-classes/getStatusProcessItems.json#","pointer":"/properties/Data/items/properties/_activity_instance_id"}
    domain: "syntax"
    ignored: ["$id","examples"]
warning: the following keywords are unknown and will be ignored: [$id, examples]
    level: "warning"
    schema: {"loadingURI":"file:/Users/anuradharaman/eclipse-workspace/Anu/KFAPITestAutomation/target/test-classes/getStatusProcessItems.json#","pointer":"/properties/Data/items/properties/_created_at"}
    domain: "syntax"
    ignored: ["$id","examples"]
warning: the following keywords are unknown and will be ignored: [$id, examples]
    level: "warning"
    schema: {"loadingURI":"file:/Users/anuradharaman/eclipse-workspace/Anu/KFAPITestAutomation/target/test-classes/getStatusProcessItems.json#","pointer":"/properties/Data/items/properties/_id"}
    domain: "syntax"
    ignored: ["$id","examples"]
error: object has missing required properties (["_created_at"])
    level: "error"
    schema: {"loadingURI":"file:/Users/anuradharaman/eclipse-workspace/Anu/KFAPITestAutomation/target/test-classes/getStatusProcessItems.json#","pointer":"/properties/Data/items"}
    instance: {"pointer":"/Data/1"}
    domain: "validation"
    keyword: "required"
    required: ["FlowId","FlowName","FlowType","Name","_activity_instance_id","_created_at","_id"]
    missing: ["_created_at"]
warning: the following keywords are unknown and will be ignored: [$id]
    level: "warning"
    schema: {"loadingURI":"file:/Users/anuradharaman/eclipse-workspace/Anu/KFAPITestAutomation/target/test-classes/getStatusProcessItems.json#","pointer":"/properties/Fields"}
    domain: "syntax"
    ignored: ["$id"]
warning: the following keywords are unknown and will be ignored: [$id, examples]
    level: "warning"
    schema: {"loadingURI":"file:/Users/anuradharaman/eclipse-workspace/Anu/KFAPITestAutomation/target/test-classes/getStatusProcessItems.json#","pointer":"/properties/Fields/items"}
    domain: "syntax"
    ignored: ["$id","examples"]
warning: the following keywords are unknown and will be ignored: [$id, examples]
    level: "warning"
    schema: {"loadingURI":"file:/Users/anuradharaman/eclipse-workspace/Anu/KFAPITestAutomation/target/test-classes/getStatusProcessItems.json#","pointer":"/properties/Fields/items/properties/FilterKey"}
    domain: "syntax"
    ignored: ["$id","examples"]
warning: the following keywords are unknown and will be ignored: [$id, examples]
    level: "warning"
    schema: {"loadingURI":"file:/Users/anuradharaman/eclipse-workspace/Anu/KFAPITestAutomation/target/test-classes/getStatusProcessItems.json#","pointer":"/properties/Fields/items/properties/Id"}
    domain: "syntax"
    ignored: ["$id","examples"]
warning: the following keywords are unknown and will be ignored: [$id, examples]
    level: "warning"
    schema: {"loadingURI":"file:/Users/anuradharaman/eclipse-workspace/Anu/KFAPITestAutomation/target/test-classes/getStatusProcessItems.json#","pointer":"/properties/Fields/items/properties/Name"}
    domain: "syntax"
    ignored: ["$id","examples"]
warning: the following keywords are unknown and will be ignored: [$id, examples]
    level: "warning"
    schema: {"loadingURI":"file:/Users/anuradharaman/eclipse-workspace/Anu/KFAPITestAutomation/target/test-classes/getStatusProcessItems.json#","pointer":"/properties/Fields/items/properties/ReadOnly"}
    domain: "syntax"
    ignored: ["$id","examples"]
warning: the following keywords are unknown and will be ignored: [$id, examples]
    level: "warning"
    schema: {"loadingURI":"file:/Users/anuradharaman/eclipse-workspace/Anu/KFAPITestAutomation/target/test-classes/getStatusProcessItems.json#","pointer":"/properties/Fields/items/properties/Type"}
    domain: "syntax"
    ignored: ["$id","examples"]
warning: the following keywords are unknown and will be ignored: [$id]
    level: "warning"
    schema: {"loadingURI":"file:/Users/anuradharaman/eclipse-workspace/Anu/KFAPITestAutomation/target/test-classes/getStatusProcessItems.json#","pointer":"/properties/Filter"}
    domain: "syntax"
    ignored: ["$id"]
warning: the following keywords are unknown and will be ignored: [$id, examples]
    level: "warning"
    schema: {"loadingURI":"file:/Users/anuradharaman/eclipse-workspace/Anu/KFAPITestAutomation/target/test-classes/getStatusProcessItems.json#","pointer":"/properties/PageSize"}
    domain: "syntax"
    ignored: ["$id","examples"]
warning: the following keywords are unknown and will be ignored: [$id]
    level: "warning"
    schema: {"loadingURI":"file:/Users/anuradharaman/eclipse-workspace/Anu/KFAPITestAutomation/target/test-classes/getStatusProcessItems.json#","pointer":"/properties/Sort"}
    domain: "syntax"
    ignored: ["$id"]
warning: the following keywords are unknown and will be ignored: [$id, examples]
    level: "warning"
    schema: {"loadingURI":"file:/Users/anuradharaman/eclipse-workspace/Anu/KFAPITestAutomation/target/test-classes/getStatusProcessItems.json#","pointer":"/properties/_id"}
    domain: "syntax"
    ignored: ["$id","examples"]

  Actual: {"_id": "GlobalMyitems", "Data": [{"_id": "PkS_ocOvjg4o", "Name": "Request for EndtoEnd", "FlowName": "EndtoEnd", "FlowType": "process", "FlowId": "EndtoEnd_01", "_status": "Completed", "_activity_instance_id": "PkO6ocOvDcUm", "_completed_at": "2020-02-24T17:12:48Z"}, {"_id": "Pk4rYVRjubq2", "Name": "Request for EndtoEnd", "FlowName": "EndtoEnd", "FlowType": "process", "FlowId": "EndtoEnd_01", "_status": "Completed", "_activity_instance_id": "PkYIYVRjAFvD", "_completed_at": "2020-02-24T04:47:34Z"}], "Columns": [{"Id": "Name", "Name": "Item Title", "Type": "Text", "ReadOnly": true, "FilterKey": "Name"}, {"Id": "FlowName", "Name": "Flow Name", "Type": "Text", "ReadOnly": true, "FilterKey": "FlowName"}, {"Id": "FlowType", "Name": "Flow Type", "Type": "Text", "ReadOnly": true, "FilterKey": "FlowType"}, {"Id": "_status", "Name": "Status", "Type": "Text", "ReadOnly": true, "FilterKey": "_status"}, {"Id": "_completed_at", "Name": "Completed at", "Type": "DateTime", "ReadOnly": true, "FilterKey": "_completed_at.dv"}], "Fields": [{"Id": "Name", "Name": "Item Title", "Type": "Text", "ReadOnly": true, "FilterKey": "Name"}, {"Id": "FlowName", "Name": "Flow Name", "Type": "Text", "ReadOnly": true, "FilterKey": "FlowName"}, {"Id": "FlowType", "Name": "Flow Type", "Type": "Text", "ReadOnly": true, "FilterKey": "FlowType"}, {"Id": "_status", "Name": "Status", "Type": "Text", "ReadOnly": true, "FilterKey": "_status"}, {"Id": "_completed_at", "Name": "Completed at", "Type": "DateTime", "ReadOnly": true, "FilterKey": "_completed_at.dv"}], "Filter": [], "Sort": [], "PageSize": 10}

at java.base/jdk.internal.reflect.NativeConstructorAccessorImpl.newInstance0(Native Method)
at java.base/jdk.internal.reflect.NativeConstructorAccessorImpl.newInstance(NativeConstructorAccessorImpl.java:62)
at java.base/jdk.internal.reflect.DelegatingConstructorAccessorImpl.newInstance(DelegatingConstructorAccessorImpl.java:45)
at java.base/java.lang.reflect.Constructor.newInstance(Constructor.java:490)
at org.codehaus.groovy.reflection.CachedConstructor.invoke(CachedConstructor.java:80)
at org.codehaus.groovy.reflection.CachedConstructor.doConstructorInvoke(CachedConstructor.java:74)
at org.codehaus.groovy.runtime.callsite.ConstructorSite$ConstructorSiteNoUnwrap.callConstructor(ConstructorSite.java:84)
at org.codehaus.groovy.runtime.callsite.AbstractCallSite.callConstructor(AbstractCallSite.java:249)
at io.restassured.internal.ResponseSpecificationImpl$HamcrestAssertionClosure.validate(ResponseSpecificationImpl.groovy:493)
at io.restassured.internal.ResponseSpecificationImpl$HamcrestAssertionClosure$validate$1.call(Unknown Source)
at io.restassured.internal.ResponseSpecificationImpl.validateResponseIfRequired(ResponseSpecificationImpl.groovy:674)
at jdk.internal.reflect.GeneratedMethodAccessor93.invoke(Unknown Source)
at java.base/jdk.internal.reflect.DelegatingMethodAccessorImpl.invoke(DelegatingMethodAccessorImpl.java:43)
at java.base/java.lang.reflect.Method.invoke(Method.java:566)
at org.codehaus.groovy.runtime.callsite.PlainObjectMetaMethodSite.doInvoke(PlainObjectMetaMethodSite.java:43)
at org.codehaus.groovy.runtime.callsite.PogoMetaMethodSite$PogoCachedMethodSiteNoUnwrapNoCoerce.invoke(PogoMetaMethodSite.java:190)
at org.codehaus.groovy.runtime.callsite.PogoMetaMethodSite.callCurrent(PogoMetaMethodSite.java:58)
at org.codehaus.groovy.runtime.callsite.AbstractCallSite.callCurrent(AbstractCallSite.java:168)
at io.restassured.internal.ResponseSpecificationImpl.body(ResponseSpecificationImpl.groovy:98)
at io.restassured.internal.ValidatableResponseOptionsImpl.body(ValidatableResponseOptionsImpl.java:238)
at io.restassured.internal.ValidatableResponseImpl.super$2$body(ValidatableResponseImpl.groovy)
at java.base/jdk.internal.reflect.NativeMethodAccessorImpl.invoke0(Native Method)
at java.base/jdk.internal.reflect.NativeMethodAccessorImpl.invoke(NativeMethodAccessorImpl.java:62)
at java.base/jdk.internal.reflect.DelegatingMethodAccessorImpl.invoke(DelegatingMethodAccessorImpl.java:43)
at java.base/java.lang.reflect.Method.invoke(Method.java:566)
at org.codehaus.groovy.reflection.CachedMethod.invoke(CachedMethod.java:101)
at groovy.lang.MetaMethod.doMethodInvoke(MetaMethod.java:323)
at groovy.lang.MetaClassImpl.invokeMethod(MetaClassImpl.java:1217)
at org.codehaus.groovy.runtime.ScriptBytecodeAdapter.invokeMethodOnSuperN(ScriptBytecodeAdapter.java:144)
at io.restassured.internal.ValidatableResponseImpl.body(ValidatableResponseImpl.groovy:293)
at io.restassured.internal.ValidatableResponseImpl.body(ValidatableResponseImpl.groovy)
at test.KFProcessAPISmokeTest.getStatusProcessItems(KFProcessAPISmokeTest.java:731)
at java.base/jdk.internal.reflect.NativeMethodAccessorImpl.invoke0(Native Method)
at java.base/jdk.internal.reflect.NativeMethodAccessorImpl.invoke(NativeMethodAccessorImpl.java:62)
at java.base/jdk.internal.reflect.DelegatingMethodAccessorImpl.invoke(DelegatingMethodAccessorImpl.java:43)
at java.base/java.lang.reflect.Method.invoke(Method.java:566)
at org.testng.internal.MethodInvocationHelper.invokeMethod(MethodInvocationHelper.java:133)
at org.testng.internal.TestInvoker.invokeMethod(TestInvoker.java:584)
at org.testng.internal.TestInvoker.invokeTestMethod(TestInvoker.java:172)
at org.testng.internal.MethodRunner.runInSequence(MethodRunner.java:46)
at org.testng.internal.TestInvoker$MethodInvocationAgent.invoke(TestInvoker.java:804)
at org.testng.internal.TestInvoker.invokeTestMethods(TestInvoker.java:145)
at org.testng.internal.TestMethodWorker.invokeTestMethods(TestMethodWorker.java:146)
at org.testng.internal.TestMethodWorker.run(TestMethodWorker.java:128)
at java.base/java.util.ArrayList.forEach(ArrayList.java:1540)
at org.testng.TestRunner.privateRun(TestRunner.java:770)
at org.testng.TestRunner.run(TestRunner.java:591)
at org.testng.SuiteRunner.runTest(SuiteRunner.java:402)
at org.testng.SuiteRunner.runSequentially(SuiteRunner.java:396)
at org.testng.SuiteRunner.privateRun(SuiteRunner.java:355)
at org.testng.SuiteRunner.run(SuiteRunner.java:304)
at org.testng.SuiteRunnerWorker.runSuite(SuiteRunnerWorker.java:53)
at org.testng.SuiteRunnerWorker.run(SuiteRunnerWorker.java:96)
at org.testng.TestNG.runSuitesSequentially(TestNG.java:1180)
at org.testng.TestNG.runSuitesLocally(TestNG.java:1102)
at org.testng.TestNG.runSuites(TestNG.java:1032)
at org.testng.TestNG.run(TestNG.java:1000)
at org.testng.remote.AbstractRemoteTestNG.run(AbstractRemoteTestNG.java:115)
at org.testng.remote.RemoteTestNG.initAndRun(RemoteTestNG.java:251)
at org.testng.remote.RemoteTestNG.main(RemoteTestNG.java:77)
]]>
    </failure>
  </testcase> <!-- getStatusProcessItems -->
  <testcase classname="test.KFProcessAPISmokeTest" name="deleteProcessItem" time="1.029"/>
  <testcase classname="test.KFProcessAPISmokeTest" name="getStatusProcessItems" time="0.571">
    <failure message="1 expectation failed.
Response body doesn&#039;t match expectation.
Expected: The content to match the given JSON schema.
warning: the following keywords are unknown and will be ignored: [$id]
    level: &quot;warning&quot;
    schema: {&quot;loadingURI&quot;:&quot;file:/Users/anuradharaman/eclipse-workspace/Anu/KFAPITestAutomation/target/test-classes/getStatusProcessItems.json#&quot;,&quot;pointer&quot;:&quot;&quot;}
    domain: &quot;syntax&quot;
    ignored: [&quot;$id&quot;]
warning: the following keywords are unknown and will be ignored: [$id]
    level: &quot;warning&quot;
    schema: {&quot;loadingURI&quot;:&quot;file:/Users/anuradharaman/eclipse-workspace/Anu/KFAPITestAutomation/target/test-classes/getStatusProcessItems.json#&quot;,&quot;pointer&quot;:&quot;/properties/Columns&quot;}
    domain: &quot;syntax&quot;
    ignored: [&quot;$id&quot;]
warning: the following keywords are unknown and will be ignored: [$id, examples]
    level: &quot;warning&quot;
    schema: {&quot;loadingURI&quot;:&quot;file:/Users/anuradharaman/eclipse-workspace/Anu/KFAPITestAutomation/target/test-classes/getStatusProcessItems.json#&quot;,&quot;pointer&quot;:&quot;/properties/Columns/items&quot;}
    domain: &quot;syntax&quot;
    ignored: [&quot;$id&quot;,&quot;examples&quot;]
warning: the following keywords are unknown and will be ignored: [$id, examples]
    level: &quot;warning&quot;
    schema: {&quot;loadingURI&quot;:&quot;file:/Users/anuradharaman/eclipse-workspace/Anu/KFAPITestAutomation/target/test-classes/getStatusProcessItems.json#&quot;,&quot;pointer&quot;:&quot;/properties/Columns/items/properties/FilterKey&quot;}
    domain: &quot;syntax&quot;
    ignored: [&quot;$id&quot;,&quot;examples&quot;]
warning: the following keywords are unknown and will be ignored: [$id, examples]
    level: &quot;warning&quot;
    schema: {&quot;loadingURI&quot;:&quot;file:/Users/anuradharaman/eclipse-workspace/Anu/KFAPITestAutomation/target/test-classes/getStatusProcessItems.json#&quot;,&quot;pointer&quot;:&quot;/properties/Columns/items/properties/Id&quot;}
    domain: &quot;syntax&quot;
    ignored: [&quot;$id&quot;,&quot;examples&quot;]
warning: the following keywords are unknown and will be ignored: [$id, examples]
    level: &quot;warning&quot;
    schema: {&quot;loadingURI&quot;:&quot;file:/Users/anuradharaman/eclipse-workspace/Anu/KFAPITestAutomation/target/test-classes/getStatusProcessItems.json#&quot;,&quot;pointer&quot;:&quot;/properties/Columns/items/properties/Name&quot;}
    domain: &quot;syntax&quot;
    ignored: [&quot;$id&quot;,&quot;examples&quot;]
warning: the following keywords are unknown and will be ignored: [$id, examples]
    level: &quot;warning&quot;
    schema: {&quot;loadingURI&quot;:&quot;file:/Users/anuradharaman/eclipse-workspace/Anu/KFAPITestAutomation/target/test-classes/getStatusProcessItems.json#&quot;,&quot;pointer&quot;:&quot;/properties/Columns/items/properties/ReadOnly&quot;}
    domain: &quot;syntax&quot;
    ignored: [&quot;$id&quot;,&quot;examples&quot;]
warning: the following keywords are unknown and will be ignored: [$id, examples]
    level: &quot;warning&quot;
    schema: {&quot;loadingURI&quot;:&quot;file:/Users/anuradharaman/eclipse-workspace/Anu/KFAPITestAutomation/target/test-classes/getStatusProcessItems.json#&quot;,&quot;pointer&quot;:&quot;/properties/Columns/items/properties/Type&quot;}
    domain: &quot;syntax&quot;
    ignored: [&quot;$id&quot;,&quot;examples&quot;]
warning: the following keywords are unknown and will be ignored: [$id]
    level: &quot;warning&quot;
    schema: {&quot;loadingURI&quot;:&quot;file:/Users/anuradharaman/eclipse-workspace/Anu/KFAPITestAutomation/target/test-classes/getStatusProcessItems.json#&quot;,&quot;pointer&quot;:&quot;/properties/Data&quot;}
    domain: &quot;syntax&quot;
    ignored: [&quot;$id&quot;]
warning: the following keywords are unknown and will be ignored: [$id, examples]
    level: &quot;warning&quot;
    schema: {&quot;loadingURI&quot;:&quot;file:/Users/anuradharaman/eclipse-workspace/Anu/KFAPITestAutomation/target/test-classes/getStatusProcessItems.json#&quot;,&quot;pointer&quot;:&quot;/properties/Data/items&quot;}
    domain: &quot;syntax&quot;
    ignored: [&quot;$id&quot;,&quot;examples&quot;]
warning: the following keywords are unknown and will be ignored: [$id, examples]
    level: &quot;warning&quot;
    schema: {&quot;loadingURI&quot;:&quot;file:/Users/anuradharaman/eclipse-workspace/Anu/KFAPITestAutomation/target/test-classes/getStatusProcessItems.json#&quot;,&quot;pointer&quot;:&quot;/properties/Data/items/properties/FlowId&quot;}
    domain: &quot;syntax&quot;
    ignored: [&quot;$id&quot;,&quot;examples&quot;]
warning: the following keywords are unknown and will be ignored: [$id, examples]
    level: &quot;warning&quot;
    schema: {&quot;loadingURI&quot;:&quot;file:/Users/anuradharaman/eclipse-workspace/Anu/KFAPITestAutomation/target/test-classes/getStatusProcessItems.json#&quot;,&quot;pointer&quot;:&quot;/properties/Data/items/properties/FlowName&quot;}
    domain: &quot;syntax&quot;
    ignored: [&quot;$id&quot;,&quot;examples&quot;]
warning: the following keywords are unknown and will be ignored: [$id, examples]
    level: &quot;warning&quot;
    schema: {&quot;loadingURI&quot;:&quot;file:/Users/anuradharaman/eclipse-workspace/Anu/KFAPITestAutomation/target/test-classes/getStatusProcessItems.json#&quot;,&quot;pointer&quot;:&quot;/properties/Data/items/properties/FlowType&quot;}
    domain: &quot;syntax&quot;
    ignored: [&quot;$id&quot;,&quot;examples&quot;]
warning: the following keywords are unknown and will be ignored: [$id, examples]
    level: &quot;warning&quot;
    schema: {&quot;loadingURI&quot;:&quot;file:/Users/anuradharaman/eclipse-workspace/Anu/KFAPITestAutomation/target/test-classes/getStatusProcessItems.json#&quot;,&quot;pointer&quot;:&quot;/properties/Data/items/properties/Name&quot;}
    domain: &quot;syntax&quot;
    ignored: [&quot;$id&quot;,&quot;examples&quot;]
warning: the following keywords are unknown and will be ignored: [$id, examples]
    level: &quot;warning&quot;
    schema: {&quot;loadingURI&quot;:&quot;file:/Users/anuradharaman/eclipse-workspace/Anu/KFAPITestAutomation/target/test-classes/getStatusProcessItems.json#&quot;,&quot;pointer&quot;:&quot;/properties/Data/items/properties/_activity_instance_id&quot;}
    domain: &quot;syntax&quot;
    ignored: [&quot;$id&quot;,&quot;examples&quot;]
warning: the following keywords are unknown and will be ignored: [$id, examples]
    level: &quot;warning&quot;
    schema: {&quot;loadingURI&quot;:&quot;file:/Users/anuradharaman/eclipse-workspace/Anu/KFAPITestAutomation/target/test-classes/getStatusProcessItems.json#&quot;,&quot;pointer&quot;:&quot;/properties/Data/items/properties/_created_at&quot;}
    domain: &quot;syntax&quot;
    ignored: [&quot;$id&quot;,&quot;examples&quot;]
warning: the following keywords are unknown and will be ignored: [$id, examples]
    level: &quot;warning&quot;
    schema: {&quot;loadingURI&quot;:&quot;file:/Users/anuradharaman/eclipse-workspace/Anu/KFAPITestAutomation/target/test-classes/getStatusProcessItems.json#&quot;,&quot;pointer&quot;:&quot;/properties/Data/items/properties/_id&quot;}
    domain: &quot;syntax&quot;
    ignored: [&quot;$id&quot;,&quot;examples&quot;]
warning: the following keywords are unknown and will be ignored: [$id]
    level: &quot;warning&quot;
    schema: {&quot;loadingURI&quot;:&quot;file:/Users/anuradharaman/eclipse-workspace/Anu/KFAPITestAutomation/target/test-classes/getStatusProcessItems.json#&quot;,&quot;pointer&quot;:&quot;/properties/Fields&quot;}
    domain: &quot;syntax&quot;
    ignored: [&quot;$id&quot;]
warning: the following keywords are unknown and will be ignored: [$id, examples]
    level: &quot;warning&quot;
    schema: {&quot;loadingURI&quot;:&quot;file:/Users/anuradharaman/eclipse-workspace/Anu/KFAPITestAutomation/target/test-classes/getStatusProcessItems.json#&quot;,&quot;pointer&quot;:&quot;/properties/Fields/items&quot;}
    domain: &quot;syntax&quot;
    ignored: [&quot;$id&quot;,&quot;examples&quot;]
warning: the following keywords are unknown and will be ignored: [$id, examples]
    level: &quot;warning&quot;
    schema: {&quot;loadingURI&quot;:&quot;file:/Users/anuradharaman/eclipse-workspace/Anu/KFAPITestAutomation/target/test-classes/getStatusProcessItems.json#&quot;,&quot;pointer&quot;:&quot;/properties/Fields/items/properties/FilterKey&quot;}
    domain: &quot;syntax&quot;
    ignored: [&quot;$id&quot;,&quot;examples&quot;]
warning: the following keywords are unknown and will be ignored: [$id, examples]
    level: &quot;warning&quot;
    schema: {&quot;loadingURI&quot;:&quot;file:/Users/anuradharaman/eclipse-workspace/Anu/KFAPITestAutomation/target/test-classes/getStatusProcessItems.json#&quot;,&quot;pointer&quot;:&quot;/properties/Fields/items/properties/Id&quot;}
    domain: &quot;syntax&quot;
    ignored: [&quot;$id&quot;,&quot;examples&quot;]
warning: the following keywords are unknown and will be ignored: [$id, examples]
    level: &quot;warning&quot;
    schema: {&quot;loadingURI&quot;:&quot;file:/Users/anuradharaman/eclipse-workspace/Anu/KFAPITestAutomation/target/test-classes/getStatusProcessItems.json#&quot;,&quot;pointer&quot;:&quot;/properties/Fields/items/properties/Name&quot;}
    domain: &quot;syntax&quot;
    ignored: [&quot;$id&quot;,&quot;examples&quot;]
warning: the following keywords are unknown and will be ignored: [$id, examples]
    level: &quot;warning&quot;
    schema: {&quot;loadingURI&quot;:&quot;file:/Users/anuradharaman/eclipse-workspace/Anu/KFAPITestAutomation/target/test-classes/getStatusProcessItems.json#&quot;,&quot;pointer&quot;:&quot;/properties/Fields/items/properties/ReadOnly&quot;}
    domain: &quot;syntax&quot;
    ignored: [&quot;$id&quot;,&quot;examples&quot;]
warning: the following keywords are unknown and will be ignored: [$id, examples]
    level: &quot;warning&quot;
    schema: {&quot;loadingURI&quot;:&quot;file:/Users/anuradharaman/eclipse-workspace/Anu/KFAPITestAutomation/target/test-classes/getStatusProcessItems.json#&quot;,&quot;pointer&quot;:&quot;/properties/Fields/items/properties/Type&quot;}
    domain: &quot;syntax&quot;
    ignored: [&quot;$id&quot;,&quot;examples&quot;]
warning: the following keywords are unknown and will be ignored: [$id]
    level: &quot;warning&quot;
    schema: {&quot;loadingURI&quot;:&quot;file:/Users/anuradharaman/eclipse-workspace/Anu/KFAPITestAutomation/target/test-classes/getStatusProcessItems.json#&quot;,&quot;pointer&quot;:&quot;/properties/Filter&quot;}
    domain: &quot;syntax&quot;
    ignored: [&quot;$id&quot;]
warning: the following keywords are unknown and will be ignored: [$id, examples]
    level: &quot;warning&quot;
    schema: {&quot;loadingURI&quot;:&quot;file:/Users/anuradharaman/eclipse-workspace/Anu/KFAPITestAutomation/target/test-classes/getStatusProcessItems.json#&quot;,&quot;pointer&quot;:&quot;/properties/PageSize&quot;}
    domain: &quot;syntax&quot;
    ignored: [&quot;$id&quot;,&quot;examples&quot;]
warning: the following keywords are unknown and will be ignored: [$id]
    level: &quot;warning&quot;
    schema: {&quot;loadingURI&quot;:&quot;file:/Users/anuradharaman/eclipse-workspace/Anu/KFAPITestAutomation/target/test-classes/getStatusProcessItems.json#&quot;,&quot;pointer&quot;:&quot;/properties/Sort&quot;}
    domain: &quot;syntax&quot;
    ignored: [&quot;$id&quot;]
warning: the following keywords are unknown and will be ignored: [$id, examples]
    level: &quot;warning&quot;
    schema: {&quot;loadingURI&quot;:&quot;file:/Users/anuradharaman/eclipse-workspace/Anu/KFAPITestAutomation/target/test-classes/getStatusProcessItems.json#&quot;,&quot;pointer&quot;:&quot;/properties/_id&quot;}
    domain: &quot;syntax&quot;
    ignored: [&quot;$id&quot;,&quot;examples&quot;]
warning: the following keywords are unknown and will be ignored: [$id]
    level: &quot;warning&quot;
    schema: {&quot;loadingURI&quot;:&quot;file:/Users/anuradharaman/eclipse-workspace/Anu/KFAPITestAutomation/target/test-classes/getStatusProcessItems.json#&quot;,&quot;pointer&quot;:&quot;/properties/Columns&quot;}
    domain: &quot;syntax&quot;
    ignored: [&quot;$id&quot;]
warning: the following keywords are unknown and will be ignored: [$id, examples]
    level: &quot;warning&quot;
    schema: {&quot;loadingURI&quot;:&quot;file:/Users/anuradharaman/eclipse-workspace/Anu/KFAPITestAutomation/target/test-classes/getStatusProcessItems.json#&quot;,&quot;pointer&quot;:&quot;/properties/Columns/items&quot;}
    domain: &quot;syntax&quot;
    ignored: [&quot;$id&quot;,&quot;examples&quot;]
warning: the following keywords are unknown and will be ignored: [$id, examples]
    level: &quot;warning&quot;
    schema: {&quot;loadingURI&quot;:&quot;file:/Users/anuradharaman/eclipse-workspace/Anu/KFAPITestAutomation/target/test-classes/getStatusProcessItems.json#&quot;,&quot;pointer&quot;:&quot;/properties/Columns/items/properties/FilterKey&quot;}
    domain: &quot;syntax&quot;
    ignored: [&quot;$id&quot;,&quot;examples&quot;]
warning: the following keywords are unknown and will be ignored: [$id, examples]
    level: &quot;warning&quot;
    schema: {&quot;loadingURI&quot;:&quot;file:/Users/anuradharaman/eclipse-workspace/Anu/KFAPITestAutomation/target/test-classes/getStatusProcessItems.json#&quot;,&quot;pointer&quot;:&quot;/properties/Columns/items/properties/Id&quot;}
    domain: &quot;syntax&quot;
    ignored: [&quot;$id&quot;,&quot;examples&quot;]
warning: the following keywords are unknown and will be ignored: [$id, examples]
    level: &quot;warning&quot;
    schema: {&quot;loadingURI&quot;:&quot;file:/Users/anuradharaman/eclipse-workspace/Anu/KFAPITestAutomation/target/test-classes/getStatusProcessItems.json#&quot;,&quot;pointer&quot;:&quot;/properties/Columns/items/properties/Name&quot;}
    domain: &quot;syntax&quot;
    ignored: [&quot;$id&quot;,&quot;examples&quot;]
warning: the following keywords are unknown and will be ignored: [$id, examples]
    level: &quot;warning&quot;
    schema: {&quot;loadingURI&quot;:&quot;file:/Users/anuradharaman/eclipse-workspace/Anu/KFAPITestAutomation/target/test-classes/getStatusProcessItems.json#&quot;,&quot;pointer&quot;:&quot;/properties/Columns/items/properties/ReadOnly&quot;}
    domain: &quot;syntax&quot;
    ignored: [&quot;$id&quot;,&quot;examples&quot;]
warning: the following keywords are unknown and will be ignored: [$id, examples]
    level: &quot;warning&quot;
    schema: {&quot;loadingURI&quot;:&quot;file:/Users/anuradharaman/eclipse-workspace/Anu/KFAPITestAutomation/target/test-classes/getStatusProcessItems.json#&quot;,&quot;pointer&quot;:&quot;/properties/Columns/items/properties/Type&quot;}
    domain: &quot;syntax&quot;
    ignored: [&quot;$id&quot;,&quot;examples&quot;]
warning: the following keywords are unknown and will be ignored: [$id, examples]
    level: &quot;warning&quot;
    schema: {&quot;loadingURI&quot;:&quot;file:/Users/anuradharaman/eclipse-workspace/Anu/KFAPITestAutomation/target/test-classes/getStatusProcessItems.json#&quot;,&quot;pointer&quot;:&quot;/properties/Columns/items&quot;}
    domain: &quot;syntax&quot;
    ignored: [&quot;$id&quot;,&quot;examples&quot;]
warning: the following keywords are unknown and will be ignored: [$id, examples]
    level: &quot;warning&quot;
    schema: {&quot;loadingURI&quot;:&quot;file:/Users/anuradharaman/eclipse-workspace/Anu/KFAPITestAutomation/target/test-classes/getStatusProcessItems.json#&quot;,&quot;pointer&quot;:&quot;/properties/Columns/items/properties/FilterKey&quot;}
    domain: &quot;syntax&quot;
    ignored: [&quot;$id&quot;,&quot;examples&quot;]
warning: the following keywords are unknown and will be ignored: [$id, examples]
    level: &quot;warning&quot;
    schema: {&quot;loadingURI&quot;:&quot;file:/Users/anuradharaman/eclipse-workspace/Anu/KFAPITestAutomation/target/test-classes/getStatusProcessItems.json#&quot;,&quot;pointer&quot;:&quot;/properties/Columns/items/properties/Id&quot;}
    domain: &quot;syntax&quot;
    ignored: [&quot;$id&quot;,&quot;examples&quot;]
warning: the following keywords are unknown and will be ignored: [$id, examples]
    level: &quot;warning&quot;
    schema: {&quot;loadingURI&quot;:&quot;file:/Users/anuradharaman/eclipse-workspace/Anu/KFAPITestAutomation/target/test-classes/getStatusProcessItems.json#&quot;,&quot;pointer&quot;:&quot;/properties/Columns/items/properties/Name&quot;}
    domain: &quot;syntax&quot;
    ignored: [&quot;$id&quot;,&quot;examples&quot;]
warning: the following keywords are unknown and will be ignored: [$id, examples]
    level: &quot;warning&quot;
    schema: {&quot;loadingURI&quot;:&quot;file:/Users/anuradharaman/eclipse-workspace/Anu/KFAPITestAutomation/target/test-classes/getStatusProcessItems.json#&quot;,&quot;pointer&quot;:&quot;/properties/Columns/items/properties/ReadOnly&quot;}
    domain: &quot;syntax&quot;
    ignored: [&quot;$id&quot;,&quot;examples&quot;]
warning: the following keywords are unknown and will be ignored: [$id, examples]
    level: &quot;warning&quot;
    schema: {&quot;loadingURI&quot;:&quot;file:/Users/anuradharaman/eclipse-workspace/Anu/KFAPITestAutomation/target/test-classes/getStatusProcessItems.json#&quot;,&quot;pointer&quot;:&quot;/properties/Columns/items/properties/Type&quot;}
    domain: &quot;syntax&quot;
    ignored: [&quot;$id&quot;,&quot;examples&quot;]
warning: the following keywords are unknown and will be ignored: [$id, examples]
    level: &quot;warning&quot;
    schema: {&quot;loadingURI&quot;:&quot;file:/Users/anuradharaman/eclipse-workspace/Anu/KFAPITestAutomation/target/test-classes/getStatusProcessItems.json#&quot;,&quot;pointer&quot;:&quot;/properties/Columns/items/properties/FilterKey&quot;}
    domain: &quot;syntax&quot;
    ignored: [&quot;$id&quot;,&quot;examples&quot;]
warning: the following keywords are unknown and will be ignored: [$id, examples]
    level: &quot;warning&quot;
    schema: {&quot;loadingURI&quot;:&quot;file:/Users/anuradharaman/eclipse-workspace/Anu/KFAPITestAutomation/target/test-classes/getStatusProcessItems.json#&quot;,&quot;pointer&quot;:&quot;/properties/Columns/items/properties/Id&quot;}
    domain: &quot;syntax&quot;
    ignored: [&quot;$id&quot;,&quot;examples&quot;]
warning: the following keywords are unknown and will be ignored: [$id, examples]
    level: &quot;warning&quot;
    schema: {&quot;loadingURI&quot;:&quot;file:/Users/anuradharaman/eclipse-workspace/Anu/KFAPITestAutomation/target/test-classes/getStatusProcessItems.json#&quot;,&quot;pointer&quot;:&quot;/properties/Columns/items/properties/Name&quot;}
    domain: &quot;syntax&quot;
    ignored: [&quot;$id&quot;,&quot;examples&quot;]
warning: the following keywords are unknown and will be ignored: [$id, examples]
    level: &quot;warning&quot;
    schema: {&quot;loadingURI&quot;:&quot;file:/Users/anuradharaman/eclipse-workspace/Anu/KFAPITestAutomation/target/test-classes/getStatusProcessItems.json#&quot;,&quot;pointer&quot;:&quot;/properties/Columns/items/properties/ReadOnly&quot;}
    domain: &quot;syntax&quot;
    ignored: [&quot;$id&quot;,&quot;examples&quot;]
warning: the following keywords are unknown and will be ignored: [$id, examples]
    level: &quot;warning&quot;
    schema: {&quot;loadingURI&quot;:&quot;file:/Users/anuradharaman/eclipse-workspace/Anu/KFAPITestAutomation/target/test-classes/getStatusProcessItems.json#&quot;,&quot;pointer&quot;:&quot;/properties/Columns/items/properties/Type&quot;}
    domain: &quot;syntax&quot;
    ignored: [&quot;$id&quot;,&quot;examples&quot;]
warning: the following keywords are unknown and will be ignored: [$id, examples]
    level: &quot;warning&quot;
    schema: {&quot;loadingURI&quot;:&quot;file:/Users/anuradharaman/eclipse-workspace/Anu/KFAPITestAutomation/target/test-classes/getStatusProcessItems.json#&quot;,&quot;pointer&quot;:&quot;/properties/Columns/items&quot;}
    domain: &quot;syntax&quot;
    ignored: [&quot;$id&quot;,&quot;examples&quot;]
warning: the following keywords are unknown and will be ignored: [$id, examples]
    level: &quot;warning&quot;
    schema: {&quot;loadingURI&quot;:&quot;file:/Users/anuradharaman/eclipse-workspace/Anu/KFAPITestAutomation/target/test-classes/getStatusProcessItems.json#&quot;,&quot;pointer&quot;:&quot;/properties/Columns/items/properties/FilterKey&quot;}
    domain: &quot;syntax&quot;
    ignored: [&quot;$id&quot;,&quot;examples&quot;]
warning: the following keywords are unknown and will be ignored: [$id, examples]
    level: &quot;warning&quot;
    schema: {&quot;loadingURI&quot;:&quot;file:/Users/anuradharaman/eclipse-workspace/Anu/KFAPITestAutomation/target/test-classes/getStatusProcessItems.json#&quot;,&quot;pointer&quot;:&quot;/properties/Columns/items/properties/Id&quot;}
    domain: &quot;syntax&quot;
    ignored: [&quot;$id&quot;,&quot;examples&quot;]
warning: the following keywords are unknown and will be ignored: [$id, examples]
    level: &quot;warning&quot;
    schema: {&quot;loadingURI&quot;:&quot;file:/Users/anuradharaman/eclipse-workspace/Anu/KFAPITestAutomation/target/test-classes/getStatusProcessItems.json#&quot;,&quot;pointer&quot;:&quot;/properties/Columns/items/properties/Name&quot;}
    domain: &quot;syntax&quot;
    ignored: [&quot;$id&quot;,&quot;examples&quot;]
warning: the following keywords are unknown and will be ignored: [$id, examples]
    level: &quot;warning&quot;
    schema: {&quot;loadingURI&quot;:&quot;file:/Users/anuradharaman/eclipse-workspace/Anu/KFAPITestAutomation/target/test-classes/getStatusProcessItems.json#&quot;,&quot;pointer&quot;:&quot;/properties/Columns/items/properties/ReadOnly&quot;}
    domain: &quot;syntax&quot;
    ignored: [&quot;$id&quot;,&quot;examples&quot;]
warning: the following keywords are unknown and will be ignored: [$id, examples]
    level: &quot;warning&quot;
    schema: {&quot;loadingURI&quot;:&quot;file:/Users/anuradharaman/eclipse-workspace/Anu/KFAPITestAutomation/target/test-classes/getStatusProcessItems.json#&quot;,&quot;pointer&quot;:&quot;/properties/Columns/items/properties/Type&quot;}
    domain: &quot;syntax&quot;
    ignored: [&quot;$id&quot;,&quot;examples&quot;]
warning: the following keywords are unknown and will be ignored: [$id, examples]
    level: &quot;warning&quot;
    schema: {&quot;loadingURI&quot;:&quot;file:/Users/anuradharaman/eclipse-workspace/Anu/KFAPITestAutomation/target/test-classes/getStatusProcessItems.json#&quot;,&quot;pointer&quot;:&quot;/properties/Columns/items/properties/FilterKey&quot;}
    domain: &quot;syntax&quot;
    ignored: [&quot;$id&quot;,&quot;examples&quot;]
warning: the following keywords are unknown and will be ignored: [$id, examples]
    level: &quot;warning&quot;
    schema: {&quot;loadingURI&quot;:&quot;file:/Users/anuradharaman/eclipse-workspace/Anu/KFAPITestAutomation/target/test-classes/getStatusProcessItems.json#&quot;,&quot;pointer&quot;:&quot;/properties/Columns/items/properties/Id&quot;}
    domain: &quot;syntax&quot;
    ignored: [&quot;$id&quot;,&quot;examples&quot;]
warning: the following keywords are unknown and will be ignored: [$id, examples]
    level: &quot;warning&quot;
    schema: {&quot;loadingURI&quot;:&quot;file:/Users/anuradharaman/eclipse-workspace/Anu/KFAPITestAutomation/target/test-classes/getStatusProcessItems.json#&quot;,&quot;pointer&quot;:&quot;/properties/Columns/items/properties/Name&quot;}
    domain: &quot;syntax&quot;
    ignored: [&quot;$id&quot;,&quot;examples&quot;]
warning: the following keywords are unknown and will be ignored: [$id, examples]
    level: &quot;warning&quot;
    schema: {&quot;loadingURI&quot;:&quot;file:/Users/anuradharaman/eclipse-workspace/Anu/KFAPITestAutomation/target/test-classes/getStatusProcessItems.json#&quot;,&quot;pointer&quot;:&quot;/properties/Columns/items/properties/ReadOnly&quot;}
    domain: &quot;syntax&quot;
    ignored: [&quot;$id&quot;,&quot;examples&quot;]
warning: the following keywords are unknown and will be ignored: [$id, examples]
    level: &quot;warning&quot;
    schema: {&quot;loadingURI&quot;:&quot;file:/Users/anuradharaman/eclipse-workspace/Anu/KFAPITestAutomation/target/test-classes/getStatusProcessItems.json#&quot;,&quot;pointer&quot;:&quot;/properties/Columns/items/properties/Type&quot;}
    domain: &quot;syntax&quot;
    ignored: [&quot;$id&quot;,&quot;examples&quot;]
warning: the following keywords are unknown and will be ignored: [$id, examples]
    level: &quot;warning&quot;
    schema: {&quot;loadingURI&quot;:&quot;file:/Users/anuradharaman/eclipse-workspace/Anu/KFAPITestAutomation/target/test-classes/getStatusProcessItems.json#&quot;,&quot;pointer&quot;:&quot;/properties/Columns/items&quot;}
    domain: &quot;syntax&quot;
    ignored: [&quot;$id&quot;,&quot;examples&quot;]
warning: the following keywords are unknown and will be ignored: [$id, examples]
    level: &quot;warning&quot;
    schema: {&quot;loadingURI&quot;:&quot;file:/Users/anuradharaman/eclipse-workspace/Anu/KFAPITestAutomation/target/test-classes/getStatusProcessItems.json#&quot;,&quot;pointer&quot;:&quot;/properties/Columns/items/properties/FilterKey&quot;}
    domain: &quot;syntax&quot;
    ignored: [&quot;$id&quot;,&quot;examples&quot;]
warning: the following keywords are unknown and will be ignored: [$id, examples]
    level: &quot;warning&quot;
    schema: {&quot;loadingURI&quot;:&quot;file:/Users/anuradharaman/eclipse-workspace/Anu/KFAPITestAutomation/target/test-classes/getStatusProcessItems.json#&quot;,&quot;pointer&quot;:&quot;/properties/Columns/items/properties/Id&quot;}
    domain: &quot;syntax&quot;
    ignored: [&quot;$id&quot;,&quot;examples&quot;]
warning: the following keywords are unknown and will be ignored: [$id, examples]
    level: &quot;warning&quot;
    schema: {&quot;loadingURI&quot;:&quot;file:/Users/anuradharaman/eclipse-workspace/Anu/KFAPITestAutomation/target/test-classes/getStatusProcessItems.json#&quot;,&quot;pointer&quot;:&quot;/properties/Columns/items/properties/Name&quot;}
    domain: &quot;syntax&quot;
    ignored: [&quot;$id&quot;,&quot;examples&quot;]
warning: the following keywords are unknown and will be ignored: [$id, examples]
    level: &quot;warning&quot;
    schema: {&quot;loadingURI&quot;:&quot;file:/Users/anuradharaman/eclipse-workspace/Anu/KFAPITestAutomation/target/test-classes/getStatusProcessItems.json#&quot;,&quot;pointer&quot;:&quot;/properties/Columns/items/properties/ReadOnly&quot;}
    domain: &quot;syntax&quot;
    ignored: [&quot;$id&quot;,&quot;examples&quot;]
warning: the following keywords are unknown and will be ignored: [$id, examples]
    level: &quot;warning&quot;
    schema: {&quot;loadingURI&quot;:&quot;file:/Users/anuradharaman/eclipse-workspace/Anu/KFAPITestAutomation/target/test-classes/getStatusProcessItems.json#&quot;,&quot;pointer&quot;:&quot;/properties/Columns/items/properties/Type&quot;}
    domain: &quot;syntax&quot;
    ignored: [&quot;$id&quot;,&quot;examples&quot;]
warning: the following keywords are unknown and will be ignored: [$id, examples]
    level: &quot;warning&quot;
    schema: {&quot;loadingURI&quot;:&quot;file:/Users/anuradharaman/eclipse-workspace/Anu/KFAPITestAutomation/target/test-classes/getStatusProcessItems.json#&quot;,&quot;pointer&quot;:&quot;/properties/Columns/items/properties/FilterKey&quot;}
    domain: &quot;syntax&quot;
    ignored: [&quot;$id&quot;,&quot;examples&quot;]
warning: the following keywords are unknown and will be ignored: [$id, examples]
    level: &quot;warning&quot;
    schema: {&quot;loadingURI&quot;:&quot;file:/Users/anuradharaman/eclipse-workspace/Anu/KFAPITestAutomation/target/test-classes/getStatusProcessItems.json#&quot;,&quot;pointer&quot;:&quot;/properties/Columns/items/properties/Id&quot;}
    domain: &quot;syntax&quot;
    ignored: [&quot;$id&quot;,&quot;examples&quot;]
warning: the following keywords are unknown and will be ignored: [$id, examples]
    level: &quot;warning&quot;
    schema: {&quot;loadingURI&quot;:&quot;file:/Users/anuradharaman/eclipse-workspace/Anu/KFAPITestAutomation/target/test-classes/getStatusProcessItems.json#&quot;,&quot;pointer&quot;:&quot;/properties/Columns/items/properties/Name&quot;}
    domain: &quot;syntax&quot;
    ignored: [&quot;$id&quot;,&quot;examples&quot;]
warning: the following keywords are unknown and will be ignored: [$id, examples]
    level: &quot;warning&quot;
    schema: {&quot;loadingURI&quot;:&quot;file:/Users/anuradharaman/eclipse-workspace/Anu/KFAPITestAutomation/target/test-classes/getStatusProcessItems.json#&quot;,&quot;pointer&quot;:&quot;/properties/Columns/items/properties/ReadOnly&quot;}
    domain: &quot;syntax&quot;
    ignored: [&quot;$id&quot;,&quot;examples&quot;]
warning: the following keywords are unknown and will be ignored: [$id, examples]
    level: &quot;warning&quot;
    schema: {&quot;loadingURI&quot;:&quot;file:/Users/anuradharaman/eclipse-workspace/Anu/KFAPITestAutomation/target/test-classes/getStatusProcessItems.json#&quot;,&quot;pointer&quot;:&quot;/properties/Columns/items/properties/Type&quot;}
    domain: &quot;syntax&quot;
    ignored: [&quot;$id&quot;,&quot;examples&quot;]
warning: the following keywords are unknown and will be ignored: [$id, examples]
    level: &quot;warning&quot;
    schema: {&quot;loadingURI&quot;:&quot;file:/Users/anuradharaman/eclipse-workspace/Anu/KFAPITestAutomation/target/test-classes/getStatusProcessItems.json#&quot;,&quot;pointer&quot;:&quot;/properties/Columns/items&quot;}
    domain: &quot;syntax&quot;
    ignored: [&quot;$id&quot;,&quot;examples&quot;]
warning: the following keywords are unknown and will be ignored: [$id, examples]
    level: &quot;warning&quot;
    schema: {&quot;loadingURI&quot;:&quot;file:/Users/anuradharaman/eclipse-workspace/Anu/KFAPITestAutomation/target/test-classes/getStatusProcessItems.json#&quot;,&quot;pointer&quot;:&quot;/properties/Columns/items/properties/FilterKey&quot;}
    domain: &quot;syntax&quot;
    ignored: [&quot;$id&quot;,&quot;examples&quot;]
warning: the following keywords are unknown and will be ignored: [$id, examples]
    level: &quot;warning&quot;
    schema: {&quot;loadingURI&quot;:&quot;file:/Users/anuradharaman/eclipse-workspace/Anu/KFAPITestAutomation/target/test-classes/getStatusProcessItems.json#&quot;,&quot;pointer&quot;:&quot;/properties/Columns/items/properties/Id&quot;}
    domain: &quot;syntax&quot;
    ignored: [&quot;$id&quot;,&quot;examples&quot;]
warning: the following keywords are unknown and will be ignored: [$id, examples]
    level: &quot;warning&quot;
    schema: {&quot;loadingURI&quot;:&quot;file:/Users/anuradharaman/eclipse-workspace/Anu/KFAPITestAutomation/target/test-classes/getStatusProcessItems.json#&quot;,&quot;pointer&quot;:&quot;/properties/Columns/items/properties/Name&quot;}
    domain: &quot;syntax&quot;
    ignored: [&quot;$id&quot;,&quot;examples&quot;]
warning: the following keywords are unknown and will be ignored: [$id, examples]
    level: &quot;warning&quot;
    schema: {&quot;loadingURI&quot;:&quot;file:/Users/anuradharaman/eclipse-workspace/Anu/KFAPITestAutomation/target/test-classes/getStatusProcessItems.json#&quot;,&quot;pointer&quot;:&quot;/properties/Columns/items/properties/ReadOnly&quot;}
    domain: &quot;syntax&quot;
    ignored: [&quot;$id&quot;,&quot;examples&quot;]
warning: the following keywords are unknown and will be ignored: [$id, examples]
    level: &quot;warning&quot;
    schema: {&quot;loadingURI&quot;:&quot;file:/Users/anuradharaman/eclipse-workspace/Anu/KFAPITestAutomation/target/test-classes/getStatusProcessItems.json#&quot;,&quot;pointer&quot;:&quot;/properties/Columns/items/properties/Type&quot;}
    domain: &quot;syntax&quot;
    ignored: [&quot;$id&quot;,&quot;examples&quot;]
warning: the following keywords are unknown and will be ignored: [$id, examples]
    level: &quot;warning&quot;
    schema: {&quot;loadingURI&quot;:&quot;file:/Users/anuradharaman/eclipse-workspace/Anu/KFAPITestAutomation/target/test-classes/getStatusProcessItems.json#&quot;,&quot;pointer&quot;:&quot;/properties/Columns/items/properties/FilterKey&quot;}
    domain: &quot;syntax&quot;
    ignored: [&quot;$id&quot;,&quot;examples&quot;]
warning: the following keywords are unknown and will be ignored: [$id, examples]
    level: &quot;warning&quot;
    schema: {&quot;loadingURI&quot;:&quot;file:/Users/anuradharaman/eclipse-workspace/Anu/KFAPITestAutomation/target/test-classes/getStatusProcessItems.json#&quot;,&quot;pointer&quot;:&quot;/properties/Columns/items/properties/Id&quot;}
    domain: &quot;syntax&quot;
    ignored: [&quot;$id&quot;,&quot;examples&quot;]
warning: the following keywords are unknown and will be ignored: [$id, examples]
    level: &quot;warning&quot;
    schema: {&quot;loadingURI&quot;:&quot;file:/Users/anuradharaman/eclipse-workspace/Anu/KFAPITestAutomation/target/test-classes/getStatusProcessItems.json#&quot;,&quot;pointer&quot;:&quot;/properties/Columns/items/properties/Name&quot;}
    domain: &quot;syntax&quot;
    ignored: [&quot;$id&quot;,&quot;examples&quot;]
warning: the following keywords are unknown and will be ignored: [$id, examples]
    level: &quot;warning&quot;
    schema: {&quot;loadingURI&quot;:&quot;file:/Users/anuradharaman/eclipse-workspace/Anu/KFAPITestAutomation/target/test-classes/getStatusProcessItems.json#&quot;,&quot;pointer&quot;:&quot;/properties/Columns/items/properties/ReadOnly&quot;}
    domain: &quot;syntax&quot;
    ignored: [&quot;$id&quot;,&quot;examples&quot;]
warning: the following keywords are unknown and will be ignored: [$id, examples]
    level: &quot;warning&quot;
    schema: {&quot;loadingURI&quot;:&quot;file:/Users/anuradharaman/eclipse-workspace/Anu/KFAPITestAutomation/target/test-classes/getStatusProcessItems.json#&quot;,&quot;pointer&quot;:&quot;/properties/Columns/items/properties/Type&quot;}
    domain: &quot;syntax&quot;
    ignored: [&quot;$id&quot;,&quot;examples&quot;]
warning: the following keywords are unknown and will be ignored: [$id, examples]
    level: &quot;warning&quot;
    schema: {&quot;loadingURI&quot;:&quot;file:/Users/anuradharaman/eclipse-workspace/Anu/KFAPITestAutomation/target/test-classes/getStatusProcessItems.json#&quot;,&quot;pointer&quot;:&quot;/properties/Columns/items&quot;}
    domain: &quot;syntax&quot;
    ignored: [&quot;$id&quot;,&quot;examples&quot;]
warning: the following keywords are unknown and will be ignored: [$id, examples]
    level: &quot;warning&quot;
    schema: {&quot;loadingURI&quot;:&quot;file:/Users/anuradharaman/eclipse-workspace/Anu/KFAPITestAutomation/target/test-classes/getStatusProcessItems.json#&quot;,&quot;pointer&quot;:&quot;/properties/Columns/items/properties/FilterKey&quot;}
    domain: &quot;syntax&quot;
    ignored: [&quot;$id&quot;,&quot;examples&quot;]
warning: the following keywords are unknown and will be ignored: [$id, examples]
    level: &quot;warning&quot;
    schema: {&quot;loadingURI&quot;:&quot;file:/Users/anuradharaman/eclipse-workspace/Anu/KFAPITestAutomation/target/test-classes/getStatusProcessItems.json#&quot;,&quot;pointer&quot;:&quot;/properties/Columns/items/properties/Id&quot;}
    domain: &quot;syntax&quot;
    ignored: [&quot;$id&quot;,&quot;examples&quot;]
warning: the following keywords are unknown and will be ignored: [$id, examples]
    level: &quot;warning&quot;
    schema: {&quot;loadingURI&quot;:&quot;file:/Users/anuradharaman/eclipse-workspace/Anu/KFAPITestAutomation/target/test-classes/getStatusProcessItems.json#&quot;,&quot;pointer&quot;:&quot;/properties/Columns/items/properties/Name&quot;}
    domain: &quot;syntax&quot;
    ignored: [&quot;$id&quot;,&quot;examples&quot;]
warning: the following keywords are unknown and will be ignored: [$id, examples]
    level: &quot;warning&quot;
    schema: {&quot;loadingURI&quot;:&quot;file:/Users/anuradharaman/eclipse-workspace/Anu/KFAPITestAutomation/target/test-classes/getStatusProcessItems.json#&quot;,&quot;pointer&quot;:&quot;/properties/Columns/items/properties/ReadOnly&quot;}
    domain: &quot;syntax&quot;
    ignored: [&quot;$id&quot;,&quot;examples&quot;]
warning: the following keywords are unknown and will be ignored: [$id, examples]
    level: &quot;warning&quot;
    schema: {&quot;loadingURI&quot;:&quot;file:/Users/anuradharaman/eclipse-workspace/Anu/KFAPITestAutomation/target/test-classes/getStatusProcessItems.json#&quot;,&quot;pointer&quot;:&quot;/properties/Columns/items/properties/Type&quot;}
    domain: &quot;syntax&quot;
    ignored: [&quot;$id&quot;,&quot;examples&quot;]
warning: the following keywords are unknown and will be ignored: [$id, examples]
    level: &quot;warning&quot;
    schema: {&quot;loadingURI&quot;:&quot;file:/Users/anuradharaman/eclipse-workspace/Anu/KFAPITestAutomation/target/test-classes/getStatusProcessItems.json#&quot;,&quot;pointer&quot;:&quot;/properties/Columns/items/properties/FilterKey&quot;}
    domain: &quot;syntax&quot;
    ignored: [&quot;$id&quot;,&quot;examples&quot;]
warning: the following keywords are unknown and will be ignored: [$id, examples]
    level: &quot;warning&quot;
    schema: {&quot;loadingURI&quot;:&quot;file:/Users/anuradharaman/eclipse-workspace/Anu/KFAPITestAutomation/target/test-classes/getStatusProcessItems.json#&quot;,&quot;pointer&quot;:&quot;/properties/Columns/items/properties/Id&quot;}
    domain: &quot;syntax&quot;
    ignored: [&quot;$id&quot;,&quot;examples&quot;]
warning: the following keywords are unknown and will be ignored: [$id, examples]
    level: &quot;warning&quot;
    schema: {&quot;loadingURI&quot;:&quot;file:/Users/anuradharaman/eclipse-workspace/Anu/KFAPITestAutomation/target/test-classes/getStatusProcessItems.json#&quot;,&quot;pointer&quot;:&quot;/properties/Columns/items/properties/Name&quot;}
    domain: &quot;syntax&quot;
    ignored: [&quot;$id&quot;,&quot;examples&quot;]
warning: the following keywords are unknown and will be ignored: [$id, examples]
    level: &quot;warning&quot;
    schema: {&quot;loadingURI&quot;:&quot;file:/Users/anuradharaman/eclipse-workspace/Anu/KFAPITestAutomation/target/test-classes/getStatusProcessItems.json#&quot;,&quot;pointer&quot;:&quot;/properties/Columns/items/properties/ReadOnly&quot;}
    domain: &quot;syntax&quot;
    ignored: [&quot;$id&quot;,&quot;examples&quot;]
warning: the following keywords are unknown and will be ignored: [$id, examples]
    level: &quot;warning&quot;
    schema: {&quot;loadingURI&quot;:&quot;file:/Users/anuradharaman/eclipse-workspace/Anu/KFAPITestAutomation/target/test-classes/getStatusProcessItems.json#&quot;,&quot;pointer&quot;:&quot;/properties/Columns/items/properties/Type&quot;}
    domain: &quot;syntax&quot;
    ignored: [&quot;$id&quot;,&quot;examples&quot;]
warning: the following keywords are unknown and will be ignored: [$id, examples]
    level: &quot;warning&quot;
    schema: {&quot;loadingURI&quot;:&quot;file:/Users/anuradharaman/eclipse-workspace/Anu/KFAPITestAutomation/target/test-classes/getStatusProcessItems.json#&quot;,&quot;pointer&quot;:&quot;/properties/Columns/items&quot;}
    domain: &quot;syntax&quot;
    ignored: [&quot;$id&quot;,&quot;examples&quot;]
warning: the following keywords are unknown and will be ignored: [$id, examples]
    level: &quot;warning&quot;
    schema: {&quot;loadingURI&quot;:&quot;file:/Users/anuradharaman/eclipse-workspace/Anu/KFAPITestAutomation/target/test-classes/getStatusProcessItems.json#&quot;,&quot;pointer&quot;:&quot;/properties/Columns/items/properties/FilterKey&quot;}
    domain: &quot;syntax&quot;
    ignored: [&quot;$id&quot;,&quot;examples&quot;]
warning: the following keywords are unknown and will be ignored: [$id, examples]
    level: &quot;warning&quot;
    schema: {&quot;loadingURI&quot;:&quot;file:/Users/anuradharaman/eclipse-workspace/Anu/KFAPITestAutomation/target/test-classes/getStatusProcessItems.json#&quot;,&quot;pointer&quot;:&quot;/properties/Columns/items/properties/Id&quot;}
    domain: &quot;syntax&quot;
    ignored: [&quot;$id&quot;,&quot;examples&quot;]
warning: the following keywords are unknown and will be ignored: [$id, examples]
    level: &quot;warning&quot;
    schema: {&quot;loadingURI&quot;:&quot;file:/Users/anuradharaman/eclipse-workspace/Anu/KFAPITestAutomation/target/test-classes/getStatusProcessItems.json#&quot;,&quot;pointer&quot;:&quot;/properties/Columns/items/properties/Name&quot;}
    domain: &quot;syntax&quot;
    ignored: [&quot;$id&quot;,&quot;examples&quot;]
warning: the following keywords are unknown and will be ignored: [$id, examples]
    level: &quot;warning&quot;
    schema: {&quot;loadingURI&quot;:&quot;file:/Users/anuradharaman/eclipse-workspace/Anu/KFAPITestAutomation/target/test-classes/getStatusProcessItems.json#&quot;,&quot;pointer&quot;:&quot;/properties/Columns/items/properties/ReadOnly&quot;}
    domain: &quot;syntax&quot;
    ignored: [&quot;$id&quot;,&quot;examples&quot;]
warning: the following keywords are unknown and will be ignored: [$id, examples]
    level: &quot;warning&quot;
    schema: {&quot;loadingURI&quot;:&quot;file:/Users/anuradharaman/eclipse-workspace/Anu/KFAPITestAutomation/target/test-classes/getStatusProcessItems.json#&quot;,&quot;pointer&quot;:&quot;/properties/Columns/items/properties/Type&quot;}
    domain: &quot;syntax&quot;
    ignored: [&quot;$id&quot;,&quot;examples&quot;]
error: object has missing required properties ([&quot;FilterKey&quot;])
    level: &quot;error&quot;
    schema: {&quot;loadingURI&quot;:&quot;file:/Users/anuradharaman/eclipse-workspace/Anu/KFAPITestAutomation/target/test-classes/getStatusProcessItems.json#&quot;,&quot;pointer&quot;:&quot;/properties/Columns/items&quot;}
    instance: {&quot;pointer&quot;:&quot;/Columns/5&quot;}
    domain: &quot;validation&quot;
    keyword: &quot;required&quot;
    required: [&quot;FilterKey&quot;,&quot;Id&quot;,&quot;Name&quot;,&quot;ReadOnly&quot;,&quot;Type&quot;]
    missing: [&quot;FilterKey&quot;]
warning: the following keywords are unknown and will be ignored: [$id]
    level: &quot;warning&quot;
    schema: {&quot;loadingURI&quot;:&quot;file:/Users/anuradharaman/eclipse-workspace/Anu/KFAPITestAutomation/target/test-classes/getStatusProcessItems.json#&quot;,&quot;pointer&quot;:&quot;/properties/Data&quot;}
    domain: &quot;syntax&quot;
    ignored: [&quot;$id&quot;]
warning: the following keywords are unknown and will be ignored: [$id, examples]
    level: &quot;warning&quot;
    schema: {&quot;loadingURI&quot;:&quot;file:/Users/anuradharaman/eclipse-workspace/Anu/KFAPITestAutomation/target/test-classes/getStatusProcessItems.json#&quot;,&quot;pointer&quot;:&quot;/properties/Data/items&quot;}
    domain: &quot;syntax&quot;
    ignored: [&quot;$id&quot;,&quot;examples&quot;]
warning: the following keywords are unknown and will be ignored: [$id, examples]
    level: &quot;warning&quot;
    schema: {&quot;loadingURI&quot;:&quot;file:/Users/anuradharaman/eclipse-workspace/Anu/KFAPITestAutomation/target/test-classes/getStatusProcessItems.json#&quot;,&quot;pointer&quot;:&quot;/properties/Data/items/properties/FlowId&quot;}
    domain: &quot;syntax&quot;
    ignored: [&quot;$id&quot;,&quot;examples&quot;]
warning: the following keywords are unknown and will be ignored: [$id, examples]
    level: &quot;warning&quot;
    schema: {&quot;loadingURI&quot;:&quot;file:/Users/anuradharaman/eclipse-workspace/Anu/KFAPITestAutomation/target/test-classes/getStatusProcessItems.json#&quot;,&quot;pointer&quot;:&quot;/properties/Data/items/properties/FlowName&quot;}
    domain: &quot;syntax&quot;
    ignored: [&quot;$id&quot;,&quot;examples&quot;]
warning: the following keywords are unknown and will be ignored: [$id, examples]
    level: &quot;warning&quot;
    schema: {&quot;loadingURI&quot;:&quot;file:/Users/anuradharaman/eclipse-workspace/Anu/KFAPITestAutomation/target/test-classes/getStatusProcessItems.json#&quot;,&quot;pointer&quot;:&quot;/properties/Data/items/properties/FlowType&quot;}
    domain: &quot;syntax&quot;
    ignored: [&quot;$id&quot;,&quot;examples&quot;]
warning: the following keywords are unknown and will be ignored: [$id, examples]
    level: &quot;warning&quot;
    schema: {&quot;loadingURI&quot;:&quot;file:/Users/anuradharaman/eclipse-workspace/Anu/KFAPITestAutomation/target/test-classes/getStatusProcessItems.json#&quot;,&quot;pointer&quot;:&quot;/properties/Data/items/properties/Name&quot;}
    domain: &quot;syntax&quot;
    ignored: [&quot;$id&quot;,&quot;examples&quot;]
warning: the following keywords are unknown and will be ignored: [$id, examples]
    level: &quot;warning&quot;
    schema: {&quot;loadingURI&quot;:&quot;file:/Users/anuradharaman/eclipse-workspace/Anu/KFAPITestAutomation/target/test-classes/getStatusProcessItems.json#&quot;,&quot;pointer&quot;:&quot;/properties/Data/items/properties/_activity_instance_id&quot;}
    domain: &quot;syntax&quot;
    ignored: [&quot;$id&quot;,&quot;examples&quot;]
warning: the following keywords are unknown and will be ignored: [$id, examples]
    level: &quot;warning&quot;
    schema: {&quot;loadingURI&quot;:&quot;file:/Users/anuradharaman/eclipse-workspace/Anu/KFAPITestAutomation/target/test-classes/getStatusProcessItems.json#&quot;,&quot;pointer&quot;:&quot;/properties/Data/items/properties/_created_at&quot;}
    domain: &quot;syntax&quot;
    ignored: [&quot;$id&quot;,&quot;examples&quot;]
warning: the following keywords are unknown and will be ignored: [$id, examples]
    level: &quot;warning&quot;
    schema: {&quot;loadingURI&quot;:&quot;file:/Users/anuradharaman/eclipse-workspace/Anu/KFAPITestAutomation/target/test-classes/getStatusProcessItems.json#&quot;,&quot;pointer&quot;:&quot;/properties/Data/items/properties/_id&quot;}
    domain: &quot;syntax&quot;
    ignored: [&quot;$id&quot;,&quot;examples&quot;]
warning: the following keywords are unknown and will be ignored: [$id]
    level: &quot;warning&quot;
    schema: {&quot;loadingURI&quot;:&quot;file:/Users/anuradharaman/eclipse-workspace/Anu/KFAPITestAutomation/target/test-classes/getStatusProcessItems.json#&quot;,&quot;pointer&quot;:&quot;/properties/Fields&quot;}
    domain: &quot;syntax&quot;
    ignored: [&quot;$id&quot;]
warning: the following keywords are unknown and will be ignored: [$id, examples]
    level: &quot;warning&quot;
    schema: {&quot;loadingURI&quot;:&quot;file:/Users/anuradharaman/eclipse-workspace/Anu/KFAPITestAutomation/target/test-classes/getStatusProcessItems.json#&quot;,&quot;pointer&quot;:&quot;/properties/Fields/items&quot;}
    domain: &quot;syntax&quot;
    ignored: [&quot;$id&quot;,&quot;examples&quot;]
warning: the following keywords are unknown and will be ignored: [$id, examples]
    level: &quot;warning&quot;
    schema: {&quot;loadingURI&quot;:&quot;file:/Users/anuradharaman/eclipse-workspace/Anu/KFAPITestAutomation/target/test-classes/getStatusProcessItems.json#&quot;,&quot;pointer&quot;:&quot;/properties/Fields/items/properties/FilterKey&quot;}
    domain: &quot;syntax&quot;
    ignored: [&quot;$id&quot;,&quot;examples&quot;]
warning: the following keywords are unknown and will be ignored: [$id, examples]
    level: &quot;warning&quot;
    schema: {&quot;loadingURI&quot;:&quot;file:/Users/anuradharaman/eclipse-workspace/Anu/KFAPITestAutomation/target/test-classes/getStatusProcessItems.json#&quot;,&quot;pointer&quot;:&quot;/properties/Fields/items/properties/Id&quot;}
    domain: &quot;syntax&quot;
    ignored: [&quot;$id&quot;,&quot;examples&quot;]
warning: the following keywords are unknown and will be ignored: [$id, examples]
    level: &quot;warning&quot;
    schema: {&quot;loadingURI&quot;:&quot;file:/Users/anuradharaman/eclipse-workspace/Anu/KFAPITestAutomation/target/test-classes/getStatusProcessItems.json#&quot;,&quot;pointer&quot;:&quot;/properties/Fields/items/properties/Name&quot;}
    domain: &quot;syntax&quot;
    ignored: [&quot;$id&quot;,&quot;examples&quot;]
warning: the following keywords are unknown and will be ignored: [$id, examples]
    level: &quot;warning&quot;
    schema: {&quot;loadingURI&quot;:&quot;file:/Users/anuradharaman/eclipse-workspace/Anu/KFAPITestAutomation/target/test-classes/getStatusProcessItems.json#&quot;,&quot;pointer&quot;:&quot;/properties/Fields/items/properties/ReadOnly&quot;}
    domain: &quot;syntax&quot;
    ignored: [&quot;$id&quot;,&quot;examples&quot;]
warning: the following keywords are unknown and will be ignored: [$id, examples]
    level: &quot;warning&quot;
    schema: {&quot;loadingURI&quot;:&quot;file:/Users/anuradharaman/eclipse-workspace/Anu/KFAPITestAutomation/target/test-classes/getStatusProcessItems.json#&quot;,&quot;pointer&quot;:&quot;/properties/Fields/items/properties/Type&quot;}
    domain: &quot;syntax&quot;
    ignored: [&quot;$id&quot;,&quot;examples&quot;]
warning: the following keywords are unknown and will be ignored: [$id]
    level: &quot;warning&quot;
    schema: {&quot;loadingURI&quot;:&quot;file:/Users/anuradharaman/eclipse-workspace/Anu/KFAPITestAutomation/target/test-classes/getStatusProcessItems.json#&quot;,&quot;pointer&quot;:&quot;/properties/Filter&quot;}
    domain: &quot;syntax&quot;
    ignored: [&quot;$id&quot;]
warning: the following keywords are unknown and will be ignored: [$id, examples]
    level: &quot;warning&quot;
    schema: {&quot;loadingURI&quot;:&quot;file:/Users/anuradharaman/eclipse-workspace/Anu/KFAPITestAutomation/target/test-classes/getStatusProcessItems.json#&quot;,&quot;pointer&quot;:&quot;/properties/PageSize&quot;}
    domain: &quot;syntax&quot;
    ignored: [&quot;$id&quot;,&quot;examples&quot;]
warning: the following keywords are unknown and will be ignored: [$id]
    level: &quot;warning&quot;
    schema: {&quot;loadingURI&quot;:&quot;file:/Users/anuradharaman/eclipse-workspace/Anu/KFAPITestAutomation/target/test-classes/getStatusProcessItems.json#&quot;,&quot;pointer&quot;:&quot;/properties/Sort&quot;}
    domain: &quot;syntax&quot;
    ignored: [&quot;$id&quot;]
warning: the following keywords are unknown and will be ignored: [$id, examples]
    level: &quot;warning&quot;
    schema: {&quot;loadingURI&quot;:&quot;file:/Users/anuradharaman/eclipse-workspace/Anu/KFAPITestAutomation/target/test-classes/getStatusProcessItems.json#&quot;,&quot;pointer&quot;:&quot;/properties/_id&quot;}
    domain: &quot;syntax&quot;
    ignored: [&quot;$id&quot;,&quot;examples&quot;]

  Actual: {&quot;_id&quot;: &quot;GlobalMyitems&quot;, &quot;Data&quot;: [], &quot;Columns&quot;: [{&quot;Id&quot;: &quot;Name&quot;, &quot;Name&quot;: &quot;Item Title&quot;, &quot;Type&quot;: &quot;Text&quot;, &quot;ReadOnly&quot;: true, &quot;FilterKey&quot;: &quot;Name&quot;}, {&quot;Id&quot;: &quot;FlowName&quot;, &quot;Name&quot;: &quot;Flow Name&quot;, &quot;Type&quot;: &quot;Text&quot;, &quot;ReadOnly&quot;: true, &quot;FilterKey&quot;: &quot;FlowName&quot;}, {&quot;Id&quot;: &quot;FlowType&quot;, &quot;Name&quot;: &quot;Flow Type&quot;, &quot;Type&quot;: &quot;Text&quot;, &quot;ReadOnly&quot;: true, &quot;FilterKey&quot;: &quot;FlowType&quot;}, {&quot;Id&quot;: &quot;_current_step&quot;, &quot;Name&quot;: &quot;Step Name&quot;, &quot;Type&quot;: &quot;Text&quot;, &quot;ReadOnly&quot;: true, &quot;FilterKey&quot;: &quot;_current_step.keyword&quot;}, {&quot;Id&quot;: &quot;AssignedTo&quot;, &quot;Name&quot;: &quot;Currently Assigned To&quot;, &quot;Type&quot;: &quot;MultiUser&quot;, &quot;ReadOnly&quot;: true, &quot;FilterKey&quot;: &quot;_current_assigned_to&quot;}, {&quot;Id&quot;: &quot;_progress&quot;, &quot;Name&quot;: &quot;Progress&quot;, &quot;Type&quot;: &quot;Progress&quot;, &quot;ReadOnly&quot;: true}], &quot;Fields&quot;: [{&quot;Id&quot;: &quot;Name&quot;, &quot;Name&quot;: &quot;Item Title&quot;, &quot;Type&quot;: &quot;Text&quot;, &quot;ReadOnly&quot;: true, &quot;FilterKey&quot;: &quot;Name&quot;}, {&quot;Id&quot;: &quot;FlowName&quot;, &quot;Name&quot;: &quot;Flow Name&quot;, &quot;Type&quot;: &quot;Text&quot;, &quot;ReadOnly&quot;: true, &quot;FilterKey&quot;: &quot;FlowName&quot;}, {&quot;Id&quot;: &quot;FlowType&quot;, &quot;Name&quot;: &quot;Flow Type&quot;, &quot;Type&quot;: &quot;Text&quot;, &quot;ReadOnly&quot;: true, &quot;FilterKey&quot;: &quot;FlowType&quot;}, {&quot;Id&quot;: &quot;_current_step&quot;, &quot;Name&quot;: &quot;Step Name&quot;, &quot;Type&quot;: &quot;Text&quot;, &quot;ReadOnly&quot;: true, &quot;FilterKey&quot;: &quot;_current_step.keyword&quot;}], &quot;Filter&quot;: [], &quot;Sort&quot;: [], &quot;PageSize&quot;: 10}
" type="java.lang.AssertionError">
      <![CDATA[java.lang.AssertionError: 1 expectation failed.
Response body doesn't match expectation.
Expected: The content to match the given JSON schema.
warning: the following keywords are unknown and will be ignored: [$id]
    level: "warning"
    schema: {"loadingURI":"file:/Users/anuradharaman/eclipse-workspace/Anu/KFAPITestAutomation/target/test-classes/getStatusProcessItems.json#","pointer":""}
    domain: "syntax"
    ignored: ["$id"]
warning: the following keywords are unknown and will be ignored: [$id]
    level: "warning"
    schema: {"loadingURI":"file:/Users/anuradharaman/eclipse-workspace/Anu/KFAPITestAutomation/target/test-classes/getStatusProcessItems.json#","pointer":"/properties/Columns"}
    domain: "syntax"
    ignored: ["$id"]
warning: the following keywords are unknown and will be ignored: [$id, examples]
    level: "warning"
    schema: {"loadingURI":"file:/Users/anuradharaman/eclipse-workspace/Anu/KFAPITestAutomation/target/test-classes/getStatusProcessItems.json#","pointer":"/properties/Columns/items"}
    domain: "syntax"
    ignored: ["$id","examples"]
warning: the following keywords are unknown and will be ignored: [$id, examples]
    level: "warning"
    schema: {"loadingURI":"file:/Users/anuradharaman/eclipse-workspace/Anu/KFAPITestAutomation/target/test-classes/getStatusProcessItems.json#","pointer":"/properties/Columns/items/properties/FilterKey"}
    domain: "syntax"
    ignored: ["$id","examples"]
warning: the following keywords are unknown and will be ignored: [$id, examples]
    level: "warning"
    schema: {"loadingURI":"file:/Users/anuradharaman/eclipse-workspace/Anu/KFAPITestAutomation/target/test-classes/getStatusProcessItems.json#","pointer":"/properties/Columns/items/properties/Id"}
    domain: "syntax"
    ignored: ["$id","examples"]
warning: the following keywords are unknown and will be ignored: [$id, examples]
    level: "warning"
    schema: {"loadingURI":"file:/Users/anuradharaman/eclipse-workspace/Anu/KFAPITestAutomation/target/test-classes/getStatusProcessItems.json#","pointer":"/properties/Columns/items/properties/Name"}
    domain: "syntax"
    ignored: ["$id","examples"]
warning: the following keywords are unknown and will be ignored: [$id, examples]
    level: "warning"
    schema: {"loadingURI":"file:/Users/anuradharaman/eclipse-workspace/Anu/KFAPITestAutomation/target/test-classes/getStatusProcessItems.json#","pointer":"/properties/Columns/items/properties/ReadOnly"}
    domain: "syntax"
    ignored: ["$id","examples"]
warning: the following keywords are unknown and will be ignored: [$id, examples]
    level: "warning"
    schema: {"loadingURI":"file:/Users/anuradharaman/eclipse-workspace/Anu/KFAPITestAutomation/target/test-classes/getStatusProcessItems.json#","pointer":"/properties/Columns/items/properties/Type"}
    domain: "syntax"
    ignored: ["$id","examples"]
warning: the following keywords are unknown and will be ignored: [$id]
    level: "warning"
    schema: {"loadingURI":"file:/Users/anuradharaman/eclipse-workspace/Anu/KFAPITestAutomation/target/test-classes/getStatusProcessItems.json#","pointer":"/properties/Data"}
    domain: "syntax"
    ignored: ["$id"]
warning: the following keywords are unknown and will be ignored: [$id, examples]
    level: "warning"
    schema: {"loadingURI":"file:/Users/anuradharaman/eclipse-workspace/Anu/KFAPITestAutomation/target/test-classes/getStatusProcessItems.json#","pointer":"/properties/Data/items"}
    domain: "syntax"
    ignored: ["$id","examples"]
warning: the following keywords are unknown and will be ignored: [$id, examples]
    level: "warning"
    schema: {"loadingURI":"file:/Users/anuradharaman/eclipse-workspace/Anu/KFAPITestAutomation/target/test-classes/getStatusProcessItems.json#","pointer":"/properties/Data/items/properties/FlowId"}
    domain: "syntax"
    ignored: ["$id","examples"]
warning: the following keywords are unknown and will be ignored: [$id, examples]
    level: "warning"
    schema: {"loadingURI":"file:/Users/anuradharaman/eclipse-workspace/Anu/KFAPITestAutomation/target/test-classes/getStatusProcessItems.json#","pointer":"/properties/Data/items/properties/FlowName"}
    domain: "syntax"
    ignored: ["$id","examples"]
warning: the following keywords are unknown and will be ignored: [$id, examples]
    level: "warning"
    schema: {"loadingURI":"file:/Users/anuradharaman/eclipse-workspace/Anu/KFAPITestAutomation/target/test-classes/getStatusProcessItems.json#","pointer":"/properties/Data/items/properties/FlowType"}
    domain: "syntax"
    ignored: ["$id","examples"]
warning: the following keywords are unknown and will be ignored: [$id, examples]
    level: "warning"
    schema: {"loadingURI":"file:/Users/anuradharaman/eclipse-workspace/Anu/KFAPITestAutomation/target/test-classes/getStatusProcessItems.json#","pointer":"/properties/Data/items/properties/Name"}
    domain: "syntax"
    ignored: ["$id","examples"]
warning: the following keywords are unknown and will be ignored: [$id, examples]
    level: "warning"
    schema: {"loadingURI":"file:/Users/anuradharaman/eclipse-workspace/Anu/KFAPITestAutomation/target/test-classes/getStatusProcessItems.json#","pointer":"/properties/Data/items/properties/_activity_instance_id"}
    domain: "syntax"
    ignored: ["$id","examples"]
warning: the following keywords are unknown and will be ignored: [$id, examples]
    level: "warning"
    schema: {"loadingURI":"file:/Users/anuradharaman/eclipse-workspace/Anu/KFAPITestAutomation/target/test-classes/getStatusProcessItems.json#","pointer":"/properties/Data/items/properties/_created_at"}
    domain: "syntax"
    ignored: ["$id","examples"]
warning: the following keywords are unknown and will be ignored: [$id, examples]
    level: "warning"
    schema: {"loadingURI":"file:/Users/anuradharaman/eclipse-workspace/Anu/KFAPITestAutomation/target/test-classes/getStatusProcessItems.json#","pointer":"/properties/Data/items/properties/_id"}
    domain: "syntax"
    ignored: ["$id","examples"]
warning: the following keywords are unknown and will be ignored: [$id]
    level: "warning"
    schema: {"loadingURI":"file:/Users/anuradharaman/eclipse-workspace/Anu/KFAPITestAutomation/target/test-classes/getStatusProcessItems.json#","pointer":"/properties/Fields"}
    domain: "syntax"
    ignored: ["$id"]
warning: the following keywords are unknown and will be ignored: [$id, examples]
    level: "warning"
    schema: {"loadingURI":"file:/Users/anuradharaman/eclipse-workspace/Anu/KFAPITestAutomation/target/test-classes/getStatusProcessItems.json#","pointer":"/properties/Fields/items"}
    domain: "syntax"
    ignored: ["$id","examples"]
warning: the following keywords are unknown and will be ignored: [$id, examples]
    level: "warning"
    schema: {"loadingURI":"file:/Users/anuradharaman/eclipse-workspace/Anu/KFAPITestAutomation/target/test-classes/getStatusProcessItems.json#","pointer":"/properties/Fields/items/properties/FilterKey"}
    domain: "syntax"
    ignored: ["$id","examples"]
warning: the following keywords are unknown and will be ignored: [$id, examples]
    level: "warning"
    schema: {"loadingURI":"file:/Users/anuradharaman/eclipse-workspace/Anu/KFAPITestAutomation/target/test-classes/getStatusProcessItems.json#","pointer":"/properties/Fields/items/properties/Id"}
    domain: "syntax"
    ignored: ["$id","examples"]
warning: the following keywords are unknown and will be ignored: [$id, examples]
    level: "warning"
    schema: {"loadingURI":"file:/Users/anuradharaman/eclipse-workspace/Anu/KFAPITestAutomation/target/test-classes/getStatusProcessItems.json#","pointer":"/properties/Fields/items/properties/Name"}
    domain: "syntax"
    ignored: ["$id","examples"]
warning: the following keywords are unknown and will be ignored: [$id, examples]
    level: "warning"
    schema: {"loadingURI":"file:/Users/anuradharaman/eclipse-workspace/Anu/KFAPITestAutomation/target/test-classes/getStatusProcessItems.json#","pointer":"/properties/Fields/items/properties/ReadOnly"}
    domain: "syntax"
    ignored: ["$id","examples"]
warning: the following keywords are unknown and will be ignored: [$id, examples]
    level: "warning"
    schema: {"loadingURI":"file:/Users/anuradharaman/eclipse-workspace/Anu/KFAPITestAutomation/target/test-classes/getStatusProcessItems.json#","pointer":"/properties/Fields/items/properties/Type"}
    domain: "syntax"
    ignored: ["$id","examples"]
warning: the following keywords are unknown and will be ignored: [$id]
    level: "warning"
    schema: {"loadingURI":"file:/Users/anuradharaman/eclipse-workspace/Anu/KFAPITestAutomation/target/test-classes/getStatusProcessItems.json#","pointer":"/properties/Filter"}
    domain: "syntax"
    ignored: ["$id"]
warning: the following keywords are unknown and will be ignored: [$id, examples]
    level: "warning"
    schema: {"loadingURI":"file:/Users/anuradharaman/eclipse-workspace/Anu/KFAPITestAutomation/target/test-classes/getStatusProcessItems.json#","pointer":"/properties/PageSize"}
    domain: "syntax"
    ignored: ["$id","examples"]
warning: the following keywords are unknown and will be ignored: [$id]
    level: "warning"
    schema: {"loadingURI":"file:/Users/anuradharaman/eclipse-workspace/Anu/KFAPITestAutomation/target/test-classes/getStatusProcessItems.json#","pointer":"/properties/Sort"}
    domain: "syntax"
    ignored: ["$id"]
warning: the following keywords are unknown and will be ignored: [$id, examples]
    level: "warning"
    schema: {"loadingURI":"file:/Users/anuradharaman/eclipse-workspace/Anu/KFAPITestAutomation/target/test-classes/getStatusProcessItems.json#","pointer":"/properties/_id"}
    domain: "syntax"
    ignored: ["$id","examples"]
warning: the following keywords are unknown and will be ignored: [$id]
    level: "warning"
    schema: {"loadingURI":"file:/Users/anuradharaman/eclipse-workspace/Anu/KFAPITestAutomation/target/test-classes/getStatusProcessItems.json#","pointer":"/properties/Columns"}
    domain: "syntax"
    ignored: ["$id"]
warning: the following keywords are unknown and will be ignored: [$id, examples]
    level: "warning"
    schema: {"loadingURI":"file:/Users/anuradharaman/eclipse-workspace/Anu/KFAPITestAutomation/target/test-classes/getStatusProcessItems.json#","pointer":"/properties/Columns/items"}
    domain: "syntax"
    ignored: ["$id","examples"]
warning: the following keywords are unknown and will be ignored: [$id, examples]
    level: "warning"
    schema: {"loadingURI":"file:/Users/anuradharaman/eclipse-workspace/Anu/KFAPITestAutomation/target/test-classes/getStatusProcessItems.json#","pointer":"/properties/Columns/items/properties/FilterKey"}
    domain: "syntax"
    ignored: ["$id","examples"]
warning: the following keywords are unknown and will be ignored: [$id, examples]
    level: "warning"
    schema: {"loadingURI":"file:/Users/anuradharaman/eclipse-workspace/Anu/KFAPITestAutomation/target/test-classes/getStatusProcessItems.json#","pointer":"/properties/Columns/items/properties/Id"}
    domain: "syntax"
    ignored: ["$id","examples"]
warning: the following keywords are unknown and will be ignored: [$id, examples]
    level: "warning"
    schema: {"loadingURI":"file:/Users/anuradharaman/eclipse-workspace/Anu/KFAPITestAutomation/target/test-classes/getStatusProcessItems.json#","pointer":"/properties/Columns/items/properties/Name"}
    domain: "syntax"
    ignored: ["$id","examples"]
warning: the following keywords are unknown and will be ignored: [$id, examples]
    level: "warning"
    schema: {"loadingURI":"file:/Users/anuradharaman/eclipse-workspace/Anu/KFAPITestAutomation/target/test-classes/getStatusProcessItems.json#","pointer":"/properties/Columns/items/properties/ReadOnly"}
    domain: "syntax"
    ignored: ["$id","examples"]
warning: the following keywords are unknown and will be ignored: [$id, examples]
    level: "warning"
    schema: {"loadingURI":"file:/Users/anuradharaman/eclipse-workspace/Anu/KFAPITestAutomation/target/test-classes/getStatusProcessItems.json#","pointer":"/properties/Columns/items/properties/Type"}
    domain: "syntax"
    ignored: ["$id","examples"]
warning: the following keywords are unknown and will be ignored: [$id, examples]
    level: "warning"
    schema: {"loadingURI":"file:/Users/anuradharaman/eclipse-workspace/Anu/KFAPITestAutomation/target/test-classes/getStatusProcessItems.json#","pointer":"/properties/Columns/items"}
    domain: "syntax"
    ignored: ["$id","examples"]
warning: the following keywords are unknown and will be ignored: [$id, examples]
    level: "warning"
    schema: {"loadingURI":"file:/Users/anuradharaman/eclipse-workspace/Anu/KFAPITestAutomation/target/test-classes/getStatusProcessItems.json#","pointer":"/properties/Columns/items/properties/FilterKey"}
    domain: "syntax"
    ignored: ["$id","examples"]
warning: the following keywords are unknown and will be ignored: [$id, examples]
    level: "warning"
    schema: {"loadingURI":"file:/Users/anuradharaman/eclipse-workspace/Anu/KFAPITestAutomation/target/test-classes/getStatusProcessItems.json#","pointer":"/properties/Columns/items/properties/Id"}
    domain: "syntax"
    ignored: ["$id","examples"]
warning: the following keywords are unknown and will be ignored: [$id, examples]
    level: "warning"
    schema: {"loadingURI":"file:/Users/anuradharaman/eclipse-workspace/Anu/KFAPITestAutomation/target/test-classes/getStatusProcessItems.json#","pointer":"/properties/Columns/items/properties/Name"}
    domain: "syntax"
    ignored: ["$id","examples"]
warning: the following keywords are unknown and will be ignored: [$id, examples]
    level: "warning"
    schema: {"loadingURI":"file:/Users/anuradharaman/eclipse-workspace/Anu/KFAPITestAutomation/target/test-classes/getStatusProcessItems.json#","pointer":"/properties/Columns/items/properties/ReadOnly"}
    domain: "syntax"
    ignored: ["$id","examples"]
warning: the following keywords are unknown and will be ignored: [$id, examples]
    level: "warning"
    schema: {"loadingURI":"file:/Users/anuradharaman/eclipse-workspace/Anu/KFAPITestAutomation/target/test-classes/getStatusProcessItems.json#","pointer":"/properties/Columns/items/properties/Type"}
    domain: "syntax"
    ignored: ["$id","examples"]
warning: the following keywords are unknown and will be ignored: [$id, examples]
    level: "warning"
    schema: {"loadingURI":"file:/Users/anuradharaman/eclipse-workspace/Anu/KFAPITestAutomation/target/test-classes/getStatusProcessItems.json#","pointer":"/properties/Columns/items/properties/FilterKey"}
    domain: "syntax"
    ignored: ["$id","examples"]
warning: the following keywords are unknown and will be ignored: [$id, examples]
    level: "warning"
    schema: {"loadingURI":"file:/Users/anuradharaman/eclipse-workspace/Anu/KFAPITestAutomation/target/test-classes/getStatusProcessItems.json#","pointer":"/properties/Columns/items/properties/Id"}
    domain: "syntax"
    ignored: ["$id","examples"]
warning: the following keywords are unknown and will be ignored: [$id, examples]
    level: "warning"
    schema: {"loadingURI":"file:/Users/anuradharaman/eclipse-workspace/Anu/KFAPITestAutomation/target/test-classes/getStatusProcessItems.json#","pointer":"/properties/Columns/items/properties/Name"}
    domain: "syntax"
    ignored: ["$id","examples"]
warning: the following keywords are unknown and will be ignored: [$id, examples]
    level: "warning"
    schema: {"loadingURI":"file:/Users/anuradharaman/eclipse-workspace/Anu/KFAPITestAutomation/target/test-classes/getStatusProcessItems.json#","pointer":"/properties/Columns/items/properties/ReadOnly"}
    domain: "syntax"
    ignored: ["$id","examples"]
warning: the following keywords are unknown and will be ignored: [$id, examples]
    level: "warning"
    schema: {"loadingURI":"file:/Users/anuradharaman/eclipse-workspace/Anu/KFAPITestAutomation/target/test-classes/getStatusProcessItems.json#","pointer":"/properties/Columns/items/properties/Type"}
    domain: "syntax"
    ignored: ["$id","examples"]
warning: the following keywords are unknown and will be ignored: [$id, examples]
    level: "warning"
    schema: {"loadingURI":"file:/Users/anuradharaman/eclipse-workspace/Anu/KFAPITestAutomation/target/test-classes/getStatusProcessItems.json#","pointer":"/properties/Columns/items"}
    domain: "syntax"
    ignored: ["$id","examples"]
warning: the following keywords are unknown and will be ignored: [$id, examples]
    level: "warning"
    schema: {"loadingURI":"file:/Users/anuradharaman/eclipse-workspace/Anu/KFAPITestAutomation/target/test-classes/getStatusProcessItems.json#","pointer":"/properties/Columns/items/properties/FilterKey"}
    domain: "syntax"
    ignored: ["$id","examples"]
warning: the following keywords are unknown and will be ignored: [$id, examples]
    level: "warning"
    schema: {"loadingURI":"file:/Users/anuradharaman/eclipse-workspace/Anu/KFAPITestAutomation/target/test-classes/getStatusProcessItems.json#","pointer":"/properties/Columns/items/properties/Id"}
    domain: "syntax"
    ignored: ["$id","examples"]
warning: the following keywords are unknown and will be ignored: [$id, examples]
    level: "warning"
    schema: {"loadingURI":"file:/Users/anuradharaman/eclipse-workspace/Anu/KFAPITestAutomation/target/test-classes/getStatusProcessItems.json#","pointer":"/properties/Columns/items/properties/Name"}
    domain: "syntax"
    ignored: ["$id","examples"]
warning: the following keywords are unknown and will be ignored: [$id, examples]
    level: "warning"
    schema: {"loadingURI":"file:/Users/anuradharaman/eclipse-workspace/Anu/KFAPITestAutomation/target/test-classes/getStatusProcessItems.json#","pointer":"/properties/Columns/items/properties/ReadOnly"}
    domain: "syntax"
    ignored: ["$id","examples"]
warning: the following keywords are unknown and will be ignored: [$id, examples]
    level: "warning"
    schema: {"loadingURI":"file:/Users/anuradharaman/eclipse-workspace/Anu/KFAPITestAutomation/target/test-classes/getStatusProcessItems.json#","pointer":"/properties/Columns/items/properties/Type"}
    domain: "syntax"
    ignored: ["$id","examples"]
warning: the following keywords are unknown and will be ignored: [$id, examples]
    level: "warning"
    schema: {"loadingURI":"file:/Users/anuradharaman/eclipse-workspace/Anu/KFAPITestAutomation/target/test-classes/getStatusProcessItems.json#","pointer":"/properties/Columns/items/properties/FilterKey"}
    domain: "syntax"
    ignored: ["$id","examples"]
warning: the following keywords are unknown and will be ignored: [$id, examples]
    level: "warning"
    schema: {"loadingURI":"file:/Users/anuradharaman/eclipse-workspace/Anu/KFAPITestAutomation/target/test-classes/getStatusProcessItems.json#","pointer":"/properties/Columns/items/properties/Id"}
    domain: "syntax"
    ignored: ["$id","examples"]
warning: the following keywords are unknown and will be ignored: [$id, examples]
    level: "warning"
    schema: {"loadingURI":"file:/Users/anuradharaman/eclipse-workspace/Anu/KFAPITestAutomation/target/test-classes/getStatusProcessItems.json#","pointer":"/properties/Columns/items/properties/Name"}
    domain: "syntax"
    ignored: ["$id","examples"]
warning: the following keywords are unknown and will be ignored: [$id, examples]
    level: "warning"
    schema: {"loadingURI":"file:/Users/anuradharaman/eclipse-workspace/Anu/KFAPITestAutomation/target/test-classes/getStatusProcessItems.json#","pointer":"/properties/Columns/items/properties/ReadOnly"}
    domain: "syntax"
    ignored: ["$id","examples"]
warning: the following keywords are unknown and will be ignored: [$id, examples]
    level: "warning"
    schema: {"loadingURI":"file:/Users/anuradharaman/eclipse-workspace/Anu/KFAPITestAutomation/target/test-classes/getStatusProcessItems.json#","pointer":"/properties/Columns/items/properties/Type"}
    domain: "syntax"
    ignored: ["$id","examples"]
warning: the following keywords are unknown and will be ignored: [$id, examples]
    level: "warning"
    schema: {"loadingURI":"file:/Users/anuradharaman/eclipse-workspace/Anu/KFAPITestAutomation/target/test-classes/getStatusProcessItems.json#","pointer":"/properties/Columns/items"}
    domain: "syntax"
    ignored: ["$id","examples"]
warning: the following keywords are unknown and will be ignored: [$id, examples]
    level: "warning"
    schema: {"loadingURI":"file:/Users/anuradharaman/eclipse-workspace/Anu/KFAPITestAutomation/target/test-classes/getStatusProcessItems.json#","pointer":"/properties/Columns/items/properties/FilterKey"}
    domain: "syntax"
    ignored: ["$id","examples"]
warning: the following keywords are unknown and will be ignored: [$id, examples]
    level: "warning"
    schema: {"loadingURI":"file:/Users/anuradharaman/eclipse-workspace/Anu/KFAPITestAutomation/target/test-classes/getStatusProcessItems.json#","pointer":"/properties/Columns/items/properties/Id"}
    domain: "syntax"
    ignored: ["$id","examples"]
warning: the following keywords are unknown and will be ignored: [$id, examples]
    level: "warning"
    schema: {"loadingURI":"file:/Users/anuradharaman/eclipse-workspace/Anu/KFAPITestAutomation/target/test-classes/getStatusProcessItems.json#","pointer":"/properties/Columns/items/properties/Name"}
    domain: "syntax"
    ignored: ["$id","examples"]
warning: the following keywords are unknown and will be ignored: [$id, examples]
    level: "warning"
    schema: {"loadingURI":"file:/Users/anuradharaman/eclipse-workspace/Anu/KFAPITestAutomation/target/test-classes/getStatusProcessItems.json#","pointer":"/properties/Columns/items/properties/ReadOnly"}
    domain: "syntax"
    ignored: ["$id","examples"]
warning: the following keywords are unknown and will be ignored: [$id, examples]
    level: "warning"
    schema: {"loadingURI":"file:/Users/anuradharaman/eclipse-workspace/Anu/KFAPITestAutomation/target/test-classes/getStatusProcessItems.json#","pointer":"/properties/Columns/items/properties/Type"}
    domain: "syntax"
    ignored: ["$id","examples"]
warning: the following keywords are unknown and will be ignored: [$id, examples]
    level: "warning"
    schema: {"loadingURI":"file:/Users/anuradharaman/eclipse-workspace/Anu/KFAPITestAutomation/target/test-classes/getStatusProcessItems.json#","pointer":"/properties/Columns/items/properties/FilterKey"}
    domain: "syntax"
    ignored: ["$id","examples"]
warning: the following keywords are unknown and will be ignored: [$id, examples]
    level: "warning"
    schema: {"loadingURI":"file:/Users/anuradharaman/eclipse-workspace/Anu/KFAPITestAutomation/target/test-classes/getStatusProcessItems.json#","pointer":"/properties/Columns/items/properties/Id"}
    domain: "syntax"
    ignored: ["$id","examples"]
warning: the following keywords are unknown and will be ignored: [$id, examples]
    level: "warning"
    schema: {"loadingURI":"file:/Users/anuradharaman/eclipse-workspace/Anu/KFAPITestAutomation/target/test-classes/getStatusProcessItems.json#","pointer":"/properties/Columns/items/properties/Name"}
    domain: "syntax"
    ignored: ["$id","examples"]
warning: the following keywords are unknown and will be ignored: [$id, examples]
    level: "warning"
    schema: {"loadingURI":"file:/Users/anuradharaman/eclipse-workspace/Anu/KFAPITestAutomation/target/test-classes/getStatusProcessItems.json#","pointer":"/properties/Columns/items/properties/ReadOnly"}
    domain: "syntax"
    ignored: ["$id","examples"]
warning: the following keywords are unknown and will be ignored: [$id, examples]
    level: "warning"
    schema: {"loadingURI":"file:/Users/anuradharaman/eclipse-workspace/Anu/KFAPITestAutomation/target/test-classes/getStatusProcessItems.json#","pointer":"/properties/Columns/items/properties/Type"}
    domain: "syntax"
    ignored: ["$id","examples"]
warning: the following keywords are unknown and will be ignored: [$id, examples]
    level: "warning"
    schema: {"loadingURI":"file:/Users/anuradharaman/eclipse-workspace/Anu/KFAPITestAutomation/target/test-classes/getStatusProcessItems.json#","pointer":"/properties/Columns/items"}
    domain: "syntax"
    ignored: ["$id","examples"]
warning: the following keywords are unknown and will be ignored: [$id, examples]
    level: "warning"
    schema: {"loadingURI":"file:/Users/anuradharaman/eclipse-workspace/Anu/KFAPITestAutomation/target/test-classes/getStatusProcessItems.json#","pointer":"/properties/Columns/items/properties/FilterKey"}
    domain: "syntax"
    ignored: ["$id","examples"]
warning: the following keywords are unknown and will be ignored: [$id, examples]
    level: "warning"
    schema: {"loadingURI":"file:/Users/anuradharaman/eclipse-workspace/Anu/KFAPITestAutomation/target/test-classes/getStatusProcessItems.json#","pointer":"/properties/Columns/items/properties/Id"}
    domain: "syntax"
    ignored: ["$id","examples"]
warning: the following keywords are unknown and will be ignored: [$id, examples]
    level: "warning"
    schema: {"loadingURI":"file:/Users/anuradharaman/eclipse-workspace/Anu/KFAPITestAutomation/target/test-classes/getStatusProcessItems.json#","pointer":"/properties/Columns/items/properties/Name"}
    domain: "syntax"
    ignored: ["$id","examples"]
warning: the following keywords are unknown and will be ignored: [$id, examples]
    level: "warning"
    schema: {"loadingURI":"file:/Users/anuradharaman/eclipse-workspace/Anu/KFAPITestAutomation/target/test-classes/getStatusProcessItems.json#","pointer":"/properties/Columns/items/properties/ReadOnly"}
    domain: "syntax"
    ignored: ["$id","examples"]
warning: the following keywords are unknown and will be ignored: [$id, examples]
    level: "warning"
    schema: {"loadingURI":"file:/Users/anuradharaman/eclipse-workspace/Anu/KFAPITestAutomation/target/test-classes/getStatusProcessItems.json#","pointer":"/properties/Columns/items/properties/Type"}
    domain: "syntax"
    ignored: ["$id","examples"]
warning: the following keywords are unknown and will be ignored: [$id, examples]
    level: "warning"
    schema: {"loadingURI":"file:/Users/anuradharaman/eclipse-workspace/Anu/KFAPITestAutomation/target/test-classes/getStatusProcessItems.json#","pointer":"/properties/Columns/items/properties/FilterKey"}
    domain: "syntax"
    ignored: ["$id","examples"]
warning: the following keywords are unknown and will be ignored: [$id, examples]
    level: "warning"
    schema: {"loadingURI":"file:/Users/anuradharaman/eclipse-workspace/Anu/KFAPITestAutomation/target/test-classes/getStatusProcessItems.json#","pointer":"/properties/Columns/items/properties/Id"}
    domain: "syntax"
    ignored: ["$id","examples"]
warning: the following keywords are unknown and will be ignored: [$id, examples]
    level: "warning"
    schema: {"loadingURI":"file:/Users/anuradharaman/eclipse-workspace/Anu/KFAPITestAutomation/target/test-classes/getStatusProcessItems.json#","pointer":"/properties/Columns/items/properties/Name"}
    domain: "syntax"
    ignored: ["$id","examples"]
warning: the following keywords are unknown and will be ignored: [$id, examples]
    level: "warning"
    schema: {"loadingURI":"file:/Users/anuradharaman/eclipse-workspace/Anu/KFAPITestAutomation/target/test-classes/getStatusProcessItems.json#","pointer":"/properties/Columns/items/properties/ReadOnly"}
    domain: "syntax"
    ignored: ["$id","examples"]
warning: the following keywords are unknown and will be ignored: [$id, examples]
    level: "warning"
    schema: {"loadingURI":"file:/Users/anuradharaman/eclipse-workspace/Anu/KFAPITestAutomation/target/test-classes/getStatusProcessItems.json#","pointer":"/properties/Columns/items/properties/Type"}
    domain: "syntax"
    ignored: ["$id","examples"]
warning: the following keywords are unknown and will be ignored: [$id, examples]
    level: "warning"
    schema: {"loadingURI":"file:/Users/anuradharaman/eclipse-workspace/Anu/KFAPITestAutomation/target/test-classes/getStatusProcessItems.json#","pointer":"/properties/Columns/items"}
    domain: "syntax"
    ignored: ["$id","examples"]
warning: the following keywords are unknown and will be ignored: [$id, examples]
    level: "warning"
    schema: {"loadingURI":"file:/Users/anuradharaman/eclipse-workspace/Anu/KFAPITestAutomation/target/test-classes/getStatusProcessItems.json#","pointer":"/properties/Columns/items/properties/FilterKey"}
    domain: "syntax"
    ignored: ["$id","examples"]
warning: the following keywords are unknown and will be ignored: [$id, examples]
    level: "warning"
    schema: {"loadingURI":"file:/Users/anuradharaman/eclipse-workspace/Anu/KFAPITestAutomation/target/test-classes/getStatusProcessItems.json#","pointer":"/properties/Columns/items/properties/Id"}
    domain: "syntax"
    ignored: ["$id","examples"]
warning: the following keywords are unknown and will be ignored: [$id, examples]
    level: "warning"
    schema: {"loadingURI":"file:/Users/anuradharaman/eclipse-workspace/Anu/KFAPITestAutomation/target/test-classes/getStatusProcessItems.json#","pointer":"/properties/Columns/items/properties/Name"}
    domain: "syntax"
    ignored: ["$id","examples"]
warning: the following keywords are unknown and will be ignored: [$id, examples]
    level: "warning"
    schema: {"loadingURI":"file:/Users/anuradharaman/eclipse-workspace/Anu/KFAPITestAutomation/target/test-classes/getStatusProcessItems.json#","pointer":"/properties/Columns/items/properties/ReadOnly"}
    domain: "syntax"
    ignored: ["$id","examples"]
warning: the following keywords are unknown and will be ignored: [$id, examples]
    level: "warning"
    schema: {"loadingURI":"file:/Users/anuradharaman/eclipse-workspace/Anu/KFAPITestAutomation/target/test-classes/getStatusProcessItems.json#","pointer":"/properties/Columns/items/properties/Type"}
    domain: "syntax"
    ignored: ["$id","examples"]
warning: the following keywords are unknown and will be ignored: [$id, examples]
    level: "warning"
    schema: {"loadingURI":"file:/Users/anuradharaman/eclipse-workspace/Anu/KFAPITestAutomation/target/test-classes/getStatusProcessItems.json#","pointer":"/properties/Columns/items/properties/FilterKey"}
    domain: "syntax"
    ignored: ["$id","examples"]
warning: the following keywords are unknown and will be ignored: [$id, examples]
    level: "warning"
    schema: {"loadingURI":"file:/Users/anuradharaman/eclipse-workspace/Anu/KFAPITestAutomation/target/test-classes/getStatusProcessItems.json#","pointer":"/properties/Columns/items/properties/Id"}
    domain: "syntax"
    ignored: ["$id","examples"]
warning: the following keywords are unknown and will be ignored: [$id, examples]
    level: "warning"
    schema: {"loadingURI":"file:/Users/anuradharaman/eclipse-workspace/Anu/KFAPITestAutomation/target/test-classes/getStatusProcessItems.json#","pointer":"/properties/Columns/items/properties/Name"}
    domain: "syntax"
    ignored: ["$id","examples"]
warning: the following keywords are unknown and will be ignored: [$id, examples]
    level: "warning"
    schema: {"loadingURI":"file:/Users/anuradharaman/eclipse-workspace/Anu/KFAPITestAutomation/target/test-classes/getStatusProcessItems.json#","pointer":"/properties/Columns/items/properties/ReadOnly"}
    domain: "syntax"
    ignored: ["$id","examples"]
warning: the following keywords are unknown and will be ignored: [$id, examples]
    level: "warning"
    schema: {"loadingURI":"file:/Users/anuradharaman/eclipse-workspace/Anu/KFAPITestAutomation/target/test-classes/getStatusProcessItems.json#","pointer":"/properties/Columns/items/properties/Type"}
    domain: "syntax"
    ignored: ["$id","examples"]
warning: the following keywords are unknown and will be ignored: [$id, examples]
    level: "warning"
    schema: {"loadingURI":"file:/Users/anuradharaman/eclipse-workspace/Anu/KFAPITestAutomation/target/test-classes/getStatusProcessItems.json#","pointer":"/properties/Columns/items"}
    domain: "syntax"
    ignored: ["$id","examples"]
warning: the following keywords are unknown and will be ignored: [$id, examples]
    level: "warning"
    schema: {"loadingURI":"file:/Users/anuradharaman/eclipse-workspace/Anu/KFAPITestAutomation/target/test-classes/getStatusProcessItems.json#","pointer":"/properties/Columns/items/properties/FilterKey"}
    domain: "syntax"
    ignored: ["$id","examples"]
warning: the following keywords are unknown and will be ignored: [$id, examples]
    level: "warning"
    schema: {"loadingURI":"file:/Users/anuradharaman/eclipse-workspace/Anu/KFAPITestAutomation/target/test-classes/getStatusProcessItems.json#","pointer":"/properties/Columns/items/properties/Id"}
    domain: "syntax"
    ignored: ["$id","examples"]
warning: the following keywords are unknown and will be ignored: [$id, examples]
    level: "warning"
    schema: {"loadingURI":"file:/Users/anuradharaman/eclipse-workspace/Anu/KFAPITestAutomation/target/test-classes/getStatusProcessItems.json#","pointer":"/properties/Columns/items/properties/Name"}
    domain: "syntax"
    ignored: ["$id","examples"]
warning: the following keywords are unknown and will be ignored: [$id, examples]
    level: "warning"
    schema: {"loadingURI":"file:/Users/anuradharaman/eclipse-workspace/Anu/KFAPITestAutomation/target/test-classes/getStatusProcessItems.json#","pointer":"/properties/Columns/items/properties/ReadOnly"}
    domain: "syntax"
    ignored: ["$id","examples"]
warning: the following keywords are unknown and will be ignored: [$id, examples]
    level: "warning"
    schema: {"loadingURI":"file:/Users/anuradharaman/eclipse-workspace/Anu/KFAPITestAutomation/target/test-classes/getStatusProcessItems.json#","pointer":"/properties/Columns/items/properties/Type"}
    domain: "syntax"
    ignored: ["$id","examples"]
error: object has missing required properties (["FilterKey"])
    level: "error"
    schema: {"loadingURI":"file:/Users/anuradharaman/eclipse-workspace/Anu/KFAPITestAutomation/target/test-classes/getStatusProcessItems.json#","pointer":"/properties/Columns/items"}
    instance: {"pointer":"/Columns/5"}
    domain: "validation"
    keyword: "required"
    required: ["FilterKey","Id","Name","ReadOnly","Type"]
    missing: ["FilterKey"]
warning: the following keywords are unknown and will be ignored: [$id]
    level: "warning"
    schema: {"loadingURI":"file:/Users/anuradharaman/eclipse-workspace/Anu/KFAPITestAutomation/target/test-classes/getStatusProcessItems.json#","pointer":"/properties/Data"}
    domain: "syntax"
    ignored: ["$id"]
warning: the following keywords are unknown and will be ignored: [$id, examples]
    level: "warning"
    schema: {"loadingURI":"file:/Users/anuradharaman/eclipse-workspace/Anu/KFAPITestAutomation/target/test-classes/getStatusProcessItems.json#","pointer":"/properties/Data/items"}
    domain: "syntax"
    ignored: ["$id","examples"]
warning: the following keywords are unknown and will be ignored: [$id, examples]
    level: "warning"
    schema: {"loadingURI":"file:/Users/anuradharaman/eclipse-workspace/Anu/KFAPITestAutomation/target/test-classes/getStatusProcessItems.json#","pointer":"/properties/Data/items/properties/FlowId"}
    domain: "syntax"
    ignored: ["$id","examples"]
warning: the following keywords are unknown and will be ignored: [$id, examples]
    level: "warning"
    schema: {"loadingURI":"file:/Users/anuradharaman/eclipse-workspace/Anu/KFAPITestAutomation/target/test-classes/getStatusProcessItems.json#","pointer":"/properties/Data/items/properties/FlowName"}
    domain: "syntax"
    ignored: ["$id","examples"]
warning: the following keywords are unknown and will be ignored: [$id, examples]
    level: "warning"
    schema: {"loadingURI":"file:/Users/anuradharaman/eclipse-workspace/Anu/KFAPITestAutomation/target/test-classes/getStatusProcessItems.json#","pointer":"/properties/Data/items/properties/FlowType"}
    domain: "syntax"
    ignored: ["$id","examples"]
warning: the following keywords are unknown and will be ignored: [$id, examples]
    level: "warning"
    schema: {"loadingURI":"file:/Users/anuradharaman/eclipse-workspace/Anu/KFAPITestAutomation/target/test-classes/getStatusProcessItems.json#","pointer":"/properties/Data/items/properties/Name"}
    domain: "syntax"
    ignored: ["$id","examples"]
warning: the following keywords are unknown and will be ignored: [$id, examples]
    level: "warning"
    schema: {"loadingURI":"file:/Users/anuradharaman/eclipse-workspace/Anu/KFAPITestAutomation/target/test-classes/getStatusProcessItems.json#","pointer":"/properties/Data/items/properties/_activity_instance_id"}
    domain: "syntax"
    ignored: ["$id","examples"]
warning: the following keywords are unknown and will be ignored: [$id, examples]
    level: "warning"
    schema: {"loadingURI":"file:/Users/anuradharaman/eclipse-workspace/Anu/KFAPITestAutomation/target/test-classes/getStatusProcessItems.json#","pointer":"/properties/Data/items/properties/_created_at"}
    domain: "syntax"
    ignored: ["$id","examples"]
warning: the following keywords are unknown and will be ignored: [$id, examples]
    level: "warning"
    schema: {"loadingURI":"file:/Users/anuradharaman/eclipse-workspace/Anu/KFAPITestAutomation/target/test-classes/getStatusProcessItems.json#","pointer":"/properties/Data/items/properties/_id"}
    domain: "syntax"
    ignored: ["$id","examples"]
warning: the following keywords are unknown and will be ignored: [$id]
    level: "warning"
    schema: {"loadingURI":"file:/Users/anuradharaman/eclipse-workspace/Anu/KFAPITestAutomation/target/test-classes/getStatusProcessItems.json#","pointer":"/properties/Fields"}
    domain: "syntax"
    ignored: ["$id"]
warning: the following keywords are unknown and will be ignored: [$id, examples]
    level: "warning"
    schema: {"loadingURI":"file:/Users/anuradharaman/eclipse-workspace/Anu/KFAPITestAutomation/target/test-classes/getStatusProcessItems.json#","pointer":"/properties/Fields/items"}
    domain: "syntax"
    ignored: ["$id","examples"]
warning: the following keywords are unknown and will be ignored: [$id, examples]
    level: "warning"
    schema: {"loadingURI":"file:/Users/anuradharaman/eclipse-workspace/Anu/KFAPITestAutomation/target/test-classes/getStatusProcessItems.json#","pointer":"/properties/Fields/items/properties/FilterKey"}
    domain: "syntax"
    ignored: ["$id","examples"]
warning: the following keywords are unknown and will be ignored: [$id, examples]
    level: "warning"
    schema: {"loadingURI":"file:/Users/anuradharaman/eclipse-workspace/Anu/KFAPITestAutomation/target/test-classes/getStatusProcessItems.json#","pointer":"/properties/Fields/items/properties/Id"}
    domain: "syntax"
    ignored: ["$id","examples"]
warning: the following keywords are unknown and will be ignored: [$id, examples]
    level: "warning"
    schema: {"loadingURI":"file:/Users/anuradharaman/eclipse-workspace/Anu/KFAPITestAutomation/target/test-classes/getStatusProcessItems.json#","pointer":"/properties/Fields/items/properties/Name"}
    domain: "syntax"
    ignored: ["$id","examples"]
warning: the following keywords are unknown and will be ignored: [$id, examples]
    level: "warning"
    schema: {"loadingURI":"file:/Users/anuradharaman/eclipse-workspace/Anu/KFAPITestAutomation/target/test-classes/getStatusProcessItems.json#","pointer":"/properties/Fields/items/properties/ReadOnly"}
    domain: "syntax"
    ignored: ["$id","examples"]
warning: the following keywords are unknown and will be ignored: [$id, examples]
    level: "warning"
    schema: {"loadingURI":"file:/Users/anuradharaman/eclipse-workspace/Anu/KFAPITestAutomation/target/test-classes/getStatusProcessItems.json#","pointer":"/properties/Fields/items/properties/Type"}
    domain: "syntax"
    ignored: ["$id","examples"]
warning: the following keywords are unknown and will be ignored: [$id]
    level: "warning"
    schema: {"loadingURI":"file:/Users/anuradharaman/eclipse-workspace/Anu/KFAPITestAutomation/target/test-classes/getStatusProcessItems.json#","pointer":"/properties/Filter"}
    domain: "syntax"
    ignored: ["$id"]
warning: the following keywords are unknown and will be ignored: [$id, examples]
    level: "warning"
    schema: {"loadingURI":"file:/Users/anuradharaman/eclipse-workspace/Anu/KFAPITestAutomation/target/test-classes/getStatusProcessItems.json#","pointer":"/properties/PageSize"}
    domain: "syntax"
    ignored: ["$id","examples"]
warning: the following keywords are unknown and will be ignored: [$id]
    level: "warning"
    schema: {"loadingURI":"file:/Users/anuradharaman/eclipse-workspace/Anu/KFAPITestAutomation/target/test-classes/getStatusProcessItems.json#","pointer":"/properties/Sort"}
    domain: "syntax"
    ignored: ["$id"]
warning: the following keywords are unknown and will be ignored: [$id, examples]
    level: "warning"
    schema: {"loadingURI":"file:/Users/anuradharaman/eclipse-workspace/Anu/KFAPITestAutomation/target/test-classes/getStatusProcessItems.json#","pointer":"/properties/_id"}
    domain: "syntax"
    ignored: ["$id","examples"]

  Actual: {"_id": "GlobalMyitems", "Data": [], "Columns": [{"Id": "Name", "Name": "Item Title", "Type": "Text", "ReadOnly": true, "FilterKey": "Name"}, {"Id": "FlowName", "Name": "Flow Name", "Type": "Text", "ReadOnly": true, "FilterKey": "FlowName"}, {"Id": "FlowType", "Name": "Flow Type", "Type": "Text", "ReadOnly": true, "FilterKey": "FlowType"}, {"Id": "_current_step", "Name": "Step Name", "Type": "Text", "ReadOnly": true, "FilterKey": "_current_step.keyword"}, {"Id": "AssignedTo", "Name": "Currently Assigned To", "Type": "MultiUser", "ReadOnly": true, "FilterKey": "_current_assigned_to"}, {"Id": "_progress", "Name": "Progress", "Type": "Progress", "ReadOnly": true}], "Fields": [{"Id": "Name", "Name": "Item Title", "Type": "Text", "ReadOnly": true, "FilterKey": "Name"}, {"Id": "FlowName", "Name": "Flow Name", "Type": "Text", "ReadOnly": true, "FilterKey": "FlowName"}, {"Id": "FlowType", "Name": "Flow Type", "Type": "Text", "ReadOnly": true, "FilterKey": "FlowType"}, {"Id": "_current_step", "Name": "Step Name", "Type": "Text", "ReadOnly": true, "FilterKey": "_current_step.keyword"}], "Filter": [], "Sort": [], "PageSize": 10}

at java.base/jdk.internal.reflect.NativeConstructorAccessorImpl.newInstance0(Native Method)
at java.base/jdk.internal.reflect.NativeConstructorAccessorImpl.newInstance(NativeConstructorAccessorImpl.java:62)
at java.base/jdk.internal.reflect.DelegatingConstructorAccessorImpl.newInstance(DelegatingConstructorAccessorImpl.java:45)
at java.base/java.lang.reflect.Constructor.newInstance(Constructor.java:490)
at org.codehaus.groovy.reflection.CachedConstructor.invoke(CachedConstructor.java:80)
at org.codehaus.groovy.reflection.CachedConstructor.doConstructorInvoke(CachedConstructor.java:74)
at org.codehaus.groovy.runtime.callsite.ConstructorSite$ConstructorSiteNoUnwrap.callConstructor(ConstructorSite.java:84)
at org.codehaus.groovy.runtime.callsite.AbstractCallSite.callConstructor(AbstractCallSite.java:249)
at io.restassured.internal.ResponseSpecificationImpl$HamcrestAssertionClosure.validate(ResponseSpecificationImpl.groovy:493)
at io.restassured.internal.ResponseSpecificationImpl$HamcrestAssertionClosure$validate$1.call(Unknown Source)
at io.restassured.internal.ResponseSpecificationImpl.validateResponseIfRequired(ResponseSpecificationImpl.groovy:674)
at jdk.internal.reflect.GeneratedMethodAccessor93.invoke(Unknown Source)
at java.base/jdk.internal.reflect.DelegatingMethodAccessorImpl.invoke(DelegatingMethodAccessorImpl.java:43)
at java.base/java.lang.reflect.Method.invoke(Method.java:566)
at org.codehaus.groovy.runtime.callsite.PlainObjectMetaMethodSite.doInvoke(PlainObjectMetaMethodSite.java:43)
at org.codehaus.groovy.runtime.callsite.PogoMetaMethodSite$PogoCachedMethodSiteNoUnwrapNoCoerce.invoke(PogoMetaMethodSite.java:190)
at org.codehaus.groovy.runtime.callsite.PogoMetaMethodSite.callCurrent(PogoMetaMethodSite.java:58)
at org.codehaus.groovy.runtime.callsite.AbstractCallSite.callCurrent(AbstractCallSite.java:168)
at io.restassured.internal.ResponseSpecificationImpl.body(ResponseSpecificationImpl.groovy:98)
at io.restassured.internal.ValidatableResponseOptionsImpl.body(ValidatableResponseOptionsImpl.java:238)
at io.restassured.internal.ValidatableResponseImpl.super$2$body(ValidatableResponseImpl.groovy)
at java.base/jdk.internal.reflect.NativeMethodAccessorImpl.invoke0(Native Method)
at java.base/jdk.internal.reflect.NativeMethodAccessorImpl.invoke(NativeMethodAccessorImpl.java:62)
at java.base/jdk.internal.reflect.DelegatingMethodAccessorImpl.invoke(DelegatingMethodAccessorImpl.java:43)
at java.base/java.lang.reflect.Method.invoke(Method.java:566)
at org.codehaus.groovy.reflection.CachedMethod.invoke(CachedMethod.java:101)
at groovy.lang.MetaMethod.doMethodInvoke(MetaMethod.java:323)
at groovy.lang.MetaClassImpl.invokeMethod(MetaClassImpl.java:1217)
at org.codehaus.groovy.runtime.ScriptBytecodeAdapter.invokeMethodOnSuperN(ScriptBytecodeAdapter.java:144)
at io.restassured.internal.ValidatableResponseImpl.body(ValidatableResponseImpl.groovy:293)
at io.restassured.internal.ValidatableResponseImpl.body(ValidatableResponseImpl.groovy)
at test.KFProcessAPISmokeTest.getStatusProcessItems(KFProcessAPISmokeTest.java:731)
at java.base/jdk.internal.reflect.NativeMethodAccessorImpl.invoke0(Native Method)
at java.base/jdk.internal.reflect.NativeMethodAccessorImpl.invoke(NativeMethodAccessorImpl.java:62)
at java.base/jdk.internal.reflect.DelegatingMethodAccessorImpl.invoke(DelegatingMethodAccessorImpl.java:43)
at java.base/java.lang.reflect.Method.invoke(Method.java:566)
at org.testng.internal.MethodInvocationHelper.invokeMethod(MethodInvocationHelper.java:133)
at org.testng.internal.TestInvoker.invokeMethod(TestInvoker.java:584)
at org.testng.internal.TestInvoker.invokeTestMethod(TestInvoker.java:172)
at org.testng.internal.MethodRunner.runInSequence(MethodRunner.java:46)
at org.testng.internal.TestInvoker$MethodInvocationAgent.invoke(TestInvoker.java:804)
at org.testng.internal.TestInvoker.invokeTestMethods(TestInvoker.java:145)
at org.testng.internal.TestMethodWorker.invokeTestMethods(TestMethodWorker.java:146)
at org.testng.internal.TestMethodWorker.run(TestMethodWorker.java:128)
at java.base/java.util.ArrayList.forEach(ArrayList.java:1540)
at org.testng.TestRunner.privateRun(TestRunner.java:770)
at org.testng.TestRunner.run(TestRunner.java:591)
at org.testng.SuiteRunner.runTest(SuiteRunner.java:402)
at org.testng.SuiteRunner.runSequentially(SuiteRunner.java:396)
at org.testng.SuiteRunner.privateRun(SuiteRunner.java:355)
at org.testng.SuiteRunner.run(SuiteRunner.java:304)
at org.testng.SuiteRunnerWorker.runSuite(SuiteRunnerWorker.java:53)
at org.testng.SuiteRunnerWorker.run(SuiteRunnerWorker.java:96)
at org.testng.TestNG.runSuitesSequentially(TestNG.java:1180)
at org.testng.TestNG.runSuitesLocally(TestNG.java:1102)
at org.testng.TestNG.runSuites(TestNG.java:1032)
at org.testng.TestNG.run(TestNG.java:1000)
at org.testng.remote.AbstractRemoteTestNG.run(AbstractRemoteTestNG.java:115)
at org.testng.remote.RemoteTestNG.initAndRun(RemoteTestNG.java:251)
at org.testng.remote.RemoteTestNG.main(RemoteTestNG.java:77)
]]>
    </failure>
  </testcase> <!-- getStatusProcessItems -->
  <testcase classname="test.KFProcessAPISmokeTest" name="archiveProcess" time="0.820"/>
  <testcase classname="test.KFProcessAPISmokeTest" name="getCurrentItemsAssigned" time="0.595"/>
  <testcase classname="test.KFProcessAPISmokeTest" name="deleteProcess" time="0.685"/>
</testsuite> <!-- test.KFProcessAPISmokeTest -->
