<?xml version="1.0" encoding="UTF-8"?>
<!-- Generated by org.testng.reporters.JUnitReportReporter -->
<testsuite hostname="Admins-MacBook-Air-4.local" failures="0" tests="8" name="test.KFUserAPISmokeTest" time="34.339" errors="0" timestamp="2020-04-06T12:07:28 IST" skipped="0">
  <testcase classname="test.KFUserAPISmokeTest" name="ActivateUser" time="3.157"/>
  <testcase classname="test.KFUserAPISmokeTest" name="BulkUpdateUser" time="7.341"/>
  <testcase classname="test.KFUserAPISmokeTest" name="getGroupDetails" time="2.769"/>
  <testcase classname="test.KFUserAPISmokeTest" name="getGroupDetailsByPage" time="7.154"/>
  <testcase classname="test.KFUserAPISmokeTest" name="listGrpByPage" time="2.234"/>
  <testcase classname="test.KFUserAPISmokeTest" name="getUserDetails" time="2.048"/>
  <testcase classname="test.KFUserAPISmokeTest" name="delGroup" time="7.182"/>
  <testcase classname="test.KFUserAPISmokeTest" name="DeactivateUser" time="2.454"/>
</testsuite> <!-- test.KFUserAPISmokeTest -->
